#
# A fatal error has been detected by the Java Runtime Environment:
#
#  SIGSEGV (0xb) at pc=0x00007fff3f800000, pid=13886, tid=1299
#
# JRE version: Java(TM) SE Runtime Environment (7.0_51-b13) (build 1.7.0_51-b13)
# Java VM: Java HotSpot(TM) 64-Bit Server VM (24.51-b03 mixed mode bsd-amd64 compressed oops)
# Problematic frame:
# C  0x00007fff3f800000
#
# Failed to write core dump. Core dumps have been disabled. To enable core dumping, try "ulimit -c unlimited" before starting Java again
#
# If you would like to submit a bug report, please visit:
#   http://bugreport.sun.com/bugreport/crash.jsp
# The crash happened outside the Java Virtual Machine in native code.
# See problematic frame for where to report the bug.
#

---------------  T H R E A D  ---------------

Current thread (0x00007fa11200c800):  JavaThread "AppKit Thread" daemon [_thread_in_native, id=1299, stack(0x00007fff50883000,0x00007fff50903000)]

siginfo:si_signo=SIGSEGV: si_errno=0, si_code=1 (SEGV_MAPERR), si_addr=0x00007fff3f800000

Registers:
RAX=0x0000000000000070, RBX=0x00007fff98ba70c0, RCX=0x00000000000000e0, RDX=0x0000000000000001
RSP=0x00007fff508ff0e8, RBP=0x00007fff508ff100, RSI=0x00007fff985052b0, RDI=0x00007fa111ca2710
R8 =0x0000000000001000, R9 =0xffffffffffffffff, R10=0x00007fa113946900, R11=0x00000001a2bd56e0
R12=0x00007fa111dbefa0, R13=0x00007fa111ca2710, R14=0x00007fff7c117200, R15=0x00007fa111eb5a10
RIP=0x00007fff3f800000, EFLAGS=0x0000000000010246, ERR=0x0000000000000014
  TRAPNO=0x000000000000000e

Top of Stack: (sp=0x00007fff508ff0e8)
0x00007fff508ff0e8:   00007fff97b8176e 0000000000020000
0x00007fff508ff0f8:   00000000000000e0 00007fff508ff210
0x00007fff508ff108:   00007fff97b81364 00007fff508ff120
0x00007fff508ff118:   00007fff8adf013b 00007fff508ff210
0x00007fff508ff128:   00007fff97b812aa 0000000000000000
0x00007fff508ff138:   0000000000000000 0000000000000000
0x00007fff508ff148:   0000000000000000 401c000000000000
0x00007fff508ff158:   406ce00000000000 402c000000000000
0x00007fff508ff168:   4030000000000000 4035000000000000
0x00007fff508ff178:   0000000000000000 406ce00000000000
0x00007fff508ff188:   0000000000000000 401c000000000000
0x00007fff508ff198:   0000000000000000 406ce00000000000
0x00007fff508ff1a8:   401c000000000000 406ce00000000000
0x00007fff508ff1b8:   402c000000000000 4030000000000000
0x00007fff508ff1c8:   401c000000000000 406ce00000000000
0x00007fff508ff1d8:   402c000000000000 4030000000000000
0x00007fff508ff1e8:   00007fa111ca2710 00007fa111dbefa0
0x00007fff508ff1f8:   00007fa111ca2710 00007fff7c117200
0x00007fff508ff208:   00007fa111eb5a10 00007fff508ff2b0
0x00007fff508ff218:   00007fff97b80f3f 401c000000000000
0x00007fff508ff228:   406ce00000000000 402c000000000000
0x00007fff508ff238:   4030000000000000 0000000000000000
0x00007fff508ff248:   0000000000000000 4072c00000000000
0x00007fff508ff258:   406f400000000000 0000000000000000
0x00007fff508ff268:   0000000000000000 4072c00000000000
0x00007fff508ff278:   406f400000000000 401c000000000000
0x00007fff508ff288:   406ce00000000000 402c000000000000
0x00007fff508ff298:   4030000000000000 00007fff508ff3e0
0x00007fff508ff2a8:   00007fff7a5bf070 00007fff508ff3d0
0x00007fff508ff2b8:   00007fff97b58c56 401c000000000000
0x00007fff508ff2c8:   406ce00000000000 402c000000000000
0x00007fff508ff2d8:   4030000000000000 0000000000000000 

Instructions: (pc=0x00007fff3f800000)
0x00007fff3f7fffe0:   
[error occurred during error reporting (printing registers, top of stack, instructions near pc), id 0xb]

Register to memory mapping:

RAX=0x0000000000000070 is an unknown value
RBX=0x00007fff98ba70c0: objc_msgSend+0 in /usr/lib/libobjc.A.dylib at 0x00007fff98ba6000
RCX=0x00000000000000e0 is an unknown value
RDX=0x0000000000000001 is an unknown value
RSP=0x00007fff508ff0e8 is pointing into the stack for thread: 0x00007fa11200c800
RBP=0x00007fff508ff100 is pointing into the stack for thread: 0x00007fa11200c800
RSI=0x00007fff985052b0: -[NSTitlebarContainerView transparent]+0x28194 in /System/Library/Frameworks/AppKit.framework/Versions/C/AppKit at 0x00007fff97b3a000
RDI=0x00007fa111ca2710 is an unknown value
R8 =0x0000000000001000 is an unknown value
R9 =0xffffffffffffffff is an unknown value
R10=0x00007fa113946900 is an unknown value
R11=0x00000001a2bd56e0: OBJC_CLASS_$_AWTWindow_Normal+0 in /Library/Java/JavaVirtualMachines/jdk1.7.0_51.jdk/Contents/Home/jre/lib/lwawt/liblwawt.dylib at 0x00000001a2b5a000
R12=0x00007fa111dbefa0 is an unknown value
R13=0x00007fa111ca2710 is an unknown value
R14=0x00007fff7c117200: __NSWindowNeedsDisplayRegionLock+0 in /System/Library/Frameworks/AppKit.framework/Versions/C/AppKit at 0x00007fff97b3a000
R15=0x00007fa111eb5a10 is an unknown value


Stack: [0x00007fff50883000,0x00007fff50903000],  sp=0x00007fff508ff0e8,  free space=496k
Native frames: (J=compiled Java code, j=interpreted, Vv=VM code, C=native code)
C  0x00007fff3f800000
C  [AppKit+0x47364]  -[NSWindow _postWindowNeedsDisplayOrLayoutOrUpdateConstraintsUnlessPostingDisabled]+0x3a
C  [AppKit+0x46f3f]  -[NSWindow _setNeedsDisplayInRect:]+0x204
C  [AppKit+0x1ec56]  NSViewSetNeedsDisplayInRect+0x330
C  [AppKit+0x1e753]  -[NSView setNeedsDisplay:]+0x51
C  [AppKit+0x12fa84]  -[NSThemeFrame _invalidateAllButtons]+0x2e
C  [AppKit+0x12f907]  -[NSThemeFrame _setFrameNeedsDisplay:]+0x5d
C  [AppKit+0x12f7cd]  -[NSWindow _setFrameNeedsDisplay:]+0x27
C  [AppKit+0x12e054]  -[NSWindow _changeKeyAndMainLimitedOK:]+0x431
C  [AppKit+0x7d0ab7]  -[NSWindow _reallySendEvent:isDelayedEvent:]+0x2ee8
C  [AppKit+0x160d76]  -[NSWindow sendEvent:]+0x1d6
C  [AppKit+0x15d312]  -[NSApplication sendEvent:]+0x9c8
C  [libosxapp.dylib+0x166f]  -[NSApplicationAWT sendEvent:]+0xb3
C  [AppKit+0x86c68]  -[NSApplication run]+0x2c7
C  [libosxapp.dylib+0x1557]  +[NSApplicationAWT runAWTLoopWithApp:]+0x9c
C  [liblwawt.dylib+0xdba9]  -[AWTStarter starter:]+0x369
C  [Foundation+0x92d00]  __NSThreadPerformPerform+0x125
C  [CoreFoundation+0x80a01]  __CFRUNLOOP_IS_CALLING_OUT_TO_A_SOURCE0_PERFORM_FUNCTION__+0x11
C  [CoreFoundation+0x72b8d]  __CFRunLoopDoSources0+0x10d
C  [CoreFoundation+0x721bf]  __CFRunLoopRun+0x39f
C  [CoreFoundation+0x71bd8]  CFRunLoopRunSpecific+0x128
C  [java+0x73b0]  CreateExecutionEnvironment+0x367
C  [java+0x1b5c]  JLI_Launch+0x7a0
C  [java+0x770d]  main+0x65
C  [java+0x13b4]  start+0x34


---------------  P R O C E S S  ---------------

Java Threads: ( => current thread )
  0x00007fa112a1e800 JavaThread "Timer-1" [_thread_in_Java, id=122891, stack(0x00000001b004c000,0x00000001b014c000)]
  0x00007fa112a1e000 JavaThread "Timer-0" [_thread_blocked, id=122379, stack(0x00000001aff49000,0x00000001b0049000)]
  0x00007fa1121a6000 JavaThread "Direct Clip" daemon [_thread_blocked, id=121859, stack(0x00000001a925f000,0x00000001a935f000)]
  0x00007fa112171800 JavaThread "Java Sound Event Dispatcher" daemon [_thread_blocked, id=121711, stack(0x00000001a915c000,0x00000001a925c000)]
  0x00007fa11294d800 JavaThread "LWJGL Application" [_thread_in_native, id=120067, stack(0x00000001a89db000,0x00000001a8adb000)]
  0x00007fa112117000 JavaThread "DestroyJavaVM" [_thread_blocked, id=4867, stack(0x0000000110e67000,0x0000000110f67000)]
  0x00007fa1128d0800 JavaThread "AWT-EventQueue-0" [_thread_blocked, id=55043, stack(0x00000001a729e000,0x00000001a739e000)]
  0x00007fa11497a000 JavaThread "Java2D Disposer" daemon [_thread_blocked, id=54539, stack(0x00000001a70f2000,0x00000001a71f2000)]
  0x00007fa113845000 JavaThread "Java2D Queue Flusher" daemon [_thread_blocked, id=52743, stack(0x00000001a6f8f000,0x00000001a708f000)]
  0x00007fa114960000 JavaThread "AWT-Shutdown" [_thread_blocked, id=30227, stack(0x00000001a4483000,0x00000001a4583000)]
=>0x00007fa11200c800 JavaThread "AppKit Thread" daemon [_thread_in_native, id=1299, stack(0x00007fff50883000,0x00007fff50903000)]
  0x00007fa11285e800 JavaThread "Service Thread" daemon [_thread_blocked, id=19715, stack(0x00000001a2762000,0x00000001a2862000)]
  0x00007fa11285e000 JavaThread "C2 CompilerThread1" daemon [_thread_blocked, id=19203, stack(0x00000001a265f000,0x00000001a275f000)]
  0x00007fa112858000 JavaThread "C2 CompilerThread0" daemon [_thread_blocked, id=18691, stack(0x00000001a255c000,0x00000001a265c000)]
  0x00007fa11285c000 JavaThread "Signal Dispatcher" daemon [_thread_blocked, id=15383, stack(0x00000001a2459000,0x00000001a2559000)]
  0x00007fa112856000 JavaThread "Finalizer" daemon [_thread_blocked, id=13571, stack(0x00000001a0a36000,0x00000001a0b36000)]
  0x00007fa114800000 JavaThread "Reference Handler" daemon [_thread_blocked, id=13059, stack(0x00000001a0933000,0x00000001a0a33000)]

Other Threads:
  0x00007fa112853800 VMThread [stack: 0x00000001a0830000,0x00000001a0930000] [id=12547]
  0x00007fa112867800 WatcherThread [stack: 0x00000001a2865000,0x00000001a2965000] [id=20227]

VM state:not at safepoint (normal execution)

VM Mutex/Monitor currently owned by a thread: None

Heap
 PSYoungGen      total 112640K, used 98340K [0x000000016e800000, 0x0000000178600000, 0x0000000199300000)
  eden space 63488K, 87% used [0x000000016e800000,0x0000000171e31328,0x0000000172600000)
  from space 49152K, 87% used [0x0000000175600000,0x0000000177fd8000,0x0000000178600000)
  to   space 49152K, 0% used [0x0000000172600000,0x0000000172600000,0x0000000175600000)
 ParOldGen       total 291328K, used 259504K [0x0000000119300000, 0x000000012af80000, 0x000000016e800000)
  object space 291328K, 89% used [0x0000000119300000,0x000000012906c380,0x000000012af80000)
 PSPermGen       total 33280K, used 14724K [0x0000000114100000, 0x0000000116180000, 0x0000000119300000)
  object space 33280K, 44% used [0x0000000114100000,0x0000000114f61178,0x0000000116180000)

Card table byte_map: [0x0000000199300000,0x000000019972a000] byte_map_base: 0x0000000198a5f800

Polling page: 0x000000010f3ff000

Code Cache  [0x0000000110fb8000, 0x0000000111228000, 0x0000000113fb8000)
 total_blobs=1107 nmethods=510 adapters=551 free_code_cache=47578Kb largest_free_block=48680832

Compilation events (10 events):
Event: 248.837 Thread 0x00007fa11285e000 nmethod 511 0x000000011113aed0 code [0x000000011113b060, 0x000000011113b3b8]
Event: 248.840 Thread 0x00007fa112858000 nmethod 510 0x0000000111144790 code [0x0000000111144960, 0x0000000111144e30]
Event: 396.194 Thread 0x00007fa11285e000  513             java.util.concurrent.locks.AbstractQueuedSynchronizer::getState (5 bytes)
Event: 396.194 Thread 0x00007fa11285e000 nmethod 513 0x000000011111fc50 code [0x000000011111fd80, 0x000000011111fdd8]
Event: 513.714 Thread 0x00007fa112858000  514             java.util.TaskQueue::rescheduleMin (16 bytes)
Event: 513.717 Thread 0x00007fa112858000 nmethod 514 0x000000011113bd50 code [0x000000011113bec0, 0x000000011113c1f8]
Event: 567.703 Thread 0x00007fa11285e000  515             com.gmail.jackbcousineau.AmazementMain$Maze$MazePiece$1::run (28 bytes)
Event: 567.706 Thread 0x00007fa11285e000 nmethod 515 0x000000011113b590 code [0x000000011113b720, 0x000000011113b998]
Event: 589.106 Thread 0x00007fa112858000  516             java.util.concurrent.locks.AbstractOwnableSynchronizer::setExclusiveOwnerThread (6 bytes)
Event: 589.106 Thread 0x00007fa112858000 nmethod 516 0x0000000111127690 code [0x00000001111277c0, 0x0000000111127838]

GC Heap History (10 events):
Event: 780.678 GC heap before
{Heap before GC invocations=106 (full 2):
 PSYoungGen      total 109056K, used 102988K [0x000000016e800000, 0x0000000178200000, 0x0000000199300000)
  eden space 61440K, 99% used [0x000000016e800000,0x00000001723f31d8,0x0000000172400000)
  from space 47616K, 87% used [0x0000000172400000,0x0000000174ca0010,0x0000000175280000)
  to   space 47616K, 0% used [0x0000000175380000,0x0000000175380000,0x0000000178200000)
 ParOldGen       total 291328K, used 245864K [0x0000000119300000, 0x000000012af80000, 0x000000016e800000)
  object space 291328K, 84% used [0x0000000119300000,0x000000012831a370,0x000000012af80000)
 PSPermGen       total 33280K, used 14722K [0x0000000114100000, 0x0000000116180000, 0x0000000119300000)
  object space 33280K, 44% used [0x0000000114100000,0x0000000114f60a48,0x0000000116180000)
Event: 780.698 GC heap after
Heap after GC invocations=106 (full 2):
 PSYoungGen      total 109568K, used 41984K [0x000000016e800000, 0x0000000178300000, 0x0000000199300000)
  eden space 61952K, 0% used [0x000000016e800000,0x000000016e800000,0x0000000172480000)
  from space 47616K, 88% used [0x0000000175380000,0x0000000177c80010,0x0000000178200000)
  to   space 48128K, 0% used [0x0000000172480000,0x0000000172480000,0x0000000175380000)
 ParOldGen       total 291328K, used 248456K [0x0000000119300000, 0x000000012af80000, 0x000000016e800000)
  object space 291328K, 85% used [0x0000000119300000,0x00000001285a2370,0x000000012af80000)
 PSPermGen       total 33280K, used 14722K [0x0000000114100000, 0x0000000116180000, 0x0000000119300000)
  object space 33280K, 44% used [0x0000000114100000,0x0000000114f60a48,0x0000000116180000)
}
Event: 791.095 GC heap before
{Heap before GC invocations=107 (full 2):
 PSYoungGen      total 109568K, used 103936K [0x000000016e800000, 0x0000000178300000, 0x0000000199300000)
  eden space 61952K, 100% used [0x000000016e800000,0x0000000172480000,0x0000000172480000)
  from space 47616K, 88% used [0x0000000175380000,0x0000000177c80010,0x0000000178200000)
  to   space 48128K, 0% used [0x0000000172480000,0x0000000172480000,0x0000000175380000)
 ParOldGen       total 291328K, used 248456K [0x0000000119300000, 0x000000012af80000, 0x000000016e800000)
  object space 291328K, 85% used [0x0000000119300000,0x00000001285a2370,0x000000012af80000)
 PSPermGen       total 33280K, used 14722K [0x0000000114100000, 0x0000000116180000, 0x0000000119300000)
  object space 33280K, 44% used [0x0000000114100000,0x0000000114f60a48,0x0000000116180000)
Event: 791.118 GC heap after
Heap after GC invocations=107 (full 2):
 PSYoungGen      total 110080K, used 42446K [0x000000016e800000, 0x0000000178380000, 0x0000000199300000)
  eden space 61952K, 0% used [0x000000016e800000,0x000000016e800000,0x0000000172480000)
  from space 48128K, 88% used [0x0000000172480000,0x0000000174df38a0,0x0000000175380000)
  to   space 48128K, 0% used [0x0000000175480000,0x0000000175480000,0x0000000178380000)
 ParOldGen       total 291328K, used 251024K [0x0000000119300000, 0x000000012af80000, 0x000000016e800000)
  object space 291328K, 86% used [0x0000000119300000,0x0000000128824370,0x000000012af80000)
 PSPermGen       total 33280K, used 14722K [0x0000000114100000, 0x0000000116180000, 0x0000000119300000)
  object space 33280K, 44% used [0x0000000114100000,0x0000000114f60a48,0x0000000116180000)
}
Event: 801.529 GC heap before
{Heap before GC invocations=108 (full 2):
 PSYoungGen      total 110080K, used 104398K [0x000000016e800000, 0x0000000178380000, 0x0000000199300000)
  eden space 61952K, 100% used [0x000000016e800000,0x0000000172480000,0x0000000172480000)
  from space 48128K, 88% used [0x0000000172480000,0x0000000174df38a0,0x0000000175380000)
  to   space 48128K, 0% used [0x0000000175480000,0x0000000175480000,0x0000000178380000)
 ParOldGen       total 291328K, used 251024K [0x0000000119300000, 0x000000012af80000, 0x000000016e800000)
  object space 291328K, 86% used [0x0000000119300000,0x0000000128824370,0x000000012af80000)
 PSPermGen       total 33280K, used 14722K [0x0000000114100000, 0x0000000116180000, 0x0000000119300000)
  object space 33280K, 44% used [0x0000000114100000,0x0000000114f60a48,0x0000000116180000)
Event: 801.548 GC heap after
Heap after GC invocations=108 (full 2):
 PSYoungGen      total 110592K, used 42688K [0x000000016e800000, 0x0000000178480000, 0x0000000199300000)
  eden space 62464K, 0% used [0x000000016e800000,0x000000016e800000,0x0000000172500000)
  from space 48128K, 88% used [0x0000000175480000,0x0000000177e30010,0x0000000178380000)
  to   space 48640K, 0% used [0x0000000172500000,0x0000000172500000,0x0000000175480000)
 ParOldGen       total 291328K, used 253672K [0x0000000119300000, 0x000000012af80000, 0x000000016e800000)
  object space 291328K, 87% used [0x0000000119300000,0x0000000128aba370,0x000000012af80000)
 PSPermGen       total 33280K, used 14722K [0x0000000114100000, 0x0000000116180000, 0x0000000119300000)
  object space 33280K, 44% used [0x0000000114100000,0x0000000114f60a48,0x0000000116180000)
}
Event: 812.061 GC heap before
{Heap before GC invocations=109 (full 2):
 PSYoungGen      total 110592K, used 105152K [0x000000016e800000, 0x0000000178480000, 0x0000000199300000)
  eden space 62464K, 100% used [0x000000016e800000,0x0000000172500000,0x0000000172500000)
  from space 48128K, 88% used [0x0000000175480000,0x0000000177e30010,0x0000000178380000)
  to   space 48640K, 0% used [0x0000000172500000,0x0000000172500000,0x0000000175480000)
 ParOldGen       total 291328K, used 253672K [0x0000000119300000, 0x000000012af80000, 0x000000016e800000)
  object space 291328K, 87% used [0x0000000119300000,0x0000000128aba370,0x000000012af80000)
 PSPermGen       total 33280K, used 14722K [0x0000000114100000, 0x0000000116180000, 0x0000000119300000)
  object space 33280K, 44% used [0x0000000114100000,0x0000000114f60a48,0x0000000116180000)
Event: 812.084 GC heap after
Heap after GC invocations=109 (full 2):
 PSYoungGen      total 111104K, used 43072K [0x000000016e800000, 0x0000000178600000, 0x0000000199300000)
  eden space 62464K, 0% used [0x000000016e800000,0x000000016e800000,0x0000000172500000)
  from space 48640K, 88% used [0x0000000172500000,0x0000000174f10010,0x0000000175480000)
  to   space 49152K, 0% used [0x0000000175600000,0x0000000175600000,0x0000000178600000)
 ParOldGen       total 291328K, used 256312K [0x0000000119300000, 0x000000012af80000, 0x000000016e800000)
  object space 291328K, 87% used [0x0000000119300000,0x0000000128d4e370,0x000000012af80000)
 PSPermGen       total 33280K, used 14722K [0x0000000114100000, 0x0000000116180000, 0x0000000119300000)
  object space 33280K, 44% used [0x0000000114100000,0x0000000114f60a48,0x0000000116180000)
}
Event: 822.677 GC heap before
{Heap before GC invocations=110 (full 2):
 PSYoungGen      total 111104K, used 105536K [0x000000016e800000, 0x0000000178600000, 0x0000000199300000)
  eden space 62464K, 100% used [0x000000016e800000,0x0000000172500000,0x0000000172500000)
  from space 48640K, 88% used [0x0000000172500000,0x0000000174f10010,0x0000000175480000)
  to   space 49152K, 0% used [0x0000000175600000,0x0000000175600000,0x0000000178600000)
 ParOldGen       total 291328K, used 256312K [0x0000000119300000, 0x000000012af80000, 0x000000016e800000)
  object space 291328K, 87% used [0x0000000119300000,0x0000000128d4e370,0x000000012af80000)
 PSPermGen       total 33280K, used 14722K [0x0000000114100000, 0x0000000116180000, 0x0000000119300000)
  object space 33280K, 44% used [0x0000000114100000,0x0000000114f60a48,0x0000000116180000)
Event: 822.695 GC heap after
Heap after GC invocations=110 (full 2):
 PSYoungGen      total 112640K, used 42848K [0x000000016e800000, 0x0000000178600000, 0x0000000199300000)
  eden space 63488K, 0% used [0x000000016e800000,0x000000016e800000,0x0000000172600000)
  from space 49152K, 87% used [0x0000000175600000,0x0000000177fd8000,0x0000000178600000)
  to   space 49152K, 0% used [0x0000000172600000,0x0000000172600000,0x0000000175600000)
 ParOldGen       total 291328K, used 259504K [0x0000000119300000, 0x000000012af80000, 0x000000016e800000)
  object space 291328K, 89% used [0x0000000119300000,0x000000012906c380,0x000000012af80000)
 PSPermGen       total 33280K, used 14722K [0x0000000114100000, 0x0000000116180000, 0x0000000119300000)
  object space 33280K, 44% used [0x0000000114100000,0x0000000114f60a48,0x0000000116180000)
}

Deoptimization events (10 events):
Event: 3.113 Thread 0x00007fa11294d800 Uncommon trap: reason=class_check action=maybe_recompile pc=0x0000000111057790 method=java.io.FilterInputStream.read([B)I @ 5
Event: 3.113 Thread 0x00007fa11294d800 Uncommon trap: reason=class_check action=maybe_recompile pc=0x0000000111057790 method=java.io.FilterInputStream.read([B)I @ 5
Event: 3.229 Thread 0x00007fa11294d800 Uncommon trap: reason=class_check action=maybe_recompile pc=0x0000000111057790 method=java.io.FilterInputStream.read([B)I @ 5
Event: 3.229 Thread 0x00007fa11294d800 Uncommon trap: reason=class_check action=maybe_recompile pc=0x0000000111057790 method=java.io.FilterInputStream.read([B)I @ 5
Event: 31.548 Thread 0x00007fa11294d800 Uncommon trap: reason=null_check action=make_not_entrant pc=0x00000001110cac38 method=com.badlogic.gdx.utils.ObjectIntMap.put(Ljava/lang/Object;I)V @ 43
Event: 40.824 Thread 0x00007fa11294d800 Uncommon trap: reason=null_check action=make_not_entrant pc=0x00000001110dd61c method=com.badlogic.gdx.utils.ObjectIntMap.put(Ljava/lang/Object;I)V @ 75
Event: 50.100 Thread 0x00007fa11294d800 Uncommon trap: reason=null_check action=make_not_entrant pc=0x00000001110e23a0 method=com.badlogic.gdx.utils.ObjectIntMap.put(Ljava/lang/Object;I)V @ 107
Event: 170.330 Thread 0x00007fa11294d800 Uncommon trap: reason=unreached action=reinterpret pc=0x00000001110f8014 method=java.lang.Object.equals(Ljava/lang/Object;)Z @ 2
Event: 170.597 Thread 0x00007fa114800000 Uncommon trap: reason=class_check action=maybe_recompile pc=0x00000001110dc7e4 method=java.lang.ref.Reference$ReferenceHandler.run()V @ 71
Event: 401.646 Thread 0x00007fa114800000 Uncommon trap: reason=class_check action=maybe_recompile pc=0x00000001110dc7e4 method=java.lang.ref.Reference$ReferenceHandler.run()V @ 71

Internal exceptions (10 events):
Event: 3.270 Thread 0x00007fa11294d800 Threw 0x000000016fb25668 at /HUDSON/workspace/7u-2-build-macosx-x86_64/jdk7u51/527/hotspot/src/share/vm/prims/jvm.cpp:1244
Event: 3.274 Thread 0x00007fa11294d800 Threw 0x000000016fb2b288 at /HUDSON/workspace/7u-2-build-macosx-x86_64/jdk7u51/527/hotspot/src/share/vm/prims/jvm.cpp:1244
Event: 3.293 Thread 0x00007fa11294d800 Threw 0x000000016fb3ffd8 at /HUDSON/workspace/7u-2-build-macosx-x86_64/jdk7u51/527/hotspot/src/share/vm/prims/jvm.cpp:1244
Event: 3.309 Thread 0x00007fa11294d800 Threw 0x000000016fb449e0 at /HUDSON/workspace/7u-2-build-macosx-x86_64/jdk7u51/527/hotspot/src/share/vm/prims/jvm.cpp:1244
Event: 3.309 Thread 0x00007fa11294d800 Threw 0x000000016fb49a68 at /HUDSON/workspace/7u-2-build-macosx-x86_64/jdk7u51/527/hotspot/src/share/vm/prims/jvm.cpp:1244
Event: 31.548 Thread 0x00007fa11294d800 Implicit null exception at 0x00000001110ca59f to 0x00000001110cac15
Event: 40.824 Thread 0x00007fa11294d800 Implicit null exception at 0x00000001110dcf6b to 0x00000001110dd5f9
Event: 50.100 Thread 0x00007fa11294d800 Implicit null exception at 0x00000001110e1ded to 0x00000001110e2361
Event: 170.330 Thread 0x00007fa11294d800 Threw 0x0000000170bca100 at /HUDSON/workspace/7u-2-build-macosx-x86_64/jdk7u51/527/hotspot/src/share/vm/prims/jvm.cpp:1244
Event: 831.561 Thread 0x00007fa11294d800 Threw 0x0000000171ab9060 at /HUDSON/workspace/7u-2-build-macosx-x86_64/jdk7u51/527/hotspot/src/share/vm/prims/jvm.cpp:1244

Events (10 events):
Event: 791.094 Executing VM operation: ParallelGCFailedAllocation
Event: 791.118 Executing VM operation: ParallelGCFailedAllocation done
Event: 801.528 Executing VM operation: ParallelGCFailedAllocation
Event: 801.548 Executing VM operation: ParallelGCFailedAllocation done
Event: 812.061 Executing VM operation: ParallelGCFailedAllocation
Event: 812.084 Executing VM operation: ParallelGCFailedAllocation done
Event: 822.677 Executing VM operation: ParallelGCFailedAllocation
Event: 822.695 Executing VM operation: ParallelGCFailedAllocation done
Event: 831.560 loading class 0x00007fa111d9c100
Event: 831.560 loading class 0x00007fa111d9c100 done


Dynamic libraries:
0x0000000009cfb000 	/System/Library/Frameworks/Cocoa.framework/Versions/A/Cocoa
0x0000000009cfb000 	/System/Library/Frameworks/Security.framework/Versions/A/Security
0x0000000009cfb000 	/System/Library/Frameworks/ApplicationServices.framework/Versions/A/ApplicationServices
0x0000000009cfb000 	/usr/lib/libz.1.dylib
0x0000000009cfb000 	/usr/lib/libSystem.B.dylib
0x0000000009cfb000 	/usr/lib/libobjc.A.dylib
0x0000000009cfb000 	/System/Library/Frameworks/CoreFoundation.framework/Versions/A/CoreFoundation
0x0000000009cfb000 	/System/Library/Frameworks/Foundation.framework/Versions/C/Foundation
0x0000000009cfb000 	/System/Library/Frameworks/AppKit.framework/Versions/C/AppKit
0x0000000009cfb000 	/System/Library/Frameworks/CoreData.framework/Versions/A/CoreData
0x0000000009cfb000 	/System/Library/PrivateFrameworks/RemoteViewServices.framework/Versions/A/RemoteViewServices
0x0000000009cfb000 	/System/Library/PrivateFrameworks/UIFoundation.framework/Versions/A/UIFoundation
0x0000000009cfb000 	/System/Library/Frameworks/IOSurface.framework/Versions/A/IOSurface
0x0000000009cfb000 	/System/Library/Frameworks/AudioToolbox.framework/Versions/A/AudioToolbox
0x0000000009cfb000 	/System/Library/Frameworks/AudioUnit.framework/Versions/A/AudioUnit
0x0000000009cfb000 	/System/Library/PrivateFrameworks/DataDetectorsCore.framework/Versions/A/DataDetectorsCore
0x0000000009cfb000 	/System/Library/PrivateFrameworks/DesktopServicesPriv.framework/Versions/A/DesktopServicesPriv
0x0000000009cfb000 	/System/Library/Frameworks/Carbon.framework/Versions/A/Frameworks/HIToolbox.framework/Versions/A/HIToolbox
0x0000000009cfb000 	/System/Library/Frameworks/QuartzCore.framework/Versions/A/QuartzCore
0x0000000009cfb000 	/System/Library/Frameworks/Carbon.framework/Versions/A/Frameworks/SpeechRecognition.framework/Versions/A/SpeechRecognition
0x0000000009cfb000 	/usr/lib/libauto.dylib
0x0000000009cfb000 	/usr/lib/libicucore.A.dylib
0x0000000009cfb000 	/usr/lib/libxml2.2.dylib
0x0000000009cfb000 	/System/Library/PrivateFrameworks/CoreUI.framework/Versions/A/CoreUI
0x0000000009cfb000 	/System/Library/Frameworks/CoreAudio.framework/Versions/A/CoreAudio
0x0000000009cfb000 	/System/Library/Frameworks/DiskArbitration.framework/Versions/A/DiskArbitration
0x0000000009cfb000 	/usr/lib/liblangid.dylib
0x0000000009cfb000 	/System/Library/PrivateFrameworks/MultitouchSupport.framework/Versions/A/MultitouchSupport
0x0000000009cfb000 	/System/Library/Frameworks/IOKit.framework/Versions/A/IOKit
0x0000000009cfb000 	/usr/lib/libDiagnosticMessagesClient.dylib
0x0000000009cfb000 	/System/Library/Frameworks/CoreServices.framework/Versions/A/CoreServices
0x0000000009cfb000 	/System/Library/PrivateFrameworks/PerformanceAnalysis.framework/Versions/A/PerformanceAnalysis
0x0000000009cfb000 	/System/Library/PrivateFrameworks/GenerationalStorage.framework/Versions/A/GenerationalStorage
0x0000000009cfb000 	/System/Library/Frameworks/OpenGL.framework/Versions/A/OpenGL
0x0000000009cfb000 	/System/Library/PrivateFrameworks/Sharing.framework/Versions/A/Sharing
0x0000000009cfb000 	/System/Library/Frameworks/CoreGraphics.framework/Versions/A/CoreGraphics
0x0000000009cfb000 	/System/Library/Frameworks/CoreText.framework/Versions/A/CoreText
0x0000000009cfb000 	/System/Library/Frameworks/ImageIO.framework/Versions/A/ImageIO
0x0000000009cfb000 	/usr/lib/libextension.dylib
0x0000000009cfb000 	/System/Library/PrivateFrameworks/Backup.framework/Versions/A/Backup
0x0000000009cfb000 	/usr/lib/libarchive.2.dylib
0x0000000009cfb000 	/System/Library/Frameworks/CFNetwork.framework/Versions/A/CFNetwork
0x0000000009cfb000 	/System/Library/Frameworks/SystemConfiguration.framework/Versions/A/SystemConfiguration
0x0000000009cfb000 	/usr/lib/libCRFSuite.dylib
0x0000000009cfb000 	/usr/lib/libc++.1.dylib
0x0000000009cfb000 	/usr/lib/libc++abi.dylib
0x0000000009cfb000 	/usr/lib/system/libcache.dylib
0x0000000009cfb000 	/usr/lib/system/libcommonCrypto.dylib
0x0000000009cfb000 	/usr/lib/system/libcompiler_rt.dylib
0x0000000009cfb000 	/usr/lib/system/libcopyfile.dylib
0x0000000009cfb000 	/usr/lib/system/libcorecrypto.dylib
0x0000000009cfb000 	/usr/lib/system/libdispatch.dylib
0x0000000009cfb000 	/usr/lib/system/libdyld.dylib
0x0000000009cfb000 	/usr/lib/system/libkeymgr.dylib
0x0000000009cfb000 	/usr/lib/system/liblaunch.dylib
0x0000000009cfb000 	/usr/lib/system/libmacho.dylib
0x0000000009cfb000 	/usr/lib/system/libquarantine.dylib
0x0000000009cfb000 	/usr/lib/system/libremovefile.dylib
0x0000000009cfb000 	/usr/lib/system/libsystem_asl.dylib
0x0000000009cfb000 	/usr/lib/system/libsystem_blocks.dylib
0x0000000009cfb000 	/usr/lib/system/libsystem_c.dylib
0x0000000009cfb000 	/usr/lib/system/libsystem_configuration.dylib
0x0000000009cfb000 	/usr/lib/system/libsystem_coreservices.dylib
0x0000000009cfb000 	/usr/lib/system/libsystem_coretls.dylib
0x0000000009cfb000 	/usr/lib/system/libsystem_dnssd.dylib
0x0000000009cfb000 	/usr/lib/system/libsystem_info.dylib
0x0000000009cfb000 	/usr/lib/system/libsystem_kernel.dylib
0x0000000009cfb000 	/usr/lib/system/libsystem_m.dylib
0x0000000009cfb000 	/usr/lib/system/libsystem_malloc.dylib
0x0000000009cfb000 	/usr/lib/system/libsystem_network.dylib
0x0000000009cfb000 	/usr/lib/system/libsystem_networkextension.dylib
0x0000000009cfb000 	/usr/lib/system/libsystem_notify.dylib
0x0000000009cfb000 	/usr/lib/system/libsystem_platform.dylib
0x0000000009cfb000 	/usr/lib/system/libsystem_pthread.dylib
0x0000000009cfb000 	/usr/lib/system/libsystem_sandbox.dylib
0x0000000009cfb000 	/usr/lib/system/libsystem_secinit.dylib
0x0000000009cfb000 	/usr/lib/system/libsystem_stats.dylib
0x0000000009cfb000 	/usr/lib/system/libsystem_trace.dylib
0x0000000009cfb000 	/usr/lib/system/libunc.dylib
0x0000000009cfb000 	/usr/lib/system/libunwind.dylib
0x0000000009cfb000 	/usr/lib/system/libxpc.dylib
0x0000000009cfb000 	/usr/lib/libbz2.1.0.dylib
0x0000000009cfb000 	/usr/lib/liblzma.5.dylib
0x0000000009cfb000 	/usr/lib/libbsm.0.dylib
0x0000000009cfb000 	/usr/lib/libsqlite3.dylib
0x0000000009cfb000 	/usr/lib/system/libkxld.dylib
0x0000000009cfb000 	/usr/lib/libxar.1.dylib
0x0000000009cfb000 	/usr/lib/libpam.2.dylib
0x0000000009cfb000 	/usr/lib/libOpenScriptingUtil.dylib
0x0000000009cfb000 	/System/Library/Frameworks/CoreServices.framework/Versions/A/Frameworks/FSEvents.framework/Versions/A/FSEvents
0x0000000009cfb000 	/System/Library/Frameworks/CoreServices.framework/Versions/A/Frameworks/CarbonCore.framework/Versions/A/CarbonCore
0x0000000009cfb000 	/System/Library/Frameworks/CoreServices.framework/Versions/A/Frameworks/Metadata.framework/Versions/A/Metadata
0x0000000009cfb000 	/System/Library/Frameworks/CoreServices.framework/Versions/A/Frameworks/OSServices.framework/Versions/A/OSServices
0x0000000009cfb000 	/System/Library/Frameworks/CoreServices.framework/Versions/A/Frameworks/SearchKit.framework/Versions/A/SearchKit
0x0000000009cfb000 	/System/Library/Frameworks/CoreServices.framework/Versions/A/Frameworks/AE.framework/Versions/A/AE
0x0000000009cfb000 	/System/Library/Frameworks/CoreServices.framework/Versions/A/Frameworks/LaunchServices.framework/Versions/A/LaunchServices
0x0000000009cfb000 	/System/Library/Frameworks/CoreServices.framework/Versions/A/Frameworks/DictionaryServices.framework/Versions/A/DictionaryServices
0x0000000009cfb000 	/System/Library/Frameworks/NetFS.framework/Versions/A/NetFS
0x0000000009cfb000 	/System/Library/PrivateFrameworks/NetAuth.framework/Versions/A/NetAuth
0x0000000009cfb000 	/System/Library/PrivateFrameworks/login.framework/Versions/A/Frameworks/loginsupport.framework/Versions/A/loginsupport
0x0000000009cfb000 	/System/Library/PrivateFrameworks/TCC.framework/Versions/A/TCC
0x0000000009cfb000 	/usr/lib/libmecabra.dylib
0x0000000009cfb000 	/System/Library/Frameworks/ApplicationServices.framework/Versions/A/Frameworks/ATS.framework/Versions/A/ATS
0x0000000009cfb000 	/System/Library/Frameworks/ApplicationServices.framework/Versions/A/Frameworks/ColorSync.framework/Versions/A/ColorSync
0x0000000009cfb000 	/System/Library/Frameworks/ApplicationServices.framework/Versions/A/Frameworks/HIServices.framework/Versions/A/HIServices
0x0000000009cfb000 	/System/Library/Frameworks/ApplicationServices.framework/Versions/A/Frameworks/LangAnalysis.framework/Versions/A/LangAnalysis
0x0000000009cfb000 	/System/Library/Frameworks/ApplicationServices.framework/Versions/A/Frameworks/PrintCore.framework/Versions/A/PrintCore
0x0000000009cfb000 	/System/Library/Frameworks/ApplicationServices.framework/Versions/A/Frameworks/QD.framework/Versions/A/QD
0x0000000009cfb000 	/System/Library/Frameworks/ApplicationServices.framework/Versions/A/Frameworks/SpeechSynthesis.framework/Versions/A/SpeechSynthesis
0x0000000009cfb000 	/System/Library/Frameworks/Accelerate.framework/Versions/A/Accelerate
0x0000000009cfb000 	/System/Library/Frameworks/Accelerate.framework/Versions/A/Frameworks/vImage.framework/Versions/A/vImage
0x0000000009cfb000 	/System/Library/Frameworks/Accelerate.framework/Versions/A/Frameworks/vecLib.framework/Versions/A/vecLib
0x0000000009cfb000 	/System/Library/Frameworks/Accelerate.framework/Versions/A/Frameworks/vecLib.framework/Versions/A/libvDSP.dylib
0x0000000009cfb000 	/System/Library/Frameworks/Accelerate.framework/Versions/A/Frameworks/vecLib.framework/Versions/A/libvMisc.dylib
0x0000000009cfb000 	/System/Library/Frameworks/Accelerate.framework/Versions/A/Frameworks/vecLib.framework/Versions/A/libLAPACK.dylib
0x0000000009cfb000 	/System/Library/Frameworks/Accelerate.framework/Versions/A/Frameworks/vecLib.framework/Versions/A/libBLAS.dylib
0x0000000009cfb000 	/System/Library/Frameworks/Accelerate.framework/Versions/A/Frameworks/vecLib.framework/Versions/A/libLinearAlgebra.dylib
0x0000000009cfb000 	/System/Library/Frameworks/ApplicationServices.framework/Versions/A/Frameworks/ATS.framework/Versions/A/Resources/libFontParser.dylib
0x0000000009cfb000 	/System/Library/Frameworks/ApplicationServices.framework/Versions/A/Frameworks/ATS.framework/Versions/A/Resources/libFontRegistry.dylib
0x0000000009cfb000 	/System/Library/PrivateFrameworks/AppleVPA.framework/Versions/A/AppleVPA
0x0000000009cfb000 	/System/Library/PrivateFrameworks/AppleJPEG.framework/Versions/A/AppleJPEG
0x0000000009cfb000 	/System/Library/Frameworks/ImageIO.framework/Versions/A/Resources/libJPEG.dylib
0x0000000009cfb000 	/System/Library/Frameworks/ImageIO.framework/Versions/A/Resources/libTIFF.dylib
0x0000000009cfb000 	/System/Library/Frameworks/ImageIO.framework/Versions/A/Resources/libPng.dylib
0x0000000009cfb000 	/System/Library/Frameworks/ImageIO.framework/Versions/A/Resources/libGIF.dylib
0x0000000009cfb000 	/System/Library/Frameworks/ImageIO.framework/Versions/A/Resources/libJP2.dylib
0x0000000009cfb000 	/System/Library/Frameworks/ImageIO.framework/Versions/A/Resources/libRadiance.dylib
0x0000000009cfb000 	/System/Library/Frameworks/CoreVideo.framework/Versions/A/CoreVideo
0x0000000009cfb000 	/System/Library/Frameworks/OpenGL.framework/Versions/A/Libraries/libGLU.dylib
0x0000000009cfb000 	/System/Library/Frameworks/OpenGL.framework/Versions/A/Libraries/libGFXShared.dylib
0x0000000009cfb000 	/System/Library/Frameworks/OpenGL.framework/Versions/A/Libraries/libGL.dylib
0x0000000009cfb000 	/System/Library/Frameworks/OpenGL.framework/Versions/A/Libraries/libGLImage.dylib
0x0000000009cfb000 	/System/Library/Frameworks/OpenGL.framework/Versions/A/Libraries/libCVMSPluginSupport.dylib
0x0000000009cfb000 	/System/Library/Frameworks/OpenGL.framework/Versions/A/Libraries/libCoreVMClient.dylib
0x0000000009cfb000 	/usr/lib/libcups.2.dylib
0x0000000009cfb000 	/System/Library/Frameworks/Kerberos.framework/Versions/A/Kerberos
0x0000000009cfb000 	/System/Library/Frameworks/GSS.framework/Versions/A/GSS
0x0000000009cfb000 	/usr/lib/libresolv.9.dylib
0x0000000009cfb000 	/usr/lib/libiconv.2.dylib
0x0000000009cfb000 	/System/Library/PrivateFrameworks/Heimdal.framework/Versions/A/Heimdal
0x0000000009cfb000 	/usr/lib/libheimdal-asn1.dylib
0x0000000009cfb000 	/System/Library/Frameworks/OpenDirectory.framework/Versions/A/OpenDirectory
0x0000000009cfb000 	/System/Library/PrivateFrameworks/CommonAuth.framework/Versions/A/CommonAuth
0x0000000009cfb000 	/System/Library/Frameworks/OpenDirectory.framework/Versions/A/Frameworks/CFOpenDirectory.framework/Versions/A/CFOpenDirectory
0x0000000009cfb000 	/System/Library/Frameworks/SecurityFoundation.framework/Versions/A/SecurityFoundation
0x0000000009cfb000 	/System/Library/PrivateFrameworks/LanguageModeling.framework/Versions/A/LanguageModeling
0x0000000009cfb000 	/usr/lib/libcmph.dylib
0x0000000009cfb000 	/System/Library/Frameworks/ServiceManagement.framework/Versions/A/ServiceManagement
0x0000000009cfb000 	/usr/lib/libxslt.1.dylib
0x0000000009cfb000 	/System/Library/Frameworks/Carbon.framework/Versions/A/Frameworks/Ink.framework/Versions/A/Ink
0x0000000009cfb000 	/System/Library/Frameworks/QuartzCore.framework/Versions/A/Frameworks/CoreImage.framework/Versions/A/CoreImage
0x0000000009cfb000 	/System/Library/PrivateFrameworks/CrashReporterSupport.framework/Versions/A/CrashReporterSupport
0x0000000009cfb000 	/System/Library/Frameworks/OpenCL.framework/Versions/A/OpenCL
0x0000000009cfb000 	/System/Library/PrivateFrameworks/FaceCore.framework/Versions/A/FaceCore
0x0000000009cfb000 	/System/Library/PrivateFrameworks/Ubiquity.framework/Versions/A/Ubiquity
0x0000000009cfb000 	/System/Library/PrivateFrameworks/IconServices.framework/Versions/A/IconServices
0x0000000009cfb000 	/System/Library/PrivateFrameworks/ChunkingLibrary.framework/Versions/A/ChunkingLibrary
0x0000000009cfb000 	/System/Library/PrivateFrameworks/Apple80211.framework/Versions/A/Apple80211
0x0000000009cfb000 	/System/Library/Frameworks/CoreWLAN.framework/Versions/A/CoreWLAN
0x0000000009cfb000 	/System/Library/Frameworks/IOBluetooth.framework/Versions/A/IOBluetooth
0x0000000009cfb000 	/System/Library/PrivateFrameworks/CoreWiFi.framework/Versions/A/CoreWiFi
0x0000000009cfb000 	/System/Library/Frameworks/CoreBluetooth.framework/Versions/A/CoreBluetooth
0x0000000009cfb000 	/System/Library/PrivateFrameworks/DebugSymbols.framework/Versions/A/DebugSymbols
0x0000000009cfb000 	/System/Library/PrivateFrameworks/CoreSymbolication.framework/Versions/A/CoreSymbolication
0x0000000009cfb000 	/System/Library/PrivateFrameworks/Symbolication.framework/Versions/A/Symbolication
0x0000000009cfb000 	/System/Library/PrivateFrameworks/SpeechRecognitionCore.framework/Versions/A/SpeechRecognitionCore
0x0000000110400000 	/Library/Java/JavaVirtualMachines/jdk1.7.0_51.jdk/Contents/Home/jre/lib/server/libjvm.dylib
0x0000000009cfb000 	/usr/lib/libstdc++.6.dylib
0x0000000110f69000 	/Library/Java/JavaVirtualMachines/jdk1.7.0_51.jdk/Contents/Home/jre/lib/libverify.dylib
0x0000000110f76000 	/Library/Java/JavaVirtualMachines/jdk1.7.0_51.jdk/Contents/Home/jre/lib/libjava.dylib
0x0000000110faf000 	/Library/Java/JavaVirtualMachines/jdk1.7.0_51.jdk/Contents/Home/jre/lib/libzip.dylib
0x00000001a0b38000 	/System/Library/Frameworks/JavaVM.framework/Frameworks/JavaRuntimeSupport.framework/JavaRuntimeSupport
0x00000001a0b50000 	/System/Library/Frameworks/JavaVM.framework/Versions/A/Frameworks/JavaNativeFoundation.framework/Versions/A/JavaNativeFoundation
0x00000001a0b65000 	/System/Library/Frameworks/JavaVM.framework/Versions/A/JavaVM
0x0000000009cfb000 	/System/Library/Frameworks/Carbon.framework/Versions/A/Carbon
0x00000001a0b72000 	/System/Library/PrivateFrameworks/JavaLaunching.framework/Versions/A/JavaLaunching
0x0000000009cfb000 	/System/Library/Frameworks/Carbon.framework/Versions/A/Frameworks/CommonPanels.framework/Versions/A/CommonPanels
0x0000000009cfb000 	/System/Library/Frameworks/Carbon.framework/Versions/A/Frameworks/Help.framework/Versions/A/Help
0x0000000009cfb000 	/System/Library/Frameworks/Carbon.framework/Versions/A/Frameworks/ImageCapture.framework/Versions/A/ImageCapture
0x0000000009cfb000 	/System/Library/Frameworks/Carbon.framework/Versions/A/Frameworks/OpenScripting.framework/Versions/A/OpenScripting
0x0000000009cfb000 	/System/Library/Frameworks/Carbon.framework/Versions/A/Frameworks/Print.framework/Versions/A/Print
0x0000000009cfb000 	/System/Library/Frameworks/Carbon.framework/Versions/A/Frameworks/SecurityHI.framework/Versions/A/SecurityHI
0x00000001a29df000 	/Library/Java/JavaVirtualMachines/jdk1.7.0_51.jdk/Contents/Home/jre/lib/libawt.dylib
0x00000001a2a8e000 	/Library/Java/JavaVirtualMachines/jdk1.7.0_51.jdk/Contents/Home/jre/lib/./libmlib_image.dylib
0x00000001a2b5a000 	/Library/Java/JavaVirtualMachines/jdk1.7.0_51.jdk/Contents/Home/jre/lib/lwawt/liblwawt.dylib
0x00000001a2c0e000 	/Library/Java/JavaVirtualMachines/jdk1.7.0_51.jdk/Contents/Home/jre/lib/libosxapp.dylib
0x0000000009cfb000 	/System/Library/Frameworks/ExceptionHandling.framework/Versions/A/ExceptionHandling
0x0000000009cfb000 	/System/Library/PrivateFrameworks/CoreServicesInternal.framework/Versions/A/CoreServicesInternal
0x0000000009cfb000 	/System/Library/PrivateFrameworks/CloudDocs.framework/Versions/A/CloudDocs
0x0000000009cfb000 	/System/Library/PrivateFrameworks/CoreDuet.framework/Versions/A/CoreDuet
0x0000000009cfb000 	/System/Library/Frameworks/CloudKit.framework/Versions/A/CloudKit
0x0000000009cfb000 	/System/Library/PrivateFrameworks/ProtocolBuffer.framework/Versions/A/ProtocolBuffer
0x0000000009cfb000 	/System/Library/PrivateFrameworks/CoreDuetDaemonProtocol.framework/Versions/A/CoreDuetDaemonProtocol
0x0000000009cfb000 	/System/Library/PrivateFrameworks/CoreDuetDebugLogging.framework/Versions/A/CoreDuetDebugLogging
0x0000000009cfb000 	/System/Library/PrivateFrameworks/MMCS.framework/Versions/A/MMCS
0x0000000009cfb000 	/System/Library/Frameworks/CoreLocation.framework/Versions/A/CoreLocation
0x0000000009cfb000 	/System/Library/PrivateFrameworks/ProtectedCloudStorage.framework/Versions/A/ProtectedCloudStorage
0x0000000009cfb000 	/System/Library/PrivateFrameworks/GeoServices.framework/Versions/A/GeoServices
0x0000000009cfb000 	/System/Library/Frameworks/CoreGraphics.framework/Versions/A/Resources/libCGCMS.A.dylib
0x0000000009cfb000 	/System/Library/Frameworks/CoreGraphics.framework/Versions/A/Resources/libRIP.A.dylib
0x0000000009cfb000 	/System/Library/Frameworks/CoreGraphics.framework/Versions/A/Resources/libCGXType.A.dylib
0x0000000009cfb000 	/System/Library/Frameworks/OpenCL.framework/Versions/A/Libraries/libcldcpuengine.dylib
0x0000000009cfb000 	/System/Library/PrivateFrameworks/DiskImages.framework/Versions/A/DiskImages
0x0000000009cfb000 	/System/Library/Frameworks/DiscRecording.framework/Versions/A/DiscRecording
0x0000000009cfb000 	/usr/lib/libcsfde.dylib
0x0000000009cfb000 	/usr/lib/libcurl.4.dylib
0x0000000009cfb000 	/System/Library/PrivateFrameworks/MediaKit.framework/Versions/A/MediaKit
0x0000000009cfb000 	/usr/lib/libCoreStorage.dylib
0x0000000009cfb000 	/System/Library/PrivateFrameworks/EFILogin.framework/Versions/A/EFILogin
0x0000000009cfb000 	/usr/lib/libutil.dylib
0x0000000009cfb000 	/System/Library/PrivateFrameworks/FindMyDevice.framework/Versions/A/FindMyDevice
0x0000000009cfb000 	/System/Library/Frameworks/LDAP.framework/Versions/A/LDAP
0x0000000009cfb000 	/usr/lib/libsasl2.2.dylib
0x0000000009cfb000 	/System/Library/PrivateFrameworks/CoreDaemon.framework/Versions/B/CoreDaemon
0x0000000009cfb000 	/usr/lib/libcrypto.0.9.8.dylib
0x0000000009cfb000 	/System/Library/PrivateFrameworks/AppleSRP.framework/Versions/A/AppleSRP
0x0000000009cfb000 	/System/Library/PrivateFrameworks/TrustEvaluationAgent.framework/Versions/A/TrustEvaluationAgent
0x00000001a5c8b000 	cl_kernels
0x00000001a5c8d000 	/System/Library/Frameworks/OpenCL.framework/Versions/A/Libraries/ImageFormats/unorm8_bgra.dylib
0x00000001a5c7c000 	cl_kernels
0x0000000009cfb000 	/System/Library/PrivateFrameworks/FamilyControls.framework/Versions/A/FamilyControls
0x0000000009cfb000 	/System/Library/PrivateFrameworks/CommerceKit.framework/Versions/A/Frameworks/CommerceCore.framework/Versions/A/CommerceCore
0x0000000009cfb000 	/System/Library/PrivateFrameworks/SystemAdministration.framework/Versions/A/SystemAdministration
0x0000000009cfb000 	/System/Library/PrivateFrameworks/AppContainer.framework/Versions/A/AppContainer
0x0000000009cfb000 	/System/Library/PrivateFrameworks/SecCodeWrapper.framework/Versions/A/SecCodeWrapper
0x0000000009cfb000 	/System/Library/Frameworks/DirectoryService.framework/Versions/A/DirectoryService
0x0000000009cfb000 	/System/Library/PrivateFrameworks/LoginUIKit.framework/Versions/A/Frameworks/LoginUICore.framework/Versions/A/LoginUICore
0x0000000009cfb000 	/usr/lib/libodfde.dylib
0x0000000009cfb000 	/System/Library/Frameworks/OpenGL.framework/Versions/A/Resources/GLEngine.bundle/GLEngine
0x0000000009cfb000 	/System/Library/Frameworks/OpenGL.framework/Versions/A/Libraries/libGLProgrammability.dylib
0x0000000000000000 	/System/Library/Extensions/AppleIntelHD3000GraphicsGLDriver.bundle/Contents/MacOS/AppleIntelHD3000GraphicsGLDriver
0x00000001a512f000 	/System/Library/PrivateFrameworks/GPUSupport.framework/Versions/A/Libraries/libGPUSupport.dylib
0x0000000000000000 	/System/Library/Extensions/AMDRadeonX3000GLDriver.bundle/Contents/MacOS/AMDRadeonX3000GLDriver
0x0000000009cfb000 	/System/Library/PrivateFrameworks/IOAccelerator.framework/Versions/A/IOAccelerator
0x0000000009cfb000 	/System/Library/PrivateFrameworks/GPUSupport.framework/Versions/A/Libraries/libGPUSupportMercury.dylib
0x0000000009cfb000 	/System/Library/Frameworks/OpenGL.framework/Versions/A/Resources/GLRendererFloat.bundle/GLRendererFloat
0x00000001a71f4000 	/Library/Java/JavaVirtualMachines/jdk1.7.0_51.jdk/Contents/Home/jre/lib/libfontmanager.dylib
0x00000001a725b000 	/Library/Java/JavaVirtualMachines/jdk1.7.0_51.jdk/Contents/Home/jre/lib/libosxui.dylib
0x00000001a7649000 	/Library/Java/JavaVirtualMachines/jdk1.7.0_51.jdk/Contents/Home/jre/lib/libnet.dylib
0x00000001a73b4000 	/Library/Java/JavaVirtualMachines/jdk1.7.0_51.jdk/Contents/Home/jre/lib/libnio.dylib
0x00000001a8522000 	/private/var/folders/_6/vv8zqx450855nldnp02w3cyc0000gn/T/libgdxJack/d8ae55ed/libgdx64.dylib
0x00000001a856c000 	/private/var/folders/_6/vv8zqx450855nldnp02w3cyc0000gn/T/libgdxJack/f7649394/liblwjgl.dylib
0x00000001a85ee000 	/Library/Java/JavaVirtualMachines/jdk1.7.0_51.jdk/Contents/Home/jre/lib/libjawt.dylib
0x00000001a85f1000 	/var/folders/_6/vv8zqx450855nldnp02w3cyc0000gn/T/libgdxJack/f7649394/openal.dylib
0x00000001a8675000 	/System/Library/Components/CoreAudio.component/Contents/MacOS/CoreAudio
0x00000001a894e000 	/System/Library/Extensions/AppleHDA.kext/Contents/PlugIns/AppleHDAHALPlugIn.bundle/Contents/MacOS/AppleHDAHALPlugIn
0x00000001a903e000 	/private/var/folders/_6/vv8zqx450855nldnp02w3cyc0000gn/T/libgdxJack/b02f37a3/libgdx-box2d64.dylib
0x00000001a90ea000 	/Library/Java/JavaVirtualMachines/jdk1.7.0_51.jdk/Contents/Home/jre/lib/libjsound.dylib
0x00000001a90fd000 	/System/Library/Frameworks/CoreMIDI.framework/Versions/A/CoreMIDI
0x0000000009cfb000 	/usr/lib/libexpat.1.dylib

VM Arguments:
jvm_args: -Dfile.encoding=US-ASCII 
java_command: com.gmail.jackbcousineau.desktop.DesktopLauncher
Launcher Type: SUN_STANDARD

Environment Variables:
PATH=/usr/bin:/bin:/usr/sbin:/sbin
SHELL=/bin/bash
DISPLAY=/private/tmp/com.apple.launchd.9OaxhutPsF/org.macosforge.xquartz:0

Signal Handlers:
SIGSEGV: [libjvm.dylib+0x525425], sa_mask[0]=0xfffefeff, sa_flags=0x00000043
SIGBUS: [libjvm.dylib+0x525425], sa_mask[0]=0xfffefeff, sa_flags=0x00000042
SIGFPE: [libjvm.dylib+0x41892a], sa_mask[0]=0xfffefeff, sa_flags=0x00000042
SIGPIPE: [libjvm.dylib+0x41892a], sa_mask[0]=0xfffefeff, sa_flags=0x00000042
SIGXFSZ: [libjvm.dylib+0x41892a], sa_mask[0]=0xfffefeff, sa_flags=0x00000042
SIGILL: [libjvm.dylib+0x41892a], sa_mask[0]=0xfffefeff, sa_flags=0x00000042
SIGUSR1: SIG_DFL, sa_mask[0]=0x00000000, sa_flags=0x00000000
SIGUSR2: [libjvm.dylib+0x41841c], sa_mask[0]=0x00000004, sa_flags=0x00000042
SIGHUP: [libjvm.dylib+0x4166ab], sa_mask[0]=0xfffefeff, sa_flags=0x00000042
SIGINT: [libjvm.dylib+0x4166ab], sa_mask[0]=0xfffefeff, sa_flags=0x00000042
SIGTERM: [libjvm.dylib+0x4166ab], sa_mask[0]=0xfffefeff, sa_flags=0x00000042
SIGQUIT: [libjvm.dylib+0x4166ab], sa_mask[0]=0xfffefeff, sa_flags=0x00000042


---------------  S Y S T E M  ---------------

OS:Bsduname:Darwin 14.3.0 Darwin Kernel Version 14.3.0: Mon Mar 23 11:59:05 PDT 2015; root:xnu-2782.20.48~5/RELEASE_X86_64 x86_64
rlimit: STACK 8192k, CORE 0k, NPROC 709, NOFILE 10240, AS infinity
load average:1.98 1.86 1.87

CPU:total 8 (4 cores per cpu, 2 threads per core) family 6 model 42 stepping 7, cmov, cx8, fxsr, mmx, sse, sse2, sse3, ssse3, sse4.1, sse4.2, popcnt, avx, aes, ht, tsc, tscinvbit

Memory: 4k page, physical 8388608k(2097152k free)

/proc/meminfo:


vm_info: Java HotSpot(TM) 64-Bit Server VM (24.51-b03) for bsd-amd64 JRE (1.7.0_51-b13), built on Dec 18 2013 18:45:56 by "java_re" with gcc 4.2.1 (Based on Apple Inc. build 5658) (LLVM build 2336.11.00)

time: Wed May 13 13:28:21 2015
elapsed time: 833 seconds

