#
# A fatal error has been detected by the Java Runtime Environment:
#
#  SIGSEGV (0xb) at pc=0x00007fff98ba70dd, pid=13732, tid=1299
#
# JRE version: Java(TM) SE Runtime Environment (7.0_51-b13) (build 1.7.0_51-b13)
# Java VM: Java HotSpot(TM) 64-Bit Server VM (24.51-b03 mixed mode bsd-amd64 compressed oops)
# Problematic frame:
# C  [libobjc.A.dylib+0x10dd]  objc_msgSend+0x1d
#
# Failed to write core dump. Core dumps have been disabled. To enable core dumping, try "ulimit -c unlimited" before starting Java again
#
# If you would like to submit a bug report, please visit:
#   http://bugreport.sun.com/bugreport/crash.jsp
# The crash happened outside the Java Virtual Machine in native code.
# See problematic frame for where to report the bug.
#

---------------  T H R E A D  ---------------

Current thread (0x00007fe35a8cf800):  JavaThread "AppKit Thread" daemon [_thread_in_native, id=1299, stack(0x00007fff5a328000,0x00007fff5a3a8000)]

siginfo:si_signo=SIGSEGV: si_errno=0, si_code=1 (SEGV_MAPERR), si_addr=0x000007fe35a5b7f8

Registers:
RAX=0x00007fe35a5a25d0, RBX=0x00007fff5a3a2f08, RCX=0x0000000000000000, RDX=0x00007fe35a529e20
RSP=0x00007fff5a3a2d28, RBP=0x00007fff5a3a2d30, RSI=0x00007fff9853b423, RDI=0x00007fe35a5a25d0
R8 =0x00007fff5a3a2d10, R9 =0x0000000000000081, R10=0x00007fff9853b423, R11=0x000007fe35a5b7e0
R12=0x00007fe35a500720, R13=0x00000000000f433e, R14=0x00007fe35a7260c0, R15=0x00007fff5a3a2e68
RIP=0x00007fff98ba70dd, EFLAGS=0x0000000000010202, ERR=0x0000000000000004
  TRAPNO=0x000000000000000e

Top of Stack: (sp=0x00007fff5a3a2d28)
0x00007fff5a3a2d28:   00007fff8cc4c45c 00007fff5a3a3090
0x00007fff5a3a2d38:   00007fff8cb3c634 00007fff5a3a2dbc
0x00007fff5a3a2d48:   00007fff5a3a2dc0 00007fff5a3a2dc4
0x00007fff5a3a2d58:   00007fff7afbfe00 ffffffffffffffff
0x00007fff5a3a2d68:   0000000000000c18 00007fff7afbfe18
0x00007fff5a3a2d78:   00007fe35a7260c0 0000000000000000
0x00007fff5a3a2d88:   00007fff5a3a2e60 0000000000000000
0x00007fff5a3a2d98:   00007fe35a53ffb0 00007fff5a3a2ee0
0x00007fff5a3a2da8:   0000000000000081 00000000000f4343
0x00007fff5a3a2db8:   00007fe35a529e20 00007fe35a5b9790
0x00007fff5a3a2dc8:   00007fe35a500720 0000000000000001
0x00007fff5a3a2dd8:   00000000000f433e 00007fe35a500710
0x00007fff5a3a2de8:   00007fff91a90c05 000000015c0c7900
0x00007fff5a3a2df8:   00007fff7aede0d0 0000000042000000
0x00007fff5a3a2e08:   00007fff91a97e63 00007fff7af8a240
0x00007fff5a3a2e18:   00007fff5a3a2ee8 00007fff5a3a2e40
0x00007fff5a3a2e28:   00007fff5a3a2e60 0000000000000000
0x00007fff5a3a2e38:   0000000000000000 00048f0300000000
0x00007fff5a3a2e48:   00007fe35a500744 0000000000000000
0x00007fff5a3a2e58:   0000000000000000 00007fe35a5b9a50
0x00007fff5a3a2e68:   00007fe35a7260c0 0000002000000000
0x00007fff5a3a2e78:   0000000000000000 00007fff7aede0d0
0x00007fff5a3a2e88:   0000000042000000 00007fff91a974f8
0x00007fff5a3a2e98:   00007fff7af8a350 00007fff5a3a2df8
0x00007fff5a3a2ea8:   0000000000000000 00007fff5a3a2f78
0x00007fff5a3a2eb8:   00007fff7bea8ea0 00007fff5a3a2fb0
0x00007fff5a3a2ec8:   00007fff8e848edc 00007fff5a3a2f60
0x00007fff5a3a2ed8:   00007fff97c6f5fd 000000000000007d
0x00007fff5a3a2ee8:   0000000000000000 00000000000f4324
0x00007fff5a3a2ef8:   000000000000007f 0000000000000000
0x00007fff5a3a2f08:   00000000000f433e 00007fff5a3a2f84
0x00007fff5a3a2f18:   0000000000588001 00000000ffffffff 

Instructions: (pc=0x00007fff98ba70dd)
0x00007fff98ba70bd:   00 00 00 48 85 ff 2e 74 7a 40 f6 c7 01 2e 75 7e
0x00007fff98ba70cd:   49 bb f8 ff ff ff ff 7f 00 00 4c 23 1f 49 89 f2
0x00007fff98ba70dd:   45 23 53 18 49 c1 e2 04 4d 03 53 10 49 3b 32 75
0x00007fff98ba70ed:   04 41 ff 62 08 49 83 3a 00 74 6a 4d 3b 53 10 74 

Register to memory mapping:

RAX=0x00007fe35a5a25d0 is an unknown value
RBX=0x00007fff5a3a2f08 is pointing into the stack for thread: 0x00007fe35a8cf800
RCX=0x0000000000000000 is an unknown value
RDX=0x00007fe35a529e20 is an unknown value
RSP=0x00007fff5a3a2d28 is pointing into the stack for thread: 0x00007fe35a8cf800
RBP=0x00007fff5a3a2d30 is pointing into the stack for thread: 0x00007fe35a8cf800
RSI=0x00007fff9853b423: -[NSTitlebarContainerView transparent]+0x5e307 in /System/Library/Frameworks/AppKit.framework/Versions/C/AppKit at 0x00007fff97b3a000
RDI=0x00007fe35a5a25d0 is an unknown value
R8 =0x00007fff5a3a2d10 is pointing into the stack for thread: 0x00007fe35a8cf800
R9 =0x0000000000000081 is an unknown value
R10=0x00007fff9853b423: -[NSTitlebarContainerView transparent]+0x5e307 in /System/Library/Frameworks/AppKit.framework/Versions/C/AppKit at 0x00007fff97b3a000
R11=0x000007fe35a5b7e0 is an unknown value
R12=0x00007fe35a500720 is an unknown value
R13=0x00000000000f433e is an unknown value
R14=0x00007fe35a7260c0 is an unknown value
R15=0x00007fff5a3a2e68 is pointing into the stack for thread: 0x00007fe35a8cf800


Stack: [0x00007fff5a328000,0x00007fff5a3a8000],  sp=0x00007fff5a3a2d28,  free space=491k
Native frames: (J=compiled Java code, j=interpreted, Vv=VM code, C=native code)
C  [libobjc.A.dylib+0x10dd]  objc_msgSend+0x1d
C  [CoreFoundation+0x10634]  _CFXNotificationPost+0xc44
C  [Foundation+0x79d1]  -[NSNotificationCenter postNotificationName:object:userInfo:]+0x42
C  [AppKit+0x43ac2]  -[NSSurface _disposeSurface]+0x98
C  [AppKit+0x43526]  -[NSSurface setWindow:]+0x42
C  [AppKit+0x33a10]  -[NSView _setWindow:]+0xa33
C  [AppKit+0x6b091]  -[NSView removeFromSuperview]+0x1c5
C  [AppKit+0x14bea9]  -[NSView removeFromSuperviewWithoutNeedingDisplay]+0x26
C  [liblwjgl.dylib+0xa205]  +[MacOSXKeyableWindow destroyWindow]+0xb5
C  [Foundation+0x92d00]  __NSThreadPerformPerform+0x125
C  [CoreFoundation+0x80a01]  __CFRUNLOOP_IS_CALLING_OUT_TO_A_SOURCE0_PERFORM_FUNCTION__+0x11
C  [CoreFoundation+0x72b8d]  __CFRunLoopDoSources0+0x10d
C  [CoreFoundation+0x721bf]  __CFRunLoopRun+0x39f
C  [CoreFoundation+0x71bd8]  CFRunLoopRunSpecific+0x128
C  [HIToolbox+0x3256f]  RunCurrentEventLoopInMode+0xeb
C  [HIToolbox+0x322ea]  ReceiveNextEventCommon+0x1af
C  [HIToolbox+0x3212b]  _BlockUntilNextEventMatchingListInModeWithFilter+0x47
C  [AppKit+0x919bb]  _DPSNextEvent+0x3d2
C  [AppKit+0x90f68]  -[NSApplication nextEventMatchingMask:untilDate:inMode:dequeue:]+0x15a
C  [libosxapp.dylib+0x16f4]  -[NSApplicationAWT nextEventMatchingMask:untilDate:inMode:dequeue:]+0x7c
C  [AppKit+0x86bf3]  -[NSApplication run]+0x252
C  [libosxapp.dylib+0x1557]  +[NSApplicationAWT runAWTLoopWithApp:]+0x9c
C  [liblwawt.dylib+0xdba9]  -[AWTStarter starter:]+0x369
C  [Foundation+0x92d00]  __NSThreadPerformPerform+0x125
C  [CoreFoundation+0x80a01]  __CFRUNLOOP_IS_CALLING_OUT_TO_A_SOURCE0_PERFORM_FUNCTION__+0x11
C  [CoreFoundation+0x72b8d]  __CFRunLoopDoSources0+0x10d
C  [CoreFoundation+0x721bf]  __CFRunLoopRun+0x39f
C  [CoreFoundation+0x71bd8]  CFRunLoopRunSpecific+0x128
C  [java+0x73b0]  CreateExecutionEnvironment+0x367
C  [java+0x1b5c]  JLI_Launch+0x7a0
C  [java+0x770d]  main+0x65
C  [java+0x13b4]  start+0x34


---------------  P R O C E S S  ---------------

Java Threads: ( => current thread )
  0x00007fe35c20f800 JavaThread "Timer-1" [_thread_blocked, id=122883, stack(0x000000012142a000,0x000000012152a000)]
  0x00007fe35b9fd000 JavaThread "Timer-0" [_thread_blocked, id=122371, stack(0x0000000121327000,0x0000000121427000)]
  0x00007fe35a9dc000 JavaThread "Direct Clip" daemon [_thread_blocked, id=121859, stack(0x000000011ec0f000,0x000000011ed0f000)]
  0x00007fe35a9d1000 JavaThread "Java Sound Event Dispatcher" daemon [_thread_blocked, id=121455, stack(0x000000011a47b000,0x000000011a57b000)]
  0x00007fe35c20b000 JavaThread "LWJGL Application" [_thread_in_native, id=120067, stack(0x0000000119cb6000,0x0000000119db6000)]
  0x00007fe35b801000 JavaThread "DestroyJavaVM" [_thread_blocked, id=4867, stack(0x0000000107454000,0x0000000107554000)]
  0x00007fe35a8cd000 JavaThread "AWT-EventQueue-0" [_thread_blocked, id=55043, stack(0x0000000118579000,0x0000000118679000)]
  0x00007fe35a92b000 JavaThread "Java2D Disposer" daemon [_thread_blocked, id=54539, stack(0x00000001183cd000,0x00000001184cd000)]
  0x00007fe35b0c8000 JavaThread "Java2D Queue Flusher" daemon [_thread_blocked, id=52487, stack(0x000000011826a000,0x000000011836a000)]
  0x00007fe35b882800 JavaThread "AWT-Shutdown" [_thread_blocked, id=29715, stack(0x000000011575e000,0x000000011585e000)]
=>0x00007fe35a8cf800 JavaThread "AppKit Thread" daemon [_thread_in_native, id=1299, stack(0x00007fff5a328000,0x00007fff5a3a8000)]
  0x00007fe35c00c800 JavaThread "Service Thread" daemon [_thread_blocked, id=19715, stack(0x0000000113a3e000,0x0000000113b3e000)]
  0x00007fe35c00b800 JavaThread "C2 CompilerThread1" daemon [_thread_blocked, id=19203, stack(0x000000011393b000,0x0000000113a3b000)]
  0x00007fe35c00a000 JavaThread "C2 CompilerThread0" daemon [_thread_blocked, id=18691, stack(0x0000000113838000,0x0000000113938000)]
  0x00007fe35c006800 JavaThread "Signal Dispatcher" daemon [_thread_blocked, id=15383, stack(0x0000000113735000,0x0000000113835000)]
  0x00007fe35c003000 JavaThread "Finalizer" daemon [_thread_blocked, id=13571, stack(0x0000000111d23000,0x0000000111e23000)]
  0x00007fe35c000000 JavaThread "Reference Handler" daemon [_thread_blocked, id=13059, stack(0x0000000111c20000,0x0000000111d20000)]

Other Threads:
  0x00007fe35b04f800 VMThread [stack: 0x0000000111b1d000,0x0000000111c1d000] [id=12547]
  0x00007fe35c007800 WatcherThread [stack: 0x0000000113b41000,0x0000000113c41000] [id=20227]

VM state:not at safepoint (normal execution)

VM Mutex/Monitor currently owned by a thread: None

Heap
 PSYoungGen      total 82944K, used 37509K [0x00000007d5500000, 0x00000007dd000000, 0x0000000800000000)
  eden space 49664K, 17% used [0x00000007d5500000,0x00000007d5da1240,0x00000007d8580000)
  from space 33280K, 86% used [0x00000007da900000,0x00000007dc500418,0x00000007dc980000)
  to   space 36352K, 0% used [0x00000007d8580000,0x00000007d8580000,0x00000007da900000)
 ParOldGen       total 153600K, used 73964K [0x0000000780000000, 0x0000000789600000, 0x00000007d5500000)
  object space 153600K, 48% used [0x0000000780000000,0x000000078483b298,0x0000000789600000)
 PSPermGen       total 29696K, used 14741K [0x000000077ae00000, 0x000000077cb00000, 0x0000000780000000)
  object space 29696K, 49% used [0x000000077ae00000,0x000000077bc65760,0x000000077cb00000)

Card table byte_map: [0x000000010a616000,0x000000010aa40000] byte_map_base: 0x0000000106a3f000

Polling page: 0x00000001059aa000

Code Cache  [0x0000000107556000, 0x00000001077c6000, 0x000000010a556000)
 total_blobs=940 nmethods=344 adapters=550 free_code_cache=47911Kb largest_free_block=49043136

Compilation events (10 events):
Event: 87.972 Thread 0x00007fe35c00a000  334             com.badlogic.gdx.utils.Array::iterator (27 bytes)
Event: 87.973 Thread 0x00007fe35c00a000 nmethod 334 0x0000000107688ad0 code [0x0000000107688c20, 0x0000000107688d18]
Event: 88.840 Thread 0x00007fe35c00b800  335             java.util.ArrayList::clear (39 bytes)
Event: 88.842 Thread 0x00007fe35c00b800 nmethod 335 0x0000000107679d10 code [0x0000000107679e40, 0x0000000107679ef8]
Event: 90.976 Thread 0x00007fe35c00a000  336   !         com.badlogic.gdx.utils.BufferUtils::newUnsafeByteBuffer (46 bytes)
Event: 90.980 Thread 0x00007fe35c00a000 nmethod 336 0x000000010768a150 code [0x000000010768a300, 0x000000010768a7f8]
Event: 98.981 Thread 0x00007fe35c00b800  338             com.badlogic.gdx.maps.tiled.renderers.BatchTiledMapRenderer::render (87 bytes)
Event: 98.990 Thread 0x00007fe35c00b800 nmethod 338 0x0000000107683450 code [0x0000000107683640, 0x0000000107683ba8]
Event: 105.422 Thread 0x00007fe35c00a000  339             java.util.HashMap::put (142 bytes)
Event: 105.426 Thread 0x00007fe35c00a000 nmethod 339 0x00000001076896d0 code [0x0000000107689880, 0x0000000107689ca0]

GC Heap History (10 events):
Event: 77.031 GC heap before
{Heap before GC invocations=13 (full 1):
 PSYoungGen      total 70144K, used 64002K [0x00000007d5500000, 0x00000007db480000, 0x0000000800000000)
  eden space 47616K, 100% used [0x00000007d5500000,0x00000007d8380000,0x00000007d8380000)
  from space 22528K, 72% used [0x00000007d8380000,0x00000007d9380868,0x00000007d9980000)
  to   space 23552K, 0% used [0x00000007d9d80000,0x00000007d9d80000,0x00000007db480000)
 ParOldGen       total 153600K, used 73964K [0x0000000780000000, 0x0000000789600000, 0x00000007d5500000)
  object space 153600K, 48% used [0x0000000780000000,0x000000078483b298,0x0000000789600000)
 PSPermGen       total 29696K, used 14731K [0x000000077ae00000, 0x000000077cb00000, 0x0000000780000000)
  object space 29696K, 49% used [0x000000077ae00000,0x000000077bc62e68,0x000000077cb00000)
Event: 77.040 GC heap after
Heap after GC invocations=13 (full 1):
 PSYoungGen      total 72192K, used 18810K [0x00000007d5500000, 0x00000007db880000, 0x0000000800000000)
  eden space 48640K, 0% used [0x00000007d5500000,0x00000007d5500000,0x00000007d8480000)
  from space 23552K, 79% used [0x00000007d9d80000,0x00000007dafdebd8,0x00000007db480000)
  to   space 25600K, 0% used [0x00000007d8480000,0x00000007d8480000,0x00000007d9d80000)
 ParOldGen       total 153600K, used 73964K [0x0000000780000000, 0x0000000789600000, 0x00000007d5500000)
  object space 153600K, 48% used [0x0000000780000000,0x000000078483b298,0x0000000789600000)
 PSPermGen       total 29696K, used 14731K [0x000000077ae00000, 0x000000077cb00000, 0x0000000780000000)
  object space 29696K, 49% used [0x000000077ae00000,0x000000077bc62e68,0x000000077cb00000)
}
Event: 85.770 GC heap before
{Heap before GC invocations=14 (full 1):
 PSYoungGen      total 72192K, used 67450K [0x00000007d5500000, 0x00000007db880000, 0x0000000800000000)
  eden space 48640K, 100% used [0x00000007d5500000,0x00000007d8480000,0x00000007d8480000)
  from space 23552K, 79% used [0x00000007d9d80000,0x00000007dafdebd8,0x00000007db480000)
  to   space 25600K, 0% used [0x00000007d8480000,0x00000007d8480000,0x00000007d9d80000)
 ParOldGen       total 153600K, used 73964K [0x0000000780000000, 0x0000000789600000, 0x00000007d5500000)
  object space 153600K, 48% used [0x0000000780000000,0x000000078483b298,0x0000000789600000)
 PSPermGen       total 29696K, used 14734K [0x000000077ae00000, 0x000000077cb00000, 0x0000000780000000)
  object space 29696K, 49% used [0x000000077ae00000,0x000000077bc63a70,0x000000077cb00000)
Event: 85.785 GC heap after
Heap after GC invocations=14 (full 1):
 PSYoungGen      total 74240K, used 21274K [0x00000007d5500000, 0x00000007dbe00000, 0x0000000800000000)
  eden space 48640K, 0% used [0x00000007d5500000,0x00000007d5500000,0x00000007d8480000)
  from space 25600K, 83% used [0x00000007d8480000,0x00000007d9946bd8,0x00000007d9d80000)
  to   space 27648K, 0% used [0x00000007da300000,0x00000007da300000,0x00000007dbe00000)
 ParOldGen       total 153600K, used 73964K [0x0000000780000000, 0x0000000789600000, 0x00000007d5500000)
  object space 153600K, 48% used [0x0000000780000000,0x000000078483b298,0x0000000789600000)
 PSPermGen       total 29696K, used 14734K [0x000000077ae00000, 0x000000077cb00000, 0x0000000780000000)
  object space 29696K, 49% used [0x000000077ae00000,0x000000077bc63a70,0x000000077cb00000)
}
Event: 94.529 GC heap before
{Heap before GC invocations=15 (full 1):
 PSYoungGen      total 74240K, used 69914K [0x00000007d5500000, 0x00000007dbe00000, 0x0000000800000000)
  eden space 48640K, 100% used [0x00000007d5500000,0x00000007d8480000,0x00000007d8480000)
  from space 25600K, 83% used [0x00000007d8480000,0x00000007d9946bd8,0x00000007d9d80000)
  to   space 27648K, 0% used [0x00000007da300000,0x00000007da300000,0x00000007dbe00000)
 ParOldGen       total 153600K, used 73964K [0x0000000780000000, 0x0000000789600000, 0x00000007d5500000)
  object space 153600K, 48% used [0x0000000780000000,0x000000078483b298,0x0000000789600000)
 PSPermGen       total 29696K, used 14734K [0x000000077ae00000, 0x000000077cb00000, 0x0000000780000000)
  object space 29696K, 49% used [0x000000077ae00000,0x000000077bc63b40,0x000000077cb00000)
Event: 94.541 GC heap after
Heap after GC invocations=15 (full 1):
 PSYoungGen      total 77312K, used 23674K [0x00000007d5500000, 0x00000007dc300000, 0x0000000800000000)
  eden space 49664K, 0% used [0x00000007d5500000,0x00000007d5500000,0x00000007d8580000)
  from space 27648K, 85% used [0x00000007da300000,0x00000007dba1ebd8,0x00000007dbe00000)
  to   space 30208K, 0% used [0x00000007d8580000,0x00000007d8580000,0x00000007da300000)
 ParOldGen       total 153600K, used 73964K [0x0000000780000000, 0x0000000789600000, 0x00000007d5500000)
  object space 153600K, 48% used [0x0000000780000000,0x000000078483b298,0x0000000789600000)
 PSPermGen       total 29696K, used 14734K [0x000000077ae00000, 0x000000077cb00000, 0x0000000780000000)
  object space 29696K, 49% used [0x000000077ae00000,0x000000077bc63b40,0x000000077cb00000)
}
Event: 103.502 GC heap before
{Heap before GC invocations=16 (full 1):
 PSYoungGen      total 77312K, used 73338K [0x00000007d5500000, 0x00000007dc300000, 0x0000000800000000)
  eden space 49664K, 100% used [0x00000007d5500000,0x00000007d8580000,0x00000007d8580000)
  from space 27648K, 85% used [0x00000007da300000,0x00000007dba1ebd8,0x00000007dbe00000)
  to   space 30208K, 0% used [0x00000007d8580000,0x00000007d8580000,0x00000007da300000)
 ParOldGen       total 153600K, used 73964K [0x0000000780000000, 0x0000000789600000, 0x00000007d5500000)
  object space 153600K, 48% used [0x0000000780000000,0x000000078483b298,0x0000000789600000)
 PSPermGen       total 29696K, used 14735K [0x000000077ae00000, 0x000000077cb00000, 0x0000000780000000)
  object space 29696K, 49% used [0x000000077ae00000,0x000000077bc63c40,0x000000077cb00000)
Event: 103.512 GC heap after
Heap after GC invocations=16 (full 1):
 PSYoungGen      total 79872K, used 26138K [0x00000007d5500000, 0x00000007dc980000, 0x0000000800000000)
  eden space 49664K, 0% used [0x00000007d5500000,0x00000007d5500000,0x00000007d8580000)
  from space 30208K, 86% used [0x00000007d8580000,0x00000007d9f06bd8,0x00000007da300000)
  to   space 33280K, 0% used [0x00000007da900000,0x00000007da900000,0x00000007dc980000)
 ParOldGen       total 153600K, used 73964K [0x0000000780000000, 0x0000000789600000, 0x00000007d5500000)
  object space 153600K, 48% used [0x0000000780000000,0x000000078483b298,0x0000000789600000)
 PSPermGen       total 29696K, used 14735K [0x000000077ae00000, 0x000000077cb00000, 0x0000000780000000)
  object space 29696K, 49% used [0x000000077ae00000,0x000000077bc63c40,0x000000077cb00000)
}
Event: 112.393 GC heap before
{Heap before GC invocations=17 (full 1):
 PSYoungGen      total 79872K, used 75802K [0x00000007d5500000, 0x00000007dc980000, 0x0000000800000000)
  eden space 49664K, 100% used [0x00000007d5500000,0x00000007d8580000,0x00000007d8580000)
  from space 30208K, 86% used [0x00000007d8580000,0x00000007d9f06bd8,0x00000007da300000)
  to   space 33280K, 0% used [0x00000007da900000,0x00000007da900000,0x00000007dc980000)
 ParOldGen       total 153600K, used 73964K [0x0000000780000000, 0x0000000789600000, 0x00000007d5500000)
  object space 153600K, 48% used [0x0000000780000000,0x000000078483b298,0x0000000789600000)
 PSPermGen       total 29696K, used 14735K [0x000000077ae00000, 0x000000077cb00000, 0x0000000780000000)
  object space 29696K, 49% used [0x000000077ae00000,0x000000077bc63c40,0x000000077cb00000)
Event: 112.407 GC heap after
Heap after GC invocations=17 (full 1):
 PSYoungGen      total 82944K, used 28673K [0x00000007d5500000, 0x00000007dd000000, 0x0000000800000000)
  eden space 49664K, 0% used [0x00000007d5500000,0x00000007d5500000,0x00000007d8580000)
  from space 33280K, 86% used [0x00000007da900000,0x00000007dc500418,0x00000007dc980000)
  to   space 36352K, 0% used [0x00000007d8580000,0x00000007d8580000,0x00000007da900000)
 ParOldGen       total 153600K, used 73964K [0x0000000780000000, 0x0000000789600000, 0x00000007d5500000)
  object space 153600K, 48% used [0x0000000780000000,0x000000078483b298,0x0000000789600000)
 PSPermGen       total 29696K, used 14735K [0x000000077ae00000, 0x000000077cb00000, 0x0000000780000000)
  object space 29696K, 49% used [0x000000077ae00000,0x000000077bc63c40,0x000000077cb00000)
}

Deoptimization events (10 events):
Event: 2.185 Thread 0x00007fe35a8cd000 Uncommon trap: reason=class_check action=maybe_recompile pc=0x00000001075ce60c method=java.lang.String.equals(Ljava/lang/Object;)Z @ 8
Event: 2.185 Thread 0x00007fe35a8cd000 Uncommon trap: reason=class_check action=maybe_recompile pc=0x00000001075ce60c method=java.lang.String.equals(Ljava/lang/Object;)Z @ 8
Event: 2.186 Thread 0x00007fe35a8cd000 Uncommon trap: reason=class_check action=maybe_recompile pc=0x00000001075ce60c method=java.lang.String.equals(Ljava/lang/Object;)Z @ 8
Event: 2.871 Thread 0x00007fe35c20b000 Uncommon trap: reason=class_check action=maybe_recompile pc=0x00000001075fbe90 method=java.io.FilterInputStream.read([B)I @ 5
Event: 2.871 Thread 0x00007fe35c20b000 Uncommon trap: reason=class_check action=maybe_recompile pc=0x00000001075fbe90 method=java.io.FilterInputStream.read([B)I @ 5
Event: 2.993 Thread 0x00007fe35c20b000 Uncommon trap: reason=class_check action=maybe_recompile pc=0x00000001075fbe90 method=java.io.FilterInputStream.read([B)I @ 5
Event: 2.993 Thread 0x00007fe35c20b000 Uncommon trap: reason=class_check action=maybe_recompile pc=0x00000001075fbe90 method=java.io.FilterInputStream.read([B)I @ 5
Event: 21.701 Thread 0x00007fe35c20b000 Uncommon trap: reason=null_check action=make_not_entrant pc=0x0000000107650b38 method=com.badlogic.gdx.utils.ObjectIntMap.put(Ljava/lang/Object;I)V @ 43
Event: 31.009 Thread 0x00007fe35c20b000 Uncommon trap: reason=null_check action=make_not_entrant pc=0x000000010766d4dc method=com.badlogic.gdx.utils.ObjectIntMap.put(Ljava/lang/Object;I)V @ 75
Event: 40.282 Thread 0x00007fe35c20b000 Uncommon trap: reason=null_check action=make_not_entrant pc=0x0000000107669de0 method=com.badlogic.gdx.utils.ObjectIntMap.put(Ljava/lang/Object;I)V @ 107

Internal exceptions (10 events):
Event: 3.030 Thread 0x00007fe35c20b000 Threw 0x00000007d680b388 at /HUDSON/workspace/7u-2-build-macosx-x86_64/jdk7u51/527/hotspot/src/share/vm/prims/jvm.cpp:1244
Event: 3.042 Thread 0x00007fe35c20b000 Threw 0x00000007d68200d8 at /HUDSON/workspace/7u-2-build-macosx-x86_64/jdk7u51/527/hotspot/src/share/vm/prims/jvm.cpp:1244
Event: 3.045 Thread 0x00007fe35c20b000 Threw 0x00000007d6824ae0 at /HUDSON/workspace/7u-2-build-macosx-x86_64/jdk7u51/527/hotspot/src/share/vm/prims/jvm.cpp:1244
Event: 3.046 Thread 0x00007fe35c20b000 Threw 0x00000007d6829b68 at /HUDSON/workspace/7u-2-build-macosx-x86_64/jdk7u51/527/hotspot/src/share/vm/prims/jvm.cpp:1244
Event: 3.367 Thread 0x00007fe35c20b000 Threw 0x00000007d69e9c18 at /HUDSON/workspace/7u-2-build-macosx-x86_64/jdk7u51/527/hotspot/src/share/vm/prims/jvm.cpp:1244
Event: 21.701 Thread 0x00007fe35c20b000 Implicit null exception at 0x000000010765049f to 0x0000000107650b15
Event: 31.009 Thread 0x00007fe35c20b000 Implicit null exception at 0x000000010766ce2b to 0x000000010766d4b9
Event: 40.282 Thread 0x00007fe35c20b000 Implicit null exception at 0x000000010766982d to 0x0000000107669da1
Event: 113.766 Thread 0x00007fe35c20b000 Threw 0x00000007d5c78718 at /HUDSON/workspace/7u-2-build-macosx-x86_64/jdk7u51/527/hotspot/src/share/vm/prims/jvm.cpp:1244
Event: 114.055 Thread 0x00007fe35c20b000 Threw 0x00000007d5c7e270 at /HUDSON/workspace/7u-2-build-macosx-x86_64/jdk7u51/527/hotspot/src/share/vm/prims/jvm.cpp:1244

Events (10 events):
Event: 94.529 Executing VM operation: ParallelGCFailedAllocation
Event: 94.541 Executing VM operation: ParallelGCFailedAllocation done
Event: 103.502 Executing VM operation: ParallelGCFailedAllocation
Event: 103.512 Executing VM operation: ParallelGCFailedAllocation done
Event: 112.393 Executing VM operation: ParallelGCFailedAllocation
Event: 112.407 Executing VM operation: ParallelGCFailedAllocation done
Event: 113.766 loading class 0x00007fe35a788ac0
Event: 113.766 loading class 0x00007fe35a788ac0 done
Event: 114.055 loading class 0x00007fe35a4cf0c0
Event: 114.055 loading class 0x00007fe35a4cf0c0 done


Dynamic libraries:
0x0000000009cfb000 	/System/Library/Frameworks/Cocoa.framework/Versions/A/Cocoa
0x0000000009cfb000 	/System/Library/Frameworks/Security.framework/Versions/A/Security
0x0000000009cfb000 	/System/Library/Frameworks/ApplicationServices.framework/Versions/A/ApplicationServices
0x0000000009cfb000 	/usr/lib/libz.1.dylib
0x0000000009cfb000 	/usr/lib/libSystem.B.dylib
0x0000000009cfb000 	/usr/lib/libobjc.A.dylib
0x0000000009cfb000 	/System/Library/Frameworks/CoreFoundation.framework/Versions/A/CoreFoundation
0x0000000009cfb000 	/System/Library/Frameworks/Foundation.framework/Versions/C/Foundation
0x0000000009cfb000 	/System/Library/Frameworks/AppKit.framework/Versions/C/AppKit
0x0000000009cfb000 	/System/Library/Frameworks/CoreData.framework/Versions/A/CoreData
0x0000000009cfb000 	/System/Library/PrivateFrameworks/RemoteViewServices.framework/Versions/A/RemoteViewServices
0x0000000009cfb000 	/System/Library/PrivateFrameworks/UIFoundation.framework/Versions/A/UIFoundation
0x0000000009cfb000 	/System/Library/Frameworks/IOSurface.framework/Versions/A/IOSurface
0x0000000009cfb000 	/System/Library/Frameworks/AudioToolbox.framework/Versions/A/AudioToolbox
0x0000000009cfb000 	/System/Library/Frameworks/AudioUnit.framework/Versions/A/AudioUnit
0x0000000009cfb000 	/System/Library/PrivateFrameworks/DataDetectorsCore.framework/Versions/A/DataDetectorsCore
0x0000000009cfb000 	/System/Library/PrivateFrameworks/DesktopServicesPriv.framework/Versions/A/DesktopServicesPriv
0x0000000009cfb000 	/System/Library/Frameworks/Carbon.framework/Versions/A/Frameworks/HIToolbox.framework/Versions/A/HIToolbox
0x0000000009cfb000 	/System/Library/Frameworks/QuartzCore.framework/Versions/A/QuartzCore
0x0000000009cfb000 	/System/Library/Frameworks/Carbon.framework/Versions/A/Frameworks/SpeechRecognition.framework/Versions/A/SpeechRecognition
0x0000000009cfb000 	/usr/lib/libauto.dylib
0x0000000009cfb000 	/usr/lib/libicucore.A.dylib
0x0000000009cfb000 	/usr/lib/libxml2.2.dylib
0x0000000009cfb000 	/System/Library/PrivateFrameworks/CoreUI.framework/Versions/A/CoreUI
0x0000000009cfb000 	/System/Library/Frameworks/CoreAudio.framework/Versions/A/CoreAudio
0x0000000009cfb000 	/System/Library/Frameworks/DiskArbitration.framework/Versions/A/DiskArbitration
0x0000000009cfb000 	/usr/lib/liblangid.dylib
0x0000000009cfb000 	/System/Library/PrivateFrameworks/MultitouchSupport.framework/Versions/A/MultitouchSupport
0x0000000009cfb000 	/System/Library/Frameworks/IOKit.framework/Versions/A/IOKit
0x0000000009cfb000 	/usr/lib/libDiagnosticMessagesClient.dylib
0x0000000009cfb000 	/System/Library/Frameworks/CoreServices.framework/Versions/A/CoreServices
0x0000000009cfb000 	/System/Library/PrivateFrameworks/PerformanceAnalysis.framework/Versions/A/PerformanceAnalysis
0x0000000009cfb000 	/System/Library/PrivateFrameworks/GenerationalStorage.framework/Versions/A/GenerationalStorage
0x0000000009cfb000 	/System/Library/Frameworks/OpenGL.framework/Versions/A/OpenGL
0x0000000009cfb000 	/System/Library/PrivateFrameworks/Sharing.framework/Versions/A/Sharing
0x0000000009cfb000 	/System/Library/Frameworks/CoreGraphics.framework/Versions/A/CoreGraphics
0x0000000009cfb000 	/System/Library/Frameworks/CoreText.framework/Versions/A/CoreText
0x0000000009cfb000 	/System/Library/Frameworks/ImageIO.framework/Versions/A/ImageIO
0x0000000009cfb000 	/usr/lib/libextension.dylib
0x0000000009cfb000 	/System/Library/PrivateFrameworks/Backup.framework/Versions/A/Backup
0x0000000009cfb000 	/usr/lib/libarchive.2.dylib
0x0000000009cfb000 	/System/Library/Frameworks/CFNetwork.framework/Versions/A/CFNetwork
0x0000000009cfb000 	/System/Library/Frameworks/SystemConfiguration.framework/Versions/A/SystemConfiguration
0x0000000009cfb000 	/usr/lib/libCRFSuite.dylib
0x0000000009cfb000 	/usr/lib/libc++.1.dylib
0x0000000009cfb000 	/usr/lib/libc++abi.dylib
0x0000000009cfb000 	/usr/lib/system/libcache.dylib
0x0000000009cfb000 	/usr/lib/system/libcommonCrypto.dylib
0x0000000009cfb000 	/usr/lib/system/libcompiler_rt.dylib
0x0000000009cfb000 	/usr/lib/system/libcopyfile.dylib
0x0000000009cfb000 	/usr/lib/system/libcorecrypto.dylib
0x0000000009cfb000 	/usr/lib/system/libdispatch.dylib
0x0000000009cfb000 	/usr/lib/system/libdyld.dylib
0x0000000009cfb000 	/usr/lib/system/libkeymgr.dylib
0x0000000009cfb000 	/usr/lib/system/liblaunch.dylib
0x0000000009cfb000 	/usr/lib/system/libmacho.dylib
0x0000000009cfb000 	/usr/lib/system/libquarantine.dylib
0x0000000009cfb000 	/usr/lib/system/libremovefile.dylib
0x0000000009cfb000 	/usr/lib/system/libsystem_asl.dylib
0x0000000009cfb000 	/usr/lib/system/libsystem_blocks.dylib
0x0000000009cfb000 	/usr/lib/system/libsystem_c.dylib
0x0000000009cfb000 	/usr/lib/system/libsystem_configuration.dylib
0x0000000009cfb000 	/usr/lib/system/libsystem_coreservices.dylib
0x0000000009cfb000 	/usr/lib/system/libsystem_coretls.dylib
0x0000000009cfb000 	/usr/lib/system/libsystem_dnssd.dylib
0x0000000009cfb000 	/usr/lib/system/libsystem_info.dylib
0x0000000009cfb000 	/usr/lib/system/libsystem_kernel.dylib
0x0000000009cfb000 	/usr/lib/system/libsystem_m.dylib
0x0000000009cfb000 	/usr/lib/system/libsystem_malloc.dylib
0x0000000009cfb000 	/usr/lib/system/libsystem_network.dylib
0x0000000009cfb000 	/usr/lib/system/libsystem_networkextension.dylib
0x0000000009cfb000 	/usr/lib/system/libsystem_notify.dylib
0x0000000009cfb000 	/usr/lib/system/libsystem_platform.dylib
0x0000000009cfb000 	/usr/lib/system/libsystem_pthread.dylib
0x0000000009cfb000 	/usr/lib/system/libsystem_sandbox.dylib
0x0000000009cfb000 	/usr/lib/system/libsystem_secinit.dylib
0x0000000009cfb000 	/usr/lib/system/libsystem_stats.dylib
0x0000000009cfb000 	/usr/lib/system/libsystem_trace.dylib
0x0000000009cfb000 	/usr/lib/system/libunc.dylib
0x0000000009cfb000 	/usr/lib/system/libunwind.dylib
0x0000000009cfb000 	/usr/lib/system/libxpc.dylib
0x0000000009cfb000 	/usr/lib/libbz2.1.0.dylib
0x0000000009cfb000 	/usr/lib/liblzma.5.dylib
0x0000000009cfb000 	/usr/lib/libbsm.0.dylib
0x0000000009cfb000 	/usr/lib/libsqlite3.dylib
0x0000000009cfb000 	/usr/lib/system/libkxld.dylib
0x0000000009cfb000 	/usr/lib/libxar.1.dylib
0x0000000009cfb000 	/usr/lib/libpam.2.dylib
0x0000000009cfb000 	/usr/lib/libOpenScriptingUtil.dylib
0x0000000009cfb000 	/System/Library/Frameworks/CoreServices.framework/Versions/A/Frameworks/FSEvents.framework/Versions/A/FSEvents
0x0000000009cfb000 	/System/Library/Frameworks/CoreServices.framework/Versions/A/Frameworks/CarbonCore.framework/Versions/A/CarbonCore
0x0000000009cfb000 	/System/Library/Frameworks/CoreServices.framework/Versions/A/Frameworks/Metadata.framework/Versions/A/Metadata
0x0000000009cfb000 	/System/Library/Frameworks/CoreServices.framework/Versions/A/Frameworks/OSServices.framework/Versions/A/OSServices
0x0000000009cfb000 	/System/Library/Frameworks/CoreServices.framework/Versions/A/Frameworks/SearchKit.framework/Versions/A/SearchKit
0x0000000009cfb000 	/System/Library/Frameworks/CoreServices.framework/Versions/A/Frameworks/AE.framework/Versions/A/AE
0x0000000009cfb000 	/System/Library/Frameworks/CoreServices.framework/Versions/A/Frameworks/LaunchServices.framework/Versions/A/LaunchServices
0x0000000009cfb000 	/System/Library/Frameworks/CoreServices.framework/Versions/A/Frameworks/DictionaryServices.framework/Versions/A/DictionaryServices
0x0000000009cfb000 	/System/Library/Frameworks/NetFS.framework/Versions/A/NetFS
0x0000000009cfb000 	/System/Library/PrivateFrameworks/NetAuth.framework/Versions/A/NetAuth
0x0000000009cfb000 	/System/Library/PrivateFrameworks/login.framework/Versions/A/Frameworks/loginsupport.framework/Versions/A/loginsupport
0x0000000009cfb000 	/System/Library/PrivateFrameworks/TCC.framework/Versions/A/TCC
0x0000000009cfb000 	/usr/lib/libmecabra.dylib
0x0000000009cfb000 	/System/Library/Frameworks/ApplicationServices.framework/Versions/A/Frameworks/ATS.framework/Versions/A/ATS
0x0000000009cfb000 	/System/Library/Frameworks/ApplicationServices.framework/Versions/A/Frameworks/ColorSync.framework/Versions/A/ColorSync
0x0000000009cfb000 	/System/Library/Frameworks/ApplicationServices.framework/Versions/A/Frameworks/HIServices.framework/Versions/A/HIServices
0x0000000009cfb000 	/System/Library/Frameworks/ApplicationServices.framework/Versions/A/Frameworks/LangAnalysis.framework/Versions/A/LangAnalysis
0x0000000009cfb000 	/System/Library/Frameworks/ApplicationServices.framework/Versions/A/Frameworks/PrintCore.framework/Versions/A/PrintCore
0x0000000009cfb000 	/System/Library/Frameworks/ApplicationServices.framework/Versions/A/Frameworks/QD.framework/Versions/A/QD
0x0000000009cfb000 	/System/Library/Frameworks/ApplicationServices.framework/Versions/A/Frameworks/SpeechSynthesis.framework/Versions/A/SpeechSynthesis
0x0000000009cfb000 	/System/Library/Frameworks/Accelerate.framework/Versions/A/Accelerate
0x0000000009cfb000 	/System/Library/Frameworks/Accelerate.framework/Versions/A/Frameworks/vImage.framework/Versions/A/vImage
0x0000000009cfb000 	/System/Library/Frameworks/Accelerate.framework/Versions/A/Frameworks/vecLib.framework/Versions/A/vecLib
0x0000000009cfb000 	/System/Library/Frameworks/Accelerate.framework/Versions/A/Frameworks/vecLib.framework/Versions/A/libvDSP.dylib
0x0000000009cfb000 	/System/Library/Frameworks/Accelerate.framework/Versions/A/Frameworks/vecLib.framework/Versions/A/libvMisc.dylib
0x0000000009cfb000 	/System/Library/Frameworks/Accelerate.framework/Versions/A/Frameworks/vecLib.framework/Versions/A/libLAPACK.dylib
0x0000000009cfb000 	/System/Library/Frameworks/Accelerate.framework/Versions/A/Frameworks/vecLib.framework/Versions/A/libBLAS.dylib
0x0000000009cfb000 	/System/Library/Frameworks/Accelerate.framework/Versions/A/Frameworks/vecLib.framework/Versions/A/libLinearAlgebra.dylib
0x0000000009cfb000 	/System/Library/Frameworks/ApplicationServices.framework/Versions/A/Frameworks/ATS.framework/Versions/A/Resources/libFontParser.dylib
0x0000000009cfb000 	/System/Library/Frameworks/ApplicationServices.framework/Versions/A/Frameworks/ATS.framework/Versions/A/Resources/libFontRegistry.dylib
0x0000000009cfb000 	/System/Library/PrivateFrameworks/AppleVPA.framework/Versions/A/AppleVPA
0x0000000009cfb000 	/System/Library/PrivateFrameworks/AppleJPEG.framework/Versions/A/AppleJPEG
0x0000000009cfb000 	/System/Library/Frameworks/ImageIO.framework/Versions/A/Resources/libJPEG.dylib
0x0000000009cfb000 	/System/Library/Frameworks/ImageIO.framework/Versions/A/Resources/libTIFF.dylib
0x0000000009cfb000 	/System/Library/Frameworks/ImageIO.framework/Versions/A/Resources/libPng.dylib
0x0000000009cfb000 	/System/Library/Frameworks/ImageIO.framework/Versions/A/Resources/libGIF.dylib
0x0000000009cfb000 	/System/Library/Frameworks/ImageIO.framework/Versions/A/Resources/libJP2.dylib
0x0000000009cfb000 	/System/Library/Frameworks/ImageIO.framework/Versions/A/Resources/libRadiance.dylib
0x0000000009cfb000 	/System/Library/Frameworks/CoreVideo.framework/Versions/A/CoreVideo
0x0000000009cfb000 	/System/Library/Frameworks/OpenGL.framework/Versions/A/Libraries/libGLU.dylib
0x0000000009cfb000 	/System/Library/Frameworks/OpenGL.framework/Versions/A/Libraries/libGFXShared.dylib
0x0000000009cfb000 	/System/Library/Frameworks/OpenGL.framework/Versions/A/Libraries/libGL.dylib
0x0000000009cfb000 	/System/Library/Frameworks/OpenGL.framework/Versions/A/Libraries/libGLImage.dylib
0x0000000009cfb000 	/System/Library/Frameworks/OpenGL.framework/Versions/A/Libraries/libCVMSPluginSupport.dylib
0x0000000009cfb000 	/System/Library/Frameworks/OpenGL.framework/Versions/A/Libraries/libCoreVMClient.dylib
0x0000000009cfb000 	/usr/lib/libcups.2.dylib
0x0000000009cfb000 	/System/Library/Frameworks/Kerberos.framework/Versions/A/Kerberos
0x0000000009cfb000 	/System/Library/Frameworks/GSS.framework/Versions/A/GSS
0x0000000009cfb000 	/usr/lib/libresolv.9.dylib
0x0000000009cfb000 	/usr/lib/libiconv.2.dylib
0x0000000009cfb000 	/System/Library/PrivateFrameworks/Heimdal.framework/Versions/A/Heimdal
0x0000000009cfb000 	/usr/lib/libheimdal-asn1.dylib
0x0000000009cfb000 	/System/Library/Frameworks/OpenDirectory.framework/Versions/A/OpenDirectory
0x0000000009cfb000 	/System/Library/PrivateFrameworks/CommonAuth.framework/Versions/A/CommonAuth
0x0000000009cfb000 	/System/Library/Frameworks/OpenDirectory.framework/Versions/A/Frameworks/CFOpenDirectory.framework/Versions/A/CFOpenDirectory
0x0000000009cfb000 	/System/Library/Frameworks/SecurityFoundation.framework/Versions/A/SecurityFoundation
0x0000000009cfb000 	/System/Library/PrivateFrameworks/LanguageModeling.framework/Versions/A/LanguageModeling
0x0000000009cfb000 	/usr/lib/libcmph.dylib
0x0000000009cfb000 	/System/Library/Frameworks/ServiceManagement.framework/Versions/A/ServiceManagement
0x0000000009cfb000 	/usr/lib/libxslt.1.dylib
0x0000000009cfb000 	/System/Library/Frameworks/Carbon.framework/Versions/A/Frameworks/Ink.framework/Versions/A/Ink
0x0000000009cfb000 	/System/Library/Frameworks/QuartzCore.framework/Versions/A/Frameworks/CoreImage.framework/Versions/A/CoreImage
0x0000000009cfb000 	/System/Library/PrivateFrameworks/CrashReporterSupport.framework/Versions/A/CrashReporterSupport
0x0000000009cfb000 	/System/Library/Frameworks/OpenCL.framework/Versions/A/OpenCL
0x0000000009cfb000 	/System/Library/PrivateFrameworks/FaceCore.framework/Versions/A/FaceCore
0x0000000009cfb000 	/System/Library/PrivateFrameworks/Ubiquity.framework/Versions/A/Ubiquity
0x0000000009cfb000 	/System/Library/PrivateFrameworks/IconServices.framework/Versions/A/IconServices
0x0000000009cfb000 	/System/Library/PrivateFrameworks/ChunkingLibrary.framework/Versions/A/ChunkingLibrary
0x0000000009cfb000 	/System/Library/PrivateFrameworks/Apple80211.framework/Versions/A/Apple80211
0x0000000009cfb000 	/System/Library/Frameworks/CoreWLAN.framework/Versions/A/CoreWLAN
0x0000000009cfb000 	/System/Library/Frameworks/IOBluetooth.framework/Versions/A/IOBluetooth
0x0000000009cfb000 	/System/Library/PrivateFrameworks/CoreWiFi.framework/Versions/A/CoreWiFi
0x0000000009cfb000 	/System/Library/Frameworks/CoreBluetooth.framework/Versions/A/CoreBluetooth
0x0000000009cfb000 	/System/Library/PrivateFrameworks/DebugSymbols.framework/Versions/A/DebugSymbols
0x0000000009cfb000 	/System/Library/PrivateFrameworks/CoreSymbolication.framework/Versions/A/CoreSymbolication
0x0000000009cfb000 	/System/Library/PrivateFrameworks/Symbolication.framework/Versions/A/Symbolication
0x0000000009cfb000 	/System/Library/PrivateFrameworks/SpeechRecognitionCore.framework/Versions/A/SpeechRecognitionCore
0x0000000106a00000 	/Library/Java/JavaVirtualMachines/jdk1.7.0_51.jdk/Contents/Home/jre/lib/server/libjvm.dylib
0x0000000009cfb000 	/usr/lib/libstdc++.6.dylib
0x000000010596d000 	/Library/Java/JavaVirtualMachines/jdk1.7.0_51.jdk/Contents/Home/jre/lib/libverify.dylib
0x000000010597a000 	/Library/Java/JavaVirtualMachines/jdk1.7.0_51.jdk/Contents/Home/jre/lib/libjava.dylib
0x00000001059b4000 	/Library/Java/JavaVirtualMachines/jdk1.7.0_51.jdk/Contents/Home/jre/lib/libzip.dylib
0x00000001059e7000 	/System/Library/Frameworks/JavaVM.framework/Frameworks/JavaRuntimeSupport.framework/JavaRuntimeSupport
0x0000000111e25000 	/System/Library/Frameworks/JavaVM.framework/Versions/A/Frameworks/JavaNativeFoundation.framework/Versions/A/JavaNativeFoundation
0x0000000111e3a000 	/System/Library/Frameworks/JavaVM.framework/Versions/A/JavaVM
0x0000000009cfb000 	/System/Library/Frameworks/Carbon.framework/Versions/A/Carbon
0x0000000111e47000 	/System/Library/PrivateFrameworks/JavaLaunching.framework/Versions/A/JavaLaunching
0x0000000009cfb000 	/System/Library/Frameworks/Carbon.framework/Versions/A/Frameworks/CommonPanels.framework/Versions/A/CommonPanels
0x0000000009cfb000 	/System/Library/Frameworks/Carbon.framework/Versions/A/Frameworks/Help.framework/Versions/A/Help
0x0000000009cfb000 	/System/Library/Frameworks/Carbon.framework/Versions/A/Frameworks/ImageCapture.framework/Versions/A/ImageCapture
0x0000000009cfb000 	/System/Library/Frameworks/Carbon.framework/Versions/A/Frameworks/OpenScripting.framework/Versions/A/OpenScripting
0x0000000009cfb000 	/System/Library/Frameworks/Carbon.framework/Versions/A/Frameworks/Print.framework/Versions/A/Print
0x0000000009cfb000 	/System/Library/Frameworks/Carbon.framework/Versions/A/Frameworks/SecurityHI.framework/Versions/A/SecurityHI
0x0000000113cba000 	/Library/Java/JavaVirtualMachines/jdk1.7.0_51.jdk/Contents/Home/jre/lib/libawt.dylib
0x0000000113d69000 	/Library/Java/JavaVirtualMachines/jdk1.7.0_51.jdk/Contents/Home/jre/lib/./libmlib_image.dylib
0x0000000113e35000 	/Library/Java/JavaVirtualMachines/jdk1.7.0_51.jdk/Contents/Home/jre/lib/lwawt/liblwawt.dylib
0x0000000113ee9000 	/Library/Java/JavaVirtualMachines/jdk1.7.0_51.jdk/Contents/Home/jre/lib/libosxapp.dylib
0x0000000009cfb000 	/System/Library/Frameworks/ExceptionHandling.framework/Versions/A/ExceptionHandling
0x0000000009cfb000 	/System/Library/PrivateFrameworks/CoreServicesInternal.framework/Versions/A/CoreServicesInternal
0x0000000009cfb000 	/System/Library/PrivateFrameworks/CloudDocs.framework/Versions/A/CloudDocs
0x0000000009cfb000 	/System/Library/PrivateFrameworks/CoreDuet.framework/Versions/A/CoreDuet
0x0000000009cfb000 	/System/Library/Frameworks/CloudKit.framework/Versions/A/CloudKit
0x0000000009cfb000 	/System/Library/PrivateFrameworks/ProtocolBuffer.framework/Versions/A/ProtocolBuffer
0x0000000009cfb000 	/System/Library/PrivateFrameworks/CoreDuetDaemonProtocol.framework/Versions/A/CoreDuetDaemonProtocol
0x0000000009cfb000 	/System/Library/PrivateFrameworks/CoreDuetDebugLogging.framework/Versions/A/CoreDuetDebugLogging
0x0000000009cfb000 	/System/Library/PrivateFrameworks/MMCS.framework/Versions/A/MMCS
0x0000000009cfb000 	/System/Library/Frameworks/CoreLocation.framework/Versions/A/CoreLocation
0x0000000009cfb000 	/System/Library/PrivateFrameworks/ProtectedCloudStorage.framework/Versions/A/ProtectedCloudStorage
0x0000000009cfb000 	/System/Library/PrivateFrameworks/GeoServices.framework/Versions/A/GeoServices
0x0000000009cfb000 	/System/Library/Frameworks/CoreGraphics.framework/Versions/A/Resources/libCGCMS.A.dylib
0x0000000009cfb000 	/System/Library/Frameworks/CoreGraphics.framework/Versions/A/Resources/libRIP.A.dylib
0x0000000009cfb000 	/System/Library/Frameworks/CoreGraphics.framework/Versions/A/Resources/libCGXType.A.dylib
0x0000000009cfb000 	/System/Library/Frameworks/OpenCL.framework/Versions/A/Libraries/libcldcpuengine.dylib
0x0000000009cfb000 	/System/Library/PrivateFrameworks/DiskImages.framework/Versions/A/DiskImages
0x0000000009cfb000 	/System/Library/Frameworks/DiscRecording.framework/Versions/A/DiscRecording
0x0000000009cfb000 	/usr/lib/libcsfde.dylib
0x0000000009cfb000 	/usr/lib/libcurl.4.dylib
0x0000000009cfb000 	/System/Library/PrivateFrameworks/MediaKit.framework/Versions/A/MediaKit
0x0000000009cfb000 	/usr/lib/libCoreStorage.dylib
0x0000000009cfb000 	/System/Library/PrivateFrameworks/EFILogin.framework/Versions/A/EFILogin
0x0000000009cfb000 	/usr/lib/libutil.dylib
0x0000000009cfb000 	/System/Library/PrivateFrameworks/FindMyDevice.framework/Versions/A/FindMyDevice
0x0000000009cfb000 	/System/Library/Frameworks/LDAP.framework/Versions/A/LDAP
0x0000000009cfb000 	/usr/lib/libsasl2.2.dylib
0x0000000009cfb000 	/System/Library/PrivateFrameworks/CoreDaemon.framework/Versions/B/CoreDaemon
0x0000000009cfb000 	/usr/lib/libcrypto.0.9.8.dylib
0x0000000009cfb000 	/System/Library/PrivateFrameworks/AppleSRP.framework/Versions/A/AppleSRP
0x0000000009cfb000 	/System/Library/PrivateFrameworks/TrustEvaluationAgent.framework/Versions/A/TrustEvaluationAgent
0x0000000116f66000 	cl_kernels
0x0000000116f68000 	/System/Library/Frameworks/OpenCL.framework/Versions/A/Libraries/ImageFormats/unorm8_bgra.dylib
0x0000000116f57000 	cl_kernels
0x0000000009cfb000 	/System/Library/PrivateFrameworks/FamilyControls.framework/Versions/A/FamilyControls
0x0000000009cfb000 	/System/Library/PrivateFrameworks/CommerceKit.framework/Versions/A/Frameworks/CommerceCore.framework/Versions/A/CommerceCore
0x0000000009cfb000 	/System/Library/PrivateFrameworks/SystemAdministration.framework/Versions/A/SystemAdministration
0x0000000009cfb000 	/System/Library/PrivateFrameworks/AppContainer.framework/Versions/A/AppContainer
0x0000000009cfb000 	/System/Library/PrivateFrameworks/SecCodeWrapper.framework/Versions/A/SecCodeWrapper
0x0000000009cfb000 	/System/Library/Frameworks/DirectoryService.framework/Versions/A/DirectoryService
0x0000000009cfb000 	/System/Library/PrivateFrameworks/LoginUIKit.framework/Versions/A/Frameworks/LoginUICore.framework/Versions/A/LoginUICore
0x0000000009cfb000 	/usr/lib/libodfde.dylib
0x0000000009cfb000 	/System/Library/Frameworks/OpenGL.framework/Versions/A/Resources/GLEngine.bundle/GLEngine
0x0000000009cfb000 	/System/Library/Frameworks/OpenGL.framework/Versions/A/Libraries/libGLProgrammability.dylib
0x0000000000000000 	/System/Library/Extensions/AppleIntelHD3000GraphicsGLDriver.bundle/Contents/MacOS/AppleIntelHD3000GraphicsGLDriver
0x000000011640a000 	/System/Library/PrivateFrameworks/GPUSupport.framework/Versions/A/Libraries/libGPUSupport.dylib
0x0000000000000000 	/System/Library/Extensions/AMDRadeonX3000GLDriver.bundle/Contents/MacOS/AMDRadeonX3000GLDriver
0x0000000009cfb000 	/System/Library/PrivateFrameworks/IOAccelerator.framework/Versions/A/IOAccelerator
0x0000000009cfb000 	/System/Library/PrivateFrameworks/GPUSupport.framework/Versions/A/Libraries/libGPUSupportMercury.dylib
0x0000000009cfb000 	/System/Library/Frameworks/OpenGL.framework/Versions/A/Resources/GLRendererFloat.bundle/GLRendererFloat
0x00000001184cf000 	/Library/Java/JavaVirtualMachines/jdk1.7.0_51.jdk/Contents/Home/jre/lib/libfontmanager.dylib
0x0000000118536000 	/Library/Java/JavaVirtualMachines/jdk1.7.0_51.jdk/Contents/Home/jre/lib/libosxui.dylib
0x0000000118924000 	/Library/Java/JavaVirtualMachines/jdk1.7.0_51.jdk/Contents/Home/jre/lib/libnet.dylib
0x000000011868f000 	/Library/Java/JavaVirtualMachines/jdk1.7.0_51.jdk/Contents/Home/jre/lib/libnio.dylib
0x00000001197fd000 	/private/var/folders/_6/vv8zqx450855nldnp02w3cyc0000gn/T/libgdxJack/d8ae55ed/libgdx64.dylib
0x0000000119847000 	/private/var/folders/_6/vv8zqx450855nldnp02w3cyc0000gn/T/libgdxJack/f7649394/liblwjgl.dylib
0x00000001198c9000 	/Library/Java/JavaVirtualMachines/jdk1.7.0_51.jdk/Contents/Home/jre/lib/libjawt.dylib
0x00000001198cc000 	/var/folders/_6/vv8zqx450855nldnp02w3cyc0000gn/T/libgdxJack/f7649394/openal.dylib
0x0000000119950000 	/System/Library/Components/CoreAudio.component/Contents/MacOS/CoreAudio
0x0000000119c29000 	/System/Library/Extensions/AppleHDA.kext/Contents/PlugIns/AppleHDAHALPlugIn.bundle/Contents/MacOS/AppleHDAHALPlugIn
0x000000011a35d000 	/private/var/folders/_6/vv8zqx450855nldnp02w3cyc0000gn/T/libgdxJack/b02f37a3/libgdx-box2d64.dylib
0x000000011a409000 	/Library/Java/JavaVirtualMachines/jdk1.7.0_51.jdk/Contents/Home/jre/lib/libjsound.dylib
0x000000011a41c000 	/System/Library/Frameworks/CoreMIDI.framework/Versions/A/CoreMIDI
0x0000000009cfb000 	/usr/lib/libexpat.1.dylib

VM Arguments:
jvm_args: -Dfile.encoding=US-ASCII 
java_command: com.gmail.jackbcousineau.desktop.DesktopLauncher
Launcher Type: SUN_STANDARD

Environment Variables:
PATH=/usr/bin:/bin:/usr/sbin:/sbin
SHELL=/bin/bash
DISPLAY=/private/tmp/com.apple.launchd.9OaxhutPsF/org.macosforge.xquartz:0

Signal Handlers:
SIGSEGV: [libjvm.dylib+0x525425], sa_mask[0]=0xfffefeff, sa_flags=0x00000043
SIGBUS: [libjvm.dylib+0x525425], sa_mask[0]=0xfffefeff, sa_flags=0x00000042
SIGFPE: [libjvm.dylib+0x41892a], sa_mask[0]=0xfffefeff, sa_flags=0x00000042
SIGPIPE: [libjvm.dylib+0x41892a], sa_mask[0]=0xfffefeff, sa_flags=0x00000042
SIGXFSZ: [libjvm.dylib+0x41892a], sa_mask[0]=0xfffefeff, sa_flags=0x00000042
SIGILL: [libjvm.dylib+0x41892a], sa_mask[0]=0xfffefeff, sa_flags=0x00000042
SIGUSR1: SIG_DFL, sa_mask[0]=0x00000000, sa_flags=0x00000000
SIGUSR2: [libjvm.dylib+0x41841c], sa_mask[0]=0x00000004, sa_flags=0x00000042
SIGHUP: [libjvm.dylib+0x4166ab], sa_mask[0]=0xfffefeff, sa_flags=0x00000042
SIGINT: [libjvm.dylib+0x4166ab], sa_mask[0]=0xfffefeff, sa_flags=0x00000042
SIGTERM: [libjvm.dylib+0x4166ab], sa_mask[0]=0xfffefeff, sa_flags=0x00000042
SIGQUIT: [libjvm.dylib+0x4166ab], sa_mask[0]=0xfffefeff, sa_flags=0x00000042


---------------  S Y S T E M  ---------------

OS:Bsduname:Darwin 14.3.0 Darwin Kernel Version 14.3.0: Mon Mar 23 11:59:05 PDT 2015; root:xnu-2782.20.48~5/RELEASE_X86_64 x86_64
rlimit: STACK 8192k, CORE 0k, NPROC 709, NOFILE 10240, AS infinity
load average:1.98 1.83 2.82

CPU:total 8 (4 cores per cpu, 2 threads per core) family 6 model 42 stepping 7, cmov, cx8, fxsr, mmx, sse, sse2, sse3, ssse3, sse4.1, sse4.2, popcnt, avx, aes, ht, tsc, tscinvbit

Memory: 4k page, physical 8388608k(2097152k free)

/proc/meminfo:


vm_info: Java HotSpot(TM) 64-Bit Server VM (24.51-b03) for bsd-amd64 JRE (1.7.0_51-b13), built on Dec 18 2013 18:45:56 by "java_re" with gcc 4.2.1 (Based on Apple Inc. build 5658) (LLVM build 2336.11.00)

time: Wed May 13 12:43:04 2015
elapsed time: 114 seconds

