#
# A fatal error has been detected by the Java Runtime Environment:
#
#  SIGSEGV (0xb) at pc=0x00007fff8eaa362a, pid=14503, tid=54531
#
# JRE version: Java(TM) SE Runtime Environment (7.0_51-b13) (build 1.7.0_51-b13)
# Java VM: Java HotSpot(TM) 64-Bit Server VM (24.51-b03 mixed mode bsd-amd64 compressed oops)
# Problematic frame:
# C  [libobjc.A.dylib+0x762a]  (anonymous namespace)::AutoreleasePoolPage::pop(void*)+0x1c6
#
# Failed to write core dump. Core dumps have been disabled. To enable core dumping, try "ulimit -c unlimited" before starting Java again
#
# If you would like to submit a bug report, please visit:
#   http://bugreport.sun.com/bugreport/crash.jsp
# The crash happened outside the Java Virtual Machine in native code.
# See problematic frame for where to report the bug.
#

---------------  T H R E A D  ---------------

Current thread (0x00007fa8830af000):  JavaThread "AWT-EventQueue-0" [_thread_in_native, id=54531, stack(0x000000011ab42000,0x000000011ac42000)]

siginfo:si_signo=SIGSEGV: si_errno=0, si_code=1 (SEGV_MAPERR), si_addr=0x0000000000000010

Registers:
RAX=0x00007fa88592e038, RBX=0xa3a3a3a3a3a3a3a3, RCX=0x00007fa88592e038, RDX=0x00000000a1a1a1a1
RSP=0x000000011ac3ef40, RBP=0x000000011ac3f390, RSI=0x0000000000000000, RDI=0x00007fa885182038
R8 =0x00007fa882dd1c60, R9 =0x00007fa882dd1e00, R10=0x00007fa882d20cc0, R11=0x00007fff7d393e30
R12=0x0000000000000000, R13=0x000000077b990308, R14=0x00007fa885182038, R15=0x00007fa885182000
RIP=0x00007fff8eaa362a, EFLAGS=0x0000000000010246, ERR=0x0000000000000004
  TRAPNO=0x000000000000000e

Top of Stack: (sp=0x000000011ac3ef40)
0x000000011ac3ef40:   00007fa882d00150 0000000000000000
0x000000011ac3ef50:   000000011ac3ef90 00007fa885182038
0x000000011ac3ef60:   0000000000000018 0001206882d00140
0x000000011ac3ef70:   0011280000112800 00007fa882d00140
0x000000011ac3ef80:   000000011ac3efb0 00007fa882d00150
0x000000011ac3ef90:   000000011ac3f0e0 00007fff8b04429c
0x000000011ac3efa0:   0000000000000000 0000000000000008
0x000000011ac3efb0:   0000001800000013 0000000000001103
0x000000011ac3efc0:   000000001ac3f000 00007fff8fffe8f3
0x000000011ac3efd0:   000000011ac3f010 0001206800000001
0x000000011ac3efe0:   0000000000012068 00007fa884816680
0x000000011ac3eff0:   0000000000012068 000000011ac3f0ac
0x000000011ac3f000:   000000011ac3f090 00007fff8fffe4a9
0x000000011ac3f010:   000000011ac3f0a0 000000011ac3f0b4
0x000000011ac3f020:   000000011ac3f0b0 0000000000000000
0x000000011ac3f030:   000000011ac3f0ac 00007fa88481669c
0x000000011ac3f040:   00000000000e0b3d 0000010084816794
0x000000011ac3f050:   00007fa884816698 0001206800ff0aef
0x000000011ac3f060:   00000000000e0b3d 0000000000000001
0x000000011ac3f070:   0000000000000001 0000000000000008
0x000000011ac3f080:   00007fa884816680 0000000000000000
0x000000011ac3f090:   000000011ac3f0d0 00007fff8fffe8f3
0x000000011ac3f0a0:   000000011ac3f0e0 0001206800000001
0x000000011ac3f0b0:   0000000000000000 00007fa882dd1c70
0x000000011ac3f0c0:   0000000000000000 0000000000000000
0x000000011ac3f0d0:   000000011ac3f150 00007fff8fffe6ea
0x000000011ac3f0e0:   000000011ac3f1e0 000000011ac3f1d0
0x000000011ac3f0f0:   000000011ac3f1dc 00007fa882dd1c8c
0x000000011ac3f100:   00007fa882dd1c70 0000000000000200
0x000000011ac3f110:   00007fa882dd1c88 0000000000c0b2a0
0x000000011ac3f120:   000000011ac3f198 00007fa882dd1c60
0x000000011ac3f130:   00007fff7b539d10 00007fff7b539d10 

Instructions: (pc=0x00007fff8eaa362a)
0x00007fff8eaa360a:   48 8b 76 20 48 85 f6 74 0e 8b 16 81 fa a1 a1 a1
0x00007fff8eaa361a:   a1 0f 85 15 01 00 00 65 48 89 34 25 80 01 00 00
0x00007fff8eaa362a:   48 8b 46 10 48 8d 4e 38 48 39 c8 74 d3 48 83 c6
0x00007fff8eaa363a:   10 eb 04 48 8d 76 10 48 8d 48 f8 48 89 0e 48 8b 

Register to memory mapping:

RAX=0x00007fa88592e038 is an unknown value
RBX=0xa3a3a3a3a3a3a3a3 is an unknown value
RCX=0x00007fa88592e038 is an unknown value
RDX=0x00000000a1a1a1a1 is an unknown value
RSP=0x000000011ac3ef40 is pointing into the stack for thread: 0x00007fa8830af000
RBP=0x000000011ac3f390 is pointing into the stack for thread: 0x00007fa8830af000
RSI=0x0000000000000000 is an unknown value
RDI=0x00007fa885182038 is an unknown value
R8 =0x00007fa882dd1c60 is an unknown value
R9 =0x00007fa882dd1e00 is an unknown value
R10=0x00007fa882d20cc0 is an unknown value
R11=0x00007fff7d393e30: OBJC_CLASS_$_NSAutoreleasePool+0 in /System/Library/Frameworks/Foundation.framework/Versions/C/Foundation at 0x00007fff97aac000
R12=0x0000000000000000 is an unknown value
R13=0x000000077b990308 is an oop
{method} 
 - klass: {other class}
R14=0x00007fa885182038 is an unknown value
R15=0x00007fa885182000 is an unknown value


Stack: [0x000000011ab42000,0x000000011ac42000],  sp=0x000000011ac3ef40,  free space=1011k
Native frames: (J=compiled Java code, j=interpreted, Vv=VM code, C=native code)
C  [libobjc.A.dylib+0x762a]  (anonymous namespace)::AutoreleasePoolPage::pop(void*)+0x1c6
C  [CoreFoundation+0x38932]  _CFAutoreleasePoolPop+0x32
C  [Foundation+0x1b437]  -[NSAutoreleasePool drain]+0x93
C  [liblwjgl.dylib+0xc0ef]  Java_org_lwjgl_opengl_MacOSXDisplay_nDestroyWindow+0x3f
j  org.lwjgl.opengl.MacOSXDisplay.nDestroyWindow(Ljava/nio/ByteBuffer;)V+0
j  org.lwjgl.opengl.MacOSXDisplay.destroyWindow()V+43
j  org.lwjgl.opengl.Display.destroyWindow()V+46
j  org.lwjgl.opengl.Display.setDisplayMode(Lorg/lwjgl/opengl/DisplayMode;)V+34
j  com.badlogic.gdx.backends.lwjgl.LwjglGraphics.setDisplayMode(IIZ)Z+205
j  com.gmail.jackbcousineau.desktop.DesktopLauncher.startGame()V+83
j  com.gmail.jackbcousineau.desktop.DesktopLauncher.access$0(Lcom/gmail/jackbcousineau/desktop/DesktopLauncher;)V+1
j  com.gmail.jackbcousineau.desktop.DesktopLauncher$MainWindowFrame$2.actionPerformed(Ljava/awt/event/ActionEvent;)V+7
j  javax.swing.AbstractButton.fireActionPerformed(Ljava/awt/event/ActionEvent;)V+84
j  javax.swing.AbstractButton$Handler.actionPerformed(Ljava/awt/event/ActionEvent;)V+5
j  javax.swing.DefaultButtonModel.fireActionPerformed(Ljava/awt/event/ActionEvent;)V+35
j  javax.swing.DefaultButtonModel.setPressed(Z)V+117
j  javax.swing.plaf.basic.BasicButtonListener.mouseReleased(Ljava/awt/event/MouseEvent;)V+35
j  java.awt.Component.processMouseEvent(Ljava/awt/event/MouseEvent;)V+64
j  javax.swing.JComponent.processMouseEvent(Ljava/awt/event/MouseEvent;)V+23
j  java.awt.Component.processEvent(Ljava/awt/AWTEvent;)V+81
j  java.awt.Container.processEvent(Ljava/awt/AWTEvent;)V+18
j  java.awt.Component.dispatchEventImpl(Ljava/awt/AWTEvent;)V+581
j  java.awt.Container.dispatchEventImpl(Ljava/awt/AWTEvent;)V+42
j  java.awt.Component.dispatchEvent(Ljava/awt/AWTEvent;)V+2
j  java.awt.LightweightDispatcher.retargetMouseEvent(Ljava/awt/Component;ILjava/awt/event/MouseEvent;)V+327
j  java.awt.LightweightDispatcher.processMouseEvent(Ljava/awt/event/MouseEvent;)Z+139
j  java.awt.LightweightDispatcher.dispatchEvent(Ljava/awt/AWTEvent;)Z+50
j  java.awt.Container.dispatchEventImpl(Ljava/awt/AWTEvent;)V+12
j  java.awt.Window.dispatchEventImpl(Ljava/awt/AWTEvent;)V+19
j  java.awt.Component.dispatchEvent(Ljava/awt/AWTEvent;)V+2
j  java.awt.EventQueue.dispatchEventImpl(Ljava/awt/AWTEvent;Ljava/lang/Object;)V+41
j  java.awt.EventQueue.access$200(Ljava/awt/EventQueue;Ljava/awt/AWTEvent;Ljava/lang/Object;)V+3
j  java.awt.EventQueue$3.run()Ljava/lang/Void;+12
j  java.awt.EventQueue$3.run()Ljava/lang/Object;+1
v  ~StubRoutines::call_stub
V  [libjvm.dylib+0x2d6bb0]  JavaCalls::call_helper(JavaValue*, methodHandle*, JavaCallArguments*, Thread*)+0x22a
V  [libjvm.dylib+0x2d6980]  JavaCalls::call(JavaValue*, methodHandle, JavaCallArguments*, Thread*)+0x28
V  [libjvm.dylib+0x32a264]  JVM_DoPrivileged+0x411
j  java.security.AccessController.doPrivileged(Ljava/security/PrivilegedAction;Ljava/security/AccessControlContext;)Ljava/lang/Object;+0
j  java.security.ProtectionDomain$1.doIntersectionPrivilege(Ljava/security/PrivilegedAction;Ljava/security/AccessControlContext;Ljava/security/AccessControlContext;)Ljava/lang/Object;+28
j  java.security.ProtectionDomain$1.doIntersectionPrivilege(Ljava/security/PrivilegedAction;Ljava/security/AccessControlContext;)Ljava/lang/Object;+6
j  java.awt.EventQueue$4.run()Ljava/lang/Void;+11
j  java.awt.EventQueue$4.run()Ljava/lang/Object;+1
v  ~StubRoutines::call_stub
V  [libjvm.dylib+0x2d6bb0]  JavaCalls::call_helper(JavaValue*, methodHandle*, JavaCallArguments*, Thread*)+0x22a
V  [libjvm.dylib+0x2d6980]  JavaCalls::call(JavaValue*, methodHandle, JavaCallArguments*, Thread*)+0x28
V  [libjvm.dylib+0x32a264]  JVM_DoPrivileged+0x411
j  java.security.AccessController.doPrivileged(Ljava/security/PrivilegedAction;Ljava/security/AccessControlContext;)Ljava/lang/Object;+0
j  java.security.ProtectionDomain$1.doIntersectionPrivilege(Ljava/security/PrivilegedAction;Ljava/security/AccessControlContext;Ljava/security/AccessControlContext;)Ljava/lang/Object;+28
j  java.awt.EventQueue.dispatchEvent(Ljava/awt/AWTEvent;)V+73
j  java.awt.EventDispatchThread.pumpOneEventForFilters(I)V+245
j  java.awt.EventDispatchThread.pumpEventsForFilter(ILjava/awt/Conditional;Ljava/awt/EventFilter;)V+35
j  java.awt.EventDispatchThread.pumpEventsForHierarchy(ILjava/awt/Conditional;Ljava/awt/Component;)V+11
j  java.awt.EventDispatchThread.pumpEvents(ILjava/awt/Conditional;)V+4
j  java.awt.EventDispatchThread.pumpEvents(Ljava/awt/Conditional;)V+3
j  java.awt.EventDispatchThread.run()V+9
v  ~StubRoutines::call_stub
V  [libjvm.dylib+0x2d6bb0]  JavaCalls::call_helper(JavaValue*, methodHandle*, JavaCallArguments*, Thread*)+0x22a
V  [libjvm.dylib+0x2d70c7]  JavaCalls::call_virtual(JavaValue*, KlassHandle, Symbol*, Symbol*, JavaCallArguments*, Thread*)+0x11b
V  [libjvm.dylib+0x2d7204]  JavaCalls::call_virtual(JavaValue*, Handle, KlassHandle, Symbol*, Symbol*, Thread*)+0x4a
V  [libjvm.dylib+0x3261ea]  thread_entry(JavaThread*, Thread*)+0xad
V  [libjvm.dylib+0x4efb57]  JavaThread::thread_main_inner()+0x9b
V  [libjvm.dylib+0x4f125f]  JavaThread::run()+0x1a3
V  [libjvm.dylib+0x41b1d6]  java_start(Thread*)+0x126
C  [libsystem_pthread.dylib+0x1899]  _pthread_body+0x8a
C  [libsystem_pthread.dylib+0x172a]  _pthread_struct_init+0x0
C  [libsystem_pthread.dylib+0x5fc9]  thread_start+0xd

Java frames: (J=compiled Java code, j=interpreted, Vv=VM code)
j  org.lwjgl.opengl.MacOSXDisplay.nDestroyWindow(Ljava/nio/ByteBuffer;)V+0
j  org.lwjgl.opengl.MacOSXDisplay.destroyWindow()V+43
j  org.lwjgl.opengl.Display.destroyWindow()V+46
j  org.lwjgl.opengl.Display.setDisplayMode(Lorg/lwjgl/opengl/DisplayMode;)V+34
j  com.badlogic.gdx.backends.lwjgl.LwjglGraphics.setDisplayMode(IIZ)Z+205
j  com.gmail.jackbcousineau.desktop.DesktopLauncher.startGame()V+83
j  com.gmail.jackbcousineau.desktop.DesktopLauncher.access$0(Lcom/gmail/jackbcousineau/desktop/DesktopLauncher;)V+1
j  com.gmail.jackbcousineau.desktop.DesktopLauncher$MainWindowFrame$2.actionPerformed(Ljava/awt/event/ActionEvent;)V+7
j  javax.swing.AbstractButton.fireActionPerformed(Ljava/awt/event/ActionEvent;)V+84
j  javax.swing.AbstractButton$Handler.actionPerformed(Ljava/awt/event/ActionEvent;)V+5
j  javax.swing.DefaultButtonModel.fireActionPerformed(Ljava/awt/event/ActionEvent;)V+35
j  javax.swing.DefaultButtonModel.setPressed(Z)V+117
j  javax.swing.plaf.basic.BasicButtonListener.mouseReleased(Ljava/awt/event/MouseEvent;)V+35
j  java.awt.Component.processMouseEvent(Ljava/awt/event/MouseEvent;)V+64
j  javax.swing.JComponent.processMouseEvent(Ljava/awt/event/MouseEvent;)V+23
j  java.awt.Component.processEvent(Ljava/awt/AWTEvent;)V+81
j  java.awt.Container.processEvent(Ljava/awt/AWTEvent;)V+18
j  java.awt.Component.dispatchEventImpl(Ljava/awt/AWTEvent;)V+581
j  java.awt.Container.dispatchEventImpl(Ljava/awt/AWTEvent;)V+42
j  java.awt.Component.dispatchEvent(Ljava/awt/AWTEvent;)V+2
j  java.awt.LightweightDispatcher.retargetMouseEvent(Ljava/awt/Component;ILjava/awt/event/MouseEvent;)V+327
j  java.awt.LightweightDispatcher.processMouseEvent(Ljava/awt/event/MouseEvent;)Z+139
j  java.awt.LightweightDispatcher.dispatchEvent(Ljava/awt/AWTEvent;)Z+50
j  java.awt.Container.dispatchEventImpl(Ljava/awt/AWTEvent;)V+12
j  java.awt.Window.dispatchEventImpl(Ljava/awt/AWTEvent;)V+19
j  java.awt.Component.dispatchEvent(Ljava/awt/AWTEvent;)V+2
j  java.awt.EventQueue.dispatchEventImpl(Ljava/awt/AWTEvent;Ljava/lang/Object;)V+41
j  java.awt.EventQueue.access$200(Ljava/awt/EventQueue;Ljava/awt/AWTEvent;Ljava/lang/Object;)V+3
j  java.awt.EventQueue$3.run()Ljava/lang/Void;+12
j  java.awt.EventQueue$3.run()Ljava/lang/Object;+1
v  ~StubRoutines::call_stub
j  java.security.AccessController.doPrivileged(Ljava/security/PrivilegedAction;Ljava/security/AccessControlContext;)Ljava/lang/Object;+0
j  java.security.ProtectionDomain$1.doIntersectionPrivilege(Ljava/security/PrivilegedAction;Ljava/security/AccessControlContext;Ljava/security/AccessControlContext;)Ljava/lang/Object;+28
j  java.security.ProtectionDomain$1.doIntersectionPrivilege(Ljava/security/PrivilegedAction;Ljava/security/AccessControlContext;)Ljava/lang/Object;+6
j  java.awt.EventQueue$4.run()Ljava/lang/Void;+11
j  java.awt.EventQueue$4.run()Ljava/lang/Object;+1
v  ~StubRoutines::call_stub
j  java.security.AccessController.doPrivileged(Ljava/security/PrivilegedAction;Ljava/security/AccessControlContext;)Ljava/lang/Object;+0
j  java.security.ProtectionDomain$1.doIntersectionPrivilege(Ljava/security/PrivilegedAction;Ljava/security/AccessControlContext;Ljava/security/AccessControlContext;)Ljava/lang/Object;+28
j  java.awt.EventQueue.dispatchEvent(Ljava/awt/AWTEvent;)V+73
j  java.awt.EventDispatchThread.pumpOneEventForFilters(I)V+245
j  java.awt.EventDispatchThread.pumpEventsForFilter(ILjava/awt/Conditional;Ljava/awt/EventFilter;)V+35
j  java.awt.EventDispatchThread.pumpEventsForHierarchy(ILjava/awt/Conditional;Ljava/awt/Component;)V+11
j  java.awt.EventDispatchThread.pumpEvents(ILjava/awt/Conditional;)V+4
j  java.awt.EventDispatchThread.pumpEvents(Ljava/awt/Conditional;)V+3
j  java.awt.EventDispatchThread.run()V+9
v  ~StubRoutines::call_stub

---------------  P R O C E S S  ---------------

Java Threads: ( => current thread )
  0x00007fa883061000 JavaThread "LWJGL Application" [_thread_in_Java, id=120839, stack(0x000000011c62a000,0x000000011c72a000)]
  0x00007fa8838ea000 JavaThread "Timer-1" [_thread_blocked, id=122627, stack(0x000000011c4e3000,0x000000011c5e3000)]
  0x00007fa8838bb000 JavaThread "Timer-0" [_thread_blocked, id=122119, stack(0x000000011c3e0000,0x000000011c4e0000)]
  0x00007fa885001800 JavaThread "DestroyJavaVM" [_thread_blocked, id=6403, stack(0x000000010ac54000,0x000000010ad54000)]
=>0x00007fa8830af000 JavaThread "AWT-EventQueue-0" [_thread_in_native, id=54531, stack(0x000000011ab42000,0x000000011ac42000)]
  0x00007fa886803800 JavaThread "Java2D Disposer" daemon [_thread_blocked, id=51971, stack(0x000000011a96c000,0x000000011aa6c000)]
  0x00007fa8850a6800 JavaThread "Java2D Queue Flusher" daemon [_thread_blocked, id=48655, stack(0x000000011a422000,0x000000011a522000)]
  0x00007fa8850a5800 JavaThread "AWT-Shutdown" [_thread_blocked, id=29963, stack(0x00000001176f8000,0x00000001177f8000)]
  0x00007fa883023800 JavaThread "AppKit Thread" daemon [_thread_in_native, id=1287, stack(0x00007fff56ab2000,0x00007fff56b32000)]
  0x00007fa883808000 JavaThread "Service Thread" daemon [_thread_blocked, id=21251, stack(0x0000000115add000,0x0000000115bdd000)]
  0x00007fa883807000 JavaThread "C2 CompilerThread1" daemon [_thread_blocked, id=20739, stack(0x00000001159da000,0x0000000115ada000)]
  0x00007fa883805800 JavaThread "C2 CompilerThread0" daemon [_thread_blocked, id=20227, stack(0x00000001158d7000,0x00000001159d7000)]
  0x00007fa885011000 JavaThread "Signal Dispatcher" daemon [_thread_blocked, id=19715, stack(0x00000001157d4000,0x00000001158d4000)]
  0x00007fa883010000 JavaThread "Finalizer" daemon [_thread_blocked, id=14595, stack(0x0000000115585000,0x0000000115685000)]
  0x00007fa885841000 JavaThread "Reference Handler" daemon [_thread_blocked, id=14083, stack(0x0000000115482000,0x0000000115582000)]

Other Threads:
  0x00007fa885840800 VMThread [stack: 0x000000011537f000,0x000000011547f000] [id=13571]
  0x00007fa883808800 WatcherThread [stack: 0x0000000115be0000,0x0000000115ce0000] [id=21763]

VM state:not at safepoint (normal execution)

VM Mutex/Monitor currently owned by a thread: None

Heap
 PSYoungGen      total 38912K, used 38361K [0x00000007d5500000, 0x00000007d8000000, 0x0000000800000000)
  eden space 33792K, 98% used [0x00000007d5500000,0x00000007d75791b8,0x00000007d7600000)
  from space 5120K, 99% used [0x00000007d7600000,0x00000007d7afd410,0x00000007d7b00000)
  to   space 5120K, 0% used [0x00000007d7b00000,0x00000007d7b00000,0x00000007d8000000)
 ParOldGen       total 87040K, used 17526K [0x0000000780000000, 0x0000000785500000, 0x00000007d5500000)
  object space 87040K, 20% used [0x0000000780000000,0x000000078111d840,0x0000000785500000)
 PSPermGen       total 21504K, used 14204K [0x000000077ae00000, 0x000000077c300000, 0x0000000780000000)
  object space 21504K, 66% used [0x000000077ae00000,0x000000077bbdf0f8,0x000000077c300000)

Card table byte_map: [0x000000010de4f000,0x000000010e279000] byte_map_base: 0x000000010a278000

Polling page: 0x00000001091ef000

Code Cache  [0x000000010ad8f000, 0x000000010afff000, 0x000000010dd8f000)
 total_blobs=689 nmethods=105 adapters=538 free_code_cache=48346Kb largest_free_block=49461504

Compilation events (10 events):
Event: 3.521 Thread 0x00007fa883807000   96             org.lwjgl.opengl.APIUtil::encode (58 bytes)
Event: 3.522 Thread 0x00007fa883805800   97             java.nio.Buffer::checkIndex (22 bytes)
Event: 3.523 Thread 0x00007fa883805800 nmethod 97 0x000000010ae4c250 code [0x000000010ae4c380, 0x000000010ae4c3f8]
Event: 3.529 Thread 0x00007fa883807000 nmethod 96 0x000000010ae48fd0 code [0x000000010ae49120, 0x000000010ae49498]
Event: 3.704 Thread 0x00007fa883805800   98             java.lang.String::getChars (62 bytes)
Event: 3.706 Thread 0x00007fa883805800 nmethod 98 0x000000010ae48bd0 code [0x000000010ae48d20, 0x000000010ae48e58]
Event: 3.721 Thread 0x00007fa883807000   99             java.lang.AbstractStringBuilder::append (48 bytes)
Event: 3.725 Thread 0x00007fa883807000 nmethod 99 0x000000010ae48350 code [0x000000010ae484c0, 0x000000010ae488b8]
Event: 5.112 Thread 0x00007fa883805800  100             sun.nio.cs.US_ASCII$Decoder::decode (62 bytes)
Event: 5.116 Thread 0x00007fa883805800 nmethod 100 0x000000010ae4da50 code [0x000000010ae4dba0, 0x000000010ae4de38]

GC Heap History (2 events):
Event: 2.967 GC heap before
{Heap before GC invocations=1 (full 0):
 PSYoungGen      total 38912K, used 33792K [0x00000007d5500000, 0x00000007d8000000, 0x0000000800000000)
  eden space 33792K, 100% used [0x00000007d5500000,0x00000007d7600000,0x00000007d7600000)
  from space 5120K, 0% used [0x00000007d7b00000,0x00000007d7b00000,0x00000007d8000000)
  to   space 5120K, 0% used [0x00000007d7600000,0x00000007d7600000,0x00000007d7b00000)
 ParOldGen       total 87040K, used 0K [0x0000000780000000, 0x0000000785500000, 0x00000007d5500000)
  object space 87040K, 0% used [0x0000000780000000,0x0000000780000000,0x0000000785500000)
 PSPermGen       total 21504K, used 13215K [0x000000077ae00000, 0x000000077c300000, 0x0000000780000000)
  object space 21504K, 61% used [0x000000077ae00000,0x000000077bae7e88,0x000000077c300000)
Event: 2.982 GC heap after
Heap after GC invocations=1 (full 0):
 PSYoungGen      total 38912K, used 5109K [0x00000007d5500000, 0x00000007d8000000, 0x0000000800000000)
  eden space 33792K, 0% used [0x00000007d5500000,0x00000007d5500000,0x00000007d7600000)
  from space 5120K, 99% used [0x00000007d7600000,0x00000007d7afd410,0x00000007d7b00000)
  to   space 5120K, 0% used [0x00000007d7b00000,0x00000007d7b00000,0x00000007d8000000)
 ParOldGen       total 87040K, used 17526K [0x0000000780000000, 0x0000000785500000, 0x00000007d5500000)
  object space 87040K, 20% used [0x0000000780000000,0x000000078111d840,0x0000000785500000)
 PSPermGen       total 21504K, used 13215K [0x000000077ae00000, 0x000000077c300000, 0x0000000780000000)
  object space 21504K, 61% used [0x000000077ae00000,0x000000077bae7e88,0x000000077c300000)
}

Deoptimization events (8 events):
Event: 1.505 Thread 0x00007fa885001800 Uncommon trap: reason=class_check action=maybe_recompile pc=0x000000010ae06d4c method=java.lang.String.equals(Ljava/lang/Object;)Z @ 8
Event: 2.388 Thread 0x00007fa8830af000 Uncommon trap: reason=class_check action=maybe_recompile pc=0x000000010ae06d4c method=java.lang.String.equals(Ljava/lang/Object;)Z @ 8
Event: 2.388 Thread 0x00007fa8830af000 Uncommon trap: reason=class_check action=maybe_recompile pc=0x000000010ae06d4c method=java.lang.String.equals(Ljava/lang/Object;)Z @ 8
Event: 2.389 Thread 0x00007fa8830af000 Uncommon trap: reason=class_check action=maybe_recompile pc=0x000000010ae06d4c method=java.lang.String.equals(Ljava/lang/Object;)Z @ 8
Event: 3.042 Thread 0x00007fa885182000 Uncommon trap: reason=class_check action=maybe_recompile pc=0x000000010ae34f10 method=java.io.FilterInputStream.read([B)I @ 5
Event: 3.042 Thread 0x00007fa885182000 Uncommon trap: reason=class_check action=maybe_recompile pc=0x000000010ae34f10 method=java.io.FilterInputStream.read([B)I @ 5
Event: 3.042 Thread 0x00007fa885182000 Uncommon trap: reason=class_check action=maybe_recompile pc=0x000000010ae34f10 method=java.io.FilterInputStream.read([B)I @ 5
Event: 3.042 Thread 0x00007fa885182000 Uncommon trap: reason=class_check action=maybe_recompile pc=0x000000010ae34f10 method=java.io.FilterInputStream.read([B)I @ 5

Internal exceptions (10 events):
Event: 3.434 Thread 0x00007fa885182000 Threw 0x00000007d6970978 at /HUDSON/workspace/7u-2-build-macosx-x86_64/jdk7u51/527/hotspot/src/share/vm/prims/jvm.cpp:1244
Event: 3.501 Thread 0x00007fa885182000 Threw 0x00000007d69fb1b8 at /HUDSON/workspace/7u-2-build-macosx-x86_64/jdk7u51/527/hotspot/src/share/vm/prims/jvm.cpp:1244
Event: 3.720 Thread 0x00007fa885182000 Threw 0x00000007d6b2ef18 at /HUDSON/workspace/7u-2-build-macosx-x86_64/jdk7u51/527/hotspot/src/share/vm/prims/jvm.cpp:1244
Event: 3.726 Thread 0x00007fa885182000 Threw 0x00000007d6b34d78 at /HUDSON/workspace/7u-2-build-macosx-x86_64/jdk7u51/527/hotspot/src/share/vm/prims/jvm.cpp:1244
Event: 5.045 Thread 0x00007fa8830af000 Threw 0x00000007d6c02dd8 at /HUDSON/workspace/7u-2-build-macosx-x86_64/jdk7u51/527/hotspot/src/share/vm/prims/jvm.cpp:1244
Event: 5.045 Thread 0x00007fa8830af000 Threw 0x00000007d6c03a60 at /HUDSON/workspace/7u-2-build-macosx-x86_64/jdk7u51/527/hotspot/src/share/vm/prims/jvm.cpp:1244
Event: 5.045 Thread 0x00007fa8830af000 Threw 0x00000007d6c046b8 at /HUDSON/workspace/7u-2-build-macosx-x86_64/jdk7u51/527/hotspot/src/share/vm/prims/jvm.cpp:1244
Event: 5.045 Thread 0x00007fa8830af000 Threw 0x00000007d6c055d8 at /HUDSON/workspace/7u-2-build-macosx-x86_64/jdk7u51/527/hotspot/src/share/vm/prims/jvm.cpp:1244
Event: 5.045 Thread 0x00007fa8830af000 Threw 0x00000007d6c06260 at /HUDSON/workspace/7u-2-build-macosx-x86_64/jdk7u51/527/hotspot/src/share/vm/prims/jvm.cpp:1244
Event: 5.045 Thread 0x00007fa8830af000 Threw 0x00000007d6c06eb8 at /HUDSON/workspace/7u-2-build-macosx-x86_64/jdk7u51/527/hotspot/src/share/vm/prims/jvm.cpp:1244

Events (10 events):
Event: 3.873 loading class 0x00007fa883890320
Event: 3.873 loading class 0x00007fa883890320 done
Event: 3.873 loading class 0x00007fa88505d240
Event: 3.873 loading class 0x00007fa88505d240 done
Event: 3.873 loading class 0x00007fa88508c6a0 done
Event: 4.084 Executing VM operation: EnableBiasedLocking
Event: 4.084 Executing VM operation: EnableBiasedLocking done
Event: 5.052 Thread 0x00007fa883061000 Thread added: 0x00007fa883061000
Event: 5.112 Executing VM operation: RevokeBias
Event: 5.112 Executing VM operation: RevokeBias done


Dynamic libraries:
0x000000000ad3b000 	/System/Library/Frameworks/Cocoa.framework/Versions/A/Cocoa
0x000000000ad3b000 	/System/Library/Frameworks/Security.framework/Versions/A/Security
0x000000000ad3b000 	/System/Library/Frameworks/ApplicationServices.framework/Versions/A/ApplicationServices
0x000000000ad3b000 	/usr/lib/libz.1.dylib
0x000000000ad3b000 	/usr/lib/libSystem.B.dylib
0x000000000ad3b000 	/usr/lib/libobjc.A.dylib
0x000000000ad3b000 	/System/Library/Frameworks/CoreFoundation.framework/Versions/A/CoreFoundation
0x000000000ad3b000 	/System/Library/Frameworks/Foundation.framework/Versions/C/Foundation
0x000000000ad3b000 	/System/Library/Frameworks/AppKit.framework/Versions/C/AppKit
0x000000000ad3b000 	/System/Library/Frameworks/CoreData.framework/Versions/A/CoreData
0x000000000ad3b000 	/System/Library/PrivateFrameworks/RemoteViewServices.framework/Versions/A/RemoteViewServices
0x000000000ad3b000 	/System/Library/Frameworks/AudioToolbox.framework/Versions/A/AudioToolbox
0x000000000ad3b000 	/System/Library/Frameworks/AudioUnit.framework/Versions/A/AudioUnit
0x000000000ad3b000 	/System/Library/PrivateFrameworks/DataDetectorsCore.framework/Versions/A/DataDetectorsCore
0x000000000ad3b000 	/System/Library/PrivateFrameworks/DesktopServicesPriv.framework/Versions/A/DesktopServicesPriv
0x000000000ad3b000 	/System/Library/Frameworks/Carbon.framework/Versions/A/Frameworks/HIToolbox.framework/Versions/A/HIToolbox
0x000000000ad3b000 	/System/Library/Frameworks/QuartzCore.framework/Versions/A/QuartzCore
0x000000000ad3b000 	/System/Library/Frameworks/Carbon.framework/Versions/A/Frameworks/SpeechRecognition.framework/Versions/A/SpeechRecognition
0x000000000ad3b000 	/usr/lib/libauto.dylib
0x000000000ad3b000 	/usr/lib/libicucore.A.dylib
0x000000000ad3b000 	/usr/lib/libxml2.2.dylib
0x000000000ad3b000 	/System/Library/PrivateFrameworks/CoreUI.framework/Versions/A/CoreUI
0x000000000ad3b000 	/System/Library/Frameworks/CoreAudio.framework/Versions/A/CoreAudio
0x000000000ad3b000 	/System/Library/Frameworks/DiskArbitration.framework/Versions/A/DiskArbitration
0x000000000ad3b000 	/usr/lib/liblangid.dylib
0x000000000ad3b000 	/System/Library/PrivateFrameworks/MultitouchSupport.framework/Versions/A/MultitouchSupport
0x000000000ad3b000 	/System/Library/Frameworks/IOKit.framework/Versions/A/IOKit
0x000000000ad3b000 	/usr/lib/libDiagnosticMessagesClient.dylib
0x000000000ad3b000 	/System/Library/Frameworks/CoreServices.framework/Versions/A/CoreServices
0x000000000ad3b000 	/System/Library/PrivateFrameworks/PerformanceAnalysis.framework/Versions/A/PerformanceAnalysis
0x000000000ad3b000 	/System/Library/PrivateFrameworks/GenerationalStorage.framework/Versions/A/GenerationalStorage
0x000000000ad3b000 	/System/Library/Frameworks/OpenGL.framework/Versions/A/OpenGL
0x000000000ad3b000 	/System/Library/PrivateFrameworks/Sharing.framework/Versions/A/Sharing
0x000000000ad3b000 	/System/Library/Frameworks/ImageIO.framework/Versions/A/ImageIO
0x000000000ad3b000 	/System/Library/Frameworks/CoreText.framework/Versions/A/CoreText
0x000000000ad3b000 	/System/Library/Frameworks/CoreGraphics.framework/Versions/A/CoreGraphics
0x000000000ad3b000 	/System/Library/PrivateFrameworks/Backup.framework/Versions/A/Backup
0x000000000ad3b000 	/System/Library/Frameworks/CFNetwork.framework/Versions/A/CFNetwork
0x000000000ad3b000 	/System/Library/Frameworks/SystemConfiguration.framework/Versions/A/SystemConfiguration
0x000000000ad3b000 	/usr/lib/libCRFSuite.dylib
0x000000000ad3b000 	/usr/lib/libc++.1.dylib
0x000000000ad3b000 	/usr/lib/libc++abi.dylib
0x000000000ad3b000 	/usr/lib/system/libcache.dylib
0x000000000ad3b000 	/usr/lib/system/libcommonCrypto.dylib
0x000000000ad3b000 	/usr/lib/system/libcompiler_rt.dylib
0x000000000ad3b000 	/usr/lib/system/libcopyfile.dylib
0x000000000ad3b000 	/usr/lib/system/libcorecrypto.dylib
0x000000000ad3b000 	/usr/lib/system/libdispatch.dylib
0x000000000ad3b000 	/usr/lib/system/libdyld.dylib
0x000000000ad3b000 	/usr/lib/system/libkeymgr.dylib
0x000000000ad3b000 	/usr/lib/system/liblaunch.dylib
0x000000000ad3b000 	/usr/lib/system/libmacho.dylib
0x000000000ad3b000 	/usr/lib/system/libquarantine.dylib
0x000000000ad3b000 	/usr/lib/system/libremovefile.dylib
0x000000000ad3b000 	/usr/lib/system/libsystem_asl.dylib
0x000000000ad3b000 	/usr/lib/system/libsystem_blocks.dylib
0x000000000ad3b000 	/usr/lib/system/libsystem_c.dylib
0x000000000ad3b000 	/usr/lib/system/libsystem_configuration.dylib
0x000000000ad3b000 	/usr/lib/system/libsystem_dnssd.dylib
0x000000000ad3b000 	/usr/lib/system/libsystem_info.dylib
0x000000000ad3b000 	/usr/lib/system/libsystem_kernel.dylib
0x000000000ad3b000 	/usr/lib/system/libsystem_m.dylib
0x000000000ad3b000 	/usr/lib/system/libsystem_malloc.dylib
0x000000000ad3b000 	/usr/lib/system/libsystem_network.dylib
0x000000000ad3b000 	/usr/lib/system/libsystem_notify.dylib
0x000000000ad3b000 	/usr/lib/system/libsystem_platform.dylib
0x000000000ad3b000 	/usr/lib/system/libsystem_pthread.dylib
0x000000000ad3b000 	/usr/lib/system/libsystem_sandbox.dylib
0x000000000ad3b000 	/usr/lib/system/libsystem_stats.dylib
0x000000000ad3b000 	/usr/lib/system/libunc.dylib
0x000000000ad3b000 	/usr/lib/system/libunwind.dylib
0x000000000ad3b000 	/usr/lib/system/libxpc.dylib
0x000000000ad3b000 	/usr/lib/libbsm.0.dylib
0x000000000ad3b000 	/usr/lib/libsqlite3.dylib
0x000000000ad3b000 	/usr/lib/libxar.1.dylib
0x000000000ad3b000 	/usr/lib/libpam.2.dylib
0x000000000ad3b000 	/usr/lib/libOpenScriptingUtil.dylib
0x000000000ad3b000 	/usr/lib/libbz2.1.0.dylib
0x000000000ad3b000 	/System/Library/Frameworks/CoreServices.framework/Versions/A/Frameworks/CarbonCore.framework/Versions/A/CarbonCore
0x000000000ad3b000 	/System/Library/Frameworks/CoreServices.framework/Versions/A/Frameworks/Metadata.framework/Versions/A/Metadata
0x000000000ad3b000 	/System/Library/Frameworks/CoreServices.framework/Versions/A/Frameworks/OSServices.framework/Versions/A/OSServices
0x000000000ad3b000 	/System/Library/Frameworks/CoreServices.framework/Versions/A/Frameworks/SearchKit.framework/Versions/A/SearchKit
0x000000000ad3b000 	/System/Library/Frameworks/CoreServices.framework/Versions/A/Frameworks/AE.framework/Versions/A/AE
0x000000000ad3b000 	/System/Library/Frameworks/CoreServices.framework/Versions/A/Frameworks/LaunchServices.framework/Versions/A/LaunchServices
0x000000000ad3b000 	/System/Library/Frameworks/CoreServices.framework/Versions/A/Frameworks/DictionaryServices.framework/Versions/A/DictionaryServices
0x000000000ad3b000 	/System/Library/Frameworks/NetFS.framework/Versions/A/NetFS
0x000000000ad3b000 	/usr/lib/system/libkxld.dylib
0x000000000ad3b000 	/System/Library/PrivateFrameworks/NetAuth.framework/Versions/A/NetAuth
0x000000000ad3b000 	/System/Library/PrivateFrameworks/TCC.framework/Versions/A/TCC
0x000000000ad3b000 	/System/Library/Frameworks/OpenDirectory.framework/Versions/A/Frameworks/CFOpenDirectory.framework/Versions/A/CFOpenDirectory
0x000000000ad3b000 	/System/Library/Frameworks/ServiceManagement.framework/Versions/A/ServiceManagement
0x000000000ad3b000 	/usr/lib/libxslt.1.dylib
0x000000000ad3b000 	/System/Library/Frameworks/Carbon.framework/Versions/A/Frameworks/Ink.framework/Versions/A/Ink
0x000000000ad3b000 	/System/Library/Frameworks/ApplicationServices.framework/Versions/A/Frameworks/ATS.framework/Versions/A/ATS
0x000000000ad3b000 	/System/Library/Frameworks/ApplicationServices.framework/Versions/A/Frameworks/ColorSync.framework/Versions/A/ColorSync
0x000000000ad3b000 	/System/Library/Frameworks/ApplicationServices.framework/Versions/A/Frameworks/HIServices.framework/Versions/A/HIServices
0x000000000ad3b000 	/System/Library/Frameworks/ApplicationServices.framework/Versions/A/Frameworks/LangAnalysis.framework/Versions/A/LangAnalysis
0x000000000ad3b000 	/System/Library/Frameworks/ApplicationServices.framework/Versions/A/Frameworks/PrintCore.framework/Versions/A/PrintCore
0x000000000ad3b000 	/System/Library/Frameworks/ApplicationServices.framework/Versions/A/Frameworks/QD.framework/Versions/A/QD
0x000000000ad3b000 	/System/Library/Frameworks/ApplicationServices.framework/Versions/A/Frameworks/SpeechSynthesis.framework/Versions/A/SpeechSynthesis
0x000000000ad3b000 	/System/Library/Frameworks/IOSurface.framework/Versions/A/IOSurface
0x000000000ad3b000 	/System/Library/Frameworks/Accelerate.framework/Versions/A/Accelerate
0x000000000ad3b000 	/System/Library/Frameworks/Accelerate.framework/Versions/A/Frameworks/vImage.framework/Versions/A/vImage
0x000000000ad3b000 	/System/Library/Frameworks/Accelerate.framework/Versions/A/Frameworks/vecLib.framework/Versions/A/vecLib
0x000000000ad3b000 	/System/Library/Frameworks/Accelerate.framework/Versions/A/Frameworks/vecLib.framework/Versions/A/libvDSP.dylib
0x000000000ad3b000 	/System/Library/Frameworks/Accelerate.framework/Versions/A/Frameworks/vecLib.framework/Versions/A/libvMisc.dylib
0x000000000ad3b000 	/System/Library/Frameworks/Accelerate.framework/Versions/A/Frameworks/vecLib.framework/Versions/A/libLAPACK.dylib
0x000000000ad3b000 	/System/Library/Frameworks/Accelerate.framework/Versions/A/Frameworks/vecLib.framework/Versions/A/libBLAS.dylib
0x000000000ad3b000 	/System/Library/Frameworks/ApplicationServices.framework/Versions/A/Frameworks/ATS.framework/Versions/A/Resources/libFontParser.dylib
0x000000000ad3b000 	/System/Library/Frameworks/ApplicationServices.framework/Versions/A/Frameworks/ATS.framework/Versions/A/Resources/libFontRegistry.dylib
0x000000000ad3b000 	/System/Library/Frameworks/ImageIO.framework/Versions/A/Resources/libJPEG.dylib
0x000000000ad3b000 	/System/Library/Frameworks/ImageIO.framework/Versions/A/Resources/libTIFF.dylib
0x000000000ad3b000 	/System/Library/Frameworks/ImageIO.framework/Versions/A/Resources/libPng.dylib
0x000000000ad3b000 	/System/Library/Frameworks/ImageIO.framework/Versions/A/Resources/libGIF.dylib
0x000000000ad3b000 	/System/Library/Frameworks/ImageIO.framework/Versions/A/Resources/libJP2.dylib
0x000000000ad3b000 	/System/Library/Frameworks/ImageIO.framework/Versions/A/Resources/libRadiance.dylib
0x000000000ad3b000 	/usr/lib/libcups.2.dylib
0x000000000ad3b000 	/System/Library/Frameworks/Kerberos.framework/Versions/A/Kerberos
0x000000000ad3b000 	/System/Library/Frameworks/GSS.framework/Versions/A/GSS
0x000000000ad3b000 	/usr/lib/libresolv.9.dylib
0x000000000ad3b000 	/usr/lib/libiconv.2.dylib
0x000000000ad3b000 	/System/Library/PrivateFrameworks/Heimdal.framework/Versions/A/Heimdal
0x000000000ad3b000 	/System/Library/PrivateFrameworks/TrustEvaluationAgent.framework/Versions/A/TrustEvaluationAgent
0x000000000ad3b000 	/usr/lib/libheimdal-asn1.dylib
0x000000000ad3b000 	/System/Library/Frameworks/OpenDirectory.framework/Versions/A/OpenDirectory
0x000000000ad3b000 	/System/Library/PrivateFrameworks/CommonAuth.framework/Versions/A/CommonAuth
0x000000000ad3b000 	/System/Library/Frameworks/SecurityFoundation.framework/Versions/A/SecurityFoundation
0x000000000ad3b000 	/System/Library/PrivateFrameworks/Bom.framework/Versions/A/Bom
0x000000000ad3b000 	/System/Library/Frameworks/CoreVideo.framework/Versions/A/CoreVideo
0x000000000ad3b000 	/System/Library/Frameworks/QuartzCore.framework/Versions/A/Frameworks/CoreImage.framework/Versions/A/CoreImage
0x000000000ad3b000 	/System/Library/Frameworks/QuartzCore.framework/Versions/A/Frameworks/ScalableUserInterface.framework/Versions/A/ScalableUserInterface
0x000000000ad3b000 	/System/Library/Frameworks/OpenGL.framework/Versions/A/Libraries/libGLU.dylib
0x000000000ad3b000 	/System/Library/Frameworks/OpenGL.framework/Versions/A/Libraries/libGFXShared.dylib
0x000000000ad3b000 	/System/Library/Frameworks/OpenGL.framework/Versions/A/Libraries/libGL.dylib
0x000000000ad3b000 	/System/Library/Frameworks/OpenGL.framework/Versions/A/Libraries/libGLImage.dylib
0x000000000ad3b000 	/System/Library/Frameworks/OpenGL.framework/Versions/A/Libraries/libCVMSPluginSupport.dylib
0x000000000ad3b000 	/System/Library/Frameworks/OpenGL.framework/Versions/A/Libraries/libCoreVMClient.dylib
0x000000000ad3b000 	/System/Library/PrivateFrameworks/FaceCore.framework/Versions/A/FaceCore
0x000000000ad3b000 	/System/Library/PrivateFrameworks/CrashReporterSupport.framework/Versions/A/CrashReporterSupport
0x000000000ad3b000 	/System/Library/Frameworks/OpenCL.framework/Versions/A/OpenCL
0x000000000ad3b000 	/System/Library/PrivateFrameworks/AppleFSCompression.framework/Versions/A/AppleFSCompression
0x000000000ad3b000 	/System/Library/PrivateFrameworks/Ubiquity.framework/Versions/A/Ubiquity
0x000000000ad3b000 	/System/Library/PrivateFrameworks/IconServices.framework/Versions/A/IconServices
0x000000000ad3b000 	/System/Library/PrivateFrameworks/ChunkingLibrary.framework/Versions/A/ChunkingLibrary
0x000000000ad3b000 	/System/Library/PrivateFrameworks/CoreSymbolication.framework/Versions/A/CoreSymbolication
0x000000000ad3b000 	/System/Library/PrivateFrameworks/Symbolication.framework/Versions/A/Symbolication
0x000000000ad3b000 	/System/Library/PrivateFrameworks/DebugSymbols.framework/Versions/A/DebugSymbols
0x000000010a200000 	/Library/Java/JavaVirtualMachines/jdk1.7.0_51.jdk/Contents/Home/jre/lib/server/libjvm.dylib
0x000000000ad3b000 	/usr/lib/libstdc++.6.dylib
0x00000001091e2000 	/Library/Java/JavaVirtualMachines/jdk1.7.0_51.jdk/Contents/Home/jre/lib/libverify.dylib
0x000000010ad56000 	/Library/Java/JavaVirtualMachines/jdk1.7.0_51.jdk/Contents/Home/jre/lib/libjava.dylib
0x000000010ad86000 	/Library/Java/JavaVirtualMachines/jdk1.7.0_51.jdk/Contents/Home/jre/lib/libzip.dylib
0x0000000115687000 	/System/Library/Frameworks/JavaVM.framework/Frameworks/JavaRuntimeSupport.framework/JavaRuntimeSupport
0x000000011569f000 	/System/Library/Frameworks/JavaVM.framework/Versions/A/Frameworks/JavaNativeFoundation.framework/Versions/A/JavaNativeFoundation
0x00000001156b4000 	/System/Library/Frameworks/JavaVM.framework/Versions/A/JavaVM
0x000000000ad3b000 	/System/Library/Frameworks/Carbon.framework/Versions/A/Carbon
0x00000001156c1000 	/System/Library/PrivateFrameworks/JavaLaunching.framework/Versions/A/JavaLaunching
0x000000000ad3b000 	/System/Library/Frameworks/Carbon.framework/Versions/A/Frameworks/CommonPanels.framework/Versions/A/CommonPanels
0x000000000ad3b000 	/System/Library/Frameworks/Carbon.framework/Versions/A/Frameworks/Help.framework/Versions/A/Help
0x000000000ad3b000 	/System/Library/Frameworks/Carbon.framework/Versions/A/Frameworks/ImageCapture.framework/Versions/A/ImageCapture
0x000000000ad3b000 	/System/Library/Frameworks/Carbon.framework/Versions/A/Frameworks/OpenScripting.framework/Versions/A/OpenScripting
0x000000000ad3b000 	/System/Library/Frameworks/Carbon.framework/Versions/A/Frameworks/Print.framework/Versions/A/Print
0x000000000ad3b000 	/System/Library/Frameworks/Carbon.framework/Versions/A/Frameworks/SecurityHI.framework/Versions/A/SecurityHI
0x0000000115d6a000 	/Library/Java/JavaVirtualMachines/jdk1.7.0_51.jdk/Contents/Home/jre/lib/libawt.dylib
0x0000000115e19000 	/Library/Java/JavaVirtualMachines/jdk1.7.0_51.jdk/Contents/Home/jre/lib/./libmlib_image.dylib
0x0000000115ee5000 	/Library/Java/JavaVirtualMachines/jdk1.7.0_51.jdk/Contents/Home/jre/lib/lwawt/liblwawt.dylib
0x0000000115f99000 	/Library/Java/JavaVirtualMachines/jdk1.7.0_51.jdk/Contents/Home/jre/lib/libosxapp.dylib
0x000000000ad3b000 	/System/Library/Frameworks/ExceptionHandling.framework/Versions/A/ExceptionHandling
0x000000000ad3b000 	/System/Library/PrivateFrameworks/CoreServicesInternal.framework/Versions/A/CoreServicesInternal
0x000000000ad3b000 	/System/Library/PrivateFrameworks/Librarian.framework/Versions/A/Librarian
0x000000000ad3b000 	/System/Library/Frameworks/CoreGraphics.framework/Versions/A/Resources/libCGCMS.A.dylib
0x000000000ad3b000 	/System/Library/Frameworks/CoreGraphics.framework/Versions/A/Resources/libRIP.A.dylib
0x000000000ad3b000 	/System/Library/Frameworks/CoreGraphics.framework/Versions/A/Resources/libCGXType.A.dylib
0x000000000ad3b000 	/System/Library/PrivateFrameworks/FamilyControls.framework/Versions/A/FamilyControls
0x000000000ad3b000 	/System/Library/PrivateFrameworks/CommerceKit.framework/Versions/A/Frameworks/CommerceCore.framework/Versions/A/CommerceCore
0x000000000ad3b000 	/System/Library/PrivateFrameworks/SystemAdministration.framework/Versions/A/SystemAdministration
0x000000000ad3b000 	/System/Library/Frameworks/DirectoryService.framework/Versions/A/DirectoryService
0x000000000ad3b000 	/System/Library/PrivateFrameworks/DiskImages.framework/Versions/A/DiskImages
0x000000000ad3b000 	/System/Library/PrivateFrameworks/LoginUIKit.framework/Versions/A/Frameworks/LoginUICore.framework/Versions/A/LoginUICore
0x000000000ad3b000 	/usr/lib/libCoreStorage.dylib
0x000000000ad3b000 	/usr/lib/libcsfde.dylib
0x000000000ad3b000 	/usr/lib/libodfde.dylib
0x000000000ad3b000 	/System/Library/Frameworks/DiscRecording.framework/Versions/A/DiscRecording
0x000000000ad3b000 	/usr/lib/libcurl.4.dylib
0x000000000ad3b000 	/System/Library/PrivateFrameworks/MediaKit.framework/Versions/A/MediaKit
0x000000000ad3b000 	/System/Library/PrivateFrameworks/EFILogin.framework/Versions/A/EFILogin
0x000000000ad3b000 	/usr/lib/libutil.dylib
0x000000000ad3b000 	/System/Library/PrivateFrameworks/AOSNotification.framework/Versions/A/AOSNotification
0x000000000ad3b000 	/System/Library/Frameworks/LDAP.framework/Versions/A/LDAP
0x000000000ad3b000 	/usr/lib/libsasl2.2.dylib
0x000000000ad3b000 	/usr/lib/libcrypto.0.9.8.dylib
0x000000000ad3b000 	/usr/lib/libssl.0.9.8.dylib
0x000000000ad3b000 	/System/Library/Frameworks/OpenGL.framework/Versions/A/Resources/GLEngine.bundle/GLEngine
0x000000000ad3b000 	/System/Library/Frameworks/OpenGL.framework/Versions/A/Libraries/libGLProgrammability.dylib
0x0000000000000000 	/System/Library/Extensions/AppleIntelHD3000GraphicsGLDriver.bundle/Contents/MacOS/AppleIntelHD3000GraphicsGLDriver
0x0000000117ae4000 	/System/Library/PrivateFrameworks/GPUSupport.framework/Versions/A/Libraries/libGPUSupport.dylib
0x0000000000000000 	/System/Library/Extensions/AMDRadeonX3000GLDriver.bundle/Contents/MacOS/AMDRadeonX3000GLDriver
0x000000000ad3b000 	/System/Library/PrivateFrameworks/IOAccelerator.framework/Versions/A/IOAccelerator
0x000000000ad3b000 	/System/Library/PrivateFrameworks/GPUSupport.framework/Versions/A/Libraries/libGPUSupportMercury.dylib
0x000000000ad3b000 	/System/Library/Frameworks/OpenGL.framework/Versions/A/Resources/GLRendererFloat.bundle/GLRendererFloat
0x000000000ad3b000 	/System/Library/Frameworks/OpenCL.framework/Versions/A/Libraries/libcldcpuengine.dylib
0x000000011aa97000 	/Library/Java/JavaVirtualMachines/jdk1.7.0_51.jdk/Contents/Home/jre/lib/libfontmanager.dylib
0x000000011aafe000 	/Library/Java/JavaVirtualMachines/jdk1.7.0_51.jdk/Contents/Home/jre/lib/libosxui.dylib
0x000000011ad0e000 	/Library/Java/JavaVirtualMachines/jdk1.7.0_51.jdk/Contents/Home/jre/lib/libnet.dylib
0x000000011ad23000 	/Library/Java/JavaVirtualMachines/jdk1.7.0_51.jdk/Contents/Home/jre/lib/libnio.dylib
0x000000011bc3c000 	/private/var/folders/_6/vv8zqx450855nldnp02w3cyc0000gn/T/libgdxJack/d8ae55ed/libgdx64.dylib
0x000000011bcae000 	/private/var/folders/_6/vv8zqx450855nldnp02w3cyc0000gn/T/libgdxJack/f7649394/liblwjgl.dylib
0x000000011b3e3000 	/Library/Java/JavaVirtualMachines/jdk1.7.0_51.jdk/Contents/Home/jre/lib/libjawt.dylib
0x000000011bd30000 	/var/folders/_6/vv8zqx450855nldnp02w3cyc0000gn/T/libgdxJack/f7649394/openal.dylib
0x000000011bdb3000 	/System/Library/Components/CoreAudio.component/Contents/MacOS/CoreAudio
0x000000011c02f000 	/System/Library/Extensions/AppleHDA.kext/Contents/PlugIns/AppleHDAHALPlugIn.bundle/Contents/MacOS/AppleHDAHALPlugIn
0x000000011c352000 	/private/var/folders/_6/vv8zqx450855nldnp02w3cyc0000gn/T/libgdxJack/b02f37a3/libgdx-box2d64.dylib

VM Arguments:
jvm_args: -Dfile.encoding=US-ASCII 
java_command: com.gmail.jackbcousineau.desktop.DesktopLauncher
Launcher Type: SUN_STANDARD

Environment Variables:
PATH=/usr/bin:/bin:/usr/sbin:/sbin
SHELL=/bin/bash
DISPLAY=/tmp/launch-UfzHXu/org.macosforge.xquartz:0

Signal Handlers:
SIGSEGV: [libjvm.dylib+0x525425], sa_mask[0]=0xfffefeff, sa_flags=0x00000043
SIGBUS: [libjvm.dylib+0x525425], sa_mask[0]=0xfffefeff, sa_flags=0x00000042
SIGFPE: [libjvm.dylib+0x41892a], sa_mask[0]=0xfffefeff, sa_flags=0x00000042
SIGPIPE: [libjvm.dylib+0x41892a], sa_mask[0]=0xfffefeff, sa_flags=0x00000042
SIGXFSZ: [libjvm.dylib+0x41892a], sa_mask[0]=0xfffefeff, sa_flags=0x00000042
SIGILL: [libjvm.dylib+0x41892a], sa_mask[0]=0xfffefeff, sa_flags=0x00000042
SIGUSR1: SIG_DFL, sa_mask[0]=0x00000000, sa_flags=0x00000002
SIGUSR2: [libjvm.dylib+0x41841c], sa_mask[0]=0x00000004, sa_flags=0x00000042
SIGHUP: [libjvm.dylib+0x4166ab], sa_mask[0]=0xfffefeff, sa_flags=0x00000042
SIGINT: [libjvm.dylib+0x4166ab], sa_mask[0]=0xfffefeff, sa_flags=0x00000042
SIGTERM: [libjvm.dylib+0x4166ab], sa_mask[0]=0xfffefeff, sa_flags=0x00000042
SIGQUIT: [libjvm.dylib+0x4166ab], sa_mask[0]=0xfffefeff, sa_flags=0x00000042


---------------  S Y S T E M  ---------------

OS:Bsduname:Darwin 13.4.0 Darwin Kernel Version 13.4.0: Wed Dec 17 19:05:52 PST 2014; root:xnu-2422.115.10~1/RELEASE_X86_64 x86_64
rlimit: STACK 8192k, CORE 0k, NPROC 709, NOFILE 10240, AS infinity
load average:1.79 1.61 1.48

CPU:total 8 (4 cores per cpu, 2 threads per core) family 6 model 42 stepping 7, cmov, cx8, fxsr, mmx, sse, sse2, sse3, ssse3, sse4.1, sse4.2, popcnt, avx, aes, ht, tsc, tscinvbit

Memory: 4k page, physical 8388608k(2097152k free)

/proc/meminfo:


vm_info: Java HotSpot(TM) 64-Bit Server VM (24.51-b03) for bsd-amd64 JRE (1.7.0_51-b13), built on Dec 18 2013 18:45:56 by "java_re" with gcc 4.2.1 (Based on Apple Inc. build 5658) (LLVM build 2336.11.00)

time: Wed May  6 19:11:31 2015
elapsed time: 5 seconds

