#
# A fatal error has been detected by the Java Runtime Environment:
#
#  SIGSEGV (0xb) at pc=0x0000000108afa1cc, pid=13799, tid=19203
#
# JRE version: Java(TM) SE Runtime Environment (7.0_51-b13) (build 1.7.0_51-b13)
# Java VM: Java HotSpot(TM) 64-Bit Server VM (24.51-b03 mixed mode bsd-amd64 compressed oops)
# Problematic frame:
# V  [libjvm.dylib+0xfa1cc]
#
# Failed to write core dump. Core dumps have been disabled. To enable core dumping, try "ulimit -c unlimited" before starting Java again
#
# If you would like to submit a bug report, please visit:
#   http://bugreport.sun.com/bugreport/crash.jsp
#

---------------  T H R E A D  ---------------

Current thread (0x00007fd4f6841800):  JavaThread "C2 CompilerThread1" daemon [_thread_in_native, id=19203, stack(0x00000001158d8000,0x00000001159d8000)]

siginfo:si_signo=SIGSEGV: si_errno=0, si_code=1 (SEGV_MAPERR), si_addr=0x00007fd400000028

Registers:
RAX=0x0000000000001caf, RBX=0x00007fd400000000, RCX=0x00007fd4f6a30610, RDX=0x00007fd4e608c760
RSP=0x00000001159d45d0, RBP=0x00000001159d45d0, RSI=0x00007fd4f806af00, RDI=0x00007fd400000000
R8 =0x00007fd4fd0d3cd0, R9 =0x00007fd4fd0d3cd0, R10=0x00007fd4f6aaec10, R11=0x0000000000000840
R12=0x00000001159d5690, R13=0x00007fd400000000, R14=0x00007fd4e608c760, R15=0x00007fd4f806af00
RIP=0x0000000108afa1cc, EFLAGS=0x0000000000010202, ERR=0x0000000000000004
  TRAPNO=0x000000000000000e

Top of Stack: (sp=0x00000001159d45d0)
0x00000001159d45d0:   00000001159d45f0 0000000108afa222
0x00000001159d45e0:   00007fd4f80b2aa0 00007fd4fd0d3cd0
0x00000001159d45f0:   00000001159d4640 0000000108e45887
0x00000001159d4600:   00007fd502d028f0 00000001159d70c0
0x00000001159d4610:   00007fd4fd0d3d10 00007fd4f806af00
0x00000001159d4620:   0000000000000001 00007fd4f806af00
0x00000001159d4630:   00000001159d5690 0000000000000001
0x00000001159d4640:   00000001159d46a0 0000000108e459ad
0x00000001159d4650:   00000001159d46a0 00007fd4e608c760
0x00000001159d4660:   00007fd4fd0d3d10 00007fd4fd0d3cd0
0x00000001159d4670:   00007fd4f807e070 00007fd4f807e070
0x00000001159d4680:   0000000000000001 00007fd4f806af00
0x00000001159d4690:   00000001159d5690 0000000000000001
0x00000001159d46a0:   00000001159d4700 0000000108e459f4
0x00000001159d46b0:   00007fd4e608c760 00007fd4e608c760
0x00000001159d46c0:   00007fd4fd0d3d10 00007fd4fd0d3cd0
0x00000001159d46d0:   00007fd4f807e070 0000000000000002
0x00000001159d46e0:   00007fd4fd0d3cd0 00000000000000be
0x00000001159d46f0:   0000000000000000 00007fd4fd0d3d10
0x00000001159d4700:   00000001159d4790 0000000108e45fb7
0x00000001159d4710:   00007fd4fd0d3cd0 00007fd50272d380
0x00000001159d4720:   00000001159d5690 00000000000000d1
0x00000001159d4730:   00007fd4e608c760 00000000000000c3
0x00000001159d4740:   00007fd501e63b50 00007fd4f8071ee8
0x00000001159d4750:   00000001159d5690 00007fd4fd0d3cd0
0x00000001159d4760:   0000000000000007 0000000000000000
0x00000001159d4770:   0000000000000000 00000000000000be
0x00000001159d4780:   0000000000000007 00007fd4f8071ee8
0x00000001159d4790:   00000001159d48e0 0000000108e46f8b
0x00000001159d47a0:   0000000100000001 00000001000000c8
0x00000001159d47b0:   00000001159d4810 0000000000000113
0x00000001159d47c0:   00007fd4e48fb130 00007fd4e608c770 

Instructions: (pc=0x0000000108afa1cc)
0x0000000108afa1ac:   85 db 74 13 89 d8 31 c9 49 8b 56 08 89 0c 8a 48
0x0000000108afa1bc:   ff c1 48 39 c8 75 f1 5b 41 5e 5d c3 55 48 89 e5
0x0000000108afa1cc:   8b 47 28 31 c9 eb 19 39 4f 18 77 04 31 d2 eb 08
0x0000000108afa1dc:   48 8b 57 20 48 8b 14 ca 48 39 f2 74 21 48 ff c1 

Register to memory mapping:

RAX=0x0000000000001caf is an unknown value
RBX=0x00007fd400000000 is an unknown value
RCX=0x00007fd4f6a30610 is an unknown value
RDX=0x00007fd4e608c760 is an unknown value
RSP=0x00000001159d45d0 is pointing into the stack for thread: 0x00007fd4f6841800
RBP=0x00000001159d45d0 is pointing into the stack for thread: 0x00007fd4f6841800
RSI=0x00007fd4f806af00 is an unknown value
RDI=0x00007fd400000000 is an unknown value
R8 =0x00007fd4fd0d3cd0 is an unknown value
R9 =0x00007fd4fd0d3cd0 is an unknown value
R10=0x00007fd4f6aaec10 is an unknown value
R11=0x0000000000000840 is an unknown value
R12=0x00000001159d5690 is pointing into the stack for thread: 0x00007fd4f6841800
R13=0x00007fd400000000 is an unknown value
R14=0x00007fd4e608c760 is an unknown value
R15=0x00007fd4f806af00 is an unknown value


Stack: [0x00000001158d8000,0x00000001159d8000],  sp=0x00000001159d45d0,  free space=1009k
Native frames: (J=compiled Java code, j=interpreted, Vv=VM code, C=native code)
V  [libjvm.dylib+0xfa1cc]
V  [libjvm.dylib+0xfa222]
V  [libjvm.dylib+0x445887]
V  [libjvm.dylib+0x4459ad]
V  [libjvm.dylib+0x4459f4]
V  [libjvm.dylib+0x445fb7]
V  [libjvm.dylib+0x446f8b]
V  [libjvm.dylib+0x175f29]
V  [libjvm.dylib+0x1b94be]
V  [libjvm.dylib+0x1bcb12]
V  [libjvm.dylib+0x166477]
V  [libjvm.dylib+0x1bfc84]
V  [libjvm.dylib+0x1c19c6]
V  [libjvm.dylib+0x4efb57]
V  [libjvm.dylib+0x4f125f]
V  [libjvm.dylib+0x41b1d6]
C  [libsystem_pthread.dylib+0x3268]  _pthread_body+0x83
C  [libsystem_pthread.dylib+0x31e5]  _pthread_body+0x0
C  [libsystem_pthread.dylib+0x141d]  thread_start+0xd


Current CompileTask:
C2: 155079  260             com.badlogic.gdx.utils.XmlReader::parse (1316 bytes)


---------------  P R O C E S S  ---------------

Java Threads: ( => current thread )
  0x00007fd4f67f7000 JavaThread "LWJGL Application" [_thread_in_native, id=124967, stack(0x000000011bbcf000,0x000000011bccf000)]
  0x00007fd4f4926800 JavaThread "Timer-2" [_thread_blocked, id=130247, stack(0x000000011ea7d000,0x000000011eb7d000)]
  0x00007fd4f49b2800 JavaThread "Timer-0" [_thread_blocked, id=122627, stack(0x00000001232c3000,0x00000001233c3000)]
  0x00007fd4f61cc800 JavaThread "Direct Clip" daemon [_thread_blocked, id=122115, stack(0x0000000120bab000,0x0000000120cab000)]
  0x00007fd4f616c800 JavaThread "Java Sound Event Dispatcher" daemon [_thread_blocked, id=121683, stack(0x000000011c417000,0x000000011c517000)]
  0x00007fd4f6919000 JavaThread "DestroyJavaVM" [_thread_blocked, id=4867, stack(0x0000000109454000,0x0000000109554000)]
  0x00007fd4f404f000 JavaThread "AWT-EventQueue-0" [_thread_blocked, id=55043, stack(0x000000011a515000,0x000000011a615000)]
  0x00007fd4f48a8000 JavaThread "Java2D Disposer" daemon [_thread_blocked, id=54539, stack(0x000000011a369000,0x000000011a469000)]
  0x00007fd4f40bc000 JavaThread "Java2D Queue Flusher" daemon [_thread_blocked, id=51975, stack(0x000000011a206000,0x000000011a306000)]
  0x00007fd4f40b0800 JavaThread "AWT-Shutdown" [_thread_blocked, id=29971, stack(0x0000000117709000,0x0000000117809000)]
  0x00007fd4f489c000 JavaThread "AppKit Thread" daemon [_thread_in_native, id=1299, stack(0x00007fff5838c000,0x00007fff5840c000)]
  0x00007fd4f6022800 JavaThread "Service Thread" daemon [_thread_blocked, id=19715, stack(0x00000001159db000,0x0000000115adb000)]
=>0x00007fd4f6841800 JavaThread "C2 CompilerThread1" daemon [_thread_in_native, id=19203, stack(0x00000001158d8000,0x00000001159d8000)]
  0x00007fd4f400b800 JavaThread "C2 CompilerThread0" daemon [_thread_blocked, id=18691, stack(0x00000001157d5000,0x00000001158d5000)]
  0x00007fd4f400a000 JavaThread "Signal Dispatcher" daemon [_thread_blocked, id=15383, stack(0x00000001156d2000,0x00000001157d2000)]
  0x00007fd4f601f800 JavaThread "Finalizer" daemon [_thread_blocked, id=13571, stack(0x0000000113cb1000,0x0000000113db1000)]
  0x00007fd4f6001000 JavaThread "Reference Handler" daemon [_thread_blocked, id=13059, stack(0x0000000113bae000,0x0000000113cae000)]

Other Threads:
  0x00007fd4f6832000 VMThread [stack: 0x0000000113aab000,0x0000000113bab000] [id=12547]
  0x00007fd4f6020800 WatcherThread [stack: 0x0000000115ade000,0x0000000115bde000] [id=20227]

VM state:not at safepoint (normal execution)

VM Mutex/Monitor currently owned by a thread: None

Heap
 PSYoungGen      total 61952K, used 23894K [0x00000007d5500000, 0x00000007dae80000, 0x0000000800000000)
  eden space 38400K, 48% used [0x00000007d5500000,0x00000007d6755fe8,0x00000007d7a80000)
  from space 23552K, 21% used [0x00000007d9780000,0x00000007d9c7faf0,0x00000007dae80000)
  to   space 26624K, 0% used [0x00000007d7a80000,0x00000007d7a80000,0x00000007d9480000)
 ParOldGen       total 154624K, used 73877K [0x0000000780000000, 0x0000000789700000, 0x00000007d5500000)
  object space 154624K, 47% used [0x0000000780000000,0x0000000784825550,0x0000000789700000)
 PSPermGen       total 29696K, used 14683K [0x000000077ae00000, 0x000000077cb00000, 0x0000000780000000)
  object space 29696K, 49% used [0x000000077ae00000,0x000000077bc56f98,0x000000077cb00000)

Card table byte_map: [0x000000010c616000,0x000000010ca40000] byte_map_base: 0x0000000108a3f000

Polling page: 0x0000000107946000

Code Cache  [0x0000000109556000, 0x00000001097c6000, 0x000000010c556000)
 total_blobs=854 nmethods=257 adapters=551 free_code_cache=47987Kb largest_free_block=49107584

Compilation events (10 events):
Event: 154.907 Thread 0x00007fd4f400b800 nmethod 257 0x0000000109649b90 code [0x0000000109649ce0, 0x0000000109649f78]
Event: 154.984 Thread 0x00007fd4f6841800  258             java.lang.String::startsWith (7 bytes)
Event: 154.986 Thread 0x00007fd4f6841800 nmethod 258 0x000000010961c990 code [0x000000010961cae0, 0x000000010961cc78]
Event: 155.005 Thread 0x00007fd4f400b800  259             sun.nio.cs.UTF_8$Decoder::decodeArrayLoop (543 bytes)
Event: 155.005 Thread 0x00007fd4f6841800  260             com.badlogic.gdx.utils.XmlReader::parse (1316 bytes)
Event: 155.017 Thread 0x00007fd4f400b800 nmethod 259 0x0000000109670090 code [0x00000001096702c0, 0x0000000109670dd8]
Event: 155.017 Thread 0x00007fd4f400b800  261             com.badlogic.gdx.maps.tiled.BaseTmxMapLoader::loadTileLayer (265 bytes)
Event: 155.043 Thread 0x00007fd4f400b800 nmethod 261 0x000000010967bb10 code [0x000000010967be20, 0x000000010967d2a8]
Event: 155.043 Thread 0x00007fd4f400b800  262   !         com.badlogic.gdx.maps.tiled.BaseTmxMapLoader::getTileIds (490 bytes)
Event: 155.059 Thread 0x00007fd4f400b800 nmethod 262 0x000000010967ebd0 code [0x000000010967ee80, 0x000000010967ffd8]

GC Heap History (10 events):
Event: 12.871 GC heap before
{Heap before GC invocations=3 (full 0):
 PSYoungGen      total 38912K, used 38911K [0x00000007d5500000, 0x00000007d8000000, 0x0000000800000000)
  eden space 33792K, 100% used [0x00000007d5500000,0x00000007d7600000,0x00000007d7600000)
  from space 5120K, 99% used [0x00000007d7b00000,0x00000007d7fffe40,0x00000007d8000000)
  to   space 5120K, 0% used [0x00000007d7600000,0x00000007d7600000,0x00000007d7b00000)
 ParOldGen       total 87040K, used 68938K [0x0000000780000000, 0x0000000785500000, 0x00000007d5500000)
  object space 87040K, 79% used [0x0000000780000000,0x0000000784352b70,0x0000000785500000)
 PSPermGen       total 21504K, used 14615K [0x000000077ae00000, 0x000000077c300000, 0x0000000780000000)
  object space 21504K, 67% used [0x000000077ae00000,0x000000077bc45c48,0x000000077c300000)
Event: 12.877 GC heap after
Heap after GC invocations=3 (full 0):
 PSYoungGen      total 38912K, used 5103K [0x00000007d5500000, 0x00000007d8000000, 0x0000000800000000)
  eden space 33792K, 0% used [0x00000007d5500000,0x00000007d5500000,0x00000007d7600000)
  from space 5120K, 99% used [0x00000007d7600000,0x00000007d7afbdb0,0x00000007d7b00000)
  to   space 5120K, 0% used [0x00000007d7b00000,0x00000007d7b00000,0x00000007d8000000)
 ParOldGen       total 87040K, used 70902K [0x0000000780000000, 0x0000000785500000, 0x00000007d5500000)
  object space 87040K, 81% used [0x0000000780000000,0x000000078453d978,0x0000000785500000)
 PSPermGen       total 21504K, used 14615K [0x000000077ae00000, 0x000000077c300000, 0x0000000780000000)
  object space 21504K, 67% used [0x000000077ae00000,0x000000077bc45c48,0x000000077c300000)
}
Event: 12.877 GC heap before
{Heap before GC invocations=4 (full 1):
 PSYoungGen      total 38912K, used 5103K [0x00000007d5500000, 0x00000007d8000000, 0x0000000800000000)
  eden space 33792K, 0% used [0x00000007d5500000,0x00000007d5500000,0x00000007d7600000)
  from space 5120K, 99% used [0x00000007d7600000,0x00000007d7afbdb0,0x00000007d7b00000)
  to   space 5120K, 0% used [0x00000007d7b00000,0x00000007d7b00000,0x00000007d8000000)
 ParOldGen       total 87040K, used 70902K [0x0000000780000000, 0x0000000785500000, 0x00000007d5500000)
  object space 87040K, 81% used [0x0000000780000000,0x000000078453d978,0x0000000785500000)
 PSPermGen       total 21504K, used 14615K [0x000000077ae00000, 0x000000077c300000, 0x0000000780000000)
  object space 21504K, 67% used [0x000000077ae00000,0x000000077bc45c48,0x000000077c300000)
Event: 13.007 GC heap after
Heap after GC invocations=4 (full 1):
 PSYoungGen      total 38912K, used 0K [0x00000007d5500000, 0x00000007d8000000, 0x0000000800000000)
  eden space 33792K, 0% used [0x00000007d5500000,0x00000007d5500000,0x00000007d7600000)
  from space 5120K, 0% used [0x00000007d7600000,0x00000007d7600000,0x00000007d7b00000)
  to   space 5120K, 0% used [0x00000007d7b00000,0x00000007d7b00000,0x00000007d8000000)
 ParOldGen       total 154624K, used 73877K [0x0000000780000000, 0x0000000789700000, 0x00000007d5500000)
  object space 154624K, 47% used [0x0000000780000000,0x0000000784825550,0x0000000789700000)
 PSPermGen       total 29696K, used 14610K [0x000000077ae00000, 0x000000077cb00000, 0x0000000780000000)
  object space 29696K, 49% used [0x000000077ae00000,0x000000077bc44aa8,0x000000077cb00000)
}
Event: 18.575 GC heap before
{Heap before GC invocations=5 (full 1):
 PSYoungGen      total 38912K, used 33792K [0x00000007d5500000, 0x00000007d8000000, 0x0000000800000000)
  eden space 33792K, 100% used [0x00000007d5500000,0x00000007d7600000,0x00000007d7600000)
  from space 5120K, 0% used [0x00000007d7600000,0x00000007d7600000,0x00000007d7b00000)
  to   space 5120K, 0% used [0x00000007d7b00000,0x00000007d7b00000,0x00000007d8000000)
 ParOldGen       total 154624K, used 73877K [0x0000000780000000, 0x0000000789700000, 0x00000007d5500000)
  object space 154624K, 47% used [0x0000000780000000,0x0000000784825550,0x0000000789700000)
 PSPermGen       total 29696K, used 14626K [0x000000077ae00000, 0x000000077cb00000, 0x0000000780000000)
  object space 29696K, 49% used [0x000000077ae00000,0x000000077bc48910,0x000000077cb00000)
Event: 18.577 GC heap after
Heap after GC invocations=5 (full 1):
 PSYoungGen      total 38912K, used 2030K [0x00000007d5500000, 0x00000007d8700000, 0x0000000800000000)
  eden space 33792K, 0% used [0x00000007d5500000,0x00000007d5500000,0x00000007d7600000)
  from space 5120K, 39% used [0x00000007d7b00000,0x00000007d7cfb890,0x00000007d8000000)
  to   space 5120K, 0% used [0x00000007d7600000,0x00000007d7600000,0x00000007d7b00000)
 ParOldGen       total 154624K, used 73877K [0x0000000780000000, 0x0000000789700000, 0x00000007d5500000)
  object space 154624K, 47% used [0x0000000780000000,0x0000000784825550,0x0000000789700000)
 PSPermGen       total 29696K, used 14626K [0x000000077ae00000, 0x000000077cb00000, 0x0000000780000000)
  object space 29696K, 49% used [0x000000077ae00000,0x000000077bc48910,0x000000077cb00000)
}
Event: 24.331 GC heap before
{Heap before GC invocations=6 (full 1):
 PSYoungGen      total 38912K, used 35822K [0x00000007d5500000, 0x00000007d8700000, 0x0000000800000000)
  eden space 33792K, 100% used [0x00000007d5500000,0x00000007d7600000,0x00000007d7600000)
  from space 5120K, 39% used [0x00000007d7b00000,0x00000007d7cfb890,0x00000007d8000000)
  to   space 5120K, 0% used [0x00000007d7600000,0x00000007d7600000,0x00000007d7b00000)
 ParOldGen       total 154624K, used 73877K [0x0000000780000000, 0x0000000789700000, 0x00000007d5500000)
  object space 154624K, 47% used [0x0000000780000000,0x0000000784825550,0x0000000789700000)
 PSPermGen       total 29696K, used 14634K [0x000000077ae00000, 0x000000077cb00000, 0x0000000780000000)
  object space 29696K, 49% used [0x000000077ae00000,0x000000077bc4aba0,0x000000077cb00000)
Event: 24.335 GC heap after
Heap after GC invocations=6 (full 1):
 PSYoungGen      total 38912K, used 3662K [0x00000007d5500000, 0x00000007db300000, 0x0000000800000000)
  eden space 33792K, 0% used [0x00000007d5500000,0x00000007d5500000,0x00000007d7600000)
  from space 5120K, 71% used [0x00000007d7600000,0x00000007d7993890,0x00000007d7b00000)
  to   space 28160K, 0% used [0x00000007d9780000,0x00000007d9780000,0x00000007db300000)
 ParOldGen       total 154624K, used 73877K [0x0000000780000000, 0x0000000789700000, 0x00000007d5500000)
  object space 154624K, 47% used [0x0000000780000000,0x0000000784825550,0x0000000789700000)
 PSPermGen       total 29696K, used 14634K [0x000000077ae00000, 0x000000077cb00000, 0x0000000780000000)
  object space 29696K, 49% used [0x000000077ae00000,0x000000077bc4aba0,0x000000077cb00000)
}
Event: 65.351 GC heap before
{Heap before GC invocations=7 (full 1):
 PSYoungGen      total 38912K, used 37454K [0x00000007d5500000, 0x00000007db300000, 0x0000000800000000)
  eden space 33792K, 100% used [0x00000007d5500000,0x00000007d7600000,0x00000007d7600000)
  from space 5120K, 71% used [0x00000007d7600000,0x00000007d7993890,0x00000007d7b00000)
  to   space 28160K, 0% used [0x00000007d9780000,0x00000007d9780000,0x00000007db300000)
 ParOldGen       total 154624K, used 73877K [0x0000000780000000, 0x0000000789700000, 0x00000007d5500000)
  object space 154624K, 47% used [0x0000000780000000,0x0000000784825550,0x0000000789700000)
 PSPermGen       total 29696K, used 14680K [0x000000077ae00000, 0x000000077cb00000, 0x0000000780000000)
  object space 29696K, 49% used [0x000000077ae00000,0x000000077bc562e8,0x000000077cb00000)
Event: 65.357 GC heap after
Heap after GC invocations=7 (full 1):
 PSYoungGen      total 61952K, used 5118K [0x00000007d5500000, 0x00000007dae80000, 0x0000000800000000)
  eden space 38400K, 0% used [0x00000007d5500000,0x00000007d5500000,0x00000007d7a80000)
  from space 23552K, 21% used [0x00000007d9780000,0x00000007d9c7faf0,0x00000007dae80000)
  to   space 26624K, 0% used [0x00000007d7a80000,0x00000007d7a80000,0x00000007d9480000)
 ParOldGen       total 154624K, used 73877K [0x0000000780000000, 0x0000000789700000, 0x00000007d5500000)
  object space 154624K, 47% used [0x0000000780000000,0x0000000784825550,0x0000000789700000)
 PSPermGen       total 29696K, used 14680K [0x000000077ae00000, 0x000000077cb00000, 0x0000000780000000)
  object space 29696K, 49% used [0x000000077ae00000,0x000000077bc562e8,0x000000077cb00000)
}

Deoptimization events (10 events):
Event: 3.802 Thread 0x00007fd4f69cb800 Uncommon trap: reason=class_check action=maybe_recompile pc=0x00000001095fbdd0 method=java.io.FilterInputStream.read([B)I @ 5
Event: 4.672 Thread 0x00007fd4f69cb800 Uncommon trap: reason=class_check action=maybe_recompile pc=0x00000001095fbdd0 method=java.io.FilterInputStream.read([B)I @ 5
Event: 4.673 Thread 0x00007fd4f69cb800 Uncommon trap: reason=class_check action=maybe_recompile pc=0x00000001095fbdd0 method=java.io.FilterInputStream.read([B)I @ 5
Event: 10.851 Thread 0x00007fd4f69cb800 Uncommon trap: reason=unreached action=reinterpret pc=0x000000010961c130 method=java.util.Timer.sched(Ljava/util/TimerTask;JJ)V @ 133
Event: 12.585 Thread 0x00007fd4f69cb800 Uncommon trap: reason=unreached action=reinterpret pc=0x000000010963a510 method=java.util.Timer.sched(Ljava/util/TimerTask;JJ)V @ 133
Event: 23.381 Thread 0x00007fd4f69cb800 Uncommon trap: reason=null_check action=make_not_entrant pc=0x000000010964d378 method=com.badlogic.gdx.utils.ObjectIntMap.put(Ljava/lang/Object;I)V @ 43
Event: 28.332 Thread 0x00007fd4f4926800 Uncommon trap: reason=class_check action=maybe_recompile pc=0x000000010963f008 method=java.util.TimerThread.mainLoop()V @ 221
Event: 31.332 Thread 0x00007fd4f4926800 Uncommon trap: reason=class_check action=maybe_recompile pc=0x000000010963f008 method=java.util.TimerThread.mainLoop()V @ 221
Event: 34.332 Thread 0x00007fd4f4926800 Uncommon trap: reason=class_check action=maybe_recompile pc=0x000000010963f008 method=java.util.TimerThread.mainLoop()V @ 221
Event: 37.332 Thread 0x00007fd4f4926800 Uncommon trap: reason=class_check action=maybe_recompile pc=0x000000010963f008 method=java.util.TimerThread.mainLoop()V @ 221

Internal exceptions (10 events):
Event: 7.897 Thread 0x00007fd4f69cb800 Threw 0x00000007d5841300 at /HUDSON/workspace/7u-2-build-macosx-x86_64/jdk7u51/527/hotspot/src/share/vm/prims/jvm.cpp:1244
Event: 23.381 Thread 0x00007fd4f69cb800 Implicit null exception at 0x000000010964ccdf to 0x000000010964d355
Event: 29.535 Thread 0x00007fd4f69cb800 Threw 0x00000007d7202688 at /HUDSON/workspace/7u-2-build-macosx-x86_64/jdk7u51/527/hotspot/src/share/vm/prims/jvm.cpp:1244
Event: 29.647 Thread 0x00007fd4f69cb800 Threw 0x00000007d7208340 at /HUDSON/workspace/7u-2-build-macosx-x86_64/jdk7u51/527/hotspot/src/share/vm/prims/jvm.cpp:1244
Event: 154.849 Thread 0x00007fd4f404f000 Threw 0x00000007d55a98f0 at /HUDSON/workspace/7u-2-build-macosx-x86_64/jdk7u51/527/hotspot/src/share/vm/prims/jvm.cpp:1244
Event: 154.849 Thread 0x00007fd4f404f000 Threw 0x00000007d55aa578 at /HUDSON/workspace/7u-2-build-macosx-x86_64/jdk7u51/527/hotspot/src/share/vm/prims/jvm.cpp:1244
Event: 154.849 Thread 0x00007fd4f404f000 Threw 0x00000007d55ab1d0 at /HUDSON/workspace/7u-2-build-macosx-x86_64/jdk7u51/527/hotspot/src/share/vm/prims/jvm.cpp:1244
Event: 154.849 Thread 0x00007fd4f404f000 Threw 0x00000007d55ac0f0 at /HUDSON/workspace/7u-2-build-macosx-x86_64/jdk7u51/527/hotspot/src/share/vm/prims/jvm.cpp:1244
Event: 154.849 Thread 0x00007fd4f404f000 Threw 0x00000007d55acd78 at /HUDSON/workspace/7u-2-build-macosx-x86_64/jdk7u51/527/hotspot/src/share/vm/prims/jvm.cpp:1244
Event: 154.849 Thread 0x00007fd4f404f000 Threw 0x00000007d55ad9d0 at /HUDSON/workspace/7u-2-build-macosx-x86_64/jdk7u51/527/hotspot/src/share/vm/prims/jvm.cpp:1244

Events (10 events):
Event: 65.357 Executing VM operation: ParallelGCFailedAllocation done
Event: 65.361 Executing VM operation: RevokeBias
Event: 65.361 Executing VM operation: RevokeBias done
Event: 65.362 Executing VM operation: RevokeBias
Event: 65.362 Executing VM operation: RevokeBias done
Event: 65.362 Executing VM operation: RevokeBias
Event: 65.362 Executing VM operation: RevokeBias done
Event: 65.362 Executing VM operation: RevokeBias
Event: 65.362 Executing VM operation: RevokeBias done
Event: 154.854 Thread 0x00007fd4f67f7000 Thread added: 0x00007fd4f67f7000


Dynamic libraries:
0x0000000009cfb000 	/System/Library/Frameworks/Cocoa.framework/Versions/A/Cocoa
0x0000000009cfb000 	/System/Library/Frameworks/Security.framework/Versions/A/Security
0x0000000009cfb000 	/System/Library/Frameworks/ApplicationServices.framework/Versions/A/ApplicationServices
0x0000000009cfb000 	/usr/lib/libz.1.dylib
0x0000000009cfb000 	/usr/lib/libSystem.B.dylib
0x0000000009cfb000 	/usr/lib/libobjc.A.dylib
0x0000000009cfb000 	/System/Library/Frameworks/CoreFoundation.framework/Versions/A/CoreFoundation
0x0000000009cfb000 	/System/Library/Frameworks/Foundation.framework/Versions/C/Foundation
0x0000000009cfb000 	/System/Library/Frameworks/AppKit.framework/Versions/C/AppKit
0x0000000009cfb000 	/System/Library/Frameworks/CoreData.framework/Versions/A/CoreData
0x0000000009cfb000 	/System/Library/PrivateFrameworks/RemoteViewServices.framework/Versions/A/RemoteViewServices
0x0000000009cfb000 	/System/Library/PrivateFrameworks/UIFoundation.framework/Versions/A/UIFoundation
0x0000000009cfb000 	/System/Library/Frameworks/IOSurface.framework/Versions/A/IOSurface
0x0000000009cfb000 	/System/Library/Frameworks/AudioToolbox.framework/Versions/A/AudioToolbox
0x0000000009cfb000 	/System/Library/Frameworks/AudioUnit.framework/Versions/A/AudioUnit
0x0000000009cfb000 	/System/Library/PrivateFrameworks/DataDetectorsCore.framework/Versions/A/DataDetectorsCore
0x0000000009cfb000 	/System/Library/PrivateFrameworks/DesktopServicesPriv.framework/Versions/A/DesktopServicesPriv
0x0000000009cfb000 	/System/Library/Frameworks/Carbon.framework/Versions/A/Frameworks/HIToolbox.framework/Versions/A/HIToolbox
0x0000000009cfb000 	/System/Library/Frameworks/QuartzCore.framework/Versions/A/QuartzCore
0x0000000009cfb000 	/System/Library/Frameworks/Carbon.framework/Versions/A/Frameworks/SpeechRecognition.framework/Versions/A/SpeechRecognition
0x0000000009cfb000 	/usr/lib/libauto.dylib
0x0000000009cfb000 	/usr/lib/libicucore.A.dylib
0x0000000009cfb000 	/usr/lib/libxml2.2.dylib
0x0000000009cfb000 	/System/Library/PrivateFrameworks/CoreUI.framework/Versions/A/CoreUI
0x0000000009cfb000 	/System/Library/Frameworks/CoreAudio.framework/Versions/A/CoreAudio
0x0000000009cfb000 	/System/Library/Frameworks/DiskArbitration.framework/Versions/A/DiskArbitration
0x0000000009cfb000 	/usr/lib/liblangid.dylib
0x0000000009cfb000 	/System/Library/PrivateFrameworks/MultitouchSupport.framework/Versions/A/MultitouchSupport
0x0000000009cfb000 	/System/Library/Frameworks/IOKit.framework/Versions/A/IOKit
0x0000000009cfb000 	/usr/lib/libDiagnosticMessagesClient.dylib
0x0000000009cfb000 	/System/Library/Frameworks/CoreServices.framework/Versions/A/CoreServices
0x0000000009cfb000 	/System/Library/PrivateFrameworks/PerformanceAnalysis.framework/Versions/A/PerformanceAnalysis
0x0000000009cfb000 	/System/Library/PrivateFrameworks/GenerationalStorage.framework/Versions/A/GenerationalStorage
0x0000000009cfb000 	/System/Library/Frameworks/OpenGL.framework/Versions/A/OpenGL
0x0000000009cfb000 	/System/Library/PrivateFrameworks/Sharing.framework/Versions/A/Sharing
0x0000000009cfb000 	/System/Library/Frameworks/CoreGraphics.framework/Versions/A/CoreGraphics
0x0000000009cfb000 	/System/Library/Frameworks/CoreText.framework/Versions/A/CoreText
0x0000000009cfb000 	/System/Library/Frameworks/ImageIO.framework/Versions/A/ImageIO
0x0000000009cfb000 	/usr/lib/libextension.dylib
0x0000000009cfb000 	/System/Library/PrivateFrameworks/Backup.framework/Versions/A/Backup
0x0000000009cfb000 	/usr/lib/libarchive.2.dylib
0x0000000009cfb000 	/System/Library/Frameworks/CFNetwork.framework/Versions/A/CFNetwork
0x0000000009cfb000 	/System/Library/Frameworks/SystemConfiguration.framework/Versions/A/SystemConfiguration
0x0000000009cfb000 	/usr/lib/libCRFSuite.dylib
0x0000000009cfb000 	/usr/lib/libc++.1.dylib
0x0000000009cfb000 	/usr/lib/libc++abi.dylib
0x0000000009cfb000 	/usr/lib/system/libcache.dylib
0x0000000009cfb000 	/usr/lib/system/libcommonCrypto.dylib
0x0000000009cfb000 	/usr/lib/system/libcompiler_rt.dylib
0x0000000009cfb000 	/usr/lib/system/libcopyfile.dylib
0x0000000009cfb000 	/usr/lib/system/libcorecrypto.dylib
0x0000000009cfb000 	/usr/lib/system/libdispatch.dylib
0x0000000009cfb000 	/usr/lib/system/libdyld.dylib
0x0000000009cfb000 	/usr/lib/system/libkeymgr.dylib
0x0000000009cfb000 	/usr/lib/system/liblaunch.dylib
0x0000000009cfb000 	/usr/lib/system/libmacho.dylib
0x0000000009cfb000 	/usr/lib/system/libquarantine.dylib
0x0000000009cfb000 	/usr/lib/system/libremovefile.dylib
0x0000000009cfb000 	/usr/lib/system/libsystem_asl.dylib
0x0000000009cfb000 	/usr/lib/system/libsystem_blocks.dylib
0x0000000009cfb000 	/usr/lib/system/libsystem_c.dylib
0x0000000009cfb000 	/usr/lib/system/libsystem_configuration.dylib
0x0000000009cfb000 	/usr/lib/system/libsystem_coreservices.dylib
0x0000000009cfb000 	/usr/lib/system/libsystem_coretls.dylib
0x0000000009cfb000 	/usr/lib/system/libsystem_dnssd.dylib
0x0000000009cfb000 	/usr/lib/system/libsystem_info.dylib
0x0000000009cfb000 	/usr/lib/system/libsystem_kernel.dylib
0x0000000009cfb000 	/usr/lib/system/libsystem_m.dylib
0x0000000009cfb000 	/usr/lib/system/libsystem_malloc.dylib
0x0000000009cfb000 	/usr/lib/system/libsystem_network.dylib
0x0000000009cfb000 	/usr/lib/system/libsystem_networkextension.dylib
0x0000000009cfb000 	/usr/lib/system/libsystem_notify.dylib
0x0000000009cfb000 	/usr/lib/system/libsystem_platform.dylib
0x0000000009cfb000 	/usr/lib/system/libsystem_pthread.dylib
0x0000000009cfb000 	/usr/lib/system/libsystem_sandbox.dylib
0x0000000009cfb000 	/usr/lib/system/libsystem_secinit.dylib
0x0000000009cfb000 	/usr/lib/system/libsystem_stats.dylib
0x0000000009cfb000 	/usr/lib/system/libsystem_trace.dylib
0x0000000009cfb000 	/usr/lib/system/libunc.dylib
0x0000000009cfb000 	/usr/lib/system/libunwind.dylib
0x0000000009cfb000 	/usr/lib/system/libxpc.dylib
0x0000000009cfb000 	/usr/lib/libbz2.1.0.dylib
0x0000000009cfb000 	/usr/lib/liblzma.5.dylib
0x0000000009cfb000 	/usr/lib/libbsm.0.dylib
0x0000000009cfb000 	/usr/lib/libsqlite3.dylib
0x0000000009cfb000 	/usr/lib/system/libkxld.dylib
0x0000000009cfb000 	/usr/lib/libxar.1.dylib
0x0000000009cfb000 	/usr/lib/libpam.2.dylib
0x0000000009cfb000 	/usr/lib/libOpenScriptingUtil.dylib
0x0000000009cfb000 	/System/Library/Frameworks/CoreServices.framework/Versions/A/Frameworks/FSEvents.framework/Versions/A/FSEvents
0x0000000009cfb000 	/System/Library/Frameworks/CoreServices.framework/Versions/A/Frameworks/CarbonCore.framework/Versions/A/CarbonCore
0x0000000009cfb000 	/System/Library/Frameworks/CoreServices.framework/Versions/A/Frameworks/Metadata.framework/Versions/A/Metadata
0x0000000009cfb000 	/System/Library/Frameworks/CoreServices.framework/Versions/A/Frameworks/OSServices.framework/Versions/A/OSServices
0x0000000009cfb000 	/System/Library/Frameworks/CoreServices.framework/Versions/A/Frameworks/SearchKit.framework/Versions/A/SearchKit
0x0000000009cfb000 	/System/Library/Frameworks/CoreServices.framework/Versions/A/Frameworks/AE.framework/Versions/A/AE
0x0000000009cfb000 	/System/Library/Frameworks/CoreServices.framework/Versions/A/Frameworks/LaunchServices.framework/Versions/A/LaunchServices
0x0000000009cfb000 	/System/Library/Frameworks/CoreServices.framework/Versions/A/Frameworks/DictionaryServices.framework/Versions/A/DictionaryServices
0x0000000009cfb000 	/System/Library/Frameworks/NetFS.framework/Versions/A/NetFS
0x0000000009cfb000 	/System/Library/PrivateFrameworks/NetAuth.framework/Versions/A/NetAuth
0x0000000009cfb000 	/System/Library/PrivateFrameworks/login.framework/Versions/A/Frameworks/loginsupport.framework/Versions/A/loginsupport
0x0000000009cfb000 	/System/Library/PrivateFrameworks/TCC.framework/Versions/A/TCC
0x0000000009cfb000 	/usr/lib/libmecabra.dylib
0x0000000009cfb000 	/System/Library/Frameworks/ApplicationServices.framework/Versions/A/Frameworks/ATS.framework/Versions/A/ATS
0x0000000009cfb000 	/System/Library/Frameworks/ApplicationServices.framework/Versions/A/Frameworks/ColorSync.framework/Versions/A/ColorSync
0x0000000009cfb000 	/System/Library/Frameworks/ApplicationServices.framework/Versions/A/Frameworks/HIServices.framework/Versions/A/HIServices
0x0000000009cfb000 	/System/Library/Frameworks/ApplicationServices.framework/Versions/A/Frameworks/LangAnalysis.framework/Versions/A/LangAnalysis
0x0000000009cfb000 	/System/Library/Frameworks/ApplicationServices.framework/Versions/A/Frameworks/PrintCore.framework/Versions/A/PrintCore
0x0000000009cfb000 	/System/Library/Frameworks/ApplicationServices.framework/Versions/A/Frameworks/QD.framework/Versions/A/QD
0x0000000009cfb000 	/System/Library/Frameworks/ApplicationServices.framework/Versions/A/Frameworks/SpeechSynthesis.framework/Versions/A/SpeechSynthesis
0x0000000009cfb000 	/System/Library/Frameworks/Accelerate.framework/Versions/A/Accelerate
0x0000000009cfb000 	/System/Library/Frameworks/Accelerate.framework/Versions/A/Frameworks/vImage.framework/Versions/A/vImage
0x0000000009cfb000 	/System/Library/Frameworks/Accelerate.framework/Versions/A/Frameworks/vecLib.framework/Versions/A/vecLib
0x0000000009cfb000 	/System/Library/Frameworks/Accelerate.framework/Versions/A/Frameworks/vecLib.framework/Versions/A/libvDSP.dylib
0x0000000009cfb000 	/System/Library/Frameworks/Accelerate.framework/Versions/A/Frameworks/vecLib.framework/Versions/A/libvMisc.dylib
0x0000000009cfb000 	/System/Library/Frameworks/Accelerate.framework/Versions/A/Frameworks/vecLib.framework/Versions/A/libLAPACK.dylib
0x0000000009cfb000 	/System/Library/Frameworks/Accelerate.framework/Versions/A/Frameworks/vecLib.framework/Versions/A/libBLAS.dylib
0x0000000009cfb000 	/System/Library/Frameworks/Accelerate.framework/Versions/A/Frameworks/vecLib.framework/Versions/A/libLinearAlgebra.dylib
0x0000000009cfb000 	/System/Library/Frameworks/ApplicationServices.framework/Versions/A/Frameworks/ATS.framework/Versions/A/Resources/libFontParser.dylib
0x0000000009cfb000 	/System/Library/Frameworks/ApplicationServices.framework/Versions/A/Frameworks/ATS.framework/Versions/A/Resources/libFontRegistry.dylib
0x0000000009cfb000 	/System/Library/PrivateFrameworks/AppleVPA.framework/Versions/A/AppleVPA
0x0000000009cfb000 	/System/Library/PrivateFrameworks/AppleJPEG.framework/Versions/A/AppleJPEG
0x0000000009cfb000 	/System/Library/Frameworks/ImageIO.framework/Versions/A/Resources/libJPEG.dylib
0x0000000009cfb000 	/System/Library/Frameworks/ImageIO.framework/Versions/A/Resources/libTIFF.dylib
0x0000000009cfb000 	/System/Library/Frameworks/ImageIO.framework/Versions/A/Resources/libPng.dylib
0x0000000009cfb000 	/System/Library/Frameworks/ImageIO.framework/Versions/A/Resources/libGIF.dylib
0x0000000009cfb000 	/System/Library/Frameworks/ImageIO.framework/Versions/A/Resources/libJP2.dylib
0x0000000009cfb000 	/System/Library/Frameworks/ImageIO.framework/Versions/A/Resources/libRadiance.dylib
0x0000000009cfb000 	/System/Library/Frameworks/CoreVideo.framework/Versions/A/CoreVideo
0x0000000009cfb000 	/System/Library/Frameworks/OpenGL.framework/Versions/A/Libraries/libGLU.dylib
0x0000000009cfb000 	/System/Library/Frameworks/OpenGL.framework/Versions/A/Libraries/libGFXShared.dylib
0x0000000009cfb000 	/System/Library/Frameworks/OpenGL.framework/Versions/A/Libraries/libGL.dylib
0x0000000009cfb000 	/System/Library/Frameworks/OpenGL.framework/Versions/A/Libraries/libGLImage.dylib
0x0000000009cfb000 	/System/Library/Frameworks/OpenGL.framework/Versions/A/Libraries/libCVMSPluginSupport.dylib
0x0000000009cfb000 	/System/Library/Frameworks/OpenGL.framework/Versions/A/Libraries/libCoreVMClient.dylib
0x0000000009cfb000 	/usr/lib/libcups.2.dylib
0x0000000009cfb000 	/System/Library/Frameworks/Kerberos.framework/Versions/A/Kerberos
0x0000000009cfb000 	/System/Library/Frameworks/GSS.framework/Versions/A/GSS
0x0000000009cfb000 	/usr/lib/libresolv.9.dylib
0x0000000009cfb000 	/usr/lib/libiconv.2.dylib
0x0000000009cfb000 	/System/Library/PrivateFrameworks/Heimdal.framework/Versions/A/Heimdal
0x0000000009cfb000 	/usr/lib/libheimdal-asn1.dylib
0x0000000009cfb000 	/System/Library/Frameworks/OpenDirectory.framework/Versions/A/OpenDirectory
0x0000000009cfb000 	/System/Library/PrivateFrameworks/CommonAuth.framework/Versions/A/CommonAuth
0x0000000009cfb000 	/System/Library/Frameworks/OpenDirectory.framework/Versions/A/Frameworks/CFOpenDirectory.framework/Versions/A/CFOpenDirectory
0x0000000009cfb000 	/System/Library/Frameworks/SecurityFoundation.framework/Versions/A/SecurityFoundation
0x0000000009cfb000 	/System/Library/PrivateFrameworks/LanguageModeling.framework/Versions/A/LanguageModeling
0x0000000009cfb000 	/usr/lib/libcmph.dylib
0x0000000009cfb000 	/System/Library/Frameworks/ServiceManagement.framework/Versions/A/ServiceManagement
0x0000000009cfb000 	/usr/lib/libxslt.1.dylib
0x0000000009cfb000 	/System/Library/Frameworks/Carbon.framework/Versions/A/Frameworks/Ink.framework/Versions/A/Ink
0x0000000009cfb000 	/System/Library/Frameworks/QuartzCore.framework/Versions/A/Frameworks/CoreImage.framework/Versions/A/CoreImage
0x0000000009cfb000 	/System/Library/PrivateFrameworks/CrashReporterSupport.framework/Versions/A/CrashReporterSupport
0x0000000009cfb000 	/System/Library/Frameworks/OpenCL.framework/Versions/A/OpenCL
0x0000000009cfb000 	/System/Library/PrivateFrameworks/FaceCore.framework/Versions/A/FaceCore
0x0000000009cfb000 	/System/Library/PrivateFrameworks/Ubiquity.framework/Versions/A/Ubiquity
0x0000000009cfb000 	/System/Library/PrivateFrameworks/IconServices.framework/Versions/A/IconServices
0x0000000009cfb000 	/System/Library/PrivateFrameworks/ChunkingLibrary.framework/Versions/A/ChunkingLibrary
0x0000000009cfb000 	/System/Library/PrivateFrameworks/Apple80211.framework/Versions/A/Apple80211
0x0000000009cfb000 	/System/Library/Frameworks/CoreWLAN.framework/Versions/A/CoreWLAN
0x0000000009cfb000 	/System/Library/Frameworks/IOBluetooth.framework/Versions/A/IOBluetooth
0x0000000009cfb000 	/System/Library/PrivateFrameworks/CoreWiFi.framework/Versions/A/CoreWiFi
0x0000000009cfb000 	/System/Library/Frameworks/CoreBluetooth.framework/Versions/A/CoreBluetooth
0x0000000009cfb000 	/System/Library/PrivateFrameworks/DebugSymbols.framework/Versions/A/DebugSymbols
0x0000000009cfb000 	/System/Library/PrivateFrameworks/CoreSymbolication.framework/Versions/A/CoreSymbolication
0x0000000009cfb000 	/System/Library/PrivateFrameworks/Symbolication.framework/Versions/A/Symbolication
0x0000000009cfb000 	/System/Library/PrivateFrameworks/SpeechRecognitionCore.framework/Versions/A/SpeechRecognitionCore
0x0000000108a00000 	/Library/Java/JavaVirtualMachines/jdk1.7.0_51.jdk/Contents/Home/jre/lib/server/libjvm.dylib
0x0000000009cfb000 	/usr/lib/libstdc++.6.dylib
0x0000000107909000 	/Library/Java/JavaVirtualMachines/jdk1.7.0_51.jdk/Contents/Home/jre/lib/libverify.dylib
0x0000000107916000 	/Library/Java/JavaVirtualMachines/jdk1.7.0_51.jdk/Contents/Home/jre/lib/libjava.dylib
0x0000000107950000 	/Library/Java/JavaVirtualMachines/jdk1.7.0_51.jdk/Contents/Home/jre/lib/libzip.dylib
0x0000000113db3000 	/System/Library/Frameworks/JavaVM.framework/Frameworks/JavaRuntimeSupport.framework/JavaRuntimeSupport
0x0000000113dcb000 	/System/Library/Frameworks/JavaVM.framework/Versions/A/Frameworks/JavaNativeFoundation.framework/Versions/A/JavaNativeFoundation
0x0000000113de0000 	/System/Library/Frameworks/JavaVM.framework/Versions/A/JavaVM
0x0000000009cfb000 	/System/Library/Frameworks/Carbon.framework/Versions/A/Carbon
0x0000000113ded000 	/System/Library/PrivateFrameworks/JavaLaunching.framework/Versions/A/JavaLaunching
0x0000000009cfb000 	/System/Library/Frameworks/Carbon.framework/Versions/A/Frameworks/CommonPanels.framework/Versions/A/CommonPanels
0x0000000009cfb000 	/System/Library/Frameworks/Carbon.framework/Versions/A/Frameworks/Help.framework/Versions/A/Help
0x0000000009cfb000 	/System/Library/Frameworks/Carbon.framework/Versions/A/Frameworks/ImageCapture.framework/Versions/A/ImageCapture
0x0000000009cfb000 	/System/Library/Frameworks/Carbon.framework/Versions/A/Frameworks/OpenScripting.framework/Versions/A/OpenScripting
0x0000000009cfb000 	/System/Library/Frameworks/Carbon.framework/Versions/A/Frameworks/Print.framework/Versions/A/Print
0x0000000009cfb000 	/System/Library/Frameworks/Carbon.framework/Versions/A/Frameworks/SecurityHI.framework/Versions/A/SecurityHI
0x0000000115c56000 	/Library/Java/JavaVirtualMachines/jdk1.7.0_51.jdk/Contents/Home/jre/lib/libawt.dylib
0x0000000115d05000 	/Library/Java/JavaVirtualMachines/jdk1.7.0_51.jdk/Contents/Home/jre/lib/./libmlib_image.dylib
0x0000000115dd1000 	/Library/Java/JavaVirtualMachines/jdk1.7.0_51.jdk/Contents/Home/jre/lib/lwawt/liblwawt.dylib
0x0000000115e85000 	/Library/Java/JavaVirtualMachines/jdk1.7.0_51.jdk/Contents/Home/jre/lib/libosxapp.dylib
0x0000000009cfb000 	/System/Library/Frameworks/ExceptionHandling.framework/Versions/A/ExceptionHandling
0x0000000009cfb000 	/System/Library/PrivateFrameworks/CoreServicesInternal.framework/Versions/A/CoreServicesInternal
0x0000000009cfb000 	/System/Library/PrivateFrameworks/CloudDocs.framework/Versions/A/CloudDocs
0x0000000009cfb000 	/System/Library/PrivateFrameworks/CoreDuet.framework/Versions/A/CoreDuet
0x0000000009cfb000 	/System/Library/Frameworks/CloudKit.framework/Versions/A/CloudKit
0x0000000009cfb000 	/System/Library/PrivateFrameworks/ProtocolBuffer.framework/Versions/A/ProtocolBuffer
0x0000000009cfb000 	/System/Library/PrivateFrameworks/CoreDuetDaemonProtocol.framework/Versions/A/CoreDuetDaemonProtocol
0x0000000009cfb000 	/System/Library/PrivateFrameworks/CoreDuetDebugLogging.framework/Versions/A/CoreDuetDebugLogging
0x0000000009cfb000 	/System/Library/PrivateFrameworks/MMCS.framework/Versions/A/MMCS
0x0000000009cfb000 	/System/Library/Frameworks/CoreLocation.framework/Versions/A/CoreLocation
0x0000000009cfb000 	/System/Library/PrivateFrameworks/ProtectedCloudStorage.framework/Versions/A/ProtectedCloudStorage
0x0000000009cfb000 	/System/Library/PrivateFrameworks/GeoServices.framework/Versions/A/GeoServices
0x0000000009cfb000 	/System/Library/Frameworks/CoreGraphics.framework/Versions/A/Resources/libCGCMS.A.dylib
0x0000000009cfb000 	/System/Library/Frameworks/CoreGraphics.framework/Versions/A/Resources/libRIP.A.dylib
0x0000000009cfb000 	/System/Library/Frameworks/CoreGraphics.framework/Versions/A/Resources/libCGXType.A.dylib
0x0000000009cfb000 	/System/Library/Frameworks/OpenCL.framework/Versions/A/Libraries/libcldcpuengine.dylib
0x0000000009cfb000 	/System/Library/PrivateFrameworks/DiskImages.framework/Versions/A/DiskImages
0x0000000009cfb000 	/System/Library/Frameworks/DiscRecording.framework/Versions/A/DiscRecording
0x0000000009cfb000 	/usr/lib/libcsfde.dylib
0x0000000009cfb000 	/usr/lib/libcurl.4.dylib
0x0000000009cfb000 	/System/Library/PrivateFrameworks/MediaKit.framework/Versions/A/MediaKit
0x0000000009cfb000 	/usr/lib/libCoreStorage.dylib
0x0000000009cfb000 	/System/Library/PrivateFrameworks/EFILogin.framework/Versions/A/EFILogin
0x0000000009cfb000 	/usr/lib/libutil.dylib
0x0000000009cfb000 	/System/Library/PrivateFrameworks/FindMyDevice.framework/Versions/A/FindMyDevice
0x0000000009cfb000 	/System/Library/Frameworks/LDAP.framework/Versions/A/LDAP
0x0000000009cfb000 	/usr/lib/libsasl2.2.dylib
0x0000000009cfb000 	/System/Library/PrivateFrameworks/CoreDaemon.framework/Versions/B/CoreDaemon
0x0000000009cfb000 	/usr/lib/libcrypto.0.9.8.dylib
0x0000000009cfb000 	/System/Library/PrivateFrameworks/AppleSRP.framework/Versions/A/AppleSRP
0x0000000009cfb000 	/System/Library/PrivateFrameworks/TrustEvaluationAgent.framework/Versions/A/TrustEvaluationAgent
0x0000000118f02000 	cl_kernels
0x0000000118f04000 	/System/Library/Frameworks/OpenCL.framework/Versions/A/Libraries/ImageFormats/unorm8_bgra.dylib
0x0000000118ef3000 	cl_kernels
0x0000000009cfb000 	/System/Library/PrivateFrameworks/FamilyControls.framework/Versions/A/FamilyControls
0x0000000009cfb000 	/System/Library/PrivateFrameworks/CommerceKit.framework/Versions/A/Frameworks/CommerceCore.framework/Versions/A/CommerceCore
0x0000000009cfb000 	/System/Library/PrivateFrameworks/SystemAdministration.framework/Versions/A/SystemAdministration
0x0000000009cfb000 	/System/Library/PrivateFrameworks/AppContainer.framework/Versions/A/AppContainer
0x0000000009cfb000 	/System/Library/PrivateFrameworks/SecCodeWrapper.framework/Versions/A/SecCodeWrapper
0x0000000009cfb000 	/System/Library/Frameworks/DirectoryService.framework/Versions/A/DirectoryService
0x0000000009cfb000 	/System/Library/PrivateFrameworks/LoginUIKit.framework/Versions/A/Frameworks/LoginUICore.framework/Versions/A/LoginUICore
0x0000000009cfb000 	/usr/lib/libodfde.dylib
0x0000000009cfb000 	/System/Library/Frameworks/OpenGL.framework/Versions/A/Resources/GLEngine.bundle/GLEngine
0x0000000009cfb000 	/System/Library/Frameworks/OpenGL.framework/Versions/A/Libraries/libGLProgrammability.dylib
0x0000000000000000 	/System/Library/Extensions/AppleIntelHD3000GraphicsGLDriver.bundle/Contents/MacOS/AppleIntelHD3000GraphicsGLDriver
0x00000001183b5000 	/System/Library/PrivateFrameworks/GPUSupport.framework/Versions/A/Libraries/libGPUSupport.dylib
0x0000000000000000 	/System/Library/Extensions/AMDRadeonX3000GLDriver.bundle/Contents/MacOS/AMDRadeonX3000GLDriver
0x0000000009cfb000 	/System/Library/PrivateFrameworks/IOAccelerator.framework/Versions/A/IOAccelerator
0x0000000009cfb000 	/System/Library/PrivateFrameworks/GPUSupport.framework/Versions/A/Libraries/libGPUSupportMercury.dylib
0x0000000009cfb000 	/System/Library/Frameworks/OpenGL.framework/Versions/A/Resources/GLRendererFloat.bundle/GLRendererFloat
0x000000011a46b000 	/Library/Java/JavaVirtualMachines/jdk1.7.0_51.jdk/Contents/Home/jre/lib/libfontmanager.dylib
0x000000011a4d2000 	/Library/Java/JavaVirtualMachines/jdk1.7.0_51.jdk/Contents/Home/jre/lib/libosxui.dylib
0x000000011a8c0000 	/Library/Java/JavaVirtualMachines/jdk1.7.0_51.jdk/Contents/Home/jre/lib/libnet.dylib
0x000000011a62b000 	/Library/Java/JavaVirtualMachines/jdk1.7.0_51.jdk/Contents/Home/jre/lib/libnio.dylib
0x000000011b799000 	/private/var/folders/_6/vv8zqx450855nldnp02w3cyc0000gn/T/libgdxJack/d8ae55ed/libgdx64.dylib
0x000000011b7e3000 	/private/var/folders/_6/vv8zqx450855nldnp02w3cyc0000gn/T/libgdxJack/f7649394/liblwjgl.dylib
0x000000011b865000 	/Library/Java/JavaVirtualMachines/jdk1.7.0_51.jdk/Contents/Home/jre/lib/libjawt.dylib
0x000000011b868000 	/var/folders/_6/vv8zqx450855nldnp02w3cyc0000gn/T/libgdxJack/f7649394/openal.dylib
0x000000011b8ec000 	/System/Library/Components/CoreAudio.component/Contents/MacOS/CoreAudio
0x000000011bbc5000 	/System/Library/Extensions/AppleHDA.kext/Contents/PlugIns/AppleHDAHALPlugIn.bundle/Contents/MacOS/AppleHDAHALPlugIn
0x000000011c30e000 	/private/var/folders/_6/vv8zqx450855nldnp02w3cyc0000gn/T/libgdxJack/b02f37a3/libgdx-box2d64.dylib
0x000000011c3a5000 	/Library/Java/JavaVirtualMachines/jdk1.7.0_51.jdk/Contents/Home/jre/lib/libjsound.dylib
0x000000011c3b8000 	/System/Library/Frameworks/CoreMIDI.framework/Versions/A/CoreMIDI
0x0000000009cfb000 	/usr/lib/libexpat.1.dylib

VM Arguments:
jvm_args: -Dfile.encoding=US-ASCII 
java_command: com.gmail.jackbcousineau.desktop.DesktopLauncher
Launcher Type: SUN_STANDARD

Environment Variables:
PATH=/usr/bin:/bin:/usr/sbin:/sbin
SHELL=/bin/bash
DISPLAY=/private/tmp/com.apple.launchd.9OaxhutPsF/org.macosforge.xquartz:0

Signal Handlers:
SIGSEGV: [libjvm.dylib+0x525425], sa_mask[0]=0xfffefeff, sa_flags=0x00000043
SIGBUS: [libjvm.dylib+0x525425], sa_mask[0]=0xfffefeff, sa_flags=0x00000042
SIGFPE: [libjvm.dylib+0x41892a], sa_mask[0]=0xfffefeff, sa_flags=0x00000042
SIGPIPE: [libjvm.dylib+0x41892a], sa_mask[0]=0xfffefeff, sa_flags=0x00000042
SIGXFSZ: [libjvm.dylib+0x41892a], sa_mask[0]=0xfffefeff, sa_flags=0x00000042
SIGILL: [libjvm.dylib+0x41892a], sa_mask[0]=0xfffefeff, sa_flags=0x00000042
SIGUSR1: SIG_DFL, sa_mask[0]=0x00000000, sa_flags=0x00000000
SIGUSR2: [libjvm.dylib+0x41841c], sa_mask[0]=0x00000004, sa_flags=0x00000042
SIGHUP: [libjvm.dylib+0x4166ab], sa_mask[0]=0xfffefeff, sa_flags=0x00000042
SIGINT: [libjvm.dylib+0x4166ab], sa_mask[0]=0xfffefeff, sa_flags=0x00000042
SIGTERM: [libjvm.dylib+0x4166ab], sa_mask[0]=0xfffefeff, sa_flags=0x00000042
SIGQUIT: [libjvm.dylib+0x4166ab], sa_mask[0]=0xfffefeff, sa_flags=0x00000042


---------------  S Y S T E M  ---------------

OS:Bsduname:Darwin 14.3.0 Darwin Kernel Version 14.3.0: Mon Mar 23 11:59:05 PDT 2015; root:xnu-2782.20.48~5/RELEASE_X86_64 x86_64
rlimit: STACK 8192k, CORE 0k, NPROC 709, NOFILE 10240, AS infinity
load average:1.64 1.84 2.24

CPU:total 8 (4 cores per cpu, 2 threads per core) family 6 model 42 stepping 7, cmov, cx8, fxsr, mmx, sse, sse2, sse3, ssse3, sse4.1, sse4.2, popcnt, avx, aes, ht, tsc, tscinvbit

Memory: 4k page, physical 8388608k(2097152k free)

/proc/meminfo:


vm_info: Java HotSpot(TM) 64-Bit Server VM (24.51-b03) for bsd-amd64 JRE (1.7.0_51-b13), built on Dec 18 2013 18:45:56 by "java_re" with gcc 4.2.1 (Based on Apple Inc. build 5658) (LLVM build 2336.11.00)

time: Wed May 13 12:55:50 2015
elapsed time: 155 seconds

