#
# A fatal error has been detected by the Java Runtime Environment:
#
#  SIGSEGV (0xb) at pc=0x00007fff908acac8, pid=14639, tid=1287
#
# JRE version: Java(TM) SE Runtime Environment (7.0_51-b13) (build 1.7.0_51-b13)
# Java VM: Java HotSpot(TM) 64-Bit Server VM (24.51-b03 mixed mode bsd-amd64 compressed oops)
# Problematic frame:
# C  [OpenGL+0x3ac8]  glcGetIOAccelService+0x947
#
# Failed to write core dump. Core dumps have been disabled. To enable core dumping, try "ulimit -c unlimited" before starting Java again
#
# If you would like to submit a bug report, please visit:
#   http://bugreport.sun.com/bugreport/crash.jsp
# The crash happened outside the Java Virtual Machine in native code.
# See problematic frame for where to report the bug.
#

---------------  T H R E A D  ---------------

Current thread (0x00007fd04c06f800):  JavaThread "AppKit Thread" daemon [_thread_in_native, id=1287, stack(0x00007fff51e6e000,0x00007fff51eee000)]

siginfo:si_signo=SIGSEGV: si_errno=0, si_code=1 (SEGV_MAPERR), si_addr=0x0000000000001f2f

Registers:
RAX=0x0000000000000000, RBX=0xffffffffffffffff, RCX=0x0000000000000000, RDX=0x00007fd04b1e7df0
RSP=0x00007fff51ee8ad0, RBP=0x00007fff51ee8ae0, RSI=0x00007fff908acf7b, RDI=0x00007fff7b949580
R8 =0x0000000000000040, R9 =0x00007fff51ee8b00, R10=0x000000000000001f, R11=0x00007fff90e95651
R12=0x00000000000f436c, R13=0x00007fff51ee8ce8, R14=0xffffffffffffff01, R15=0x00007fff51ee8c48
RIP=0x00007fff908acac8, EFLAGS=0x0000000000010286, ERR=0x0000000000000004
  TRAPNO=0x000000000000000e

Top of Stack: (sp=0x00007fff51ee8ad0)
0x00007fff51ee8ad0:   00000000000f436c ffffffffffffffff
0x00007fff51ee8ae0:   00007fff51ee8b10 00007fff908afd03
0x00007fff51ee8af0:   0000000000000010 00000000000f436c
0x00007fff51ee8b00:   00007fd04b1ce430 00007fff51ee8c48
0x00007fff51ee8b10:   00007fff51ee8b20 00007fff8b103e0c
0x00007fff51ee8b20:   00007fff51ee8e80 00007fff8aff782d
0x00007fff51ee8b30:   0000000000000003 000000010dd32600
0x00007fff51ee8b40:   00007fff51ee8b80 00007fff8e78a272
0x00007fff51ee8b50:   0000000000000db0 00000000000f436e
0x00007fff51ee8b60:   0000000000000008 00007fd048c4ec70
0x00007fff51ee8b70:   00007fd04b1cdae0 00007fd048d14240
0x00007fff51ee8b80:   00007fd04b1e7df0 00007fff51ee8c40
0x00007fff51ee8b90:   0000000000000000 00000000000f436c
0x00007fff51ee8ba0:   0000000000000092 00007fff51ee8cc0
0x00007fff51ee8bb0:   0000000000000000 0000000000000001
0x00007fff51ee8bc0:   00007fd048d14230 0000000000000090
0x00007fff51ee8bd0:   00000000000e2c32 0000010000000000
0x00007fff51ee8be0:   00007fff7cbe6a60 0000206000ffe6ea
0x00007fff51ee8bf0:   00007fff51ee8d40 0000000000000000
0x00007fff51ee8c00:   00007fff51ee8cd8 00007fff51ee8cb8
0x00007fff51ee8c10:   00007fff7cbe6a48 0000000000000000
0x00007fff51ee8c20:   000000000000000a 00007fff8fffe6ea
0x00007fff51ee8c30:   00007fff7bb6dd38 0000000000000000
0x00007fff51ee8c40:   00007fd04b1cde20 00007fd04b1ce430
0x00007fff51ee8c50:   00007fff93d6eb08 0000000000000000
0x00007fff51ee8c60:   00007fff51ee8d20 00007fff93f36dde
0x00007fff51ee8c70:   00007fff7c3300d0 0000000042000000
0x00007fff51ee8c80:   00007fff93f3f1d1 00007fff7cbc2b40
0x00007fff51ee8c90:   00007fff51ee8d88 00007fff51ee8cb8
0x00007fff51ee8ca0:   00007fff51ee8cd8 0000000000000000
0x00007fff51ee8cb0:   000000010dd2b001 0000000000000000
0x00007fff51ee8cc0:   000000000000008e 0000000000000000 

Instructions: (pc=0x00007fff908acac8)
0x00007fff908acaa8:   56 53 48 89 fb 48 8d 3d cc ca 09 eb 48 8d 35 c0
0x00007fff908acab8:   04 00 00 e8 6c 98 00 00 48 85 db 74 0f 41 b6 01
0x00007fff908acac8:   81 bb 30 1f 00 00 43 18 7f 1b 74 19 45 30 f6 48
0x00007fff908acad8:   8d 05 4a cb 09 eb 80 38 00 74 0a bf 14 27 00 00 

Register to memory mapping:

RAX=0x0000000000000000 is an unknown value
RBX=0xffffffffffffffff is an unknown value
RCX=0x0000000000000000 is an unknown value
RDX=0x00007fd04b1e7df0 is an unknown value
RSP=0x00007fff51ee8ad0 is pointing into the stack for thread: 0x00007fd04c06f800
RBP=0x00007fff51ee8ae0 is pointing into the stack for thread: 0x00007fd04c06f800
RSI=0x00007fff908acf7b: glcGetIOAccelService+0xdfa in /System/Library/Frameworks/OpenGL.framework/Versions/A/OpenGL at 0x00007fff908a9000
RDI=0x00007fff7b949580: <offset 0xeb0a0580> in /System/Library/Frameworks/OpenGL.framework/Versions/A/OpenGL at 0x00007fff908a9000
R8 =0x0000000000000040 is an unknown value
R9 =0x00007fff51ee8b00 is pointing into the stack for thread: 0x00007fd04c06f800
R10=0x000000000000001f is an unknown value
R11=0x00007fff90e95651: -[NSOpenGLContext _surfaceWillGoAway:]+0 in /System/Library/Frameworks/AppKit.framework/Versions/C/AppKit at 0x00007fff90b51000
R12=0x00000000000f436c is an unknown value
R13=0x00007fff51ee8ce8 is pointing into the stack for thread: 0x00007fd04c06f800
R14=0xffffffffffffff01 is an unknown value
R15=0x00007fff51ee8c48 is pointing into the stack for thread: 0x00007fd04c06f800


Stack: [0x00007fff51e6e000,0x00007fff51eee000],  sp=0x00007fff51ee8ad0,  free space=490k
Native frames: (J=compiled Java code, j=interpreted, Vv=VM code, C=native code)
C  [OpenGL+0x3ac8]  glcGetIOAccelService+0x947
C  [OpenGL+0x6d03]  CGLClearDrawable+0x12
C  [CoreFoundation+0x11ce0c]  __CFNOTIFICATIONCENTER_IS_CALLING_OUT_TO_AN_OBSERVER__+0xc
C  [CoreFoundation+0x1082d]  _CFXNotificationPost+0xb4d
C  [Foundation+0x2dda]  -[NSNotificationCenter postNotificationName:object:userInfo:]+0x44
C  [AppKit+0x10f5a9]  -[NSSurface _disposeSurface]+0x98
C  [AppKit+0x10f045]  -[NSSurface setWindow:]+0x46
C  [AppKit+0x3af27]  -[NSView _setWindow:]+0x8ea
C  [AppKit+0x3bf7a]  -[NSView removeFromSuperview]+0x15e
C  [AppKit+0x986e9]  -[NSView removeFromSuperviewWithoutNeedingDisplay]+0x26
C  [liblwjgl.dylib+0xa205]  +[MacOSXKeyableWindow destroyWindow]+0xb5
C  [Foundation+0x6375e]  __NSThreadPerformPerform+0xe5
C  [CoreFoundation+0x7f5b1]  __CFRUNLOOP_IS_CALLING_OUT_TO_A_SOURCE0_PERFORM_FUNCTION__+0x11
C  [CoreFoundation+0x70c62]  __CFRunLoopDoSources0+0xf2
C  [CoreFoundation+0x703ef]  __CFRunLoopRun+0x33f
C  [CoreFoundation+0x6fe75]  CFRunLoopRunSpecific+0x135
C  [HIToolbox+0x2ea0d]  RunCurrentEventLoopInMode+0xe2
C  [HIToolbox+0x2e7b7]  ReceiveNextEventCommon+0x1df
C  [HIToolbox+0x2e5bc]  _BlockUntilNextEventMatchingListInModeWithFilter+0x41
C  [AppKit+0x2424e]  _DPSNextEvent+0x59a
C  [AppKit+0x2389b]  -[NSApplication nextEventMatchingMask:untilDate:inMode:dequeue:]+0x7a
C  [libosxapp.dylib+0x16f4]  -[NSApplicationAWT nextEventMatchingMask:untilDate:inMode:dequeue:]+0x7c
C  [AppKit+0x1799c]  -[NSApplication run]+0x229
C  [libosxapp.dylib+0x1557]  +[NSApplicationAWT runAWTLoopWithApp:]+0x9c
C  [liblwawt.dylib+0xdba9]  -[AWTStarter starter:]+0x369
C  [Foundation+0x6375e]  __NSThreadPerformPerform+0xe5
C  [CoreFoundation+0x7f5b1]  __CFRUNLOOP_IS_CALLING_OUT_TO_A_SOURCE0_PERFORM_FUNCTION__+0x11
C  [CoreFoundation+0x70c62]  __CFRunLoopDoSources0+0xf2
C  [CoreFoundation+0x703ef]  __CFRunLoopRun+0x33f
C  [CoreFoundation+0x6fe75]  CFRunLoopRunSpecific+0x135
C  [java+0x73b0]  CreateExecutionEnvironment+0x367
C  [java+0x1b5c]  JLI_Launch+0x7a0
C  [java+0x770d]  main+0x65
C  [java+0x13b4]  start+0x34


---------------  P R O C E S S  ---------------

Java Threads: ( => current thread )
  0x00007fd049214000 JavaThread "Timer-1" [_thread_blocked, id=124931, stack(0x00000001213fd000,0x00000001214fd000)]
  0x00007fd0491f4800 JavaThread "Timer-0" [_thread_blocked, id=124687, stack(0x00000001212fa000,0x00000001213fa000)]
  0x00007fd04a223000 JavaThread "LWJGL Application" [_thread_in_native, id=120835, stack(0x0000000120d00000,0x0000000120e00000)]
  0x00007fd0490e2800 JavaThread "DestroyJavaVM" [_thread_blocked, id=6403, stack(0x000000010de27000,0x000000010df27000)]
  0x00007fd04a0d4800 JavaThread "AWT-EventQueue-0" [_thread_blocked, id=54531, stack(0x000000011f786000,0x000000011f886000)]
  0x00007fd04a080000 JavaThread "Java2D Disposer" daemon [_thread_blocked, id=51971, stack(0x000000011f5b0000,0x000000011f6b0000)]
  0x00007fd0498c8000 JavaThread "Java2D Queue Flusher" daemon [_thread_blocked, id=48655, stack(0x000000011f066000,0x000000011f166000)]
  0x00007fd04c056800 JavaThread "AWT-Shutdown" [_thread_blocked, id=30219, stack(0x000000011c33c000,0x000000011c43c000)]
=>0x00007fd04c06f800 JavaThread "AppKit Thread" daemon [_thread_in_native, id=1287, stack(0x00007fff51e6e000,0x00007fff51eee000)]
  0x00007fd04a801000 JavaThread "Service Thread" daemon [_thread_blocked, id=21251, stack(0x000000011a726000,0x000000011a826000)]
  0x00007fd04c011000 JavaThread "C2 CompilerThread1" daemon [_thread_blocked, id=20739, stack(0x000000011a623000,0x000000011a723000)]
  0x00007fd04c010000 JavaThread "C2 CompilerThread0" daemon [_thread_blocked, id=20227, stack(0x000000011a520000,0x000000011a620000)]
  0x00007fd04c019800 JavaThread "Signal Dispatcher" daemon [_thread_blocked, id=19715, stack(0x000000011a41d000,0x000000011a51d000)]
  0x00007fd04a004000 JavaThread "Finalizer" daemon [_thread_blocked, id=14595, stack(0x000000011a1ce000,0x000000011a2ce000)]
  0x00007fd04a800000 JavaThread "Reference Handler" daemon [_thread_blocked, id=14083, stack(0x000000011a0cb000,0x000000011a1cb000)]

Other Threads:
  0x00007fd04904c000 VMThread [stack: 0x0000000119fc8000,0x000000011a0c8000] [id=13571]
  0x00007fd04b80e000 WatcherThread [stack: 0x000000011a829000,0x000000011a929000] [id=21763]

VM state:not at safepoint (normal execution)

VM Mutex/Monitor currently owned by a thread: None

Heap
 PSYoungGen      total 38912K, used 34612K [0x00000007d5500000, 0x00000007d8000000, 0x0000000800000000)
  eden space 33792K, 87% used [0x00000007d5500000,0x00000007d71d2b18,0x00000007d7600000)
  from space 5120K, 99% used [0x00000007d7600000,0x00000007d7afa7f0,0x00000007d7b00000)
  to   space 5120K, 0% used [0x00000007d7b00000,0x00000007d7b00000,0x00000007d8000000)
 ParOldGen       total 87040K, used 18016K [0x0000000780000000, 0x0000000785500000, 0x00000007d5500000)
  object space 87040K, 20% used [0x0000000780000000,0x0000000781198398,0x0000000785500000)
 PSPermGen       total 21504K, used 14176K [0x000000077ae00000, 0x000000077c300000, 0x0000000780000000)
  object space 21504K, 65% used [0x000000077ae00000,0x000000077bbd8090,0x000000077c300000)

Card table byte_map: [0x0000000112b13000,0x0000000112f3d000] byte_map_base: 0x000000010ef3c000

Polling page: 0x000000010df66000

Code Cache  [0x000000010fa53000, 0x000000010fcc3000, 0x0000000112a53000)
 total_blobs=691 nmethods=107 adapters=538 free_code_cache=48391Kb largest_free_block=49527104

Compilation events (10 events):
Event: 4.699 Thread 0x00007fd04c010000  103             org.lwjgl.BufferChecks::checkFunctionAddress (23 bytes)
Event: 4.700 Thread 0x00007fd04c010000 nmethod 103 0x000000010fb15f10 code [0x000000010fb16040, 0x000000010fb16098]
Event: 4.797 Thread 0x00007fd04c011000  104             java.nio.Buffer::position (43 bytes)
Event: 4.799 Thread 0x00007fd04c011000 nmethod 104 0x000000010fb0ec90 code [0x000000010fb0edc0, 0x000000010fb0ee58]
Event: 4.832 Thread 0x00007fd04c010000  105             com.badlogic.gdx.graphics.glutils.ImmediateModeRenderer20::vertex (63 bytes)
Event: 4.833 Thread 0x00007fd04c010000 nmethod 105 0x000000010fb0e950 code [0x000000010fb0eaa0, 0x000000010fb0ebb8]
Event: 5.149 Thread 0x00007fd04c011000  106             java.lang.StringBuilder::append (8 bytes)
Event: 5.155 Thread 0x00007fd04c011000 nmethod 106 0x000000010fb11ad0 code [0x000000010fb11c40, 0x000000010fb12018]
Event: 5.213 Thread 0x00007fd04c010000  107             java.nio.Buffer::limit (62 bytes)
Event: 5.214 Thread 0x00007fd04c010000 nmethod 107 0x000000010fb0e710 code [0x000000010fb0e840, 0x000000010fb0e8d8]

GC Heap History (2 events):
Event: 3.526 GC heap before
{Heap before GC invocations=1 (full 0):
 PSYoungGen      total 38912K, used 33792K [0x00000007d5500000, 0x00000007d8000000, 0x0000000800000000)
  eden space 33792K, 100% used [0x00000007d5500000,0x00000007d7600000,0x00000007d7600000)
  from space 5120K, 0% used [0x00000007d7b00000,0x00000007d7b00000,0x00000007d8000000)
  to   space 5120K, 0% used [0x00000007d7600000,0x00000007d7600000,0x00000007d7b00000)
 ParOldGen       total 87040K, used 0K [0x0000000780000000, 0x0000000785500000, 0x00000007d5500000)
  object space 87040K, 0% used [0x0000000780000000,0x0000000780000000,0x0000000785500000)
 PSPermGen       total 21504K, used 13214K [0x000000077ae00000, 0x000000077c300000, 0x0000000780000000)
  object space 21504K, 61% used [0x000000077ae00000,0x000000077bae7aa0,0x000000077c300000)
Event: 3.541 GC heap after
Heap after GC invocations=1 (full 0):
 PSYoungGen      total 38912K, used 5097K [0x00000007d5500000, 0x00000007d8000000, 0x0000000800000000)
  eden space 33792K, 0% used [0x00000007d5500000,0x00000007d5500000,0x00000007d7600000)
  from space 5120K, 99% used [0x00000007d7600000,0x00000007d7afa7f0,0x00000007d7b00000)
  to   space 5120K, 0% used [0x00000007d7b00000,0x00000007d7b00000,0x00000007d8000000)
 ParOldGen       total 87040K, used 18016K [0x0000000780000000, 0x0000000785500000, 0x00000007d5500000)
  object space 87040K, 20% used [0x0000000780000000,0x0000000781198398,0x0000000785500000)
 PSPermGen       total 21504K, used 13214K [0x000000077ae00000, 0x000000077c300000, 0x0000000780000000)
  object space 21504K, 61% used [0x000000077ae00000,0x000000077bae7aa0,0x000000077c300000)
}

Deoptimization events (8 events):
Event: 1.436 Thread 0x00007fd049808000 Uncommon trap: reason=class_check action=maybe_recompile pc=0x000000010facad4c method=java.lang.String.equals(Ljava/lang/Object;)Z @ 8
Event: 2.916 Thread 0x00007fd04a0d4800 Uncommon trap: reason=class_check action=maybe_recompile pc=0x000000010facad4c method=java.lang.String.equals(Ljava/lang/Object;)Z @ 8
Event: 2.916 Thread 0x00007fd04a0d4800 Uncommon trap: reason=class_check action=maybe_recompile pc=0x000000010facad4c method=java.lang.String.equals(Ljava/lang/Object;)Z @ 8
Event: 2.917 Thread 0x00007fd04a0d4800 Uncommon trap: reason=class_check action=maybe_recompile pc=0x000000010facad4c method=java.lang.String.equals(Ljava/lang/Object;)Z @ 8
Event: 3.602 Thread 0x00007fd04a223000 Uncommon trap: reason=class_check action=maybe_recompile pc=0x000000010faf57d0 method=java.io.FilterInputStream.read([B)I @ 5
Event: 3.602 Thread 0x00007fd04a223000 Uncommon trap: reason=class_check action=maybe_recompile pc=0x000000010faf57d0 method=java.io.FilterInputStream.read([B)I @ 5
Event: 3.602 Thread 0x00007fd04a223000 Uncommon trap: reason=class_check action=maybe_recompile pc=0x000000010faf57d0 method=java.io.FilterInputStream.read([B)I @ 5
Event: 3.602 Thread 0x00007fd04a223000 Uncommon trap: reason=class_check action=maybe_recompile pc=0x000000010faf57d0 method=java.io.FilterInputStream.read([B)I @ 5

Internal exceptions (10 events):
Event: 3.624 Thread 0x00007fd04a223000 Threw 0x00000007d678b6d8 at /HUDSON/workspace/7u-2-build-macosx-x86_64/jdk7u51/527/hotspot/src/share/vm/prims/jvm.cpp:1244
Event: 3.625 Thread 0x00007fd04a223000 Threw 0x00000007d6793758 at /HUDSON/workspace/7u-2-build-macosx-x86_64/jdk7u51/527/hotspot/src/share/vm/prims/jvm.cpp:1244
Event: 3.638 Thread 0x00007fd04a223000 Threw 0x00000007d67b01f0 at /HUDSON/workspace/7u-2-build-macosx-x86_64/jdk7u51/527/hotspot/src/share/vm/prims/jvm.cpp:1244
Event: 3.640 Thread 0x00007fd04a223000 Threw 0x00000007d67b5f48 at /HUDSON/workspace/7u-2-build-macosx-x86_64/jdk7u51/527/hotspot/src/share/vm/prims/jvm.cpp:1244
Event: 3.654 Thread 0x00007fd04a223000 Threw 0x00000007d67cae30 at /HUDSON/workspace/7u-2-build-macosx-x86_64/jdk7u51/527/hotspot/src/share/vm/prims/jvm.cpp:1244
Event: 3.659 Thread 0x00007fd04a223000 Threw 0x00000007d67cf918 at /HUDSON/workspace/7u-2-build-macosx-x86_64/jdk7u51/527/hotspot/src/share/vm/prims/jvm.cpp:1244
Event: 3.660 Thread 0x00007fd04a223000 Threw 0x00000007d67d4ac0 at /HUDSON/workspace/7u-2-build-macosx-x86_64/jdk7u51/527/hotspot/src/share/vm/prims/jvm.cpp:1244
Event: 4.045 Thread 0x00007fd04a223000 Threw 0x00000007d69d9f78 at /HUDSON/workspace/7u-2-build-macosx-x86_64/jdk7u51/527/hotspot/src/share/vm/prims/jvm.cpp:1244
Event: 5.281 Thread 0x00007fd04a223000 Threw 0x00000007d708bda0 at /HUDSON/workspace/7u-2-build-macosx-x86_64/jdk7u51/527/hotspot/src/share/vm/prims/jvm.cpp:1244
Event: 5.288 Thread 0x00007fd04a223000 Threw 0x00000007d70f3500 at /HUDSON/workspace/7u-2-build-macosx-x86_64/jdk7u51/527/hotspot/src/share/vm/prims/jvm.cpp:1244

Events (10 events):
Event: 3.660 loading class 0x00007fd048e8cd10
Event: 3.660 loading class 0x00007fd048e8cd10 done
Event: 4.045 loading class 0x00007fd048e72c30
Event: 4.045 loading class 0x00007fd048e72c30 done
Event: 4.083 Executing VM operation: EnableBiasedLocking
Event: 4.083 Executing VM operation: EnableBiasedLocking done
Event: 5.280 loading class 0x00007fd048ce3cb0
Event: 5.280 loading class 0x00007fd048ce3cb0 done
Event: 5.288 loading class 0x00007fd048e7ea30
Event: 5.288 loading class 0x00007fd048e7ea30 done


Dynamic libraries:
0x000000000ad3b000 	/System/Library/Frameworks/Cocoa.framework/Versions/A/Cocoa
0x000000000ad3b000 	/System/Library/Frameworks/Security.framework/Versions/A/Security
0x000000000ad3b000 	/System/Library/Frameworks/ApplicationServices.framework/Versions/A/ApplicationServices
0x000000000ad3b000 	/usr/lib/libz.1.dylib
0x000000000ad3b000 	/usr/lib/libSystem.B.dylib
0x000000000ad3b000 	/usr/lib/libobjc.A.dylib
0x000000000ad3b000 	/System/Library/Frameworks/CoreFoundation.framework/Versions/A/CoreFoundation
0x000000000ad3b000 	/System/Library/Frameworks/Foundation.framework/Versions/C/Foundation
0x000000000ad3b000 	/System/Library/Frameworks/AppKit.framework/Versions/C/AppKit
0x000000000ad3b000 	/System/Library/Frameworks/CoreData.framework/Versions/A/CoreData
0x000000000ad3b000 	/System/Library/PrivateFrameworks/RemoteViewServices.framework/Versions/A/RemoteViewServices
0x000000000ad3b000 	/System/Library/Frameworks/AudioToolbox.framework/Versions/A/AudioToolbox
0x000000000ad3b000 	/System/Library/Frameworks/AudioUnit.framework/Versions/A/AudioUnit
0x000000000ad3b000 	/System/Library/PrivateFrameworks/DataDetectorsCore.framework/Versions/A/DataDetectorsCore
0x000000000ad3b000 	/System/Library/PrivateFrameworks/DesktopServicesPriv.framework/Versions/A/DesktopServicesPriv
0x000000000ad3b000 	/System/Library/Frameworks/Carbon.framework/Versions/A/Frameworks/HIToolbox.framework/Versions/A/HIToolbox
0x000000000ad3b000 	/System/Library/Frameworks/QuartzCore.framework/Versions/A/QuartzCore
0x000000000ad3b000 	/System/Library/Frameworks/Carbon.framework/Versions/A/Frameworks/SpeechRecognition.framework/Versions/A/SpeechRecognition
0x000000000ad3b000 	/usr/lib/libauto.dylib
0x000000000ad3b000 	/usr/lib/libicucore.A.dylib
0x000000000ad3b000 	/usr/lib/libxml2.2.dylib
0x000000000ad3b000 	/System/Library/PrivateFrameworks/CoreUI.framework/Versions/A/CoreUI
0x000000000ad3b000 	/System/Library/Frameworks/CoreAudio.framework/Versions/A/CoreAudio
0x000000000ad3b000 	/System/Library/Frameworks/DiskArbitration.framework/Versions/A/DiskArbitration
0x000000000ad3b000 	/usr/lib/liblangid.dylib
0x000000000ad3b000 	/System/Library/PrivateFrameworks/MultitouchSupport.framework/Versions/A/MultitouchSupport
0x000000000ad3b000 	/System/Library/Frameworks/IOKit.framework/Versions/A/IOKit
0x000000000ad3b000 	/usr/lib/libDiagnosticMessagesClient.dylib
0x000000000ad3b000 	/System/Library/Frameworks/CoreServices.framework/Versions/A/CoreServices
0x000000000ad3b000 	/System/Library/PrivateFrameworks/PerformanceAnalysis.framework/Versions/A/PerformanceAnalysis
0x000000000ad3b000 	/System/Library/PrivateFrameworks/GenerationalStorage.framework/Versions/A/GenerationalStorage
0x000000000ad3b000 	/System/Library/Frameworks/OpenGL.framework/Versions/A/OpenGL
0x000000000ad3b000 	/System/Library/PrivateFrameworks/Sharing.framework/Versions/A/Sharing
0x000000000ad3b000 	/System/Library/Frameworks/ImageIO.framework/Versions/A/ImageIO
0x000000000ad3b000 	/System/Library/Frameworks/CoreText.framework/Versions/A/CoreText
0x000000000ad3b000 	/System/Library/Frameworks/CoreGraphics.framework/Versions/A/CoreGraphics
0x000000000ad3b000 	/System/Library/PrivateFrameworks/Backup.framework/Versions/A/Backup
0x000000000ad3b000 	/System/Library/Frameworks/CFNetwork.framework/Versions/A/CFNetwork
0x000000000ad3b000 	/System/Library/Frameworks/SystemConfiguration.framework/Versions/A/SystemConfiguration
0x000000000ad3b000 	/usr/lib/libCRFSuite.dylib
0x000000000ad3b000 	/usr/lib/libc++.1.dylib
0x000000000ad3b000 	/usr/lib/libc++abi.dylib
0x000000000ad3b000 	/usr/lib/system/libcache.dylib
0x000000000ad3b000 	/usr/lib/system/libcommonCrypto.dylib
0x000000000ad3b000 	/usr/lib/system/libcompiler_rt.dylib
0x000000000ad3b000 	/usr/lib/system/libcopyfile.dylib
0x000000000ad3b000 	/usr/lib/system/libcorecrypto.dylib
0x000000000ad3b000 	/usr/lib/system/libdispatch.dylib
0x000000000ad3b000 	/usr/lib/system/libdyld.dylib
0x000000000ad3b000 	/usr/lib/system/libkeymgr.dylib
0x000000000ad3b000 	/usr/lib/system/liblaunch.dylib
0x000000000ad3b000 	/usr/lib/system/libmacho.dylib
0x000000000ad3b000 	/usr/lib/system/libquarantine.dylib
0x000000000ad3b000 	/usr/lib/system/libremovefile.dylib
0x000000000ad3b000 	/usr/lib/system/libsystem_asl.dylib
0x000000000ad3b000 	/usr/lib/system/libsystem_blocks.dylib
0x000000000ad3b000 	/usr/lib/system/libsystem_c.dylib
0x000000000ad3b000 	/usr/lib/system/libsystem_configuration.dylib
0x000000000ad3b000 	/usr/lib/system/libsystem_dnssd.dylib
0x000000000ad3b000 	/usr/lib/system/libsystem_info.dylib
0x000000000ad3b000 	/usr/lib/system/libsystem_kernel.dylib
0x000000000ad3b000 	/usr/lib/system/libsystem_m.dylib
0x000000000ad3b000 	/usr/lib/system/libsystem_malloc.dylib
0x000000000ad3b000 	/usr/lib/system/libsystem_network.dylib
0x000000000ad3b000 	/usr/lib/system/libsystem_notify.dylib
0x000000000ad3b000 	/usr/lib/system/libsystem_platform.dylib
0x000000000ad3b000 	/usr/lib/system/libsystem_pthread.dylib
0x000000000ad3b000 	/usr/lib/system/libsystem_sandbox.dylib
0x000000000ad3b000 	/usr/lib/system/libsystem_stats.dylib
0x000000000ad3b000 	/usr/lib/system/libunc.dylib
0x000000000ad3b000 	/usr/lib/system/libunwind.dylib
0x000000000ad3b000 	/usr/lib/system/libxpc.dylib
0x000000000ad3b000 	/usr/lib/libbsm.0.dylib
0x000000000ad3b000 	/usr/lib/libsqlite3.dylib
0x000000000ad3b000 	/usr/lib/libxar.1.dylib
0x000000000ad3b000 	/usr/lib/libpam.2.dylib
0x000000000ad3b000 	/usr/lib/libOpenScriptingUtil.dylib
0x000000000ad3b000 	/usr/lib/libbz2.1.0.dylib
0x000000000ad3b000 	/System/Library/Frameworks/CoreServices.framework/Versions/A/Frameworks/CarbonCore.framework/Versions/A/CarbonCore
0x000000000ad3b000 	/System/Library/Frameworks/CoreServices.framework/Versions/A/Frameworks/Metadata.framework/Versions/A/Metadata
0x000000000ad3b000 	/System/Library/Frameworks/CoreServices.framework/Versions/A/Frameworks/OSServices.framework/Versions/A/OSServices
0x000000000ad3b000 	/System/Library/Frameworks/CoreServices.framework/Versions/A/Frameworks/SearchKit.framework/Versions/A/SearchKit
0x000000000ad3b000 	/System/Library/Frameworks/CoreServices.framework/Versions/A/Frameworks/AE.framework/Versions/A/AE
0x000000000ad3b000 	/System/Library/Frameworks/CoreServices.framework/Versions/A/Frameworks/LaunchServices.framework/Versions/A/LaunchServices
0x000000000ad3b000 	/System/Library/Frameworks/CoreServices.framework/Versions/A/Frameworks/DictionaryServices.framework/Versions/A/DictionaryServices
0x000000000ad3b000 	/System/Library/Frameworks/NetFS.framework/Versions/A/NetFS
0x000000000ad3b000 	/usr/lib/system/libkxld.dylib
0x000000000ad3b000 	/System/Library/PrivateFrameworks/NetAuth.framework/Versions/A/NetAuth
0x000000000ad3b000 	/System/Library/PrivateFrameworks/TCC.framework/Versions/A/TCC
0x000000000ad3b000 	/System/Library/Frameworks/OpenDirectory.framework/Versions/A/Frameworks/CFOpenDirectory.framework/Versions/A/CFOpenDirectory
0x000000000ad3b000 	/System/Library/Frameworks/ServiceManagement.framework/Versions/A/ServiceManagement
0x000000000ad3b000 	/usr/lib/libxslt.1.dylib
0x000000000ad3b000 	/System/Library/Frameworks/Carbon.framework/Versions/A/Frameworks/Ink.framework/Versions/A/Ink
0x000000000ad3b000 	/System/Library/Frameworks/ApplicationServices.framework/Versions/A/Frameworks/ATS.framework/Versions/A/ATS
0x000000000ad3b000 	/System/Library/Frameworks/ApplicationServices.framework/Versions/A/Frameworks/ColorSync.framework/Versions/A/ColorSync
0x000000000ad3b000 	/System/Library/Frameworks/ApplicationServices.framework/Versions/A/Frameworks/HIServices.framework/Versions/A/HIServices
0x000000000ad3b000 	/System/Library/Frameworks/ApplicationServices.framework/Versions/A/Frameworks/LangAnalysis.framework/Versions/A/LangAnalysis
0x000000000ad3b000 	/System/Library/Frameworks/ApplicationServices.framework/Versions/A/Frameworks/PrintCore.framework/Versions/A/PrintCore
0x000000000ad3b000 	/System/Library/Frameworks/ApplicationServices.framework/Versions/A/Frameworks/QD.framework/Versions/A/QD
0x000000000ad3b000 	/System/Library/Frameworks/ApplicationServices.framework/Versions/A/Frameworks/SpeechSynthesis.framework/Versions/A/SpeechSynthesis
0x000000000ad3b000 	/System/Library/Frameworks/IOSurface.framework/Versions/A/IOSurface
0x000000000ad3b000 	/System/Library/Frameworks/Accelerate.framework/Versions/A/Accelerate
0x000000000ad3b000 	/System/Library/Frameworks/Accelerate.framework/Versions/A/Frameworks/vImage.framework/Versions/A/vImage
0x000000000ad3b000 	/System/Library/Frameworks/Accelerate.framework/Versions/A/Frameworks/vecLib.framework/Versions/A/vecLib
0x000000000ad3b000 	/System/Library/Frameworks/Accelerate.framework/Versions/A/Frameworks/vecLib.framework/Versions/A/libvDSP.dylib
0x000000000ad3b000 	/System/Library/Frameworks/Accelerate.framework/Versions/A/Frameworks/vecLib.framework/Versions/A/libvMisc.dylib
0x000000000ad3b000 	/System/Library/Frameworks/Accelerate.framework/Versions/A/Frameworks/vecLib.framework/Versions/A/libLAPACK.dylib
0x000000000ad3b000 	/System/Library/Frameworks/Accelerate.framework/Versions/A/Frameworks/vecLib.framework/Versions/A/libBLAS.dylib
0x000000000ad3b000 	/System/Library/Frameworks/ApplicationServices.framework/Versions/A/Frameworks/ATS.framework/Versions/A/Resources/libFontParser.dylib
0x000000000ad3b000 	/System/Library/Frameworks/ApplicationServices.framework/Versions/A/Frameworks/ATS.framework/Versions/A/Resources/libFontRegistry.dylib
0x000000000ad3b000 	/System/Library/Frameworks/ImageIO.framework/Versions/A/Resources/libJPEG.dylib
0x000000000ad3b000 	/System/Library/Frameworks/ImageIO.framework/Versions/A/Resources/libTIFF.dylib
0x000000000ad3b000 	/System/Library/Frameworks/ImageIO.framework/Versions/A/Resources/libPng.dylib
0x000000000ad3b000 	/System/Library/Frameworks/ImageIO.framework/Versions/A/Resources/libGIF.dylib
0x000000000ad3b000 	/System/Library/Frameworks/ImageIO.framework/Versions/A/Resources/libJP2.dylib
0x000000000ad3b000 	/System/Library/Frameworks/ImageIO.framework/Versions/A/Resources/libRadiance.dylib
0x000000000ad3b000 	/usr/lib/libcups.2.dylib
0x000000000ad3b000 	/System/Library/Frameworks/Kerberos.framework/Versions/A/Kerberos
0x000000000ad3b000 	/System/Library/Frameworks/GSS.framework/Versions/A/GSS
0x000000000ad3b000 	/usr/lib/libresolv.9.dylib
0x000000000ad3b000 	/usr/lib/libiconv.2.dylib
0x000000000ad3b000 	/System/Library/PrivateFrameworks/Heimdal.framework/Versions/A/Heimdal
0x000000000ad3b000 	/System/Library/PrivateFrameworks/TrustEvaluationAgent.framework/Versions/A/TrustEvaluationAgent
0x000000000ad3b000 	/usr/lib/libheimdal-asn1.dylib
0x000000000ad3b000 	/System/Library/Frameworks/OpenDirectory.framework/Versions/A/OpenDirectory
0x000000000ad3b000 	/System/Library/PrivateFrameworks/CommonAuth.framework/Versions/A/CommonAuth
0x000000000ad3b000 	/System/Library/Frameworks/SecurityFoundation.framework/Versions/A/SecurityFoundation
0x000000000ad3b000 	/System/Library/PrivateFrameworks/Bom.framework/Versions/A/Bom
0x000000000ad3b000 	/System/Library/Frameworks/CoreVideo.framework/Versions/A/CoreVideo
0x000000000ad3b000 	/System/Library/Frameworks/QuartzCore.framework/Versions/A/Frameworks/CoreImage.framework/Versions/A/CoreImage
0x000000000ad3b000 	/System/Library/Frameworks/QuartzCore.framework/Versions/A/Frameworks/ScalableUserInterface.framework/Versions/A/ScalableUserInterface
0x000000000ad3b000 	/System/Library/Frameworks/OpenGL.framework/Versions/A/Libraries/libGLU.dylib
0x000000000ad3b000 	/System/Library/Frameworks/OpenGL.framework/Versions/A/Libraries/libGFXShared.dylib
0x000000000ad3b000 	/System/Library/Frameworks/OpenGL.framework/Versions/A/Libraries/libGL.dylib
0x000000000ad3b000 	/System/Library/Frameworks/OpenGL.framework/Versions/A/Libraries/libGLImage.dylib
0x000000000ad3b000 	/System/Library/Frameworks/OpenGL.framework/Versions/A/Libraries/libCVMSPluginSupport.dylib
0x000000000ad3b000 	/System/Library/Frameworks/OpenGL.framework/Versions/A/Libraries/libCoreVMClient.dylib
0x000000000ad3b000 	/System/Library/PrivateFrameworks/FaceCore.framework/Versions/A/FaceCore
0x000000000ad3b000 	/System/Library/PrivateFrameworks/CrashReporterSupport.framework/Versions/A/CrashReporterSupport
0x000000000ad3b000 	/System/Library/Frameworks/OpenCL.framework/Versions/A/OpenCL
0x000000000ad3b000 	/System/Library/PrivateFrameworks/AppleFSCompression.framework/Versions/A/AppleFSCompression
0x000000000ad3b000 	/System/Library/PrivateFrameworks/Ubiquity.framework/Versions/A/Ubiquity
0x000000000ad3b000 	/System/Library/PrivateFrameworks/IconServices.framework/Versions/A/IconServices
0x000000000ad3b000 	/System/Library/PrivateFrameworks/ChunkingLibrary.framework/Versions/A/ChunkingLibrary
0x000000000ad3b000 	/System/Library/PrivateFrameworks/CoreSymbolication.framework/Versions/A/CoreSymbolication
0x000000000ad3b000 	/System/Library/PrivateFrameworks/Symbolication.framework/Versions/A/Symbolication
0x000000000ad3b000 	/System/Library/PrivateFrameworks/DebugSymbols.framework/Versions/A/DebugSymbols
0x000000010f000000 	/Library/Java/JavaVirtualMachines/jdk1.7.0_51.jdk/Contents/Home/jre/lib/server/libjvm.dylib
0x000000000ad3b000 	/usr/lib/libstdc++.6.dylib
0x000000010df29000 	/Library/Java/JavaVirtualMachines/jdk1.7.0_51.jdk/Contents/Home/jre/lib/libverify.dylib
0x000000010df36000 	/Library/Java/JavaVirtualMachines/jdk1.7.0_51.jdk/Contents/Home/jre/lib/libjava.dylib
0x000000010df70000 	/Library/Java/JavaVirtualMachines/jdk1.7.0_51.jdk/Contents/Home/jre/lib/libzip.dylib
0x000000011a2d0000 	/System/Library/Frameworks/JavaVM.framework/Frameworks/JavaRuntimeSupport.framework/JavaRuntimeSupport
0x000000011a2e8000 	/System/Library/Frameworks/JavaVM.framework/Versions/A/Frameworks/JavaNativeFoundation.framework/Versions/A/JavaNativeFoundation
0x000000011a2fd000 	/System/Library/Frameworks/JavaVM.framework/Versions/A/JavaVM
0x000000000ad3b000 	/System/Library/Frameworks/Carbon.framework/Versions/A/Carbon
0x000000011a30a000 	/System/Library/PrivateFrameworks/JavaLaunching.framework/Versions/A/JavaLaunching
0x000000000ad3b000 	/System/Library/Frameworks/Carbon.framework/Versions/A/Frameworks/CommonPanels.framework/Versions/A/CommonPanels
0x000000000ad3b000 	/System/Library/Frameworks/Carbon.framework/Versions/A/Frameworks/Help.framework/Versions/A/Help
0x000000000ad3b000 	/System/Library/Frameworks/Carbon.framework/Versions/A/Frameworks/ImageCapture.framework/Versions/A/ImageCapture
0x000000000ad3b000 	/System/Library/Frameworks/Carbon.framework/Versions/A/Frameworks/OpenScripting.framework/Versions/A/OpenScripting
0x000000000ad3b000 	/System/Library/Frameworks/Carbon.framework/Versions/A/Frameworks/Print.framework/Versions/A/Print
0x000000000ad3b000 	/System/Library/Frameworks/Carbon.framework/Versions/A/Frameworks/SecurityHI.framework/Versions/A/SecurityHI
0x000000011a9ae000 	/Library/Java/JavaVirtualMachines/jdk1.7.0_51.jdk/Contents/Home/jre/lib/libawt.dylib
0x000000011aa5d000 	/Library/Java/JavaVirtualMachines/jdk1.7.0_51.jdk/Contents/Home/jre/lib/./libmlib_image.dylib
0x000000011ab29000 	/Library/Java/JavaVirtualMachines/jdk1.7.0_51.jdk/Contents/Home/jre/lib/lwawt/liblwawt.dylib
0x000000011abdd000 	/Library/Java/JavaVirtualMachines/jdk1.7.0_51.jdk/Contents/Home/jre/lib/libosxapp.dylib
0x000000000ad3b000 	/System/Library/Frameworks/ExceptionHandling.framework/Versions/A/ExceptionHandling
0x000000000ad3b000 	/System/Library/PrivateFrameworks/CoreServicesInternal.framework/Versions/A/CoreServicesInternal
0x000000000ad3b000 	/System/Library/PrivateFrameworks/Librarian.framework/Versions/A/Librarian
0x000000000ad3b000 	/System/Library/Frameworks/CoreGraphics.framework/Versions/A/Resources/libCGCMS.A.dylib
0x000000000ad3b000 	/System/Library/Frameworks/CoreGraphics.framework/Versions/A/Resources/libRIP.A.dylib
0x000000000ad3b000 	/System/Library/Frameworks/CoreGraphics.framework/Versions/A/Resources/libCGXType.A.dylib
0x000000000ad3b000 	/System/Library/PrivateFrameworks/FamilyControls.framework/Versions/A/FamilyControls
0x000000000ad3b000 	/System/Library/PrivateFrameworks/CommerceKit.framework/Versions/A/Frameworks/CommerceCore.framework/Versions/A/CommerceCore
0x000000000ad3b000 	/System/Library/PrivateFrameworks/SystemAdministration.framework/Versions/A/SystemAdministration
0x000000000ad3b000 	/System/Library/Frameworks/DirectoryService.framework/Versions/A/DirectoryService
0x000000000ad3b000 	/System/Library/PrivateFrameworks/DiskImages.framework/Versions/A/DiskImages
0x000000000ad3b000 	/System/Library/PrivateFrameworks/LoginUIKit.framework/Versions/A/Frameworks/LoginUICore.framework/Versions/A/LoginUICore
0x000000000ad3b000 	/usr/lib/libCoreStorage.dylib
0x000000000ad3b000 	/usr/lib/libcsfde.dylib
0x000000000ad3b000 	/usr/lib/libodfde.dylib
0x000000000ad3b000 	/System/Library/Frameworks/DiscRecording.framework/Versions/A/DiscRecording
0x000000000ad3b000 	/usr/lib/libcurl.4.dylib
0x000000000ad3b000 	/System/Library/PrivateFrameworks/MediaKit.framework/Versions/A/MediaKit
0x000000000ad3b000 	/System/Library/PrivateFrameworks/EFILogin.framework/Versions/A/EFILogin
0x000000000ad3b000 	/usr/lib/libutil.dylib
0x000000000ad3b000 	/System/Library/PrivateFrameworks/AOSNotification.framework/Versions/A/AOSNotification
0x000000000ad3b000 	/System/Library/Frameworks/LDAP.framework/Versions/A/LDAP
0x000000000ad3b000 	/usr/lib/libsasl2.2.dylib
0x000000000ad3b000 	/usr/lib/libcrypto.0.9.8.dylib
0x000000000ad3b000 	/usr/lib/libssl.0.9.8.dylib
0x000000000ad3b000 	/System/Library/Frameworks/OpenGL.framework/Versions/A/Resources/GLEngine.bundle/GLEngine
0x000000000ad3b000 	/System/Library/Frameworks/OpenGL.framework/Versions/A/Libraries/libGLProgrammability.dylib
0x0000000000000000 	/System/Library/Extensions/AppleIntelHD3000GraphicsGLDriver.bundle/Contents/MacOS/AppleIntelHD3000GraphicsGLDriver
0x000000011c728000 	/System/Library/PrivateFrameworks/GPUSupport.framework/Versions/A/Libraries/libGPUSupport.dylib
0x0000000000000000 	/System/Library/Extensions/AMDRadeonX3000GLDriver.bundle/Contents/MacOS/AMDRadeonX3000GLDriver
0x000000000ad3b000 	/System/Library/PrivateFrameworks/IOAccelerator.framework/Versions/A/IOAccelerator
0x000000000ad3b000 	/System/Library/PrivateFrameworks/GPUSupport.framework/Versions/A/Libraries/libGPUSupportMercury.dylib
0x000000000ad3b000 	/System/Library/Frameworks/OpenGL.framework/Versions/A/Resources/GLRendererFloat.bundle/GLRendererFloat
0x000000000ad3b000 	/System/Library/Frameworks/OpenCL.framework/Versions/A/Libraries/libcldcpuengine.dylib
0x000000011f6db000 	/Library/Java/JavaVirtualMachines/jdk1.7.0_51.jdk/Contents/Home/jre/lib/libfontmanager.dylib
0x000000011f742000 	/Library/Java/JavaVirtualMachines/jdk1.7.0_51.jdk/Contents/Home/jre/lib/libosxui.dylib
0x000000011f952000 	/Library/Java/JavaVirtualMachines/jdk1.7.0_51.jdk/Contents/Home/jre/lib/libnet.dylib
0x000000011f967000 	/Library/Java/JavaVirtualMachines/jdk1.7.0_51.jdk/Contents/Home/jre/lib/libnio.dylib
0x0000000120880000 	/private/var/folders/_6/vv8zqx450855nldnp02w3cyc0000gn/T/libgdxJack/d8ae55ed/libgdx64.dylib
0x00000001208f2000 	/private/var/folders/_6/vv8zqx450855nldnp02w3cyc0000gn/T/libgdxJack/f7649394/liblwjgl.dylib
0x0000000120027000 	/Library/Java/JavaVirtualMachines/jdk1.7.0_51.jdk/Contents/Home/jre/lib/libjawt.dylib
0x0000000120974000 	/var/folders/_6/vv8zqx450855nldnp02w3cyc0000gn/T/libgdxJack/f7649394/openal.dylib
0x00000001209f7000 	/System/Library/Components/CoreAudio.component/Contents/MacOS/CoreAudio
0x0000000120c73000 	/System/Library/Extensions/AppleHDA.kext/Contents/PlugIns/AppleHDAHALPlugIn.bundle/Contents/MacOS/AppleHDAHALPlugIn
0x0000000120f7f000 	/private/var/folders/_6/vv8zqx450855nldnp02w3cyc0000gn/T/libgdxJack/b02f37a3/libgdx-box2d64.dylib
0x0000000120fda000 	cl_kernels
0x0000000120fdd000 	/System/Library/Frameworks/OpenCL.framework/Versions/A/Libraries/ImageFormats/unorm8_bgra.dylib
0x0000000120fcb000 	cl_kernels

VM Arguments:
jvm_args: -Dfile.encoding=US-ASCII 
java_command: com.gmail.jackbcousineau.desktop.DesktopLauncher
Launcher Type: SUN_STANDARD

Environment Variables:
PATH=/usr/bin:/bin:/usr/sbin:/sbin
SHELL=/bin/bash
DISPLAY=/tmp/launch-UfzHXu/org.macosforge.xquartz:0

Signal Handlers:
SIGSEGV: [libjvm.dylib+0x525425], sa_mask[0]=0xfffefeff, sa_flags=0x00000043
SIGBUS: [libjvm.dylib+0x525425], sa_mask[0]=0xfffefeff, sa_flags=0x00000042
SIGFPE: [libjvm.dylib+0x41892a], sa_mask[0]=0xfffefeff, sa_flags=0x00000042
SIGPIPE: [libjvm.dylib+0x41892a], sa_mask[0]=0xfffefeff, sa_flags=0x00000042
SIGXFSZ: [libjvm.dylib+0x41892a], sa_mask[0]=0xfffefeff, sa_flags=0x00000042
SIGILL: [libjvm.dylib+0x41892a], sa_mask[0]=0xfffefeff, sa_flags=0x00000042
SIGUSR1: SIG_DFL, sa_mask[0]=0x00000000, sa_flags=0x00000002
SIGUSR2: [libjvm.dylib+0x41841c], sa_mask[0]=0x00000004, sa_flags=0x00000042
SIGHUP: [libjvm.dylib+0x4166ab], sa_mask[0]=0xfffefeff, sa_flags=0x00000042
SIGINT: [libjvm.dylib+0x4166ab], sa_mask[0]=0xfffefeff, sa_flags=0x00000042
SIGTERM: [libjvm.dylib+0x4166ab], sa_mask[0]=0xfffefeff, sa_flags=0x00000042
SIGQUIT: [libjvm.dylib+0x4166ab], sa_mask[0]=0xfffefeff, sa_flags=0x00000042


---------------  S Y S T E M  ---------------

OS:Bsduname:Darwin 13.4.0 Darwin Kernel Version 13.4.0: Wed Dec 17 19:05:52 PST 2014; root:xnu-2422.115.10~1/RELEASE_X86_64 x86_64
rlimit: STACK 8192k, CORE 0k, NPROC 709, NOFILE 10240, AS infinity
load average:1.57 1.51 1.49

CPU:total 8 (4 cores per cpu, 2 threads per core) family 6 model 42 stepping 7, cmov, cx8, fxsr, mmx, sse, sse2, sse3, ssse3, sse4.1, sse4.2, popcnt, avx, aes, ht, tsc, tscinvbit

Memory: 4k page, physical 8388608k(2097152k free)

/proc/meminfo:


vm_info: Java HotSpot(TM) 64-Bit Server VM (24.51-b03) for bsd-amd64 JRE (1.7.0_51-b13), built on Dec 18 2013 18:45:56 by "java_re" with gcc 4.2.1 (Based on Apple Inc. build 5658) (LLVM build 2336.11.00)

time: Wed May  6 19:27:56 2015
elapsed time: 5 seconds

