#
# A fatal error has been detected by the Java Runtime Environment:
#
#  SIGSEGV (0xb) at pc=0x00007fff8eaa1097, pid=14375, tid=1287
#
# JRE version: Java(TM) SE Runtime Environment (7.0_51-b13) (build 1.7.0_51-b13)
# Java VM: Java HotSpot(TM) 64-Bit Server VM (24.51-b03 mixed mode bsd-amd64 compressed oops)
# Problematic frame:
# C  [libobjc.A.dylib+0x5097]  objc_msgSend+0x17
#
# Failed to write core dump. Core dumps have been disabled. To enable core dumping, try "ulimit -c unlimited" before starting Java again
#
# If you would like to submit a bug report, please visit:
#   http://bugreport.sun.com/bugreport/crash.jsp
# The crash happened outside the Java Virtual Machine in native code.
# See problematic frame for where to report the bug.
#

---------------  T H R E A D  ---------------

Current thread (0x00007fb1658d1000):  JavaThread "AppKit Thread" daemon [_thread_in_native, id=1287, stack(0x00007fff5e662000,0x00007fff5e6e2000)]

siginfo:si_signo=SIGSEGV: si_errno=0, si_code=0 (SEGV0), si_addr=0x0000000000000000

Registers:
RAX=0x00007fb16920a360, RBX=0x00000000000f43a8, RCX=0x0000000000000000, RDX=0x00007fb169151510
RSP=0x00007fff5e6dcb18, RBP=0x00007fff5e6dcb20, RSI=0x00007fff915f4b9f, RDI=0x00007fb16920a360
R8 =0x0000000000000040, R9 =0x00007fff5e6dcb00, R10=0x00007fff915f4b9f, R11=0x500007fb169212c8
R12=0x00000000000f43a8, R13=0x00007fff5e6dcce8, R14=0x00007fb1638ea4b0, R15=0x00007fff5e6dcc48
RIP=0x00007fff8eaa1097, EFLAGS=0x0000000000010246, ERR=0x0000000000000000
  TRAPNO=0x000000000000000d

Top of Stack: (sp=0x00007fff5e6dcb18)
0x00007fff5e6dcb18:   00007fff8b103e0c 00007fff5e6dce80
0x00007fff5e6dcb28:   00007fff8aff782d 00007fff5e6dcc10
0x00007fff5e6dcb38:   00007fff8e78a6ca 00007fff5e6dcb70
0x00007fff5e6dcb48:   00007fff8eab99ea 0000000000001080
0x00007fff5e6dcb58:   00000000000f43aa 0000000000000009
0x00007fff5e6dcb68:   00007fb163a48010 00007fb16920a0e0
0x00007fff5e6dcb78:   00007fb163a14e00 00007fb169151510
0x00007fff5e6dcb88:   00007fff5e6dcc40 0000000000000000
0x00007fff5e6dcb98:   00000000000f43a8 00000000000000b0
0x00007fff5e6dcba8:   00007fff5e6dccc0 0000000000000000
0x00007fff5e6dcbb8:   0000000000000001 00007fb163a14df0
0x00007fff5e6dcbc8:   00000000000000ae 00000000000de6d6
0x00007fff5e6dcbd8:   0000010000000000 00007fff7cbe6a60
0x00007fff5e6dcbe8:   0000206000ffe6ea 00007fff5e6dcd40
0x00007fff5e6dcbf8:   0000000000000000 00007fff5e6dccd8
0x00007fff5e6dcc08:   00007fff5e6dccb8 00007fff7cbe6a48
0x00007fff5e6dcc18:   0000000000000000 0000000000000007
0x00007fff5e6dcc28:   00007fff8fffe6ea 00007fff7bb6dd38
0x00007fff5e6dcc38:   0000000000000000 00007fb16920aca0
0x00007fff5e6dcc48:   00007fb1638ea4b0 00007fff93d6eb08
0x00007fff5e6dcc58:   0000000000000000 00007fff5e6dcd20
0x00007fff5e6dcc68:   00007fff93f36dde 00007fff7c3300d0
0x00007fff5e6dcc78:   0000000042000000 00007fff93f3f1d1
0x00007fff5e6dcc88:   00007fff7cbc2b40 00007fff5e6dcd88
0x00007fff5e6dcc98:   00007fff5e6dccb8 00007fff5e6dccd8
0x00007fff5e6dcca8:   0000000000000000 0000000101537001
0x00007fff5e6dccb8:   0000000000000000 00000000000000ac
0x00007fff5e6dccc8:   0000000000000000 00000000000f4392
0x00007fff5e6dccd8:   00000000000000ae 0000000000000000
0x00007fff5e6dcce8:   00000000000f43a8 000000015e6dcd90
0x00007fff5e6dccf8:   00007fff8ffff261 00007fff7b538748
0x00007fff5e6dcd08:   00007fff7b53874c 000000007b5341b8 

Instructions: (pc=0x00007fff8eaa1097)
0x00007fff8eaa1077:   90 90 90 90 90 90 90 90 90 48 85 ff 2e 74 72 40
0x00007fff8eaa1087:   f6 c7 01 2e 0f 85 7e 00 00 00 4c 8b 1f 49 89 f2
0x00007fff8eaa1097:   45 23 53 18 49 c1 e2 04 4d 03 53 10 49 3b 32 75
0x00007fff8eaa10a7:   04 41 ff 62 08 49 83 3a 00 74 74 4d 3b 53 10 74 

Register to memory mapping:

RAX=0x00007fb16920a360 is an unknown value
RBX=0x00000000000f43a8 is an unknown value
RCX=0x0000000000000000 is an unknown value
RDX=0x00007fb169151510 is an unknown value
RSP=0x00007fff5e6dcb18 is pointing into the stack for thread: 0x00007fb1658d1000
RBP=0x00007fff5e6dcb20 is pointing into the stack for thread: 0x00007fb1658d1000
RSI=0x00007fff915f4b9f: NSAppKitVersionNumber+0x5358f in /System/Library/Frameworks/AppKit.framework/Versions/C/AppKit at 0x00007fff90b51000
RDI=0x00007fb16920a360 is an unknown value
R8 =0x0000000000000040 is an unknown value
R9 =0x00007fff5e6dcb00 is pointing into the stack for thread: 0x00007fb1658d1000
R10=0x00007fff915f4b9f: NSAppKitVersionNumber+0x5358f in /System/Library/Frameworks/AppKit.framework/Versions/C/AppKit at 0x00007fff90b51000
R11=0x500007fb169212c8 is an unknown value
R12=0x00000000000f43a8 is an unknown value
R13=0x00007fff5e6dcce8 is pointing into the stack for thread: 0x00007fb1658d1000
R14=0x00007fb1638ea4b0 is an unknown value
R15=0x00007fff5e6dcc48 is pointing into the stack for thread: 0x00007fb1658d1000


Stack: [0x00007fff5e662000,0x00007fff5e6e2000],  sp=0x00007fff5e6dcb18,  free space=490k
Native frames: (J=compiled Java code, j=interpreted, Vv=VM code, C=native code)
C  [libobjc.A.dylib+0x5097]  objc_msgSend+0x17
C  [CoreFoundation+0x1082d]  _CFXNotificationPost+0xb4d
C  [Foundation+0x2dda]  -[NSNotificationCenter postNotificationName:object:userInfo:]+0x44
C  [AppKit+0x10f5a9]  -[NSSurface _disposeSurface]+0x98
C  [AppKit+0x10f045]  -[NSSurface setWindow:]+0x46
C  [AppKit+0x3af27]  -[NSView _setWindow:]+0x8ea
C  [AppKit+0x3bf7a]  -[NSView removeFromSuperview]+0x15e
C  [AppKit+0x986e9]  -[NSView removeFromSuperviewWithoutNeedingDisplay]+0x26
C  [liblwjgl.dylib+0xa205]  +[MacOSXKeyableWindow destroyWindow]+0xb5
C  [Foundation+0x6375e]  __NSThreadPerformPerform+0xe5
C  [CoreFoundation+0x7f5b1]  __CFRUNLOOP_IS_CALLING_OUT_TO_A_SOURCE0_PERFORM_FUNCTION__+0x11
C  [CoreFoundation+0x70c62]  __CFRunLoopDoSources0+0xf2
C  [CoreFoundation+0x703ef]  __CFRunLoopRun+0x33f
C  [CoreFoundation+0x6fe75]  CFRunLoopRunSpecific+0x135
C  [HIToolbox+0x2ea0d]  RunCurrentEventLoopInMode+0xe2
C  [HIToolbox+0x2e7b7]  ReceiveNextEventCommon+0x1df
C  [HIToolbox+0x2e5bc]  _BlockUntilNextEventMatchingListInModeWithFilter+0x41
C  [AppKit+0x2424e]  _DPSNextEvent+0x59a
C  [AppKit+0x2389b]  -[NSApplication nextEventMatchingMask:untilDate:inMode:dequeue:]+0x7a
C  [libosxapp.dylib+0x16f4]  -[NSApplicationAWT nextEventMatchingMask:untilDate:inMode:dequeue:]+0x7c
C  [AppKit+0x1799c]  -[NSApplication run]+0x229
C  [libosxapp.dylib+0x1557]  +[NSApplicationAWT runAWTLoopWithApp:]+0x9c
C  [liblwawt.dylib+0xdba9]  -[AWTStarter starter:]+0x369
C  [Foundation+0x6375e]  __NSThreadPerformPerform+0xe5
C  [CoreFoundation+0x7f5b1]  __CFRUNLOOP_IS_CALLING_OUT_TO_A_SOURCE0_PERFORM_FUNCTION__+0x11
C  [CoreFoundation+0x70c62]  __CFRunLoopDoSources0+0xf2
C  [CoreFoundation+0x703ef]  __CFRunLoopRun+0x33f
C  [CoreFoundation+0x6fe75]  CFRunLoopRunSpecific+0x135
C  [java+0x73b0]  CreateExecutionEnvironment+0x367
C  [java+0x1b5c]  JLI_Launch+0x7a0
C  [java+0x770d]  main+0x65
C  [java+0x13b4]  start+0x34


---------------  P R O C E S S  ---------------

Java Threads: ( => current thread )
  0x00007fb162953000 JavaThread "Timer-1" [_thread_blocked, id=125443, stack(0x0000000114c5d000,0x0000000114d5d000)]
  0x00007fb162060000 JavaThread "Timer-0" [_thread_blocked, id=124947, stack(0x0000000114b50000,0x0000000114c50000)]
  0x00007fb162083000 JavaThread "LWJGL Application" [_thread_in_native, id=121347, stack(0x000000011463b000,0x000000011473b000)]
  0x00007fb1659a4000 JavaThread "DestroyJavaVM" [_thread_blocked, id=6403, stack(0x0000000101633000,0x0000000101733000)]
  0x00007fb16598c800 JavaThread "AWT-EventQueue-0" [_thread_blocked, id=54531, stack(0x0000000112f92000,0x0000000113092000)]
  0x00007fb162846800 JavaThread "Java2D Disposer" daemon [_thread_blocked, id=53763, stack(0x0000000112dbc000,0x0000000112ebc000)]
  0x00007fb16205b000 JavaThread "Java2D Queue Flusher" daemon [_thread_blocked, id=50435, stack(0x0000000112872000,0x0000000112972000)]
  0x00007fb16280c800 JavaThread "AWT-Shutdown" [_thread_blocked, id=29963, stack(0x000000010fb48000,0x000000010fc48000)]
=>0x00007fb1658d1000 JavaThread "AppKit Thread" daemon [_thread_in_native, id=1287, stack(0x00007fff5e662000,0x00007fff5e6e2000)]
  0x00007fb16580e800 JavaThread "Service Thread" daemon [_thread_blocked, id=21251, stack(0x000000010df29000,0x000000010e029000)]
  0x00007fb16580d800 JavaThread "C2 CompilerThread1" daemon [_thread_blocked, id=20739, stack(0x000000010de26000,0x000000010df26000)]
  0x00007fb16580c000 JavaThread "C2 CompilerThread0" daemon [_thread_blocked, id=20227, stack(0x000000010dd23000,0x000000010de23000)]
  0x00007fb162017800 JavaThread "Signal Dispatcher" daemon [_thread_blocked, id=19715, stack(0x000000010dc20000,0x000000010dd20000)]
  0x00007fb16484d000 JavaThread "Finalizer" daemon [_thread_blocked, id=14595, stack(0x000000010d9cf000,0x000000010dacf000)]
  0x00007fb165800000 JavaThread "Reference Handler" daemon [_thread_blocked, id=14083, stack(0x000000010d8cc000,0x000000010d9cc000)]

Other Threads:
  0x00007fb16484a800 VMThread [stack: 0x000000010d7c9000,0x000000010d8c9000] [id=13571]
  0x00007fb16580f000 WatcherThread [stack: 0x000000010e02c000,0x000000010e12c000] [id=21763]

VM state:not at safepoint (normal execution)

VM Mutex/Monitor currently owned by a thread: None

Heap
 PSYoungGen      total 38912K, used 31712K [0x00000007d5500000, 0x00000007d8000000, 0x0000000800000000)
  eden space 33792K, 93% used [0x00000007d5500000,0x00000007d73f8068,0x00000007d7600000)
  from space 5120K, 0% used [0x00000007d7b00000,0x00000007d7b00000,0x00000007d8000000)
  to   space 5120K, 0% used [0x00000007d7600000,0x00000007d7600000,0x00000007d7b00000)
 ParOldGen       total 87040K, used 0K [0x0000000780000000, 0x0000000785500000, 0x00000007d5500000)
  object space 87040K, 0% used [0x0000000780000000,0x0000000780000000,0x0000000785500000)
 PSPermGen       total 21504K, used 14682K [0x000000077ae00000, 0x000000077c300000, 0x0000000780000000)
  object space 21504K, 68% used [0x000000077ae00000,0x000000077bc56aa0,0x000000077c300000)

Card table byte_map: [0x0000000106313000,0x000000010673d000] byte_map_base: 0x000000010273c000

Polling page: 0x0000000101772000

Code Cache  [0x0000000103253000, 0x00000001034c3000, 0x0000000106253000)
 total_blobs=687 nmethods=98 adapters=543 free_code_cache=48343Kb largest_free_block=49448512

Compilation events (10 events):
Event: 6.476 Thread 0x00007fb16580c000   94             com.badlogic.gdx.graphics.Color::toFloatBits (40 bytes)
Event: 6.476 Thread 0x00007fb16580c000 nmethod 94 0x0000000103306410 code [0x0000000103306580, 0x0000000103306678]
Event: 6.477 Thread 0x00007fb16580d800 nmethod 93 0x0000000103307090 code [0x00000001033071e0, 0x00000001033072d8]
Event: 6.491 Thread 0x00007fb16580c000   95             com.gmail.jackbcousineau.AmazementMain::render (717 bytes)
Event: 6.508 Thread 0x00007fb16580d800   96             com.badlogic.gdx.graphics.glutils.ImmediateModeRenderer20::color (23 bytes)
Event: 6.509 Thread 0x00007fb16580d800 nmethod 96 0x0000000103306810 code [0x0000000103306980, 0x0000000103306ad8]
Event: 6.541 Thread 0x00007fb16580d800   97             java.nio.Buffer::limit (5 bytes)
Event: 6.541 Thread 0x00007fb16580d800 nmethod 97 0x00000001033061d0 code [0x0000000103306300, 0x0000000103306358]
Event: 6.574 Thread 0x00007fb16580d800   98             java.nio.Buffer::limit (62 bytes)
Event: 6.575 Thread 0x00007fb16580d800 nmethod 98 0x0000000103309810 code [0x0000000103309940, 0x00000001033099d8]

GC Heap History (0 events):
No events

Deoptimization events (4 events):
Event: 1.332 Thread 0x00007fb164800000 Uncommon trap: reason=class_check action=maybe_recompile pc=0x00000001032d1200 method=java.lang.String.equals(Ljava/lang/Object;)Z @ 8
Event: 1.431 Thread 0x00007fb16598c800 Uncommon trap: reason=class_check action=maybe_recompile pc=0x00000001032d1200 method=java.lang.String.equals(Ljava/lang/Object;)Z @ 8
Event: 1.432 Thread 0x00007fb16598c800 Uncommon trap: reason=class_check action=maybe_recompile pc=0x00000001032d1200 method=java.lang.String.equals(Ljava/lang/Object;)Z @ 8
Event: 1.432 Thread 0x00007fb16598c800 Uncommon trap: reason=class_check action=maybe_recompile pc=0x00000001032d1200 method=java.lang.String.equals(Ljava/lang/Object;)Z @ 8

Internal exceptions (10 events):
Event: 4.600 Thread 0x00007fb162083000 Threw 0x00000007d67f9590 at /HUDSON/workspace/7u-2-build-macosx-x86_64/jdk7u51/527/hotspot/src/share/vm/prims/jvm.cpp:1244
Event: 4.600 Thread 0x00007fb162083000 Threw 0x00000007d6801610 at /HUDSON/workspace/7u-2-build-macosx-x86_64/jdk7u51/527/hotspot/src/share/vm/prims/jvm.cpp:1244
Event: 4.607 Thread 0x00007fb162083000 Threw 0x00000007d681e380 at /HUDSON/workspace/7u-2-build-macosx-x86_64/jdk7u51/527/hotspot/src/share/vm/prims/jvm.cpp:1244
Event: 4.610 Thread 0x00007fb162083000 Threw 0x00000007d68240d8 at /HUDSON/workspace/7u-2-build-macosx-x86_64/jdk7u51/527/hotspot/src/share/vm/prims/jvm.cpp:1244
Event: 4.623 Thread 0x00007fb162083000 Threw 0x00000007d6838fc0 at /HUDSON/workspace/7u-2-build-macosx-x86_64/jdk7u51/527/hotspot/src/share/vm/prims/jvm.cpp:1244
Event: 4.626 Thread 0x00007fb162083000 Threw 0x00000007d683daa8 at /HUDSON/workspace/7u-2-build-macosx-x86_64/jdk7u51/527/hotspot/src/share/vm/prims/jvm.cpp:1244
Event: 4.627 Thread 0x00007fb162083000 Threw 0x00000007d6842c50 at /HUDSON/workspace/7u-2-build-macosx-x86_64/jdk7u51/527/hotspot/src/share/vm/prims/jvm.cpp:1244
Event: 5.373 Thread 0x00007fb162083000 Threw 0x00000007d6c34660 at /HUDSON/workspace/7u-2-build-macosx-x86_64/jdk7u51/527/hotspot/src/share/vm/prims/jvm.cpp:1244
Event: 6.725 Thread 0x00007fb162083000 Threw 0x00000007d737bf68 at /HUDSON/workspace/7u-2-build-macosx-x86_64/jdk7u51/527/hotspot/src/share/vm/prims/jvm.cpp:1244
Event: 6.732 Thread 0x00007fb162083000 Threw 0x00000007d7380db0 at /HUDSON/workspace/7u-2-build-macosx-x86_64/jdk7u51/527/hotspot/src/share/vm/prims/jvm.cpp:1244

Events (10 events):
Event: 6.193 loading class 0x00007fb162044e80
Event: 6.193 loading class 0x00007fb162044e80 done
Event: 6.193 loading class 0x00007fb162044eb0
Event: 6.193 loading class 0x00007fb162044eb0 done
Event: 6.193 loading class 0x00007fb1620458c0
Event: 6.193 loading class 0x00007fb1620458c0 done
Event: 6.724 loading class 0x00007fb161ef3290
Event: 6.724 loading class 0x00007fb161ef3290 done
Event: 6.732 loading class 0x00007fb16920ded0
Event: 6.732 loading class 0x00007fb16920ded0 done


Dynamic libraries:
0x000000000ad3b000 	/System/Library/Frameworks/Cocoa.framework/Versions/A/Cocoa
0x000000000ad3b000 	/System/Library/Frameworks/Security.framework/Versions/A/Security
0x000000000ad3b000 	/System/Library/Frameworks/ApplicationServices.framework/Versions/A/ApplicationServices
0x000000000ad3b000 	/usr/lib/libz.1.dylib
0x000000000ad3b000 	/usr/lib/libSystem.B.dylib
0x000000000ad3b000 	/usr/lib/libobjc.A.dylib
0x000000000ad3b000 	/System/Library/Frameworks/CoreFoundation.framework/Versions/A/CoreFoundation
0x000000000ad3b000 	/System/Library/Frameworks/Foundation.framework/Versions/C/Foundation
0x000000000ad3b000 	/System/Library/Frameworks/AppKit.framework/Versions/C/AppKit
0x000000000ad3b000 	/System/Library/Frameworks/CoreData.framework/Versions/A/CoreData
0x000000000ad3b000 	/System/Library/PrivateFrameworks/RemoteViewServices.framework/Versions/A/RemoteViewServices
0x000000000ad3b000 	/System/Library/Frameworks/AudioToolbox.framework/Versions/A/AudioToolbox
0x000000000ad3b000 	/System/Library/Frameworks/AudioUnit.framework/Versions/A/AudioUnit
0x000000000ad3b000 	/System/Library/PrivateFrameworks/DataDetectorsCore.framework/Versions/A/DataDetectorsCore
0x000000000ad3b000 	/System/Library/PrivateFrameworks/DesktopServicesPriv.framework/Versions/A/DesktopServicesPriv
0x000000000ad3b000 	/System/Library/Frameworks/Carbon.framework/Versions/A/Frameworks/HIToolbox.framework/Versions/A/HIToolbox
0x000000000ad3b000 	/System/Library/Frameworks/QuartzCore.framework/Versions/A/QuartzCore
0x000000000ad3b000 	/System/Library/Frameworks/Carbon.framework/Versions/A/Frameworks/SpeechRecognition.framework/Versions/A/SpeechRecognition
0x000000000ad3b000 	/usr/lib/libauto.dylib
0x000000000ad3b000 	/usr/lib/libicucore.A.dylib
0x000000000ad3b000 	/usr/lib/libxml2.2.dylib
0x000000000ad3b000 	/System/Library/PrivateFrameworks/CoreUI.framework/Versions/A/CoreUI
0x000000000ad3b000 	/System/Library/Frameworks/CoreAudio.framework/Versions/A/CoreAudio
0x000000000ad3b000 	/System/Library/Frameworks/DiskArbitration.framework/Versions/A/DiskArbitration
0x000000000ad3b000 	/usr/lib/liblangid.dylib
0x000000000ad3b000 	/System/Library/PrivateFrameworks/MultitouchSupport.framework/Versions/A/MultitouchSupport
0x000000000ad3b000 	/System/Library/Frameworks/IOKit.framework/Versions/A/IOKit
0x000000000ad3b000 	/usr/lib/libDiagnosticMessagesClient.dylib
0x000000000ad3b000 	/System/Library/Frameworks/CoreServices.framework/Versions/A/CoreServices
0x000000000ad3b000 	/System/Library/PrivateFrameworks/PerformanceAnalysis.framework/Versions/A/PerformanceAnalysis
0x000000000ad3b000 	/System/Library/PrivateFrameworks/GenerationalStorage.framework/Versions/A/GenerationalStorage
0x000000000ad3b000 	/System/Library/Frameworks/OpenGL.framework/Versions/A/OpenGL
0x000000000ad3b000 	/System/Library/PrivateFrameworks/Sharing.framework/Versions/A/Sharing
0x000000000ad3b000 	/System/Library/Frameworks/ImageIO.framework/Versions/A/ImageIO
0x000000000ad3b000 	/System/Library/Frameworks/CoreText.framework/Versions/A/CoreText
0x000000000ad3b000 	/System/Library/Frameworks/CoreGraphics.framework/Versions/A/CoreGraphics
0x000000000ad3b000 	/System/Library/PrivateFrameworks/Backup.framework/Versions/A/Backup
0x000000000ad3b000 	/System/Library/Frameworks/CFNetwork.framework/Versions/A/CFNetwork
0x000000000ad3b000 	/System/Library/Frameworks/SystemConfiguration.framework/Versions/A/SystemConfiguration
0x000000000ad3b000 	/usr/lib/libCRFSuite.dylib
0x000000000ad3b000 	/usr/lib/libc++.1.dylib
0x000000000ad3b000 	/usr/lib/libc++abi.dylib
0x000000000ad3b000 	/usr/lib/system/libcache.dylib
0x000000000ad3b000 	/usr/lib/system/libcommonCrypto.dylib
0x000000000ad3b000 	/usr/lib/system/libcompiler_rt.dylib
0x000000000ad3b000 	/usr/lib/system/libcopyfile.dylib
0x000000000ad3b000 	/usr/lib/system/libcorecrypto.dylib
0x000000000ad3b000 	/usr/lib/system/libdispatch.dylib
0x000000000ad3b000 	/usr/lib/system/libdyld.dylib
0x000000000ad3b000 	/usr/lib/system/libkeymgr.dylib
0x000000000ad3b000 	/usr/lib/system/liblaunch.dylib
0x000000000ad3b000 	/usr/lib/system/libmacho.dylib
0x000000000ad3b000 	/usr/lib/system/libquarantine.dylib
0x000000000ad3b000 	/usr/lib/system/libremovefile.dylib
0x000000000ad3b000 	/usr/lib/system/libsystem_asl.dylib
0x000000000ad3b000 	/usr/lib/system/libsystem_blocks.dylib
0x000000000ad3b000 	/usr/lib/system/libsystem_c.dylib
0x000000000ad3b000 	/usr/lib/system/libsystem_configuration.dylib
0x000000000ad3b000 	/usr/lib/system/libsystem_dnssd.dylib
0x000000000ad3b000 	/usr/lib/system/libsystem_info.dylib
0x000000000ad3b000 	/usr/lib/system/libsystem_kernel.dylib
0x000000000ad3b000 	/usr/lib/system/libsystem_m.dylib
0x000000000ad3b000 	/usr/lib/system/libsystem_malloc.dylib
0x000000000ad3b000 	/usr/lib/system/libsystem_network.dylib
0x000000000ad3b000 	/usr/lib/system/libsystem_notify.dylib
0x000000000ad3b000 	/usr/lib/system/libsystem_platform.dylib
0x000000000ad3b000 	/usr/lib/system/libsystem_pthread.dylib
0x000000000ad3b000 	/usr/lib/system/libsystem_sandbox.dylib
0x000000000ad3b000 	/usr/lib/system/libsystem_stats.dylib
0x000000000ad3b000 	/usr/lib/system/libunc.dylib
0x000000000ad3b000 	/usr/lib/system/libunwind.dylib
0x000000000ad3b000 	/usr/lib/system/libxpc.dylib
0x000000000ad3b000 	/usr/lib/libbsm.0.dylib
0x000000000ad3b000 	/usr/lib/libsqlite3.dylib
0x000000000ad3b000 	/usr/lib/libxar.1.dylib
0x000000000ad3b000 	/usr/lib/libpam.2.dylib
0x000000000ad3b000 	/usr/lib/libOpenScriptingUtil.dylib
0x000000000ad3b000 	/usr/lib/libbz2.1.0.dylib
0x000000000ad3b000 	/System/Library/Frameworks/CoreServices.framework/Versions/A/Frameworks/CarbonCore.framework/Versions/A/CarbonCore
0x000000000ad3b000 	/System/Library/Frameworks/CoreServices.framework/Versions/A/Frameworks/Metadata.framework/Versions/A/Metadata
0x000000000ad3b000 	/System/Library/Frameworks/CoreServices.framework/Versions/A/Frameworks/OSServices.framework/Versions/A/OSServices
0x000000000ad3b000 	/System/Library/Frameworks/CoreServices.framework/Versions/A/Frameworks/SearchKit.framework/Versions/A/SearchKit
0x000000000ad3b000 	/System/Library/Frameworks/CoreServices.framework/Versions/A/Frameworks/AE.framework/Versions/A/AE
0x000000000ad3b000 	/System/Library/Frameworks/CoreServices.framework/Versions/A/Frameworks/LaunchServices.framework/Versions/A/LaunchServices
0x000000000ad3b000 	/System/Library/Frameworks/CoreServices.framework/Versions/A/Frameworks/DictionaryServices.framework/Versions/A/DictionaryServices
0x000000000ad3b000 	/System/Library/Frameworks/NetFS.framework/Versions/A/NetFS
0x000000000ad3b000 	/usr/lib/system/libkxld.dylib
0x000000000ad3b000 	/System/Library/PrivateFrameworks/NetAuth.framework/Versions/A/NetAuth
0x000000000ad3b000 	/System/Library/PrivateFrameworks/TCC.framework/Versions/A/TCC
0x000000000ad3b000 	/System/Library/Frameworks/OpenDirectory.framework/Versions/A/Frameworks/CFOpenDirectory.framework/Versions/A/CFOpenDirectory
0x000000000ad3b000 	/System/Library/Frameworks/ServiceManagement.framework/Versions/A/ServiceManagement
0x000000000ad3b000 	/usr/lib/libxslt.1.dylib
0x000000000ad3b000 	/System/Library/Frameworks/Carbon.framework/Versions/A/Frameworks/Ink.framework/Versions/A/Ink
0x000000000ad3b000 	/System/Library/Frameworks/ApplicationServices.framework/Versions/A/Frameworks/ATS.framework/Versions/A/ATS
0x000000000ad3b000 	/System/Library/Frameworks/ApplicationServices.framework/Versions/A/Frameworks/ColorSync.framework/Versions/A/ColorSync
0x000000000ad3b000 	/System/Library/Frameworks/ApplicationServices.framework/Versions/A/Frameworks/HIServices.framework/Versions/A/HIServices
0x000000000ad3b000 	/System/Library/Frameworks/ApplicationServices.framework/Versions/A/Frameworks/LangAnalysis.framework/Versions/A/LangAnalysis
0x000000000ad3b000 	/System/Library/Frameworks/ApplicationServices.framework/Versions/A/Frameworks/PrintCore.framework/Versions/A/PrintCore
0x000000000ad3b000 	/System/Library/Frameworks/ApplicationServices.framework/Versions/A/Frameworks/QD.framework/Versions/A/QD
0x000000000ad3b000 	/System/Library/Frameworks/ApplicationServices.framework/Versions/A/Frameworks/SpeechSynthesis.framework/Versions/A/SpeechSynthesis
0x000000000ad3b000 	/System/Library/Frameworks/IOSurface.framework/Versions/A/IOSurface
0x000000000ad3b000 	/System/Library/Frameworks/Accelerate.framework/Versions/A/Accelerate
0x000000000ad3b000 	/System/Library/Frameworks/Accelerate.framework/Versions/A/Frameworks/vImage.framework/Versions/A/vImage
0x000000000ad3b000 	/System/Library/Frameworks/Accelerate.framework/Versions/A/Frameworks/vecLib.framework/Versions/A/vecLib
0x000000000ad3b000 	/System/Library/Frameworks/Accelerate.framework/Versions/A/Frameworks/vecLib.framework/Versions/A/libvDSP.dylib
0x000000000ad3b000 	/System/Library/Frameworks/Accelerate.framework/Versions/A/Frameworks/vecLib.framework/Versions/A/libvMisc.dylib
0x000000000ad3b000 	/System/Library/Frameworks/Accelerate.framework/Versions/A/Frameworks/vecLib.framework/Versions/A/libLAPACK.dylib
0x000000000ad3b000 	/System/Library/Frameworks/Accelerate.framework/Versions/A/Frameworks/vecLib.framework/Versions/A/libBLAS.dylib
0x000000000ad3b000 	/System/Library/Frameworks/ApplicationServices.framework/Versions/A/Frameworks/ATS.framework/Versions/A/Resources/libFontParser.dylib
0x000000000ad3b000 	/System/Library/Frameworks/ApplicationServices.framework/Versions/A/Frameworks/ATS.framework/Versions/A/Resources/libFontRegistry.dylib
0x000000000ad3b000 	/System/Library/Frameworks/ImageIO.framework/Versions/A/Resources/libJPEG.dylib
0x000000000ad3b000 	/System/Library/Frameworks/ImageIO.framework/Versions/A/Resources/libTIFF.dylib
0x000000000ad3b000 	/System/Library/Frameworks/ImageIO.framework/Versions/A/Resources/libPng.dylib
0x000000000ad3b000 	/System/Library/Frameworks/ImageIO.framework/Versions/A/Resources/libGIF.dylib
0x000000000ad3b000 	/System/Library/Frameworks/ImageIO.framework/Versions/A/Resources/libJP2.dylib
0x000000000ad3b000 	/System/Library/Frameworks/ImageIO.framework/Versions/A/Resources/libRadiance.dylib
0x000000000ad3b000 	/usr/lib/libcups.2.dylib
0x000000000ad3b000 	/System/Library/Frameworks/Kerberos.framework/Versions/A/Kerberos
0x000000000ad3b000 	/System/Library/Frameworks/GSS.framework/Versions/A/GSS
0x000000000ad3b000 	/usr/lib/libresolv.9.dylib
0x000000000ad3b000 	/usr/lib/libiconv.2.dylib
0x000000000ad3b000 	/System/Library/PrivateFrameworks/Heimdal.framework/Versions/A/Heimdal
0x000000000ad3b000 	/System/Library/PrivateFrameworks/TrustEvaluationAgent.framework/Versions/A/TrustEvaluationAgent
0x000000000ad3b000 	/usr/lib/libheimdal-asn1.dylib
0x000000000ad3b000 	/System/Library/Frameworks/OpenDirectory.framework/Versions/A/OpenDirectory
0x000000000ad3b000 	/System/Library/PrivateFrameworks/CommonAuth.framework/Versions/A/CommonAuth
0x000000000ad3b000 	/System/Library/Frameworks/SecurityFoundation.framework/Versions/A/SecurityFoundation
0x000000000ad3b000 	/System/Library/PrivateFrameworks/Bom.framework/Versions/A/Bom
0x000000000ad3b000 	/System/Library/Frameworks/CoreVideo.framework/Versions/A/CoreVideo
0x000000000ad3b000 	/System/Library/Frameworks/QuartzCore.framework/Versions/A/Frameworks/CoreImage.framework/Versions/A/CoreImage
0x000000000ad3b000 	/System/Library/Frameworks/QuartzCore.framework/Versions/A/Frameworks/ScalableUserInterface.framework/Versions/A/ScalableUserInterface
0x000000000ad3b000 	/System/Library/Frameworks/OpenGL.framework/Versions/A/Libraries/libGLU.dylib
0x000000000ad3b000 	/System/Library/Frameworks/OpenGL.framework/Versions/A/Libraries/libGFXShared.dylib
0x000000000ad3b000 	/System/Library/Frameworks/OpenGL.framework/Versions/A/Libraries/libGL.dylib
0x000000000ad3b000 	/System/Library/Frameworks/OpenGL.framework/Versions/A/Libraries/libGLImage.dylib
0x000000000ad3b000 	/System/Library/Frameworks/OpenGL.framework/Versions/A/Libraries/libCVMSPluginSupport.dylib
0x000000000ad3b000 	/System/Library/Frameworks/OpenGL.framework/Versions/A/Libraries/libCoreVMClient.dylib
0x000000000ad3b000 	/System/Library/PrivateFrameworks/FaceCore.framework/Versions/A/FaceCore
0x000000000ad3b000 	/System/Library/PrivateFrameworks/CrashReporterSupport.framework/Versions/A/CrashReporterSupport
0x000000000ad3b000 	/System/Library/Frameworks/OpenCL.framework/Versions/A/OpenCL
0x000000000ad3b000 	/System/Library/PrivateFrameworks/AppleFSCompression.framework/Versions/A/AppleFSCompression
0x000000000ad3b000 	/System/Library/PrivateFrameworks/Ubiquity.framework/Versions/A/Ubiquity
0x000000000ad3b000 	/System/Library/PrivateFrameworks/IconServices.framework/Versions/A/IconServices
0x000000000ad3b000 	/System/Library/PrivateFrameworks/ChunkingLibrary.framework/Versions/A/ChunkingLibrary
0x000000000ad3b000 	/System/Library/PrivateFrameworks/CoreSymbolication.framework/Versions/A/CoreSymbolication
0x000000000ad3b000 	/System/Library/PrivateFrameworks/Symbolication.framework/Versions/A/Symbolication
0x000000000ad3b000 	/System/Library/PrivateFrameworks/DebugSymbols.framework/Versions/A/DebugSymbols
0x0000000102800000 	/Library/Java/JavaVirtualMachines/jdk1.7.0_51.jdk/Contents/Home/jre/lib/server/libjvm.dylib
0x000000000ad3b000 	/usr/lib/libstdc++.6.dylib
0x0000000101735000 	/Library/Java/JavaVirtualMachines/jdk1.7.0_51.jdk/Contents/Home/jre/lib/libverify.dylib
0x0000000101742000 	/Library/Java/JavaVirtualMachines/jdk1.7.0_51.jdk/Contents/Home/jre/lib/libjava.dylib
0x000000010177c000 	/Library/Java/JavaVirtualMachines/jdk1.7.0_51.jdk/Contents/Home/jre/lib/libzip.dylib
0x000000010dad1000 	/System/Library/Frameworks/JavaVM.framework/Frameworks/JavaRuntimeSupport.framework/JavaRuntimeSupport
0x000000010dae9000 	/System/Library/Frameworks/JavaVM.framework/Versions/A/Frameworks/JavaNativeFoundation.framework/Versions/A/JavaNativeFoundation
0x000000010dafe000 	/System/Library/Frameworks/JavaVM.framework/Versions/A/JavaVM
0x000000000ad3b000 	/System/Library/Frameworks/Carbon.framework/Versions/A/Carbon
0x000000010db0b000 	/System/Library/PrivateFrameworks/JavaLaunching.framework/Versions/A/JavaLaunching
0x000000000ad3b000 	/System/Library/Frameworks/Carbon.framework/Versions/A/Frameworks/CommonPanels.framework/Versions/A/CommonPanels
0x000000000ad3b000 	/System/Library/Frameworks/Carbon.framework/Versions/A/Frameworks/Help.framework/Versions/A/Help
0x000000000ad3b000 	/System/Library/Frameworks/Carbon.framework/Versions/A/Frameworks/ImageCapture.framework/Versions/A/ImageCapture
0x000000000ad3b000 	/System/Library/Frameworks/Carbon.framework/Versions/A/Frameworks/OpenScripting.framework/Versions/A/OpenScripting
0x000000000ad3b000 	/System/Library/Frameworks/Carbon.framework/Versions/A/Frameworks/Print.framework/Versions/A/Print
0x000000000ad3b000 	/System/Library/Frameworks/Carbon.framework/Versions/A/Frameworks/SecurityHI.framework/Versions/A/SecurityHI
0x000000010e1ba000 	/Library/Java/JavaVirtualMachines/jdk1.7.0_51.jdk/Contents/Home/jre/lib/libawt.dylib
0x000000010e269000 	/Library/Java/JavaVirtualMachines/jdk1.7.0_51.jdk/Contents/Home/jre/lib/./libmlib_image.dylib
0x000000010e335000 	/Library/Java/JavaVirtualMachines/jdk1.7.0_51.jdk/Contents/Home/jre/lib/lwawt/liblwawt.dylib
0x000000010e3e9000 	/Library/Java/JavaVirtualMachines/jdk1.7.0_51.jdk/Contents/Home/jre/lib/libosxapp.dylib
0x000000000ad3b000 	/System/Library/Frameworks/ExceptionHandling.framework/Versions/A/ExceptionHandling
0x000000000ad3b000 	/System/Library/PrivateFrameworks/CoreServicesInternal.framework/Versions/A/CoreServicesInternal
0x000000000ad3b000 	/System/Library/PrivateFrameworks/Librarian.framework/Versions/A/Librarian
0x000000000ad3b000 	/System/Library/Frameworks/CoreGraphics.framework/Versions/A/Resources/libCGCMS.A.dylib
0x000000000ad3b000 	/System/Library/Frameworks/CoreGraphics.framework/Versions/A/Resources/libRIP.A.dylib
0x000000000ad3b000 	/System/Library/Frameworks/CoreGraphics.framework/Versions/A/Resources/libCGXType.A.dylib
0x000000000ad3b000 	/System/Library/PrivateFrameworks/FamilyControls.framework/Versions/A/FamilyControls
0x000000000ad3b000 	/System/Library/PrivateFrameworks/CommerceKit.framework/Versions/A/Frameworks/CommerceCore.framework/Versions/A/CommerceCore
0x000000000ad3b000 	/System/Library/PrivateFrameworks/SystemAdministration.framework/Versions/A/SystemAdministration
0x000000000ad3b000 	/System/Library/Frameworks/DirectoryService.framework/Versions/A/DirectoryService
0x000000000ad3b000 	/System/Library/PrivateFrameworks/DiskImages.framework/Versions/A/DiskImages
0x000000000ad3b000 	/System/Library/PrivateFrameworks/LoginUIKit.framework/Versions/A/Frameworks/LoginUICore.framework/Versions/A/LoginUICore
0x000000000ad3b000 	/usr/lib/libCoreStorage.dylib
0x000000000ad3b000 	/usr/lib/libcsfde.dylib
0x000000000ad3b000 	/usr/lib/libodfde.dylib
0x000000000ad3b000 	/System/Library/Frameworks/DiscRecording.framework/Versions/A/DiscRecording
0x000000000ad3b000 	/usr/lib/libcurl.4.dylib
0x000000000ad3b000 	/System/Library/PrivateFrameworks/MediaKit.framework/Versions/A/MediaKit
0x000000000ad3b000 	/System/Library/PrivateFrameworks/EFILogin.framework/Versions/A/EFILogin
0x000000000ad3b000 	/usr/lib/libutil.dylib
0x000000000ad3b000 	/System/Library/PrivateFrameworks/AOSNotification.framework/Versions/A/AOSNotification
0x000000000ad3b000 	/System/Library/Frameworks/LDAP.framework/Versions/A/LDAP
0x000000000ad3b000 	/usr/lib/libsasl2.2.dylib
0x000000000ad3b000 	/usr/lib/libcrypto.0.9.8.dylib
0x000000000ad3b000 	/usr/lib/libssl.0.9.8.dylib
0x000000000ad3b000 	/System/Library/Frameworks/OpenGL.framework/Versions/A/Resources/GLEngine.bundle/GLEngine
0x000000000ad3b000 	/System/Library/Frameworks/OpenGL.framework/Versions/A/Libraries/libGLProgrammability.dylib
0x0000000000000000 	/System/Library/Extensions/AppleIntelHD3000GraphicsGLDriver.bundle/Contents/MacOS/AppleIntelHD3000GraphicsGLDriver
0x000000010ff34000 	/System/Library/PrivateFrameworks/GPUSupport.framework/Versions/A/Libraries/libGPUSupport.dylib
0x0000000000000000 	/System/Library/Extensions/AMDRadeonX3000GLDriver.bundle/Contents/MacOS/AMDRadeonX3000GLDriver
0x000000000ad3b000 	/System/Library/PrivateFrameworks/IOAccelerator.framework/Versions/A/IOAccelerator
0x000000000ad3b000 	/System/Library/PrivateFrameworks/GPUSupport.framework/Versions/A/Libraries/libGPUSupportMercury.dylib
0x000000000ad3b000 	/System/Library/Frameworks/OpenGL.framework/Versions/A/Resources/GLRendererFloat.bundle/GLRendererFloat
0x000000000ad3b000 	/System/Library/Frameworks/OpenCL.framework/Versions/A/Libraries/libcldcpuengine.dylib
0x0000000112ee7000 	/Library/Java/JavaVirtualMachines/jdk1.7.0_51.jdk/Contents/Home/jre/lib/libfontmanager.dylib
0x0000000112f4e000 	/Library/Java/JavaVirtualMachines/jdk1.7.0_51.jdk/Contents/Home/jre/lib/libosxui.dylib
0x000000011315e000 	/Library/Java/JavaVirtualMachines/jdk1.7.0_51.jdk/Contents/Home/jre/lib/libnet.dylib
0x0000000113173000 	/Library/Java/JavaVirtualMachines/jdk1.7.0_51.jdk/Contents/Home/jre/lib/libnio.dylib
0x00000001141d0000 	/Library/Java/JavaVirtualMachines/jdk1.7.0_51.jdk/Contents/Home/jre/lib/libdcpr.dylib
0x0000000114218000 	/private/var/folders/_6/vv8zqx450855nldnp02w3cyc0000gn/T/libgdxJack/d8ae55ed/libgdx64.dylib
0x000000011425d000 	/private/var/folders/_6/vv8zqx450855nldnp02w3cyc0000gn/T/libgdxJack/f7649394/liblwjgl.dylib
0x000000011404d000 	/Library/Java/JavaVirtualMachines/jdk1.7.0_51.jdk/Contents/Home/jre/lib/libjawt.dylib
0x00000001142df000 	/var/folders/_6/vv8zqx450855nldnp02w3cyc0000gn/T/libgdxJack/f7649394/openal.dylib
0x000000011433b000 	/System/Library/Components/CoreAudio.component/Contents/MacOS/CoreAudio
0x0000000114078000 	/System/Library/Extensions/AppleHDA.kext/Contents/PlugIns/AppleHDAHALPlugIn.bundle/Contents/MacOS/AppleHDAHALPlugIn
0x0000000114839000 	/private/var/folders/_6/vv8zqx450855nldnp02w3cyc0000gn/T/libgdxJack/b02f37a3/libgdx-box2d64.dylib
0x00000001140d1000 	cl_kernels
0x000000011487f000 	/System/Library/Frameworks/OpenCL.framework/Versions/A/Libraries/ImageFormats/unorm8_bgra.dylib
0x0000000114a3a000 	cl_kernels

VM Arguments:
jvm_args: -Dfile.encoding=US-ASCII 
java_command: com.gmail.jackbcousineau.desktop.DesktopLauncher
Launcher Type: SUN_STANDARD

Environment Variables:
PATH=/usr/bin:/bin:/usr/sbin:/sbin
SHELL=/bin/bash
DISPLAY=/tmp/launch-UfzHXu/org.macosforge.xquartz:0

Signal Handlers:
SIGSEGV: [libjvm.dylib+0x525425], sa_mask[0]=0xfffefeff, sa_flags=0x00000043
SIGBUS: [libjvm.dylib+0x525425], sa_mask[0]=0xfffefeff, sa_flags=0x00000042
SIGFPE: [libjvm.dylib+0x41892a], sa_mask[0]=0xfffefeff, sa_flags=0x00000042
SIGPIPE: [libjvm.dylib+0x41892a], sa_mask[0]=0xfffefeff, sa_flags=0x00000042
SIGXFSZ: [libjvm.dylib+0x41892a], sa_mask[0]=0xfffefeff, sa_flags=0x00000042
SIGILL: [libjvm.dylib+0x41892a], sa_mask[0]=0xfffefeff, sa_flags=0x00000042
SIGUSR1: SIG_DFL, sa_mask[0]=0x00000000, sa_flags=0x00000002
SIGUSR2: [libjvm.dylib+0x41841c], sa_mask[0]=0x00000004, sa_flags=0x00000042
SIGHUP: [libjvm.dylib+0x4166ab], sa_mask[0]=0xfffefeff, sa_flags=0x00000042
SIGINT: [libjvm.dylib+0x4166ab], sa_mask[0]=0xfffefeff, sa_flags=0x00000042
SIGTERM: [libjvm.dylib+0x4166ab], sa_mask[0]=0xfffefeff, sa_flags=0x00000042
SIGQUIT: [libjvm.dylib+0x4166ab], sa_mask[0]=0xfffefeff, sa_flags=0x00000042


---------------  S Y S T E M  ---------------

OS:Bsduname:Darwin 13.4.0 Darwin Kernel Version 13.4.0: Wed Dec 17 19:05:52 PST 2014; root:xnu-2422.115.10~1/RELEASE_X86_64 x86_64
rlimit: STACK 8192k, CORE 0k, NPROC 709, NOFILE 10240, AS infinity
load average:1.74 1.48 1.45

CPU:total 8 (4 cores per cpu, 2 threads per core) family 6 model 42 stepping 7, cmov, cx8, fxsr, mmx, sse, sse2, sse3, ssse3, sse4.1, sse4.2, popcnt, avx, aes, ht, tsc, tscinvbit

Memory: 4k page, physical 8388608k(2097152k free)

/proc/meminfo:


vm_info: Java HotSpot(TM) 64-Bit Server VM (24.51-b03) for bsd-amd64 JRE (1.7.0_51-b13), built on Dec 18 2013 18:45:56 by "java_re" with gcc 4.2.1 (Based on Apple Inc. build 5658) (LLVM build 2336.11.00)

time: Wed May  6 18:50:51 2015
elapsed time: 6 seconds

