#
# A fatal error has been detected by the Java Runtime Environment:
#
#  SIGSEGV (0xb) at pc=0x00001234800b4d90, pid=14493, tid=120331
#
# JRE version: Java(TM) SE Runtime Environment (7.0_51-b13) (build 1.7.0_51-b13)
# Java VM: Java HotSpot(TM) 64-Bit Server VM (24.51-b03 mixed mode bsd-amd64 compressed oops)
# Problematic frame:
# C  [AMDRadeonX3000GLDriver+0xb4d90]
[error occurred during error reporting (printing problematic frame), id 0xe0000000]

# Failed to write core dump. Core dumps have been disabled. To enable core dumping, try "ulimit -c unlimited" before starting Java again
#
# If you would like to submit a bug report, please visit:
#   http://bugreport.sun.com/bugreport/crash.jsp
# The crash happened outside the Java Virtual Machine in native code.
# See problematic frame for where to report the bug.
#

---------------  T H R E A D  ---------------

Current thread (0x00007fb9eca81800):  JavaThread "LWJGL Application" [_thread_in_native, id=120331, stack(0x00000001160c4000,0x00000001161c4000)]

siginfo:si_signo=SIGSEGV: si_errno=0, si_code=1 (SEGV_MAPERR), si_addr=0x00007fb900000008

Registers:
RAX=0x0000000000080000, RBX=0x00007fb9f383ae18, RCX=0x00007fb900000000, RDX=0x00007fb9f3acf2a8
RSP=0x00000001161bee30, RBP=0x00000001161befb0, RSI=0x00007fb900000000, RDI=0x00007fb9f387c280
R8 =0x0000000000000000, R9 =0x00007fb9f3a90820, R10=0x00000000c12decc5, R11=0x0000000071681cd5
R12=0x00007fb9f3a90130, R13=0x00007fb9f3a90130, R14=0x00007fb9f3a902e0, R15=0x000001c000000000
RIP=0x00001234800b4d90, EFLAGS=0x0000000000010202, ERR=0x0000000000000004
  TRAPNO=0x000000000000000e

Top of Stack: (sp=0x00000001161bee30)
0x00000001161bee30:   00000001161bee70 000012348012382c
0x00000001161bee40:   00000001161beeb0 00001234800ab009
0x00000001161bee50:   00000001161bee90 00007fb9f3a90130
0x00000001161bee60:   0000000000000000 00007fb9f3acfee8
0x00000001161bee70:   0000000000000001 00007fb9f3acf2a8
0x00000001161bee80:   00007fb9f3a902e0 00007fb9f3acfee8
0x00000001161bee90:   00000001161beed0 0000004080163870
0x00000001161beea0:   00001234802a8c80 00007fb9f3a90130
0x00000001161beeb0:   0000000101b3d200 00007fb9f3830020
0x00000001161beec0:   00007fb9eb59b400 00007fb9eb59b400
0x00000001161beed0:   00007fb9eb7f8000 0000000101b3d200
0x00000001161beee0:   00000001161bef80 00007fff8e84c34f
0x00000001161beef0:   0000000000000000 00007fb9f383af18
0x00000001161bef00:   00000001161bef70 00001234801640ea
0x00000001161bef10:   00007fb9eb7f8000 0000000000002cda
0x00000001161bef20:   00007fb9eacd02c0 00007fb9f3a90130
0x00000001161bef30:   00007fb9eacd0300 00007fb9f3a90130
0x00000001161bef40:   00000001161befb0 00001234800b16bf
0x00000001161bef50:   0000000101b20000 0000000000000000
0x00000001161bef60:   00007fb9f3a90130 00007fb9eacd02c0
0x00000001161bef70:   00007fb9eacd0300 00007fb9f3a90130
0x00000001161bef80:   ef00c0d2f5f83c10 00007fb9f383ae18
0x00000001161bef90:   00007fb9f3a90130 00007fb9eb8f8a00
0x00000001161befa0:   00007fb9eacd0300 00007fb9eb7f7c00
0x00000001161befb0:   00000001161beff0 00001234800b1c3f
0x00000001161befc0:   ffffffffffffff01 00007fb9f3a3ba00
0x00000001161befd0:   00007fb9f3a3ba10 00007fb9eb8f8a00
0x00000001161befe0:   00007fb9f3a90130 00007fb9eb7f7c00
0x00000001161beff0:   00000001161bf040 00001234800373b4
0x00000001161bf000:   00007fb9eb7f7c00 00007fb9eb8f9030
0x00000001161bf010:   00007fb9f3a8e818 00007fb9eb8f8a00
0x00000001161bf020:   00007fb9eb8f8c10 0000000000000000 

Instructions: (pc=0x00001234800b4d90)
0x00001234800b4d70:   ff 4c 8b b5 d0 fe ff ff 49 bf 00 00 00 00 c0 01
0x00001234800b4d80:   00 00 4c 8b ad f8 fe ff ff 0f 1f 80 00 00 00 00
0x00001234800b4d90:   48 8b 71 08 48 85 f6 48 89 cf 0f 85 50 d2 ff ff
0x00001234800b4da0:   48 8b 85 c8 fe ff ff 48 8b 00 48 8d 48 10 48 89 

Register to memory mapping:

RAX=0x0000000000080000 is an unknown value
RBX=0x00007fb9f383ae18 is an unknown value
RCX=0x00007fb900000000 is an unknown value
RDX=0x00007fb9f3acf2a8 is an unknown value
RSP=0x00000001161bee30 is pointing into the stack for thread: 0x00007fb9eca81800
RBP=0x00000001161befb0 is pointing into the stack for thread: 0x00007fb9eca81800
RSI=0x00007fb900000000 is an unknown value
RDI=0x00007fb9f387c280 is an unknown value
R8 =0x0000000000000000 is an unknown value
R9 =0x00007fb9f3a90820 is an unknown value
R10=0x00000000c12decc5 is an unknown value
R11=0x0000000071681cd5 is an unknown value
R12=0x00007fb9f3a90130 is an unknown value
R13=0x00007fb9f3a90130 is an unknown value
R14=0x00007fb9f3a902e0 is an unknown value
R15=0x000001c000000000 is an unknown value


Stack: [0x00000001160c4000,0x00000001161c4000],  sp=0x00000001161bee30,  free space=1003k
Native frames: (J=compiled Java code, j=interpreted, Vv=VM code, C=native code)
C  [AMDRadeonX3000GLDriver+0xb4d90]
[error occurred during error reporting (printing native stack), id 0xe0000000]

Java frames: (J=compiled Java code, j=interpreted, Vv=VM code)
j  org.lwjgl.opengl.GL11.nglDrawArrays(IIIJ)V+0
j  org.lwjgl.opengl.GL11.glDrawArrays(III)V+20
j  com.badlogic.gdx.backends.lwjgl.LwjglGL20.glDrawArrays(III)V+3
j  com.badlogic.gdx.graphics.Mesh.render(Lcom/badlogic/gdx/graphics/glutils/ShaderProgram;IIIZ)V+166
j  com.badlogic.gdx.graphics.Mesh.render(Lcom/badlogic/gdx/graphics/glutils/ShaderProgram;I)V+31
j  com.badlogic.gdx.graphics.glutils.ImmediateModeRenderer20.flush()V+87
j  com.badlogic.gdx.graphics.glutils.ImmediateModeRenderer20.end()V+1
j  com.badlogic.gdx.graphics.glutils.ShapeRenderer.end()V+4
J  com.gmail.jackbcousineau.AmazementMain.render()V
j  com.badlogic.gdx.backends.lwjgl.LwjglApplication.mainLoop()V+684
j  com.badlogic.gdx.backends.lwjgl.LwjglApplication$1.run()V+27
v  ~StubRoutines::call_stub

---------------  P R O C E S S  ---------------

Java Threads: ( => current thread )
  0x00007fb9ecb9a800 JavaThread "Timer-6" [_thread_blocked, id=123647, stack(0x000000011b66c000,0x000000011b76c000)]
  0x00007fb9eb055000 JavaThread "Timer-5" [_thread_blocked, id=38891, stack(0x000000011b569000,0x000000011b669000)]
  0x00007fb9ecb9a000 JavaThread "Direct Clip" daemon [_thread_blocked, id=14507, stack(0x000000011b466000,0x000000011b566000)]
=>0x00007fb9eca81800 JavaThread "LWJGL Application" [_thread_in_native, id=120331, stack(0x00000001160c4000,0x00000001161c4000)]
  0x00007fb9ece51800 JavaThread "Timer-4" [_thread_blocked, id=127095, stack(0x0000000118ab8000,0x0000000118bb8000)]
  0x00007fb9ec1ae800 JavaThread "Timer-0" [_thread_blocked, id=123143, stack(0x00000001167c0000,0x00000001168c0000)]
  0x00007fb9ecab3000 JavaThread "Direct Clip" daemon [_thread_blocked, id=122631, stack(0x00000001166bd000,0x00000001167bd000)]
  0x00007fb9ecab1000 JavaThread "Java Sound Event Dispatcher" daemon [_thread_blocked, id=122027, stack(0x00000001165ba000,0x00000001166ba000)]
  0x00007fb9eb92c000 JavaThread "TimerQueue" daemon [_thread_blocked, id=64043, stack(0x0000000115b66000,0x0000000115c66000)]
  0x00007fb9ec8e9800 JavaThread "DestroyJavaVM" [_thread_blocked, id=4867, stack(0x0000000101c1c000,0x0000000101d1c000)]
  0x00007fb9ec0b1800 JavaThread "AWT-EventQueue-0" [_thread_blocked, id=55043, stack(0x0000000114827000,0x0000000114927000)]
  0x00007fb9ec8a9000 JavaThread "Java2D Disposer" daemon [_thread_blocked, id=54539, stack(0x000000011467b000,0x000000011477b000)]
  0x00007fb9ec08b800 JavaThread "Java2D Queue Flusher" daemon [_thread_blocked, id=52487, stack(0x0000000114518000,0x0000000114618000)]
  0x00007fb9eb887000 JavaThread "AWT-Shutdown" [_thread_blocked, id=29971, stack(0x0000000111998000,0x0000000111a98000)]
  0x00007fb9ec056000 JavaThread "AppKit Thread" daemon [_thread_in_native, id=1299, stack(0x00007fff5e07a000,0x00007fff5e0fa000)]
  0x00007fb9ec80e800 JavaThread "Service Thread" daemon [_thread_blocked, id=19715, stack(0x000000010fcec000,0x000000010fdec000)]
  0x00007fb9ec80e000 JavaThread "C2 CompilerThread1" daemon [_thread_blocked, id=19203, stack(0x000000010fbe9000,0x000000010fce9000)]
  0x00007fb9eb059800 JavaThread "C2 CompilerThread0" daemon [_thread_blocked, id=18691, stack(0x000000010fae6000,0x000000010fbe6000)]
  0x00007fb9ee800000 JavaThread "Signal Dispatcher" daemon [_thread_blocked, id=15383, stack(0x000000010f9e3000,0x000000010fae3000)]
  0x00007fb9ec804000 JavaThread "Finalizer" daemon [_thread_blocked, id=13571, stack(0x000000010dfce000,0x000000010e0ce000)]
  0x00007fb9ec801000 JavaThread "Reference Handler" daemon [_thread_blocked, id=13059, stack(0x000000010decb000,0x000000010dfcb000)]

Other Threads:
  0x00007fb9eb054000 VMThread [stack: 0x000000010ddc8000,0x000000010dec8000] [id=12547]
  0x00007fb9ed803000 WatcherThread [stack: 0x000000010fdef000,0x000000010feef000] [id=20227]

VM state:not at safepoint (normal execution)

VM Mutex/Monitor currently owned by a thread: None

Heap
 PSYoungGen      total 38912K, used 4037K [0x00000007d5500000, 0x00000007d8000000, 0x0000000800000000)
  eden space 33792K, 11% used [0x00000007d5500000,0x00000007d58f1440,0x00000007d7600000)
  from space 5120K, 0% used [0x00000007d7600000,0x00000007d7600000,0x00000007d7b00000)
  to   space 5120K, 0% used [0x00000007d7b00000,0x00000007d7b00000,0x00000007d8000000)
 ParOldGen       total 126464K, used 85569K [0x0000000780000000, 0x0000000787b80000, 0x00000007d5500000)
  object space 126464K, 67% used [0x0000000780000000,0x0000000785390458,0x0000000787b80000)
 PSPermGen       total 30720K, used 15167K [0x000000077ae00000, 0x000000077cc00000, 0x0000000780000000)
  object space 30720K, 49% used [0x000000077ae00000,0x000000077bccfd88,0x000000077cc00000)

Card table byte_map: [0x0000000106913000,0x0000000106d3d000] byte_map_base: 0x0000000102d3c000

Polling page: 0x0000000101d5b000

Code Cache  [0x0000000103853000, 0x0000000103ac3000, 0x0000000106853000)
 total_blobs=752 nmethods=150 adapters=556 free_code_cache=48264Kb largest_free_block=49399232

Compilation events (10 events):
Event: 13.536 Thread 0x00007fb9eb059800  148             com.badlogic.gdx.utils.LongMap::resize (198 bytes)
Event: 13.548 Thread 0x00007fb9eb059800 nmethod 148 0x000000010392e710 code [0x000000010392e920, 0x000000010392f2a0]
Event: 14.030 Thread 0x00007fb9ec80e000  149             java.lang.StrictMath::floor (12 bytes)
Event: 14.031 Thread 0x00007fb9ec80e000 nmethod 149 0x000000010392e410 code [0x000000010392e580, 0x000000010392e658]
Event: 14.261 Thread 0x00007fb9eb059800  150             java.nio.Buffer::capacity (5 bytes)
Event: 14.261 Thread 0x00007fb9eb059800 nmethod 150 0x0000000103915490 code [0x00000001039155c0, 0x0000000103915618]
Event: 15.846 Thread 0x00007fb9ec80e000  151             java.nio.HeapByteBuffer::ix (7 bytes)
Event: 15.846 Thread 0x00007fb9ec80e000 nmethod 151 0x0000000103915290 code [0x00000001039153c0, 0x0000000103915418]
Event: 16.347 Thread 0x00007fb9eb059800  152             java.nio.Buffer::clear (20 bytes)
Event: 16.347 Thread 0x00007fb9eb059800 nmethod 152 0x0000000103915090 code [0x00000001039151c0, 0x0000000103915238]

GC Heap History (8 events):
Event: 7.323 GC heap before
{Heap before GC invocations=1 (full 0):
 PSYoungGen      total 38912K, used 33792K [0x00000007d5500000, 0x00000007d8000000, 0x0000000800000000)
  eden space 33792K, 100% used [0x00000007d5500000,0x00000007d7600000,0x00000007d7600000)
  from space 5120K, 0% used [0x00000007d7b00000,0x00000007d7b00000,0x00000007d8000000)
  to   space 5120K, 0% used [0x00000007d7600000,0x00000007d7600000,0x00000007d7b00000)
 ParOldGen       total 87040K, used 38992K [0x0000000780000000, 0x0000000785500000, 0x00000007d5500000)
  object space 87040K, 44% used [0x0000000780000000,0x0000000782614210,0x0000000785500000)
 PSPermGen       total 21504K, used 15100K [0x000000077ae00000, 0x000000077c300000, 0x0000000780000000)
  object space 21504K, 70% used [0x000000077ae00000,0x000000077bcbf0f8,0x000000077c300000)
Event: 7.332 GC heap after
Heap after GC invocations=1 (full 0):
 PSYoungGen      total 38912K, used 5118K [0x00000007d5500000, 0x00000007d8000000, 0x0000000800000000)
  eden space 33792K, 0% used [0x00000007d5500000,0x00000007d5500000,0x00000007d7600000)
  from space 5120K, 99% used [0x00000007d7600000,0x00000007d7affa40,0x00000007d7b00000)
  to   space 5120K, 0% used [0x00000007d7b00000,0x00000007d7b00000,0x00000007d8000000)
 ParOldGen       total 87040K, used 40299K [0x0000000780000000, 0x0000000785500000, 0x00000007d5500000)
  object space 87040K, 46% used [0x0000000780000000,0x000000078275ad60,0x0000000785500000)
 PSPermGen       total 21504K, used 15100K [0x000000077ae00000, 0x000000077c300000, 0x0000000780000000)
  object space 21504K, 70% used [0x000000077ae00000,0x000000077bcbf0f8,0x000000077c300000)
}
Event: 12.504 GC heap before
{Heap before GC invocations=2 (full 0):
 PSYoungGen      total 38912K, used 38910K [0x00000007d5500000, 0x00000007d8000000, 0x0000000800000000)
  eden space 33792K, 100% used [0x00000007d5500000,0x00000007d7600000,0x00000007d7600000)
  from space 5120K, 99% used [0x00000007d7600000,0x00000007d7affa40,0x00000007d7b00000)
  to   space 5120K, 0% used [0x00000007d7b00000,0x00000007d7b00000,0x00000007d8000000)
 ParOldGen       total 87040K, used 40299K [0x0000000780000000, 0x0000000785500000, 0x00000007d5500000)
  object space 87040K, 46% used [0x0000000780000000,0x000000078275ad60,0x0000000785500000)
 PSPermGen       total 21504K, used 15138K [0x000000077ae00000, 0x000000077c300000, 0x0000000780000000)
  object space 21504K, 70% used [0x000000077ae00000,0x000000077bcc8830,0x000000077c300000)
Event: 12.511 GC heap after
Heap after GC invocations=2 (full 0):
 PSYoungGen      total 38912K, used 5094K [0x00000007d5500000, 0x00000007d8000000, 0x0000000800000000)
  eden space 33792K, 0% used [0x00000007d5500000,0x00000007d5500000,0x00000007d7600000)
  from space 5120K, 99% used [0x00000007d7b00000,0x00000007d7ff9910,0x00000007d8000000)
  to   space 5120K, 0% used [0x00000007d7600000,0x00000007d7600000,0x00000007d7b00000)
 ParOldGen       total 87040K, used 41435K [0x0000000780000000, 0x0000000785500000, 0x00000007d5500000)
  object space 87040K, 47% used [0x0000000780000000,0x0000000782876d90,0x0000000785500000)
 PSPermGen       total 21504K, used 15138K [0x000000077ae00000, 0x000000077c300000, 0x0000000780000000)
  object space 21504K, 70% used [0x000000077ae00000,0x000000077bcc8830,0x000000077c300000)
}
Event: 16.814 GC heap before
{Heap before GC invocations=3 (full 0):
 PSYoungGen      total 38912K, used 38822K [0x00000007d5500000, 0x00000007d8000000, 0x0000000800000000)
  eden space 33792K, 99% used [0x00000007d5500000,0x00000007d75f0258,0x00000007d7600000)
  from space 5120K, 99% used [0x00000007d7b00000,0x00000007d7ff9910,0x00000007d8000000)
  to   space 5120K, 0% used [0x00000007d7600000,0x00000007d7600000,0x00000007d7b00000)
 ParOldGen       total 87040K, used 80427K [0x0000000780000000, 0x0000000785500000, 0x00000007d5500000)
  object space 87040K, 92% used [0x0000000780000000,0x0000000784e8afa0,0x0000000785500000)
 PSPermGen       total 21504K, used 15171K [0x000000077ae00000, 0x000000077c300000, 0x0000000780000000)
  object space 21504K, 70% used [0x000000077ae00000,0x000000077bcd0f20,0x000000077c300000)
Event: 16.820 GC heap after
Heap after GC invocations=3 (full 0):
 PSYoungGen      total 38912K, used 5114K [0x00000007d5500000, 0x00000007d8000000, 0x0000000800000000)
  eden space 33792K, 0% used [0x00000007d5500000,0x00000007d5500000,0x00000007d7600000)
  from space 5120K, 99% used [0x00000007d7600000,0x00000007d7afe908,0x00000007d7b00000)
  to   space 5120K, 0% used [0x00000007d7b00000,0x00000007d7b00000,0x00000007d8000000)
 ParOldGen       total 87040K, used 82315K [0x0000000780000000, 0x0000000785500000, 0x00000007d5500000)
  object space 87040K, 94% used [0x0000000780000000,0x0000000785062f38,0x0000000785500000)
 PSPermGen       total 21504K, used 15171K [0x000000077ae00000, 0x000000077c300000, 0x0000000780000000)
  object space 21504K, 70% used [0x000000077ae00000,0x000000077bcd0f20,0x000000077c300000)
}
Event: 16.820 GC heap before
{Heap before GC invocations=4 (full 1):
 PSYoungGen      total 38912K, used 5114K [0x00000007d5500000, 0x00000007d8000000, 0x0000000800000000)
  eden space 33792K, 0% used [0x00000007d5500000,0x00000007d5500000,0x00000007d7600000)
  from space 5120K, 99% used [0x00000007d7600000,0x00000007d7afe908,0x00000007d7b00000)
  to   space 5120K, 0% used [0x00000007d7b00000,0x00000007d7b00000,0x00000007d8000000)
 ParOldGen       total 87040K, used 82315K [0x0000000780000000, 0x0000000785500000, 0x00000007d5500000)
  object space 87040K, 94% used [0x0000000780000000,0x0000000785062f38,0x0000000785500000)
 PSPermGen       total 21504K, used 15171K [0x000000077ae00000, 0x000000077c300000, 0x0000000780000000)
  object space 21504K, 70% used [0x000000077ae00000,0x000000077bcd0f20,0x000000077c300000)
Event: 16.886 GC heap after
Heap after GC invocations=4 (full 1):
 PSYoungGen      total 38912K, used 0K [0x00000007d5500000, 0x00000007d8000000, 0x0000000800000000)
  eden space 33792K, 0% used [0x00000007d5500000,0x00000007d5500000,0x00000007d7600000)
  from space 5120K, 0% used [0x00000007d7600000,0x00000007d7600000,0x00000007d7b00000)
  to   space 5120K, 0% used [0x00000007d7b00000,0x00000007d7b00000,0x00000007d8000000)
 ParOldGen       total 126464K, used 85569K [0x0000000780000000, 0x0000000787b80000, 0x00000007d5500000)
  object space 126464K, 67% used [0x0000000780000000,0x0000000785390458,0x0000000787b80000)
 PSPermGen       total 30720K, used 15167K [0x000000077ae00000, 0x000000077cc00000, 0x0000000780000000)
  object space 30720K, 49% used [0x000000077ae00000,0x000000077bccfc60,0x000000077cc00000)
}

Deoptimization events (4 events):
Event: 1.277 Thread 0x00007fb9eb005000 Uncommon trap: reason=class_check action=maybe_recompile pc=0x00000001038d1344 method=java.lang.String.equals(Ljava/lang/Object;)Z @ 8
Event: 2.391 Thread 0x00007fb9ec0b1800 Uncommon trap: reason=class_check action=maybe_recompile pc=0x00000001038d1344 method=java.lang.String.equals(Ljava/lang/Object;)Z @ 8
Event: 2.589 Thread 0x00007fb9ec0b1800 Uncommon trap: reason=class_check action=maybe_recompile pc=0x00000001038d1344 method=java.lang.String.equals(Ljava/lang/Object;)Z @ 8
Event: 4.264 Thread 0x00007fb9ec0b1800 Uncommon trap: reason=class_check action=maybe_recompile pc=0x00000001038d1344 method=java.lang.String.equals(Ljava/lang/Object;)Z @ 8

Internal exceptions (10 events):
Event: 5.395 Thread 0x00007fb9eb151800 Threw 0x00000007d6a4e2d8 at /HUDSON/workspace/7u-2-build-macosx-x86_64/jdk7u51/527/hotspot/src/share/vm/prims/jvm.cpp:1244
Event: 6.254 Thread 0x00007fb9eb151800 Threw 0x00000007d6ef60d8 at /HUDSON/workspace/7u-2-build-macosx-x86_64/jdk7u51/527/hotspot/src/share/vm/prims/jvm.cpp:1244
Event: 12.460 Thread 0x00007fb9eb151800 Threw 0x00000007d75b0bc8 at /HUDSON/workspace/7u-2-build-macosx-x86_64/jdk7u51/527/hotspot/src/share/vm/prims/jvm.cpp:1244
Event: 12.534 Thread 0x00007fb9eb151800 Threw 0x00000007d55bfda0 at /HUDSON/workspace/7u-2-build-macosx-x86_64/jdk7u51/527/hotspot/src/share/vm/prims/jvm.cpp:1244
Event: 13.337 Thread 0x00007fb9ec0b1800 Threw 0x00000007d569e928 at /HUDSON/workspace/7u-2-build-macosx-x86_64/jdk7u51/527/hotspot/src/share/vm/prims/jvm.cpp:1244
Event: 13.337 Thread 0x00007fb9ec0b1800 Threw 0x00000007d569f5b0 at /HUDSON/workspace/7u-2-build-macosx-x86_64/jdk7u51/527/hotspot/src/share/vm/prims/jvm.cpp:1244
Event: 13.337 Thread 0x00007fb9ec0b1800 Threw 0x00000007d56a0208 at /HUDSON/workspace/7u-2-build-macosx-x86_64/jdk7u51/527/hotspot/src/share/vm/prims/jvm.cpp:1244
Event: 13.337 Thread 0x00007fb9ec0b1800 Threw 0x00000007d56a1128 at /HUDSON/workspace/7u-2-build-macosx-x86_64/jdk7u51/527/hotspot/src/share/vm/prims/jvm.cpp:1244
Event: 13.337 Thread 0x00007fb9ec0b1800 Threw 0x00000007d56a1db0 at /HUDSON/workspace/7u-2-build-macosx-x86_64/jdk7u51/527/hotspot/src/share/vm/prims/jvm.cpp:1244
Event: 13.337 Thread 0x00007fb9ec0b1800 Threw 0x00000007d56a2a08 at /HUDSON/workspace/7u-2-build-macosx-x86_64/jdk7u51/527/hotspot/src/share/vm/prims/jvm.cpp:1244

Events (10 events):
Event: 14.001 Executing VM operation: RevokeBias
Event: 14.001 Executing VM operation: RevokeBias done
Event: 14.398 Executing VM operation: RevokeBias
Event: 14.398 Executing VM operation: RevokeBias done
Event: 16.814 Executing VM operation: ParallelGCFailedAllocation
Event: 16.886 Executing VM operation: ParallelGCFailedAllocation done
Event: 16.886 Executing VM operation: RevokeBias
Event: 16.886 Executing VM operation: RevokeBias done
Event: 16.890 Executing VM operation: RevokeBias
Event: 16.890 Executing VM operation: RevokeBias done


Dynamic libraries:
0x0000000009cfb000 	/System/Library/Frameworks/Cocoa.framework/Versions/A/Cocoa
0x0000000009cfb000 	/System/Library/Frameworks/Security.framework/Versions/A/Security
0x0000000009cfb000 	/System/Library/Frameworks/ApplicationServices.framework/Versions/A/ApplicationServices
0x0000000009cfb000 	/usr/lib/libz.1.dylib
0x0000000009cfb000 	/usr/lib/libSystem.B.dylib
0x0000000009cfb000 	/usr/lib/libobjc.A.dylib
0x0000000009cfb000 	/System/Library/Frameworks/CoreFoundation.framework/Versions/A/CoreFoundation
0x0000000009cfb000 	/System/Library/Frameworks/Foundation.framework/Versions/C/Foundation
0x0000000009cfb000 	/System/Library/Frameworks/AppKit.framework/Versions/C/AppKit
0x0000000009cfb000 	/System/Library/Frameworks/CoreData.framework/Versions/A/CoreData
0x0000000009cfb000 	/System/Library/PrivateFrameworks/RemoteViewServices.framework/Versions/A/RemoteViewServices
0x0000000009cfb000 	/System/Library/PrivateFrameworks/UIFoundation.framework/Versions/A/UIFoundation
0x0000000009cfb000 	/System/Library/Frameworks/IOSurface.framework/Versions/A/IOSurface
0x0000000009cfb000 	/System/Library/Frameworks/AudioToolbox.framework/Versions/A/AudioToolbox
0x0000000009cfb000 	/System/Library/Frameworks/AudioUnit.framework/Versions/A/AudioUnit
0x0000000009cfb000 	/System/Library/PrivateFrameworks/DataDetectorsCore.framework/Versions/A/DataDetectorsCore
0x0000000009cfb000 	/System/Library/PrivateFrameworks/DesktopServicesPriv.framework/Versions/A/DesktopServicesPriv
0x0000000009cfb000 	/System/Library/Frameworks/Carbon.framework/Versions/A/Frameworks/HIToolbox.framework/Versions/A/HIToolbox
0x0000000009cfb000 	/System/Library/Frameworks/QuartzCore.framework/Versions/A/QuartzCore
0x0000000009cfb000 	/System/Library/Frameworks/Carbon.framework/Versions/A/Frameworks/SpeechRecognition.framework/Versions/A/SpeechRecognition
0x0000000009cfb000 	/usr/lib/libauto.dylib
0x0000000009cfb000 	/usr/lib/libicucore.A.dylib
0x0000000009cfb000 	/usr/lib/libxml2.2.dylib
0x0000000009cfb000 	/System/Library/PrivateFrameworks/CoreUI.framework/Versions/A/CoreUI
0x0000000009cfb000 	/System/Library/Frameworks/CoreAudio.framework/Versions/A/CoreAudio
0x0000000009cfb000 	/System/Library/Frameworks/DiskArbitration.framework/Versions/A/DiskArbitration
0x0000000009cfb000 	/usr/lib/liblangid.dylib
0x0000000009cfb000 	/System/Library/PrivateFrameworks/MultitouchSupport.framework/Versions/A/MultitouchSupport
0x0000000009cfb000 	/System/Library/Frameworks/IOKit.framework/Versions/A/IOKit
0x0000000009cfb000 	/usr/lib/libDiagnosticMessagesClient.dylib
0x0000000009cfb000 	/System/Library/Frameworks/CoreServices.framework/Versions/A/CoreServices
0x0000000009cfb000 	/System/Library/PrivateFrameworks/PerformanceAnalysis.framework/Versions/A/PerformanceAnalysis
0x0000000009cfb000 	/System/Library/PrivateFrameworks/GenerationalStorage.framework/Versions/A/GenerationalStorage
0x0000000009cfb000 	/System/Library/Frameworks/OpenGL.framework/Versions/A/OpenGL
0x0000000009cfb000 	/System/Library/PrivateFrameworks/Sharing.framework/Versions/A/Sharing
0x0000000009cfb000 	/System/Library/Frameworks/CoreGraphics.framework/Versions/A/CoreGraphics
0x0000000009cfb000 	/System/Library/Frameworks/CoreText.framework/Versions/A/CoreText
0x0000000009cfb000 	/System/Library/Frameworks/ImageIO.framework/Versions/A/ImageIO
0x0000000009cfb000 	/usr/lib/libextension.dylib
0x0000000009cfb000 	/System/Library/PrivateFrameworks/Backup.framework/Versions/A/Backup
0x0000000009cfb000 	/usr/lib/libarchive.2.dylib
0x0000000009cfb000 	/System/Library/Frameworks/CFNetwork.framework/Versions/A/CFNetwork
0x0000000009cfb000 	/System/Library/Frameworks/SystemConfiguration.framework/Versions/A/SystemConfiguration
0x0000000009cfb000 	/usr/lib/libCRFSuite.dylib
0x0000000009cfb000 	/usr/lib/libc++.1.dylib
0x0000000009cfb000 	/usr/lib/libc++abi.dylib
0x0000000009cfb000 	/usr/lib/system/libcache.dylib
0x0000000009cfb000 	/usr/lib/system/libcommonCrypto.dylib
0x0000000009cfb000 	/usr/lib/system/libcompiler_rt.dylib
0x0000000009cfb000 	/usr/lib/system/libcopyfile.dylib
0x0000000009cfb000 	/usr/lib/system/libcorecrypto.dylib
0x0000000009cfb000 	/usr/lib/system/libdispatch.dylib
0x0000000009cfb000 	/usr/lib/system/libdyld.dylib
0x0000000009cfb000 	/usr/lib/system/libkeymgr.dylib
0x0000000009cfb000 	/usr/lib/system/liblaunch.dylib
0x0000000009cfb000 	/usr/lib/system/libmacho.dylib
0x0000000009cfb000 	/usr/lib/system/libquarantine.dylib
0x0000000009cfb000 	/usr/lib/system/libremovefile.dylib
0x0000000009cfb000 	/usr/lib/system/libsystem_asl.dylib
0x0000000009cfb000 	/usr/lib/system/libsystem_blocks.dylib
0x0000000009cfb000 	/usr/lib/system/libsystem_c.dylib
0x0000000009cfb000 	/usr/lib/system/libsystem_configuration.dylib
0x0000000009cfb000 	/usr/lib/system/libsystem_coreservices.dylib
0x0000000009cfb000 	/usr/lib/system/libsystem_coretls.dylib
0x0000000009cfb000 	/usr/lib/system/libsystem_dnssd.dylib
0x0000000009cfb000 	/usr/lib/system/libsystem_info.dylib
0x0000000009cfb000 	/usr/lib/system/libsystem_kernel.dylib
0x0000000009cfb000 	/usr/lib/system/libsystem_m.dylib
0x0000000009cfb000 	/usr/lib/system/libsystem_malloc.dylib
0x0000000009cfb000 	/usr/lib/system/libsystem_network.dylib
0x0000000009cfb000 	/usr/lib/system/libsystem_networkextension.dylib
0x0000000009cfb000 	/usr/lib/system/libsystem_notify.dylib
0x0000000009cfb000 	/usr/lib/system/libsystem_platform.dylib
0x0000000009cfb000 	/usr/lib/system/libsystem_pthread.dylib
0x0000000009cfb000 	/usr/lib/system/libsystem_sandbox.dylib
0x0000000009cfb000 	/usr/lib/system/libsystem_secinit.dylib
0x0000000009cfb000 	/usr/lib/system/libsystem_stats.dylib
0x0000000009cfb000 	/usr/lib/system/libsystem_trace.dylib
0x0000000009cfb000 	/usr/lib/system/libunc.dylib
0x0000000009cfb000 	/usr/lib/system/libunwind.dylib
0x0000000009cfb000 	/usr/lib/system/libxpc.dylib
0x0000000009cfb000 	/usr/lib/libbz2.1.0.dylib
0x0000000009cfb000 	/usr/lib/liblzma.5.dylib
0x0000000009cfb000 	/usr/lib/libbsm.0.dylib
0x0000000009cfb000 	/usr/lib/libsqlite3.dylib
0x0000000009cfb000 	/usr/lib/system/libkxld.dylib
0x0000000009cfb000 	/usr/lib/libxar.1.dylib
0x0000000009cfb000 	/usr/lib/libpam.2.dylib
0x0000000009cfb000 	/usr/lib/libOpenScriptingUtil.dylib
0x0000000009cfb000 	/System/Library/Frameworks/CoreServices.framework/Versions/A/Frameworks/FSEvents.framework/Versions/A/FSEvents
0x0000000009cfb000 	/System/Library/Frameworks/CoreServices.framework/Versions/A/Frameworks/CarbonCore.framework/Versions/A/CarbonCore
0x0000000009cfb000 	/System/Library/Frameworks/CoreServices.framework/Versions/A/Frameworks/Metadata.framework/Versions/A/Metadata
0x0000000009cfb000 	/System/Library/Frameworks/CoreServices.framework/Versions/A/Frameworks/OSServices.framework/Versions/A/OSServices
0x0000000009cfb000 	/System/Library/Frameworks/CoreServices.framework/Versions/A/Frameworks/SearchKit.framework/Versions/A/SearchKit
0x0000000009cfb000 	/System/Library/Frameworks/CoreServices.framework/Versions/A/Frameworks/AE.framework/Versions/A/AE
0x0000000009cfb000 	/System/Library/Frameworks/CoreServices.framework/Versions/A/Frameworks/LaunchServices.framework/Versions/A/LaunchServices
0x0000000009cfb000 	/System/Library/Frameworks/CoreServices.framework/Versions/A/Frameworks/DictionaryServices.framework/Versions/A/DictionaryServices
0x0000000009cfb000 	/System/Library/Frameworks/NetFS.framework/Versions/A/NetFS
0x0000000009cfb000 	/System/Library/PrivateFrameworks/NetAuth.framework/Versions/A/NetAuth
0x0000000009cfb000 	/System/Library/PrivateFrameworks/login.framework/Versions/A/Frameworks/loginsupport.framework/Versions/A/loginsupport
0x0000000009cfb000 	/System/Library/PrivateFrameworks/TCC.framework/Versions/A/TCC
0x0000000009cfb000 	/usr/lib/libmecabra.dylib
0x0000000009cfb000 	/System/Library/Frameworks/ApplicationServices.framework/Versions/A/Frameworks/ATS.framework/Versions/A/ATS
0x0000000009cfb000 	/System/Library/Frameworks/ApplicationServices.framework/Versions/A/Frameworks/ColorSync.framework/Versions/A/ColorSync
0x0000000009cfb000 	/System/Library/Frameworks/ApplicationServices.framework/Versions/A/Frameworks/HIServices.framework/Versions/A/HIServices
0x0000000009cfb000 	/System/Library/Frameworks/ApplicationServices.framework/Versions/A/Frameworks/LangAnalysis.framework/Versions/A/LangAnalysis
0x0000000009cfb000 	/System/Library/Frameworks/ApplicationServices.framework/Versions/A/Frameworks/PrintCore.framework/Versions/A/PrintCore
0x0000000009cfb000 	/System/Library/Frameworks/ApplicationServices.framework/Versions/A/Frameworks/QD.framework/Versions/A/QD
0x0000000009cfb000 	/System/Library/Frameworks/ApplicationServices.framework/Versions/A/Frameworks/SpeechSynthesis.framework/Versions/A/SpeechSynthesis
0x0000000009cfb000 	/System/Library/Frameworks/Accelerate.framework/Versions/A/Accelerate
0x0000000009cfb000 	/System/Library/Frameworks/Accelerate.framework/Versions/A/Frameworks/vImage.framework/Versions/A/vImage
0x0000000009cfb000 	/System/Library/Frameworks/Accelerate.framework/Versions/A/Frameworks/vecLib.framework/Versions/A/vecLib
0x0000000009cfb000 	/System/Library/Frameworks/Accelerate.framework/Versions/A/Frameworks/vecLib.framework/Versions/A/libvDSP.dylib
0x0000000009cfb000 	/System/Library/Frameworks/Accelerate.framework/Versions/A/Frameworks/vecLib.framework/Versions/A/libvMisc.dylib
0x0000000009cfb000 	/System/Library/Frameworks/Accelerate.framework/Versions/A/Frameworks/vecLib.framework/Versions/A/libLAPACK.dylib
0x0000000009cfb000 	/System/Library/Frameworks/Accelerate.framework/Versions/A/Frameworks/vecLib.framework/Versions/A/libBLAS.dylib
0x0000000009cfb000 	/System/Library/Frameworks/Accelerate.framework/Versions/A/Frameworks/vecLib.framework/Versions/A/libLinearAlgebra.dylib
0x0000000009cfb000 	/System/Library/Frameworks/ApplicationServices.framework/Versions/A/Frameworks/ATS.framework/Versions/A/Resources/libFontParser.dylib
0x0000000009cfb000 	/System/Library/Frameworks/ApplicationServices.framework/Versions/A/Frameworks/ATS.framework/Versions/A/Resources/libFontRegistry.dylib
0x0000000009cfb000 	/System/Library/PrivateFrameworks/AppleVPA.framework/Versions/A/AppleVPA
0x0000000009cfb000 	/System/Library/PrivateFrameworks/AppleJPEG.framework/Versions/A/AppleJPEG
0x0000000009cfb000 	/System/Library/Frameworks/ImageIO.framework/Versions/A/Resources/libJPEG.dylib
0x0000000009cfb000 	/System/Library/Frameworks/ImageIO.framework/Versions/A/Resources/libTIFF.dylib
0x0000000009cfb000 	/System/Library/Frameworks/ImageIO.framework/Versions/A/Resources/libPng.dylib
0x0000000009cfb000 	/System/Library/Frameworks/ImageIO.framework/Versions/A/Resources/libGIF.dylib
0x0000000009cfb000 	/System/Library/Frameworks/ImageIO.framework/Versions/A/Resources/libJP2.dylib
0x0000000009cfb000 	/System/Library/Frameworks/ImageIO.framework/Versions/A/Resources/libRadiance.dylib
0x0000000009cfb000 	/System/Library/Frameworks/CoreVideo.framework/Versions/A/CoreVideo
0x0000000009cfb000 	/System/Library/Frameworks/OpenGL.framework/Versions/A/Libraries/libGLU.dylib
0x0000000009cfb000 	/System/Library/Frameworks/OpenGL.framework/Versions/A/Libraries/libGFXShared.dylib
0x0000000009cfb000 	/System/Library/Frameworks/OpenGL.framework/Versions/A/Libraries/libGL.dylib
0x0000000009cfb000 	/System/Library/Frameworks/OpenGL.framework/Versions/A/Libraries/libGLImage.dylib
0x0000000009cfb000 	/System/Library/Frameworks/OpenGL.framework/Versions/A/Libraries/libCVMSPluginSupport.dylib
0x0000000009cfb000 	/System/Library/Frameworks/OpenGL.framework/Versions/A/Libraries/libCoreVMClient.dylib
0x0000000009cfb000 	/usr/lib/libcups.2.dylib
0x0000000009cfb000 	/System/Library/Frameworks/Kerberos.framework/Versions/A/Kerberos
0x0000000009cfb000 	/System/Library/Frameworks/GSS.framework/Versions/A/GSS
0x0000000009cfb000 	/usr/lib/libresolv.9.dylib
0x0000000009cfb000 	/usr/lib/libiconv.2.dylib
0x0000000009cfb000 	/System/Library/PrivateFrameworks/Heimdal.framework/Versions/A/Heimdal
0x0000000009cfb000 	/usr/lib/libheimdal-asn1.dylib
0x0000000009cfb000 	/System/Library/Frameworks/OpenDirectory.framework/Versions/A/OpenDirectory
0x0000000009cfb000 	/System/Library/PrivateFrameworks/CommonAuth.framework/Versions/A/CommonAuth
0x0000000009cfb000 	/System/Library/Frameworks/OpenDirectory.framework/Versions/A/Frameworks/CFOpenDirectory.framework/Versions/A/CFOpenDirectory
0x0000000009cfb000 	/System/Library/Frameworks/SecurityFoundation.framework/Versions/A/SecurityFoundation
0x0000000009cfb000 	/System/Library/PrivateFrameworks/LanguageModeling.framework/Versions/A/LanguageModeling
0x0000000009cfb000 	/usr/lib/libcmph.dylib
0x0000000009cfb000 	/System/Library/Frameworks/ServiceManagement.framework/Versions/A/ServiceManagement
0x0000000009cfb000 	/usr/lib/libxslt.1.dylib
0x0000000009cfb000 	/System/Library/Frameworks/Carbon.framework/Versions/A/Frameworks/Ink.framework/Versions/A/Ink
0x0000000009cfb000 	/System/Library/Frameworks/QuartzCore.framework/Versions/A/Frameworks/CoreImage.framework/Versions/A/CoreImage
0x0000000009cfb000 	/System/Library/PrivateFrameworks/CrashReporterSupport.framework/Versions/A/CrashReporterSupport
0x0000000009cfb000 	/System/Library/Frameworks/OpenCL.framework/Versions/A/OpenCL
0x0000000009cfb000 	/System/Library/PrivateFrameworks/FaceCore.framework/Versions/A/FaceCore
0x0000000009cfb000 	/System/Library/PrivateFrameworks/Ubiquity.framework/Versions/A/Ubiquity
0x0000000009cfb000 	/System/Library/PrivateFrameworks/IconServices.framework/Versions/A/IconServices
0x0000000009cfb000 	/System/Library/PrivateFrameworks/ChunkingLibrary.framework/Versions/A/ChunkingLibrary
0x0000000009cfb000 	/System/Library/PrivateFrameworks/Apple80211.framework/Versions/A/Apple80211
0x0000000009cfb000 	/System/Library/Frameworks/CoreWLAN.framework/Versions/A/CoreWLAN
0x0000000009cfb000 	/System/Library/Frameworks/IOBluetooth.framework/Versions/A/IOBluetooth
0x0000000009cfb000 	/System/Library/PrivateFrameworks/CoreWiFi.framework/Versions/A/CoreWiFi
0x0000000009cfb000 	/System/Library/Frameworks/CoreBluetooth.framework/Versions/A/CoreBluetooth
0x0000000009cfb000 	/System/Library/PrivateFrameworks/DebugSymbols.framework/Versions/A/DebugSymbols
0x0000000009cfb000 	/System/Library/PrivateFrameworks/CoreSymbolication.framework/Versions/A/CoreSymbolication
0x0000000009cfb000 	/System/Library/PrivateFrameworks/Symbolication.framework/Versions/A/Symbolication
0x0000000009cfb000 	/System/Library/PrivateFrameworks/SpeechRecognitionCore.framework/Versions/A/SpeechRecognitionCore
0x0000000102e00000 	/Library/Java/JavaVirtualMachines/jdk1.7.0_51.jdk/Contents/Home/jre/lib/server/libjvm.dylib
0x0000000009cfb000 	/usr/lib/libstdc++.6.dylib
0x0000000101d1e000 	/Library/Java/JavaVirtualMachines/jdk1.7.0_51.jdk/Contents/Home/jre/lib/libverify.dylib
0x0000000101d2b000 	/Library/Java/JavaVirtualMachines/jdk1.7.0_51.jdk/Contents/Home/jre/lib/libjava.dylib
0x0000000101d65000 	/Library/Java/JavaVirtualMachines/jdk1.7.0_51.jdk/Contents/Home/jre/lib/libzip.dylib
0x000000010e0d0000 	/System/Library/Frameworks/JavaVM.framework/Frameworks/JavaRuntimeSupport.framework/JavaRuntimeSupport
0x0000000101dea000 	/System/Library/Frameworks/JavaVM.framework/Versions/A/Frameworks/JavaNativeFoundation.framework/Versions/A/JavaNativeFoundation
0x000000010e0e8000 	/System/Library/Frameworks/JavaVM.framework/Versions/A/JavaVM
0x0000000009cfb000 	/System/Library/Frameworks/Carbon.framework/Versions/A/Carbon
0x000000010e0f5000 	/System/Library/PrivateFrameworks/JavaLaunching.framework/Versions/A/JavaLaunching
0x0000000009cfb000 	/System/Library/Frameworks/Carbon.framework/Versions/A/Frameworks/CommonPanels.framework/Versions/A/CommonPanels
0x0000000009cfb000 	/System/Library/Frameworks/Carbon.framework/Versions/A/Frameworks/Help.framework/Versions/A/Help
0x0000000009cfb000 	/System/Library/Frameworks/Carbon.framework/Versions/A/Frameworks/ImageCapture.framework/Versions/A/ImageCapture
0x0000000009cfb000 	/System/Library/Frameworks/Carbon.framework/Versions/A/Frameworks/OpenScripting.framework/Versions/A/OpenScripting
0x0000000009cfb000 	/System/Library/Frameworks/Carbon.framework/Versions/A/Frameworks/Print.framework/Versions/A/Print
0x0000000009cfb000 	/System/Library/Frameworks/Carbon.framework/Versions/A/Frameworks/SecurityHI.framework/Versions/A/SecurityHI
0x000000010ff68000 	/Library/Java/JavaVirtualMachines/jdk1.7.0_51.jdk/Contents/Home/jre/lib/libawt.dylib
0x0000000110017000 	/Library/Java/JavaVirtualMachines/jdk1.7.0_51.jdk/Contents/Home/jre/lib/./libmlib_image.dylib
0x00000001100e3000 	/Library/Java/JavaVirtualMachines/jdk1.7.0_51.jdk/Contents/Home/jre/lib/lwawt/liblwawt.dylib
0x0000000110197000 	/Library/Java/JavaVirtualMachines/jdk1.7.0_51.jdk/Contents/Home/jre/lib/libosxapp.dylib
0x0000000009cfb000 	/System/Library/Frameworks/ExceptionHandling.framework/Versions/A/ExceptionHandling
0x0000000009cfb000 	/System/Library/PrivateFrameworks/CoreServicesInternal.framework/Versions/A/CoreServicesInternal
0x0000000009cfb000 	/System/Library/PrivateFrameworks/CloudDocs.framework/Versions/A/CloudDocs
0x0000000009cfb000 	/System/Library/PrivateFrameworks/CoreDuet.framework/Versions/A/CoreDuet
0x0000000009cfb000 	/System/Library/Frameworks/CloudKit.framework/Versions/A/CloudKit
0x0000000009cfb000 	/System/Library/PrivateFrameworks/ProtocolBuffer.framework/Versions/A/ProtocolBuffer
0x0000000009cfb000 	/System/Library/PrivateFrameworks/CoreDuetDaemonProtocol.framework/Versions/A/CoreDuetDaemonProtocol
0x0000000009cfb000 	/System/Library/PrivateFrameworks/CoreDuetDebugLogging.framework/Versions/A/CoreDuetDebugLogging
0x0000000009cfb000 	/System/Library/PrivateFrameworks/MMCS.framework/Versions/A/MMCS
0x0000000009cfb000 	/System/Library/Frameworks/CoreLocation.framework/Versions/A/CoreLocation
0x0000000009cfb000 	/System/Library/PrivateFrameworks/ProtectedCloudStorage.framework/Versions/A/ProtectedCloudStorage
0x0000000009cfb000 	/System/Library/PrivateFrameworks/GeoServices.framework/Versions/A/GeoServices
0x0000000009cfb000 	/System/Library/Frameworks/CoreGraphics.framework/Versions/A/Resources/libCGCMS.A.dylib
0x0000000009cfb000 	/System/Library/Frameworks/CoreGraphics.framework/Versions/A/Resources/libRIP.A.dylib
0x0000000009cfb000 	/System/Library/Frameworks/CoreGraphics.framework/Versions/A/Resources/libCGXType.A.dylib
0x0000000009cfb000 	/System/Library/Frameworks/OpenCL.framework/Versions/A/Libraries/libcldcpuengine.dylib
0x0000000009cfb000 	/System/Library/PrivateFrameworks/DiskImages.framework/Versions/A/DiskImages
0x0000000009cfb000 	/System/Library/Frameworks/DiscRecording.framework/Versions/A/DiscRecording
0x0000000009cfb000 	/usr/lib/libcsfde.dylib
0x0000000009cfb000 	/usr/lib/libcurl.4.dylib
0x0000000009cfb000 	/System/Library/PrivateFrameworks/MediaKit.framework/Versions/A/MediaKit
0x0000000009cfb000 	/usr/lib/libCoreStorage.dylib
0x0000000009cfb000 	/System/Library/PrivateFrameworks/EFILogin.framework/Versions/A/EFILogin
0x0000000009cfb000 	/usr/lib/libutil.dylib
0x0000000009cfb000 	/System/Library/PrivateFrameworks/FindMyDevice.framework/Versions/A/FindMyDevice
0x0000000009cfb000 	/System/Library/Frameworks/LDAP.framework/Versions/A/LDAP
0x0000000009cfb000 	/usr/lib/libsasl2.2.dylib
0x0000000009cfb000 	/System/Library/PrivateFrameworks/CoreDaemon.framework/Versions/B/CoreDaemon
0x0000000009cfb000 	/usr/lib/libcrypto.0.9.8.dylib
0x0000000009cfb000 	/System/Library/PrivateFrameworks/AppleSRP.framework/Versions/A/AppleSRP
0x0000000009cfb000 	/System/Library/PrivateFrameworks/TrustEvaluationAgent.framework/Versions/A/TrustEvaluationAgent
0x0000000113214000 	cl_kernels
0x0000000113216000 	/System/Library/Frameworks/OpenCL.framework/Versions/A/Libraries/ImageFormats/unorm8_bgra.dylib
0x0000000113205000 	cl_kernels
0x0000000009cfb000 	/System/Library/PrivateFrameworks/FamilyControls.framework/Versions/A/FamilyControls
0x0000000009cfb000 	/System/Library/PrivateFrameworks/CommerceKit.framework/Versions/A/Frameworks/CommerceCore.framework/Versions/A/CommerceCore
0x0000000009cfb000 	/System/Library/PrivateFrameworks/SystemAdministration.framework/Versions/A/SystemAdministration
0x0000000009cfb000 	/System/Library/PrivateFrameworks/AppContainer.framework/Versions/A/AppContainer
0x0000000009cfb000 	/System/Library/PrivateFrameworks/SecCodeWrapper.framework/Versions/A/SecCodeWrapper
0x0000000009cfb000 	/System/Library/Frameworks/DirectoryService.framework/Versions/A/DirectoryService
0x0000000009cfb000 	/System/Library/PrivateFrameworks/LoginUIKit.framework/Versions/A/Frameworks/LoginUICore.framework/Versions/A/LoginUICore
0x0000000009cfb000 	/usr/lib/libodfde.dylib
0x0000000009cfb000 	/System/Library/Frameworks/OpenGL.framework/Versions/A/Resources/GLEngine.bundle/GLEngine
0x0000000009cfb000 	/System/Library/Frameworks/OpenGL.framework/Versions/A/Libraries/libGLProgrammability.dylib
0x0000000000000000 	/System/Library/Extensions/AppleIntelHD3000GraphicsGLDriver.bundle/Contents/MacOS/AppleIntelHD3000GraphicsGLDriver
0x0000000112644000 	/System/Library/PrivateFrameworks/GPUSupport.framework/Versions/A/Libraries/libGPUSupport.dylib
0x0000000000000000 	/System/Library/Extensions/AMDRadeonX3000GLDriver.bundle/Contents/MacOS/AMDRadeonX3000GLDriver
0x0000000009cfb000 	/System/Library/PrivateFrameworks/IOAccelerator.framework/Versions/A/IOAccelerator
0x0000000009cfb000 	/System/Library/PrivateFrameworks/GPUSupport.framework/Versions/A/Libraries/libGPUSupportMercury.dylib
0x0000000009cfb000 	/System/Library/Frameworks/OpenGL.framework/Versions/A/Resources/GLRendererFloat.bundle/GLRendererFloat
0x000000011477d000 	/Library/Java/JavaVirtualMachines/jdk1.7.0_51.jdk/Contents/Home/jre/lib/libfontmanager.dylib
0x00000001147e4000 	/Library/Java/JavaVirtualMachines/jdk1.7.0_51.jdk/Contents/Home/jre/lib/libosxui.dylib
0x0000000114bd2000 	/Library/Java/JavaVirtualMachines/jdk1.7.0_51.jdk/Contents/Home/jre/lib/libnet.dylib
0x000000011493d000 	/Library/Java/JavaVirtualMachines/jdk1.7.0_51.jdk/Contents/Home/jre/lib/libnio.dylib
0x0000000115b28000 	/Library/Java/JavaVirtualMachines/jdk1.7.0_51.jdk/Contents/Home/jre/lib/libdcpr.dylib
0x0000000115c8e000 	/private/var/folders/_6/vv8zqx450855nldnp02w3cyc0000gn/T/libgdxJack/d8ae55ed/libgdx64.dylib
0x0000000115cd8000 	/private/var/folders/_6/vv8zqx450855nldnp02w3cyc0000gn/T/libgdxJack/f7649394/liblwjgl.dylib
0x0000000115d5a000 	/Library/Java/JavaVirtualMachines/jdk1.7.0_51.jdk/Contents/Home/jre/lib/libjawt.dylib
0x0000000115d5d000 	/var/folders/_6/vv8zqx450855nldnp02w3cyc0000gn/T/libgdxJack/f7649394/openal.dylib
0x0000000115de1000 	/System/Library/Components/CoreAudio.component/Contents/MacOS/CoreAudio
0x00000001160ba000 	/System/Library/Extensions/AppleHDA.kext/Contents/PlugIns/AppleHDAHALPlugIn.bundle/Contents/MacOS/AppleHDAHALPlugIn
0x000000011649b000 	/private/var/folders/_6/vv8zqx450855nldnp02w3cyc0000gn/T/libgdxJack/b02f37a3/libgdx-box2d64.dylib
0x0000000116532000 	/Library/Java/JavaVirtualMachines/jdk1.7.0_51.jdk/Contents/Home/jre/lib/libjsound.dylib
0x0000000116546000 	/System/Library/Frameworks/CoreMIDI.framework/Versions/A/CoreMIDI
0x0000000009cfb000 	/usr/lib/libexpat.1.dylib

VM Arguments:
jvm_args: -Dfile.encoding=US-ASCII 
java_command: com.gmail.jackbcousineau.desktop.DesktopLauncher
Launcher Type: SUN_STANDARD

Environment Variables:
PATH=/usr/bin:/bin:/usr/sbin:/sbin
SHELL=/bin/bash
DISPLAY=/private/tmp/com.apple.launchd.9OaxhutPsF/org.macosforge.xquartz:0

Signal Handlers:
SIGSEGV: [libjvm.dylib+0x525425], sa_mask[0]=0xfffefeff, sa_flags=0x00000043
SIGBUS: [libjvm.dylib+0x525425], sa_mask[0]=0xfffefeff, sa_flags=0x00000042
SIGFPE: [libjvm.dylib+0x41892a], sa_mask[0]=0xfffefeff, sa_flags=0x00000042
SIGPIPE: [libjvm.dylib+0x41892a], sa_mask[0]=0xfffefeff, sa_flags=0x00000042
SIGXFSZ: [libjvm.dylib+0x41892a], sa_mask[0]=0xfffefeff, sa_flags=0x00000042
SIGILL: [libjvm.dylib+0x41892a], sa_mask[0]=0xfffefeff, sa_flags=0x00000042
SIGUSR1: SIG_DFL, sa_mask[0]=0x00000000, sa_flags=0x00000000
SIGUSR2: [libjvm.dylib+0x41841c], sa_mask[0]=0x00000004, sa_flags=0x00000042
SIGHUP: [libjvm.dylib+0x4166ab], sa_mask[0]=0xfffefeff, sa_flags=0x00000042
SIGINT: [libjvm.dylib+0x4166ab], sa_mask[0]=0xfffefeff, sa_flags=0x00000042
SIGTERM: [libjvm.dylib+0x4166ab], sa_mask[0]=0xfffefeff, sa_flags=0x00000042
SIGQUIT: [libjvm.dylib+0x4166ab], sa_mask[0]=0xfffefeff, sa_flags=0x00000042


---------------  S Y S T E M  ---------------

OS:Bsduname:Darwin 14.3.0 Darwin Kernel Version 14.3.0: Mon Mar 23 11:59:05 PDT 2015; root:xnu-2782.20.48~5/RELEASE_X86_64 x86_64
rlimit: STACK 8192k, CORE 0k, NPROC 709, NOFILE 10240, AS infinity
load average:1.61 1.75 1.80

CPU:total 8 (4 cores per cpu, 2 threads per core) family 6 model 42 stepping 7, cmov, cx8, fxsr, mmx, sse, sse2, sse3, ssse3, sse4.1, sse4.2, popcnt, avx, aes, ht, tsc, tscinvbit

Memory: 4k page, physical 8388608k(2097152k free)

/proc/meminfo:


vm_info: Java HotSpot(TM) 64-Bit Server VM (24.51-b03) for bsd-amd64 JRE (1.7.0_51-b13), built on Dec 18 2013 18:45:56 by "java_re" with gcc 4.2.1 (Based on Apple Inc. build 5658) (LLVM build 2336.11.00)

time: Wed May 13 15:25:34 2015
elapsed time: 17 seconds

