#
# A fatal error has been detected by the Java Runtime Environment:
#
#  SIGSEGV (0xb) at pc=0x00007fff98ba70dd, pid=14452, tid=1299
#
# JRE version: Java(TM) SE Runtime Environment (7.0_51-b13) (build 1.7.0_51-b13)
# Java VM: Java HotSpot(TM) 64-Bit Server VM (24.51-b03 mixed mode bsd-amd64 compressed oops)
# Problematic frame:
# C  [libobjc.A.dylib+0x10dd]  objc_msgSend+0x1d
#
# Failed to write core dump. Core dumps have been disabled. To enable core dumping, try "ulimit -c unlimited" before starting Java again
#
# If you would like to submit a bug report, please visit:
#   http://bugreport.sun.com/bugreport/crash.jsp
# The crash happened outside the Java Virtual Machine in native code.
# See problematic frame for where to report the bug.
#

---------------  T H R E A D  ---------------

Current thread (0x00007fb14502e000):  JavaThread "AppKit Thread" daemon [_thread_in_native, id=1299, stack(0x00007fff5b6bc000,0x00007fff5b73c000)]

siginfo:si_signo=SIGSEGV: si_errno=0, si_code=1 (SEGV_MAPERR), si_addr=0x000007fb0fe75030

Registers:
RAX=0x00007fb145b89c00, RBX=0x00007fff5b736f08, RCX=0x0000000000000000, RDX=0x00007fb0fe70d9c0
RSP=0x00007fff5b736d28, RBP=0x00007fff5b736d30, RSI=0x00007fff9853b423, RDI=0x00007fb145b89c00
R8 =0x00007fff5b736d10, R9 =0x00000000000000aa, R10=0x00007fff9853b423, R11=0x000007fb0fe75018
R12=0x00007fb143c2c6f0, R13=0x00000000000f4392, R14=0x00007fb145b267b0, R15=0x00007fff5b736e68
RIP=0x00007fff98ba70dd, EFLAGS=0x0000000000010206, ERR=0x0000000000000004
  TRAPNO=0x000000000000000e

Top of Stack: (sp=0x00007fff5b736d28)
0x00007fff5b736d28:   00007fff8cc4c45c 00007fff5b737090
0x00007fff5b736d38:   00007fff8cb3c634 00007fff5b736dbc
0x00007fff5b736d48:   00007fff5b736dc0 00007fff5b736dc4
0x00007fff5b736d58:   00007fff7afbfe00 ffffffffffffffff
0x00007fff5b736d68:   0000000000000ff0 00007fff7afbfe18
0x00007fff5b736d78:   00007fb145b267b0 0000000000000000
0x00007fff5b736d88:   00007fff5b736e60 0000000000000000
0x00007fff5b736d98:   00007fb145b3be90 00007fff5b736ee0
0x00007fff5b736da8:   00000000000000aa 00000000000f4394
0x00007fff5b736db8:   00007fb0fe70d9c0 00007fb145bcafb0
0x00007fff5b736dc8:   00007fb143c2c6f0 0000000000000001
0x00007fff5b736dd8:   00000000000f4392 00007fb143c2c6e0
0x00007fff5b736de8:   00007fff91a90c05 00000001367f6ab0
0x00007fff5b736df8:   00007fff7aede0d0 0000000042000000
0x00007fff5b736e08:   00007fff91a97e63 00007fff7af8a240
0x00007fff5b736e18:   00007fff5b736ee8 00007fff5b736e40
0x00007fff5b736e28:   00007fff5b736e60 0000000000000000
0x00007fff5b736e38:   0000000000000008 0016620300000000
0x00007fff5b736e48:   00007fb143c2c714 0000000000000000
0x00007fff5b736e58:   0000000000000000 00007fb145bcb270
0x00007fff5b736e68:   00007fb145b267b0 0000002000000000
0x00007fff5b736e78:   0000000000000000 00007fff7aede0d0
0x00007fff5b736e88:   0000000042000000 00007fff91a974f8
0x00007fff5b736e98:   00007fff7af8a350 00007fff5b736df8
0x00007fff5b736ea8:   0000000000000000 00007fff5b736f78
0x00007fff5b736eb8:   00007fff7bea8ea0 00007fff5b736fb0
0x00007fff5b736ec8:   00007fff8e848edc 00007fff5b736f60
0x00007fff5b736ed8:   00007fff97c6f5fd 000000000000007d
0x00007fff5b736ee8:   0000000000000000 00000000000f4385
0x00007fff5b736ef8:   000000000000007f 0000000000000000
0x00007fff5b736f08:   00000000000f4392 00007fff5b736f84
0x00007fff5b736f18:   000000000063be01 00000000ffffffff 

Instructions: (pc=0x00007fff98ba70dd)
0x00007fff98ba70bd:   00 00 00 48 85 ff 2e 74 7a 40 f6 c7 01 2e 75 7e
0x00007fff98ba70cd:   49 bb f8 ff ff ff ff 7f 00 00 4c 23 1f 49 89 f2
0x00007fff98ba70dd:   45 23 53 18 49 c1 e2 04 4d 03 53 10 49 3b 32 75
0x00007fff98ba70ed:   04 41 ff 62 08 49 83 3a 00 74 6a 4d 3b 53 10 74 

Register to memory mapping:

RAX=0x00007fb145b89c00 is an unknown value
RBX=0x00007fff5b736f08 is pointing into the stack for thread: 0x00007fb14502e000
RCX=0x0000000000000000 is an unknown value
RDX=0x00007fb0fe70d9c0 is an unknown value
RSP=0x00007fff5b736d28 is pointing into the stack for thread: 0x00007fb14502e000
RBP=0x00007fff5b736d30 is pointing into the stack for thread: 0x00007fb14502e000
RSI=0x00007fff9853b423: -[NSTitlebarContainerView transparent]+0x5e307 in /System/Library/Frameworks/AppKit.framework/Versions/C/AppKit at 0x00007fff97b3a000
RDI=0x00007fb145b89c00 is an unknown value
R8 =0x00007fff5b736d10 is pointing into the stack for thread: 0x00007fb14502e000
R9 =0x00000000000000aa is an unknown value
R10=0x00007fff9853b423: -[NSTitlebarContainerView transparent]+0x5e307 in /System/Library/Frameworks/AppKit.framework/Versions/C/AppKit at 0x00007fff97b3a000
R11=0x000007fb0fe75018 is an unknown value
R12=0x00007fb143c2c6f0 is an unknown value
R13=0x00000000000f4392 is an unknown value
R14=0x00007fb145b267b0 is an unknown value
R15=0x00007fff5b736e68 is pointing into the stack for thread: 0x00007fb14502e000


Stack: [0x00007fff5b6bc000,0x00007fff5b73c000],  sp=0x00007fff5b736d28,  free space=491k
Native frames: (J=compiled Java code, j=interpreted, Vv=VM code, C=native code)
C  [libobjc.A.dylib+0x10dd]  objc_msgSend+0x1d
C  [CoreFoundation+0x10634]  _CFXNotificationPost+0xc44
C  [Foundation+0x79d1]  -[NSNotificationCenter postNotificationName:object:userInfo:]+0x42
C  [AppKit+0x43ac2]  -[NSSurface _disposeSurface]+0x98
C  [AppKit+0x43526]  -[NSSurface setWindow:]+0x42
C  [AppKit+0x33a10]  -[NSView _setWindow:]+0xa33
C  [AppKit+0x6b091]  -[NSView removeFromSuperview]+0x1c5
C  [AppKit+0x14bea9]  -[NSView removeFromSuperviewWithoutNeedingDisplay]+0x26
C  [liblwjgl.dylib+0xa205]  +[MacOSXKeyableWindow destroyWindow]+0xb5
C  [Foundation+0x92d00]  __NSThreadPerformPerform+0x125
C  [CoreFoundation+0x80a01]  __CFRUNLOOP_IS_CALLING_OUT_TO_A_SOURCE0_PERFORM_FUNCTION__+0x11
C  [CoreFoundation+0x72b8d]  __CFRunLoopDoSources0+0x10d
C  [CoreFoundation+0x721bf]  __CFRunLoopRun+0x39f
C  [CoreFoundation+0x71bd8]  CFRunLoopRunSpecific+0x128
C  [HIToolbox+0x3256f]  RunCurrentEventLoopInMode+0xeb
C  [HIToolbox+0x322ea]  ReceiveNextEventCommon+0x1af
C  [HIToolbox+0x3212b]  _BlockUntilNextEventMatchingListInModeWithFilter+0x47
C  [AppKit+0x919bb]  _DPSNextEvent+0x3d2
C  [AppKit+0x90f68]  -[NSApplication nextEventMatchingMask:untilDate:inMode:dequeue:]+0x15a
C  [libosxapp.dylib+0x16f4]  -[NSApplicationAWT nextEventMatchingMask:untilDate:inMode:dequeue:]+0x7c
C  [AppKit+0x86bf3]  -[NSApplication run]+0x252
C  [libosxapp.dylib+0x1557]  +[NSApplicationAWT runAWTLoopWithApp:]+0x9c
C  [liblwawt.dylib+0xdba9]  -[AWTStarter starter:]+0x369
C  [Foundation+0x92d00]  __NSThreadPerformPerform+0x125
C  [CoreFoundation+0x80a01]  __CFRUNLOOP_IS_CALLING_OUT_TO_A_SOURCE0_PERFORM_FUNCTION__+0x11
C  [CoreFoundation+0x72b8d]  __CFRunLoopDoSources0+0x10d
C  [CoreFoundation+0x721bf]  __CFRunLoopRun+0x39f
C  [CoreFoundation+0x71bd8]  CFRunLoopRunSpecific+0x128
C  [java+0x73b0]  CreateExecutionEnvironment+0x367
C  [java+0x1b5c]  JLI_Launch+0x7a0
C  [java+0x770d]  main+0x65
C  [java+0x13b4]  start+0x34


---------------  P R O C E S S  ---------------

Java Threads: ( => current thread )
  0x00007fb1451ab800 JavaThread "Timer-0" [_thread_blocked, id=126979, stack(0x0000000120f17000,0x0000000121017000)]
  0x00007fb14719b000 JavaThread "Direct Clip" daemon [_thread_blocked, id=126467, stack(0x000000011e3f5000,0x000000011e4f5000)]
  0x00007fb14515e800 JavaThread "Java Sound Event Dispatcher" daemon [_thread_blocked, id=126247, stack(0x000000011e2f2000,0x000000011e3f2000)]
  0x00007fb1450a9000 JavaThread "LWJGL Application" [_thread_in_native, id=124935, stack(0x0000000119051000,0x0000000119151000)]
  0x00007fb14696b000 JavaThread "TimerQueue" daemon [_thread_blocked, id=67119, stack(0x0000000118c3d000,0x0000000118d3d000)]
  0x00007fb147065800 JavaThread "DestroyJavaVM" [_thread_blocked, id=4867, stack(0x0000000106054000,0x0000000106154000)]
  0x00007fb1468e1800 JavaThread "AWT-EventQueue-0" [_thread_blocked, id=54275, stack(0x0000000117162000,0x0000000117262000)]
  0x00007fb147039800 JavaThread "Java2D Disposer" daemon [_thread_blocked, id=53771, stack(0x0000000116fb6000,0x00000001170b6000)]
  0x00007fb145101800 JavaThread "Java2D Queue Flusher" daemon [_thread_blocked, id=50959, stack(0x0000000116e53000,0x0000000116f53000)]
  0x00007fb147018800 JavaThread "AWT-Shutdown" [_thread_blocked, id=29715, stack(0x00000001143ca000,0x00000001144ca000)]
=>0x00007fb14502e000 JavaThread "AppKit Thread" daemon [_thread_in_native, id=1299, stack(0x00007fff5b6bc000,0x00007fff5b73c000)]
  0x00007fb14403f000 JavaThread "Service Thread" daemon [_thread_blocked, id=19715, stack(0x00000001126aa000,0x00000001127aa000)]
  0x00007fb14403e000 JavaThread "C2 CompilerThread1" daemon [_thread_blocked, id=19203, stack(0x00000001125a7000,0x00000001126a7000)]
  0x00007fb145001000 JavaThread "C2 CompilerThread0" daemon [_thread_blocked, id=18691, stack(0x00000001124a4000,0x00000001125a4000)]
  0x00007fb14403c800 JavaThread "Signal Dispatcher" daemon [_thread_blocked, id=15379, stack(0x00000001123a1000,0x00000001124a1000)]
  0x00007fb144032800 JavaThread "Finalizer" daemon [_thread_blocked, id=13571, stack(0x000000011097c000,0x0000000110a7c000)]
  0x00007fb144030000 JavaThread "Reference Handler" daemon [_thread_blocked, id=13059, stack(0x0000000110879000,0x0000000110979000)]

Other Threads:
  0x00007fb14402f800 VMThread [stack: 0x0000000110776000,0x0000000110876000] [id=12547]
  0x00007fb144036000 WatcherThread [stack: 0x00000001127ad000,0x00000001128ad000] [id=20227]

VM state:not at safepoint (normal execution)

VM Mutex/Monitor currently owned by a thread: None

Heap
 PSYoungGen      total 104448K, used 63613K [0x00000007d5500000, 0x00000007df300000, 0x0000000800000000)
  eden space 50176K, 50% used [0x00000007d5500000,0x00000007d6dcc1c8,0x00000007d8600000)
  from space 54272K, 70% used [0x00000007dbe00000,0x00000007de353518,0x00000007df300000)
  to   space 55808K, 0% used [0x00000007d8600000,0x00000007d8600000,0x00000007dbc80000)
 ParOldGen       total 171008K, used 111821K [0x0000000780000000, 0x000000078a700000, 0x00000007d5500000)
  object space 171008K, 65% used [0x0000000780000000,0x0000000786d33670,0x000000078a700000)
 PSPermGen       total 33280K, used 16728K [0x000000077ae00000, 0x000000077ce80000, 0x0000000780000000)
  object space 33280K, 50% used [0x000000077ae00000,0x000000077be560c0,0x000000077ce80000)

Card table byte_map: [0x0000000109246000,0x0000000109670000] byte_map_base: 0x000000010566f000

Polling page: 0x00000001045e6000

Code Cache  [0x0000000106186000, 0x00000001063f6000, 0x0000000109186000)
 total_blobs=1134 nmethods=504 adapters=584 free_code_cache=47604Kb largest_free_block=48699264

Compilation events (10 events):
Event: 251.232 Thread 0x00007fb14403e000  511 % !         com.badlogic.gdx.backends.lwjgl.LwjglApplication::mainLoop @ 71 (862 bytes)
Event: 251.290 Thread 0x00007fb14403e000 nmethod 511% 0x000000010630d990 code [0x000000010630dfc0, 0x0000000106312178]
Event: 253.166 Thread 0x00007fb145001000  512             com.badlogic.gdx.graphics.glutils.ShaderProgram::linkProgram (106 bytes)
Event: 253.174 Thread 0x00007fb145001000 nmethod 512 0x0000000106301f50 code [0x0000000106302160, 0x00000001063028d0]
Event: 256.251 Thread 0x00007fb14403e000  513             org.lwjgl.opengl.GL11::glBlendFunc (20 bytes)
Event: 256.253 Thread 0x00007fb14403e000 nmethod 513 0x0000000106308490 code [0x00000001063085e0, 0x00000001063086e8]
Event: 256.268 Thread 0x00007fb145001000  514             com.badlogic.gdx.backends.lwjgl.LwjglGL20::glBlendFunc (6 bytes)
Event: 256.270 Thread 0x00007fb145001000 nmethod 514 0x0000000106308050 code [0x00000001063081a0, 0x00000001063082c8]
Event: 257.520 Thread 0x00007fb14403e000  515             com.badlogic.gdx.math.Matrix4::<init> (43 bytes)
Event: 257.521 Thread 0x00007fb14403e000 nmethod 515 0x00000001062fb5d0 code [0x00000001062fb720, 0x00000001062fb838]

GC Heap History (10 events):
Event: 224.259 GC heap before
{Heap before GC invocations=29 (full 1):
 PSYoungGen      total 110080K, used 88641K [0x00000007d5500000, 0x00000007dfb00000, 0x0000000800000000)
  eden space 51712K, 100% used [0x00000007d5500000,0x00000007d8780000,0x00000007d8780000)
  from space 58368K, 63% used [0x00000007d8780000,0x00000007dab90498,0x00000007dc080000)
  to   space 58368K, 0% used [0x00000007dc200000,0x00000007dc200000,0x00000007dfb00000)
 ParOldGen       total 171008K, used 98877K [0x0000000780000000, 0x000000078a700000, 0x00000007d5500000)
  object space 171008K, 57% used [0x0000000780000000,0x000000078608f590,0x000000078a700000)
 PSPermGen       total 33280K, used 16680K [0x000000077ae00000, 0x000000077ce80000, 0x0000000780000000)
  object space 33280K, 50% used [0x000000077ae00000,0x000000077be4a0a0,0x000000077ce80000)
Event: 224.274 GC heap after
Heap after GC invocations=29 (full 1):
 PSYoungGen      total 110592K, used 36929K [0x00000007d5500000, 0x00000007dfa00000, 0x0000000800000000)
  eden space 53248K, 0% used [0x00000007d5500000,0x00000007d5500000,0x00000007d8900000)
  from space 57344K, 64% used [0x00000007dc200000,0x00000007de610498,0x00000007dfa00000)
  to   space 57856K, 0% used [0x00000007d8900000,0x00000007d8900000,0x00000007dc180000)
 ParOldGen       total 171008K, used 101517K [0x0000000780000000, 0x000000078a700000, 0x00000007d5500000)
  object space 171008K, 59% used [0x0000000780000000,0x0000000786323670,0x000000078a700000)
 PSPermGen       total 33280K, used 16680K [0x000000077ae00000, 0x000000077ce80000, 0x0000000780000000)
  object space 33280K, 50% used [0x000000077ae00000,0x000000077be4a0a0,0x000000077ce80000)
}
Event: 234.534 GC heap before
{Heap before GC invocations=30 (full 1):
 PSYoungGen      total 110592K, used 90177K [0x00000007d5500000, 0x00000007dfa00000, 0x0000000800000000)
  eden space 53248K, 100% used [0x00000007d5500000,0x00000007d8900000,0x00000007d8900000)
  from space 57344K, 64% used [0x00000007dc200000,0x00000007de610498,0x00000007dfa00000)
  to   space 57856K, 0% used [0x00000007d8900000,0x00000007d8900000,0x00000007dc180000)
 ParOldGen       total 171008K, used 101517K [0x0000000780000000, 0x000000078a700000, 0x00000007d5500000)
  object space 171008K, 59% used [0x0000000780000000,0x0000000786323670,0x000000078a700000)
 PSPermGen       total 33280K, used 16684K [0x000000077ae00000, 0x000000077ce80000, 0x0000000780000000)
  object space 33280K, 50% used [0x000000077ae00000,0x000000077be4b220,0x000000077ce80000)
Event: 234.549 GC heap after
Heap after GC invocations=30 (full 1):
 PSYoungGen      total 111104K, used 37373K [0x00000007d5500000, 0x00000007dfa80000, 0x0000000800000000)
  eden space 53248K, 0% used [0x00000007d5500000,0x00000007d5500000,0x00000007d8900000)
  from space 57856K, 64% used [0x00000007d8900000,0x00000007dad7f570,0x00000007dc180000)
  to   space 57344K, 0% used [0x00000007dc280000,0x00000007dc280000,0x00000007dfa80000)
 ParOldGen       total 171008K, used 104141K [0x0000000780000000, 0x000000078a700000, 0x00000007d5500000)
  object space 171008K, 60% used [0x0000000780000000,0x00000007865b3670,0x000000078a700000)
 PSPermGen       total 33280K, used 16684K [0x000000077ae00000, 0x000000077ce80000, 0x0000000780000000)
  object space 33280K, 50% used [0x000000077ae00000,0x000000077be4b220,0x000000077ce80000)
}
Event: 244.776 GC heap before
{Heap before GC invocations=31 (full 1):
 PSYoungGen      total 111104K, used 90621K [0x00000007d5500000, 0x00000007dfa80000, 0x0000000800000000)
  eden space 53248K, 100% used [0x00000007d5500000,0x00000007d8900000,0x00000007d8900000)
  from space 57856K, 64% used [0x00000007d8900000,0x00000007dad7f570,0x00000007dc180000)
  to   space 57344K, 0% used [0x00000007dc280000,0x00000007dc280000,0x00000007dfa80000)
 ParOldGen       total 171008K, used 104141K [0x0000000780000000, 0x000000078a700000, 0x00000007d5500000)
  object space 171008K, 60% used [0x0000000780000000,0x00000007865b3670,0x000000078a700000)
 PSPermGen       total 33280K, used 16688K [0x000000077ae00000, 0x000000077ce80000, 0x0000000780000000)
  object space 33280K, 50% used [0x000000077ae00000,0x000000077be4c0b0,0x000000077ce80000)
Event: 244.792 GC heap after
Heap after GC invocations=31 (full 1):
 PSYoungGen      total 105984K, used 37677K [0x00000007d5500000, 0x00000007df700000, 0x0000000800000000)
  eden space 52224K, 0% used [0x00000007d5500000,0x00000007d5500000,0x00000007d8800000)
  from space 53760K, 70% used [0x00000007dc280000,0x00000007de74b518,0x00000007df700000)
  to   space 56832K, 0% used [0x00000007d8800000,0x00000007d8800000,0x00000007dbf80000)
 ParOldGen       total 171008K, used 106709K [0x0000000780000000, 0x000000078a700000, 0x00000007d5500000)
  object space 171008K, 62% used [0x0000000780000000,0x0000000786835670,0x000000078a700000)
 PSPermGen       total 33280K, used 16688K [0x000000077ae00000, 0x000000077ce80000, 0x0000000780000000)
  object space 33280K, 50% used [0x000000077ae00000,0x000000077be4c0b0,0x000000077ce80000)
}
Event: 254.885 GC heap before
{Heap before GC invocations=32 (full 1):
 PSYoungGen      total 105984K, used 89901K [0x00000007d5500000, 0x00000007df700000, 0x0000000800000000)
  eden space 52224K, 100% used [0x00000007d5500000,0x00000007d8800000,0x00000007d8800000)
  from space 53760K, 70% used [0x00000007dc280000,0x00000007de74b518,0x00000007df700000)
  to   space 56832K, 0% used [0x00000007d8800000,0x00000007d8800000,0x00000007dbf80000)
 ParOldGen       total 171008K, used 106709K [0x0000000780000000, 0x000000078a700000, 0x00000007d5500000)
  object space 171008K, 62% used [0x0000000780000000,0x0000000786835670,0x000000078a700000)
 PSPermGen       total 33280K, used 16688K [0x000000077ae00000, 0x000000077ce80000, 0x0000000780000000)
  object space 33280K, 50% used [0x000000077ae00000,0x000000077be4c0b0,0x000000077ce80000)
Event: 254.900 GC heap after
Heap after GC invocations=32 (full 1):
 PSYoungGen      total 89600K, used 38013K [0x00000007d5500000, 0x00000007df500000, 0x0000000800000000)
  eden space 51200K, 0% used [0x00000007d5500000,0x00000007d5500000,0x00000007d8700000)
  from space 38400K, 98% used [0x00000007d8800000,0x00000007dad1f570,0x00000007dad80000)
  to   space 56320K, 0% used [0x00000007dbe00000,0x00000007dbe00000,0x00000007df500000)
 ParOldGen       total 171008K, used 109285K [0x0000000780000000, 0x000000078a700000, 0x00000007d5500000)
  object space 171008K, 63% used [0x0000000780000000,0x0000000786ab9670,0x000000078a700000)
 PSPermGen       total 33280K, used 16688K [0x000000077ae00000, 0x000000077ce80000, 0x0000000780000000)
  object space 33280K, 50% used [0x000000077ae00000,0x000000077be4c0b0,0x000000077ce80000)
}
Event: 264.676 GC heap before
{Heap before GC invocations=33 (full 1):
 PSYoungGen      total 89600K, used 89177K [0x00000007d5500000, 0x00000007df500000, 0x0000000800000000)
  eden space 51200K, 99% used [0x00000007d5500000,0x00000007d86f6f60,0x00000007d8700000)
  from space 38400K, 98% used [0x00000007d8800000,0x00000007dad1f570,0x00000007dad80000)
  to   space 56320K, 0% used [0x00000007dbe00000,0x00000007dbe00000,0x00000007df500000)
 ParOldGen       total 171008K, used 109285K [0x0000000780000000, 0x000000078a700000, 0x00000007d5500000)
  object space 171008K, 63% used [0x0000000780000000,0x0000000786ab9670,0x000000078a700000)
 PSPermGen       total 33280K, used 16692K [0x000000077ae00000, 0x000000077ce80000, 0x0000000780000000)
  object space 33280K, 50% used [0x000000077ae00000,0x000000077be4d088,0x000000077ce80000)
Event: 264.692 GC heap after
Heap after GC invocations=33 (full 1):
 PSYoungGen      total 104448K, used 38221K [0x00000007d5500000, 0x00000007df300000, 0x0000000800000000)
  eden space 50176K, 0% used [0x00000007d5500000,0x00000007d5500000,0x00000007d8600000)
  from space 54272K, 70% used [0x00000007dbe00000,0x00000007de353518,0x00000007df300000)
  to   space 55808K, 0% used [0x00000007d8600000,0x00000007d8600000,0x00000007dbc80000)
 ParOldGen       total 171008K, used 111821K [0x0000000780000000, 0x000000078a700000, 0x00000007d5500000)
  object space 171008K, 65% used [0x0000000780000000,0x0000000786d33670,0x000000078a700000)
 PSPermGen       total 33280K, used 16692K [0x000000077ae00000, 0x000000077ce80000, 0x0000000780000000)
  object space 33280K, 50% used [0x000000077ae00000,0x000000077be4d088,0x000000077ce80000)
}

Deoptimization events (10 events):
Event: 7.522 Thread 0x00007fb1450a9000 Uncommon trap: reason=class_check action=maybe_recompile pc=0x000000010622f310 method=java.io.FilterInputStream.read([B)I @ 5
Event: 28.645 Thread 0x00007fb1450a9000 Uncommon trap: reason=null_check action=make_not_entrant pc=0x00000001062854b8 method=com.badlogic.gdx.utils.ObjectIntMap.put(Ljava/lang/Object;I)V @ 43
Event: 37.739 Thread 0x00007fb1450a9000 Uncommon trap: reason=unreached action=reinterpret pc=0x0000000106257114 method=java.util.Timer.sched(Ljava/util/TimerTask;JJ)V @ 133
Event: 37.907 Thread 0x00007fb1450a9000 Uncommon trap: reason=null_check action=make_not_entrant pc=0x00000001062a6f9c method=com.badlogic.gdx.utils.ObjectIntMap.put(Ljava/lang/Object;I)V @ 75
Event: 47.177 Thread 0x00007fb1450a9000 Uncommon trap: reason=null_check action=make_not_entrant pc=0x00000001062ac2a0 method=com.badlogic.gdx.utils.ObjectIntMap.put(Ljava/lang/Object;I)V @ 107
Event: 216.538 Thread 0x00007fb1450a9000 Uncommon trap: reason=unreached action=reinterpret pc=0x0000000106261388 method=com.gmail.jackbcousineau.AmazementMain.render()V @ 604
Event: 269.447 Thread 0x00007fb1450a9000 Uncommon trap: reason=unreached action=reinterpret pc=0x00000001062b7fd4 method=com.badlogic.gdx.utils.Array.iterator()Ljava/util/Iterator; @ 4
Event: 269.447 Thread 0x00007fb1450a9000 Uncommon trap: reason=unreached action=reinterpret pc=0x00000001062a8250 method=com.badlogic.gdx.utils.Array$ArrayIterable.iterator()Ljava/util/Iterator; @ 4
Event: 269.447 Thread 0x00007fb1450a9000 Uncommon trap: reason=unloaded action=reinterpret pc=0x000000010630f634 method=com.badlogic.gdx.backends.lwjgl.LwjglApplication.mainLoop()V @ 758
Event: 269.450 Thread 0x00007fb1450a9000 Uncommon trap: reason=unreached action=reinterpret pc=0x00000001062d0c58 method=java.lang.ThreadLocal$ThreadLocalMap.getEntry(Ljava/lang/ThreadLocal;)Ljava/lang/ThreadLocal$ThreadLocalMap$Entry; @ 29

Internal exceptions (10 events):
Event: 7.827 Thread 0x00007fb1450a9000 Threw 0x00000007d5610b30 at /HUDSON/workspace/7u-2-build-macosx-x86_64/jdk7u51/527/hotspot/src/share/vm/prims/jvm.cpp:1244
Event: 8.443 Thread 0x00007fb1450a9000 Threw 0x00000007d595b7d8 at /HUDSON/workspace/7u-2-build-macosx-x86_64/jdk7u51/527/hotspot/src/share/vm/prims/jvm.cpp:1244
Event: 28.645 Thread 0x00007fb1450a9000 Implicit null exception at 0x0000000106284e1f to 0x0000000106285495
Event: 37.907 Thread 0x00007fb1450a9000 Implicit null exception at 0x00000001062a68eb to 0x00000001062a6f79
Event: 47.177 Thread 0x00007fb1450a9000 Implicit null exception at 0x00000001062abced to 0x00000001062ac261
Event: 216.538 Thread 0x00007fb1450a9000 Implicit null exception at 0x000000010625f81b to 0x0000000106261375
Event: 269.446 Thread 0x00007fb1450a9000 Threw 0x00000007d6ce1d68 at /HUDSON/workspace/7u-2-build-macosx-x86_64/jdk7u51/527/hotspot/src/share/vm/prims/jvm.cpp:1244
Event: 269.447 Thread 0x00007fb1450a9000 Implicit null exception at 0x00000001062b7f50 to 0x00000001062b7fc1
Event: 269.447 Thread 0x00007fb1450a9000 Implicit null exception at 0x00000001062a81d0 to 0x00000001062a823d
Event: 270.347 Thread 0x00007fb1450a9000 Threw 0x00000007d6ce6cb0 at /HUDSON/workspace/7u-2-build-macosx-x86_64/jdk7u51/527/hotspot/src/share/vm/prims/jvm.cpp:1244

Events (10 events):
Event: 269.675 loading class 0x00007fb1440832e0
Event: 269.676 loading class 0x00007fb1440832e0 done
Event: 269.676 loading class 0x00007fb144083310
Event: 269.676 loading class 0x00007fb144083310 done
Event: 269.676 loading class 0x00007fb144082ea0
Event: 269.676 loading class 0x00007fb146005040
Event: 269.676 loading class 0x00007fb146005040 done
Event: 269.676 loading class 0x00007fb144082ea0 done
Event: 270.347 loading class 0x00007fb145bc7a30
Event: 270.347 loading class 0x00007fb145bc7a30 done


Dynamic libraries:
0x0000000009cfb000 	/System/Library/Frameworks/Cocoa.framework/Versions/A/Cocoa
0x0000000009cfb000 	/System/Library/Frameworks/Security.framework/Versions/A/Security
0x0000000009cfb000 	/System/Library/Frameworks/ApplicationServices.framework/Versions/A/ApplicationServices
0x0000000009cfb000 	/usr/lib/libz.1.dylib
0x0000000009cfb000 	/usr/lib/libSystem.B.dylib
0x0000000009cfb000 	/usr/lib/libobjc.A.dylib
0x0000000009cfb000 	/System/Library/Frameworks/CoreFoundation.framework/Versions/A/CoreFoundation
0x0000000009cfb000 	/System/Library/Frameworks/Foundation.framework/Versions/C/Foundation
0x0000000009cfb000 	/System/Library/Frameworks/AppKit.framework/Versions/C/AppKit
0x0000000009cfb000 	/System/Library/Frameworks/CoreData.framework/Versions/A/CoreData
0x0000000009cfb000 	/System/Library/PrivateFrameworks/RemoteViewServices.framework/Versions/A/RemoteViewServices
0x0000000009cfb000 	/System/Library/PrivateFrameworks/UIFoundation.framework/Versions/A/UIFoundation
0x0000000009cfb000 	/System/Library/Frameworks/IOSurface.framework/Versions/A/IOSurface
0x0000000009cfb000 	/System/Library/Frameworks/AudioToolbox.framework/Versions/A/AudioToolbox
0x0000000009cfb000 	/System/Library/Frameworks/AudioUnit.framework/Versions/A/AudioUnit
0x0000000009cfb000 	/System/Library/PrivateFrameworks/DataDetectorsCore.framework/Versions/A/DataDetectorsCore
0x0000000009cfb000 	/System/Library/PrivateFrameworks/DesktopServicesPriv.framework/Versions/A/DesktopServicesPriv
0x0000000009cfb000 	/System/Library/Frameworks/Carbon.framework/Versions/A/Frameworks/HIToolbox.framework/Versions/A/HIToolbox
0x0000000009cfb000 	/System/Library/Frameworks/QuartzCore.framework/Versions/A/QuartzCore
0x0000000009cfb000 	/System/Library/Frameworks/Carbon.framework/Versions/A/Frameworks/SpeechRecognition.framework/Versions/A/SpeechRecognition
0x0000000009cfb000 	/usr/lib/libauto.dylib
0x0000000009cfb000 	/usr/lib/libicucore.A.dylib
0x0000000009cfb000 	/usr/lib/libxml2.2.dylib
0x0000000009cfb000 	/System/Library/PrivateFrameworks/CoreUI.framework/Versions/A/CoreUI
0x0000000009cfb000 	/System/Library/Frameworks/CoreAudio.framework/Versions/A/CoreAudio
0x0000000009cfb000 	/System/Library/Frameworks/DiskArbitration.framework/Versions/A/DiskArbitration
0x0000000009cfb000 	/usr/lib/liblangid.dylib
0x0000000009cfb000 	/System/Library/PrivateFrameworks/MultitouchSupport.framework/Versions/A/MultitouchSupport
0x0000000009cfb000 	/System/Library/Frameworks/IOKit.framework/Versions/A/IOKit
0x0000000009cfb000 	/usr/lib/libDiagnosticMessagesClient.dylib
0x0000000009cfb000 	/System/Library/Frameworks/CoreServices.framework/Versions/A/CoreServices
0x0000000009cfb000 	/System/Library/PrivateFrameworks/PerformanceAnalysis.framework/Versions/A/PerformanceAnalysis
0x0000000009cfb000 	/System/Library/PrivateFrameworks/GenerationalStorage.framework/Versions/A/GenerationalStorage
0x0000000009cfb000 	/System/Library/Frameworks/OpenGL.framework/Versions/A/OpenGL
0x0000000009cfb000 	/System/Library/PrivateFrameworks/Sharing.framework/Versions/A/Sharing
0x0000000009cfb000 	/System/Library/Frameworks/CoreGraphics.framework/Versions/A/CoreGraphics
0x0000000009cfb000 	/System/Library/Frameworks/CoreText.framework/Versions/A/CoreText
0x0000000009cfb000 	/System/Library/Frameworks/ImageIO.framework/Versions/A/ImageIO
0x0000000009cfb000 	/usr/lib/libextension.dylib
0x0000000009cfb000 	/System/Library/PrivateFrameworks/Backup.framework/Versions/A/Backup
0x0000000009cfb000 	/usr/lib/libarchive.2.dylib
0x0000000009cfb000 	/System/Library/Frameworks/CFNetwork.framework/Versions/A/CFNetwork
0x0000000009cfb000 	/System/Library/Frameworks/SystemConfiguration.framework/Versions/A/SystemConfiguration
0x0000000009cfb000 	/usr/lib/libCRFSuite.dylib
0x0000000009cfb000 	/usr/lib/libc++.1.dylib
0x0000000009cfb000 	/usr/lib/libc++abi.dylib
0x0000000009cfb000 	/usr/lib/system/libcache.dylib
0x0000000009cfb000 	/usr/lib/system/libcommonCrypto.dylib
0x0000000009cfb000 	/usr/lib/system/libcompiler_rt.dylib
0x0000000009cfb000 	/usr/lib/system/libcopyfile.dylib
0x0000000009cfb000 	/usr/lib/system/libcorecrypto.dylib
0x0000000009cfb000 	/usr/lib/system/libdispatch.dylib
0x0000000009cfb000 	/usr/lib/system/libdyld.dylib
0x0000000009cfb000 	/usr/lib/system/libkeymgr.dylib
0x0000000009cfb000 	/usr/lib/system/liblaunch.dylib
0x0000000009cfb000 	/usr/lib/system/libmacho.dylib
0x0000000009cfb000 	/usr/lib/system/libquarantine.dylib
0x0000000009cfb000 	/usr/lib/system/libremovefile.dylib
0x0000000009cfb000 	/usr/lib/system/libsystem_asl.dylib
0x0000000009cfb000 	/usr/lib/system/libsystem_blocks.dylib
0x0000000009cfb000 	/usr/lib/system/libsystem_c.dylib
0x0000000009cfb000 	/usr/lib/system/libsystem_configuration.dylib
0x0000000009cfb000 	/usr/lib/system/libsystem_coreservices.dylib
0x0000000009cfb000 	/usr/lib/system/libsystem_coretls.dylib
0x0000000009cfb000 	/usr/lib/system/libsystem_dnssd.dylib
0x0000000009cfb000 	/usr/lib/system/libsystem_info.dylib
0x0000000009cfb000 	/usr/lib/system/libsystem_kernel.dylib
0x0000000009cfb000 	/usr/lib/system/libsystem_m.dylib
0x0000000009cfb000 	/usr/lib/system/libsystem_malloc.dylib
0x0000000009cfb000 	/usr/lib/system/libsystem_network.dylib
0x0000000009cfb000 	/usr/lib/system/libsystem_networkextension.dylib
0x0000000009cfb000 	/usr/lib/system/libsystem_notify.dylib
0x0000000009cfb000 	/usr/lib/system/libsystem_platform.dylib
0x0000000009cfb000 	/usr/lib/system/libsystem_pthread.dylib
0x0000000009cfb000 	/usr/lib/system/libsystem_sandbox.dylib
0x0000000009cfb000 	/usr/lib/system/libsystem_secinit.dylib
0x0000000009cfb000 	/usr/lib/system/libsystem_stats.dylib
0x0000000009cfb000 	/usr/lib/system/libsystem_trace.dylib
0x0000000009cfb000 	/usr/lib/system/libunc.dylib
0x0000000009cfb000 	/usr/lib/system/libunwind.dylib
0x0000000009cfb000 	/usr/lib/system/libxpc.dylib
0x0000000009cfb000 	/usr/lib/libbz2.1.0.dylib
0x0000000009cfb000 	/usr/lib/liblzma.5.dylib
0x0000000009cfb000 	/usr/lib/libbsm.0.dylib
0x0000000009cfb000 	/usr/lib/libsqlite3.dylib
0x0000000009cfb000 	/usr/lib/system/libkxld.dylib
0x0000000009cfb000 	/usr/lib/libxar.1.dylib
0x0000000009cfb000 	/usr/lib/libpam.2.dylib
0x0000000009cfb000 	/usr/lib/libOpenScriptingUtil.dylib
0x0000000009cfb000 	/System/Library/Frameworks/CoreServices.framework/Versions/A/Frameworks/FSEvents.framework/Versions/A/FSEvents
0x0000000009cfb000 	/System/Library/Frameworks/CoreServices.framework/Versions/A/Frameworks/CarbonCore.framework/Versions/A/CarbonCore
0x0000000009cfb000 	/System/Library/Frameworks/CoreServices.framework/Versions/A/Frameworks/Metadata.framework/Versions/A/Metadata
0x0000000009cfb000 	/System/Library/Frameworks/CoreServices.framework/Versions/A/Frameworks/OSServices.framework/Versions/A/OSServices
0x0000000009cfb000 	/System/Library/Frameworks/CoreServices.framework/Versions/A/Frameworks/SearchKit.framework/Versions/A/SearchKit
0x0000000009cfb000 	/System/Library/Frameworks/CoreServices.framework/Versions/A/Frameworks/AE.framework/Versions/A/AE
0x0000000009cfb000 	/System/Library/Frameworks/CoreServices.framework/Versions/A/Frameworks/LaunchServices.framework/Versions/A/LaunchServices
0x0000000009cfb000 	/System/Library/Frameworks/CoreServices.framework/Versions/A/Frameworks/DictionaryServices.framework/Versions/A/DictionaryServices
0x0000000009cfb000 	/System/Library/Frameworks/NetFS.framework/Versions/A/NetFS
0x0000000009cfb000 	/System/Library/PrivateFrameworks/NetAuth.framework/Versions/A/NetAuth
0x0000000009cfb000 	/System/Library/PrivateFrameworks/login.framework/Versions/A/Frameworks/loginsupport.framework/Versions/A/loginsupport
0x0000000009cfb000 	/System/Library/PrivateFrameworks/TCC.framework/Versions/A/TCC
0x0000000009cfb000 	/usr/lib/libmecabra.dylib
0x0000000009cfb000 	/System/Library/Frameworks/ApplicationServices.framework/Versions/A/Frameworks/ATS.framework/Versions/A/ATS
0x0000000009cfb000 	/System/Library/Frameworks/ApplicationServices.framework/Versions/A/Frameworks/ColorSync.framework/Versions/A/ColorSync
0x0000000009cfb000 	/System/Library/Frameworks/ApplicationServices.framework/Versions/A/Frameworks/HIServices.framework/Versions/A/HIServices
0x0000000009cfb000 	/System/Library/Frameworks/ApplicationServices.framework/Versions/A/Frameworks/LangAnalysis.framework/Versions/A/LangAnalysis
0x0000000009cfb000 	/System/Library/Frameworks/ApplicationServices.framework/Versions/A/Frameworks/PrintCore.framework/Versions/A/PrintCore
0x0000000009cfb000 	/System/Library/Frameworks/ApplicationServices.framework/Versions/A/Frameworks/QD.framework/Versions/A/QD
0x0000000009cfb000 	/System/Library/Frameworks/ApplicationServices.framework/Versions/A/Frameworks/SpeechSynthesis.framework/Versions/A/SpeechSynthesis
0x0000000009cfb000 	/System/Library/Frameworks/Accelerate.framework/Versions/A/Accelerate
0x0000000009cfb000 	/System/Library/Frameworks/Accelerate.framework/Versions/A/Frameworks/vImage.framework/Versions/A/vImage
0x0000000009cfb000 	/System/Library/Frameworks/Accelerate.framework/Versions/A/Frameworks/vecLib.framework/Versions/A/vecLib
0x0000000009cfb000 	/System/Library/Frameworks/Accelerate.framework/Versions/A/Frameworks/vecLib.framework/Versions/A/libvDSP.dylib
0x0000000009cfb000 	/System/Library/Frameworks/Accelerate.framework/Versions/A/Frameworks/vecLib.framework/Versions/A/libvMisc.dylib
0x0000000009cfb000 	/System/Library/Frameworks/Accelerate.framework/Versions/A/Frameworks/vecLib.framework/Versions/A/libLAPACK.dylib
0x0000000009cfb000 	/System/Library/Frameworks/Accelerate.framework/Versions/A/Frameworks/vecLib.framework/Versions/A/libBLAS.dylib
0x0000000009cfb000 	/System/Library/Frameworks/Accelerate.framework/Versions/A/Frameworks/vecLib.framework/Versions/A/libLinearAlgebra.dylib
0x0000000009cfb000 	/System/Library/Frameworks/ApplicationServices.framework/Versions/A/Frameworks/ATS.framework/Versions/A/Resources/libFontParser.dylib
0x0000000009cfb000 	/System/Library/Frameworks/ApplicationServices.framework/Versions/A/Frameworks/ATS.framework/Versions/A/Resources/libFontRegistry.dylib
0x0000000009cfb000 	/System/Library/PrivateFrameworks/AppleVPA.framework/Versions/A/AppleVPA
0x0000000009cfb000 	/System/Library/PrivateFrameworks/AppleJPEG.framework/Versions/A/AppleJPEG
0x0000000009cfb000 	/System/Library/Frameworks/ImageIO.framework/Versions/A/Resources/libJPEG.dylib
0x0000000009cfb000 	/System/Library/Frameworks/ImageIO.framework/Versions/A/Resources/libTIFF.dylib
0x0000000009cfb000 	/System/Library/Frameworks/ImageIO.framework/Versions/A/Resources/libPng.dylib
0x0000000009cfb000 	/System/Library/Frameworks/ImageIO.framework/Versions/A/Resources/libGIF.dylib
0x0000000009cfb000 	/System/Library/Frameworks/ImageIO.framework/Versions/A/Resources/libJP2.dylib
0x0000000009cfb000 	/System/Library/Frameworks/ImageIO.framework/Versions/A/Resources/libRadiance.dylib
0x0000000009cfb000 	/System/Library/Frameworks/CoreVideo.framework/Versions/A/CoreVideo
0x0000000009cfb000 	/System/Library/Frameworks/OpenGL.framework/Versions/A/Libraries/libGLU.dylib
0x0000000009cfb000 	/System/Library/Frameworks/OpenGL.framework/Versions/A/Libraries/libGFXShared.dylib
0x0000000009cfb000 	/System/Library/Frameworks/OpenGL.framework/Versions/A/Libraries/libGL.dylib
0x0000000009cfb000 	/System/Library/Frameworks/OpenGL.framework/Versions/A/Libraries/libGLImage.dylib
0x0000000009cfb000 	/System/Library/Frameworks/OpenGL.framework/Versions/A/Libraries/libCVMSPluginSupport.dylib
0x0000000009cfb000 	/System/Library/Frameworks/OpenGL.framework/Versions/A/Libraries/libCoreVMClient.dylib
0x0000000009cfb000 	/usr/lib/libcups.2.dylib
0x0000000009cfb000 	/System/Library/Frameworks/Kerberos.framework/Versions/A/Kerberos
0x0000000009cfb000 	/System/Library/Frameworks/GSS.framework/Versions/A/GSS
0x0000000009cfb000 	/usr/lib/libresolv.9.dylib
0x0000000009cfb000 	/usr/lib/libiconv.2.dylib
0x0000000009cfb000 	/System/Library/PrivateFrameworks/Heimdal.framework/Versions/A/Heimdal
0x0000000009cfb000 	/usr/lib/libheimdal-asn1.dylib
0x0000000009cfb000 	/System/Library/Frameworks/OpenDirectory.framework/Versions/A/OpenDirectory
0x0000000009cfb000 	/System/Library/PrivateFrameworks/CommonAuth.framework/Versions/A/CommonAuth
0x0000000009cfb000 	/System/Library/Frameworks/OpenDirectory.framework/Versions/A/Frameworks/CFOpenDirectory.framework/Versions/A/CFOpenDirectory
0x0000000009cfb000 	/System/Library/Frameworks/SecurityFoundation.framework/Versions/A/SecurityFoundation
0x0000000009cfb000 	/System/Library/PrivateFrameworks/LanguageModeling.framework/Versions/A/LanguageModeling
0x0000000009cfb000 	/usr/lib/libcmph.dylib
0x0000000009cfb000 	/System/Library/Frameworks/ServiceManagement.framework/Versions/A/ServiceManagement
0x0000000009cfb000 	/usr/lib/libxslt.1.dylib
0x0000000009cfb000 	/System/Library/Frameworks/Carbon.framework/Versions/A/Frameworks/Ink.framework/Versions/A/Ink
0x0000000009cfb000 	/System/Library/Frameworks/QuartzCore.framework/Versions/A/Frameworks/CoreImage.framework/Versions/A/CoreImage
0x0000000009cfb000 	/System/Library/PrivateFrameworks/CrashReporterSupport.framework/Versions/A/CrashReporterSupport
0x0000000009cfb000 	/System/Library/Frameworks/OpenCL.framework/Versions/A/OpenCL
0x0000000009cfb000 	/System/Library/PrivateFrameworks/FaceCore.framework/Versions/A/FaceCore
0x0000000009cfb000 	/System/Library/PrivateFrameworks/Ubiquity.framework/Versions/A/Ubiquity
0x0000000009cfb000 	/System/Library/PrivateFrameworks/IconServices.framework/Versions/A/IconServices
0x0000000009cfb000 	/System/Library/PrivateFrameworks/ChunkingLibrary.framework/Versions/A/ChunkingLibrary
0x0000000009cfb000 	/System/Library/PrivateFrameworks/Apple80211.framework/Versions/A/Apple80211
0x0000000009cfb000 	/System/Library/Frameworks/CoreWLAN.framework/Versions/A/CoreWLAN
0x0000000009cfb000 	/System/Library/Frameworks/IOBluetooth.framework/Versions/A/IOBluetooth
0x0000000009cfb000 	/System/Library/PrivateFrameworks/CoreWiFi.framework/Versions/A/CoreWiFi
0x0000000009cfb000 	/System/Library/Frameworks/CoreBluetooth.framework/Versions/A/CoreBluetooth
0x0000000009cfb000 	/System/Library/PrivateFrameworks/DebugSymbols.framework/Versions/A/DebugSymbols
0x0000000009cfb000 	/System/Library/PrivateFrameworks/CoreSymbolication.framework/Versions/A/CoreSymbolication
0x0000000009cfb000 	/System/Library/PrivateFrameworks/Symbolication.framework/Versions/A/Symbolication
0x0000000009cfb000 	/System/Library/PrivateFrameworks/SpeechRecognitionCore.framework/Versions/A/SpeechRecognitionCore
0x0000000105600000 	/Library/Java/JavaVirtualMachines/jdk1.7.0_51.jdk/Contents/Home/jre/lib/server/libjvm.dylib
0x0000000009cfb000 	/usr/lib/libstdc++.6.dylib
0x00000001045d9000 	/Library/Java/JavaVirtualMachines/jdk1.7.0_51.jdk/Contents/Home/jre/lib/libverify.dylib
0x0000000106156000 	/Library/Java/JavaVirtualMachines/jdk1.7.0_51.jdk/Contents/Home/jre/lib/libjava.dylib
0x00000001045f0000 	/Library/Java/JavaVirtualMachines/jdk1.7.0_51.jdk/Contents/Home/jre/lib/libzip.dylib
0x0000000110a7e000 	/System/Library/Frameworks/JavaVM.framework/Frameworks/JavaRuntimeSupport.framework/JavaRuntimeSupport
0x0000000110a96000 	/System/Library/Frameworks/JavaVM.framework/Versions/A/Frameworks/JavaNativeFoundation.framework/Versions/A/JavaNativeFoundation
0x0000000110aab000 	/System/Library/Frameworks/JavaVM.framework/Versions/A/JavaVM
0x0000000009cfb000 	/System/Library/Frameworks/Carbon.framework/Versions/A/Carbon
0x0000000110ab8000 	/System/Library/PrivateFrameworks/JavaLaunching.framework/Versions/A/JavaLaunching
0x0000000009cfb000 	/System/Library/Frameworks/Carbon.framework/Versions/A/Frameworks/CommonPanels.framework/Versions/A/CommonPanels
0x0000000009cfb000 	/System/Library/Frameworks/Carbon.framework/Versions/A/Frameworks/Help.framework/Versions/A/Help
0x0000000009cfb000 	/System/Library/Frameworks/Carbon.framework/Versions/A/Frameworks/ImageCapture.framework/Versions/A/ImageCapture
0x0000000009cfb000 	/System/Library/Frameworks/Carbon.framework/Versions/A/Frameworks/OpenScripting.framework/Versions/A/OpenScripting
0x0000000009cfb000 	/System/Library/Frameworks/Carbon.framework/Versions/A/Frameworks/Print.framework/Versions/A/Print
0x0000000009cfb000 	/System/Library/Frameworks/Carbon.framework/Versions/A/Frameworks/SecurityHI.framework/Versions/A/SecurityHI
0x0000000112926000 	/Library/Java/JavaVirtualMachines/jdk1.7.0_51.jdk/Contents/Home/jre/lib/libawt.dylib
0x00000001129d5000 	/Library/Java/JavaVirtualMachines/jdk1.7.0_51.jdk/Contents/Home/jre/lib/./libmlib_image.dylib
0x0000000112aa1000 	/Library/Java/JavaVirtualMachines/jdk1.7.0_51.jdk/Contents/Home/jre/lib/lwawt/liblwawt.dylib
0x0000000112b55000 	/Library/Java/JavaVirtualMachines/jdk1.7.0_51.jdk/Contents/Home/jre/lib/libosxapp.dylib
0x0000000009cfb000 	/System/Library/Frameworks/ExceptionHandling.framework/Versions/A/ExceptionHandling
0x0000000009cfb000 	/System/Library/PrivateFrameworks/CoreServicesInternal.framework/Versions/A/CoreServicesInternal
0x0000000009cfb000 	/System/Library/PrivateFrameworks/CloudDocs.framework/Versions/A/CloudDocs
0x0000000009cfb000 	/System/Library/PrivateFrameworks/CoreDuet.framework/Versions/A/CoreDuet
0x0000000009cfb000 	/System/Library/Frameworks/CloudKit.framework/Versions/A/CloudKit
0x0000000009cfb000 	/System/Library/PrivateFrameworks/ProtocolBuffer.framework/Versions/A/ProtocolBuffer
0x0000000009cfb000 	/System/Library/PrivateFrameworks/CoreDuetDaemonProtocol.framework/Versions/A/CoreDuetDaemonProtocol
0x0000000009cfb000 	/System/Library/PrivateFrameworks/CoreDuetDebugLogging.framework/Versions/A/CoreDuetDebugLogging
0x0000000009cfb000 	/System/Library/PrivateFrameworks/MMCS.framework/Versions/A/MMCS
0x0000000009cfb000 	/System/Library/Frameworks/CoreLocation.framework/Versions/A/CoreLocation
0x0000000009cfb000 	/System/Library/PrivateFrameworks/ProtectedCloudStorage.framework/Versions/A/ProtectedCloudStorage
0x0000000009cfb000 	/System/Library/PrivateFrameworks/GeoServices.framework/Versions/A/GeoServices
0x0000000009cfb000 	/System/Library/Frameworks/CoreGraphics.framework/Versions/A/Resources/libCGCMS.A.dylib
0x0000000009cfb000 	/System/Library/Frameworks/CoreGraphics.framework/Versions/A/Resources/libRIP.A.dylib
0x0000000009cfb000 	/System/Library/Frameworks/CoreGraphics.framework/Versions/A/Resources/libCGXType.A.dylib
0x0000000009cfb000 	/System/Library/Frameworks/OpenCL.framework/Versions/A/Libraries/libcldcpuengine.dylib
0x0000000009cfb000 	/System/Library/PrivateFrameworks/DiskImages.framework/Versions/A/DiskImages
0x0000000009cfb000 	/System/Library/Frameworks/DiscRecording.framework/Versions/A/DiscRecording
0x0000000009cfb000 	/usr/lib/libcsfde.dylib
0x0000000009cfb000 	/usr/lib/libcurl.4.dylib
0x0000000009cfb000 	/System/Library/PrivateFrameworks/MediaKit.framework/Versions/A/MediaKit
0x0000000009cfb000 	/usr/lib/libCoreStorage.dylib
0x0000000009cfb000 	/System/Library/PrivateFrameworks/EFILogin.framework/Versions/A/EFILogin
0x0000000009cfb000 	/usr/lib/libutil.dylib
0x0000000009cfb000 	/System/Library/PrivateFrameworks/FindMyDevice.framework/Versions/A/FindMyDevice
0x0000000009cfb000 	/System/Library/Frameworks/LDAP.framework/Versions/A/LDAP
0x0000000009cfb000 	/usr/lib/libsasl2.2.dylib
0x0000000009cfb000 	/System/Library/PrivateFrameworks/CoreDaemon.framework/Versions/B/CoreDaemon
0x0000000009cfb000 	/usr/lib/libcrypto.0.9.8.dylib
0x0000000009cfb000 	/System/Library/PrivateFrameworks/AppleSRP.framework/Versions/A/AppleSRP
0x0000000009cfb000 	/System/Library/PrivateFrameworks/TrustEvaluationAgent.framework/Versions/A/TrustEvaluationAgent
0x0000000115bd2000 	cl_kernels
0x0000000115bd4000 	/System/Library/Frameworks/OpenCL.framework/Versions/A/Libraries/ImageFormats/unorm8_bgra.dylib
0x0000000115bc3000 	cl_kernels
0x0000000009cfb000 	/System/Library/PrivateFrameworks/FamilyControls.framework/Versions/A/FamilyControls
0x0000000009cfb000 	/System/Library/PrivateFrameworks/CommerceKit.framework/Versions/A/Frameworks/CommerceCore.framework/Versions/A/CommerceCore
0x0000000009cfb000 	/System/Library/PrivateFrameworks/SystemAdministration.framework/Versions/A/SystemAdministration
0x0000000009cfb000 	/System/Library/PrivateFrameworks/AppContainer.framework/Versions/A/AppContainer
0x0000000009cfb000 	/System/Library/PrivateFrameworks/SecCodeWrapper.framework/Versions/A/SecCodeWrapper
0x0000000009cfb000 	/System/Library/Frameworks/DirectoryService.framework/Versions/A/DirectoryService
0x0000000009cfb000 	/System/Library/PrivateFrameworks/LoginUIKit.framework/Versions/A/Frameworks/LoginUICore.framework/Versions/A/LoginUICore
0x0000000009cfb000 	/usr/lib/libodfde.dylib
0x0000000009cfb000 	/System/Library/Frameworks/OpenGL.framework/Versions/A/Resources/GLEngine.bundle/GLEngine
0x0000000009cfb000 	/System/Library/Frameworks/OpenGL.framework/Versions/A/Libraries/libGLProgrammability.dylib
0x0000000000000000 	/System/Library/Extensions/AppleIntelHD3000GraphicsGLDriver.bundle/Contents/MacOS/AppleIntelHD3000GraphicsGLDriver
0x0000000115076000 	/System/Library/PrivateFrameworks/GPUSupport.framework/Versions/A/Libraries/libGPUSupport.dylib
0x0000000000000000 	/System/Library/Extensions/AMDRadeonX3000GLDriver.bundle/Contents/MacOS/AMDRadeonX3000GLDriver
0x0000000009cfb000 	/System/Library/PrivateFrameworks/IOAccelerator.framework/Versions/A/IOAccelerator
0x0000000009cfb000 	/System/Library/PrivateFrameworks/GPUSupport.framework/Versions/A/Libraries/libGPUSupportMercury.dylib
0x0000000009cfb000 	/System/Library/Frameworks/OpenGL.framework/Versions/A/Resources/GLRendererFloat.bundle/GLRendererFloat
0x00000001170b8000 	/Library/Java/JavaVirtualMachines/jdk1.7.0_51.jdk/Contents/Home/jre/lib/libfontmanager.dylib
0x000000011711f000 	/Library/Java/JavaVirtualMachines/jdk1.7.0_51.jdk/Contents/Home/jre/lib/libosxui.dylib
0x000000011750d000 	/Library/Java/JavaVirtualMachines/jdk1.7.0_51.jdk/Contents/Home/jre/lib/libnet.dylib
0x0000000117278000 	/Library/Java/JavaVirtualMachines/jdk1.7.0_51.jdk/Contents/Home/jre/lib/libnio.dylib
0x0000000009cfb000 	/System/Library/Frameworks/Accelerate.framework/Versions/A/Frameworks/vImage.framework/Versions/A/Libraries/libCGInterfaces.dylib
0x0000000009cfb000 	/System/Library/Frameworks/ApplicationServices.framework/Versions/A/Frameworks/ATS.framework/Versions/A/Resources/libTrueTypeScaler.dylib
0x0000000118664000 	/private/var/folders/_6/vv8zqx450855nldnp02w3cyc0000gn/T/libgdxJack/d8ae55ed/libgdx64.dylib
0x00000001186a9000 	/private/var/folders/_6/vv8zqx450855nldnp02w3cyc0000gn/T/libgdxJack/f7649394/liblwjgl.dylib
0x000000011839e000 	/Library/Java/JavaVirtualMachines/jdk1.7.0_51.jdk/Contents/Home/jre/lib/libjawt.dylib
0x000000011872b000 	/var/folders/_6/vv8zqx450855nldnp02w3cyc0000gn/T/libgdxJack/f7649394/openal.dylib
0x000000011b1e6000 	/System/Library/Components/CoreAudio.component/Contents/MacOS/CoreAudio
0x00000001184b3000 	/System/Library/Extensions/AppleHDA.kext/Contents/PlugIns/AppleHDAHALPlugIn.bundle/Contents/MacOS/AppleHDAHALPlugIn
0x0000000118bde000 	/private/var/folders/_6/vv8zqx450855nldnp02w3cyc0000gn/T/libgdxJack/b02f37a3/libgdx-box2d64.dylib
0x0000000118d8f000 	/Library/Java/JavaVirtualMachines/jdk1.7.0_51.jdk/Contents/Home/jre/lib/libjsound.dylib
0x0000000118da2000 	/System/Library/Frameworks/CoreMIDI.framework/Versions/A/CoreMIDI
0x0000000009cfb000 	/usr/lib/libexpat.1.dylib

VM Arguments:
jvm_args: -Dfile.encoding=US-ASCII 
java_command: com.gmail.jackbcousineau.desktop.DesktopLauncher
Launcher Type: SUN_STANDARD

Environment Variables:
PATH=/usr/bin:/bin:/usr/sbin:/sbin
SHELL=/bin/bash
DISPLAY=/private/tmp/com.apple.launchd.9OaxhutPsF/org.macosforge.xquartz:0

Signal Handlers:
SIGSEGV: [libjvm.dylib+0x525425], sa_mask[0]=0xfffefeff, sa_flags=0x00000043
SIGBUS: [libjvm.dylib+0x525425], sa_mask[0]=0xfffefeff, sa_flags=0x00000042
SIGFPE: [libjvm.dylib+0x41892a], sa_mask[0]=0xfffefeff, sa_flags=0x00000042
SIGPIPE: [libjvm.dylib+0x41892a], sa_mask[0]=0xfffefeff, sa_flags=0x00000042
SIGXFSZ: [libjvm.dylib+0x41892a], sa_mask[0]=0xfffefeff, sa_flags=0x00000042
SIGILL: [libjvm.dylib+0x41892a], sa_mask[0]=0xfffefeff, sa_flags=0x00000042
SIGUSR1: SIG_DFL, sa_mask[0]=0x00000000, sa_flags=0x00000000
SIGUSR2: [libjvm.dylib+0x41841c], sa_mask[0]=0x00000004, sa_flags=0x00000042
SIGHUP: [libjvm.dylib+0x4166ab], sa_mask[0]=0xfffefeff, sa_flags=0x00000042
SIGINT: [libjvm.dylib+0x4166ab], sa_mask[0]=0xfffefeff, sa_flags=0x00000042
SIGTERM: [libjvm.dylib+0x4166ab], sa_mask[0]=0xfffefeff, sa_flags=0x00000042
SIGQUIT: [libjvm.dylib+0x4166ab], sa_mask[0]=0xfffefeff, sa_flags=0x00000042


---------------  S Y S T E M  ---------------

OS:Bsduname:Darwin 14.3.0 Darwin Kernel Version 14.3.0: Mon Mar 23 11:59:05 PDT 2015; root:xnu-2782.20.48~5/RELEASE_X86_64 x86_64
rlimit: STACK 8192k, CORE 0k, NPROC 709, NOFILE 10240, AS infinity
load average:1.96 1.83 1.84

CPU:total 8 (4 cores per cpu, 2 threads per core) family 6 model 42 stepping 7, cmov, cx8, fxsr, mmx, sse, sse2, sse3, ssse3, sse4.1, sse4.2, popcnt, avx, aes, ht, tsc, tscinvbit

Memory: 4k page, physical 8388608k(2097152k free)

/proc/meminfo:


vm_info: Java HotSpot(TM) 64-Bit Server VM (24.51-b03) for bsd-amd64 JRE (1.7.0_51-b13), built on Dec 18 2013 18:45:56 by "java_re" with gcc 4.2.1 (Based on Apple Inc. build 5658) (LLVM build 2336.11.00)

time: Wed May 13 15:22:15 2015
elapsed time: 270 seconds

